# JRE version: Java(TM) SE Runtime Environment (8.0_11-b12) (build 1.8.0_11-b12)
# Java VM: Java HotSpot(TM) 64-Bit Server VM (25.11-b03 mixed mode windows-amd64 compressed oops)
Heap:
 PSYoungGen      total 229376K, used 144476K [0x00000000f0000000, 0x0000000100000000, 0x0000000100000000)
  eden space 196608K, 64% used [0x00000000f0000000,0x00000000f7c1a710,0x00000000fc000000)
  from space 32768K, 53% used [0x00000000fc000000,0x00000000fd0fc9e8,0x00000000fe000000)
  to   space 32256K, 0% used [0x00000000fe080000,0x00000000fe080000,0x0000000100000000)
 ParOldGen       total 131584K, used 110692K [0x00000000d0000000, 0x00000000d8080000, 0x00000000f0000000)
  object space 131584K, 84% used [0x00000000d0000000,0x00000000d6c191e8,0x00000000d8080000)
 Metaspace       used 68729K, capacity 70596K, committed 70912K, reserved 1112064K
  class space    used 7561K, capacity 8110K, committed 8192K, reserved 1048576K
GC Heap History (10 events):
Event: 37.707 GC heap before
{Heap before GC invocations=57 (full 7):
 PSYoungGen      total 241152K, used 232575K [0x00000000f0000000, 0x0000000100000000, 0x0000000100000000)
  eden space 220160K, 100% used [0x00000000f0000000,0x00000000fd700000,0x00000000fd700000)
  from space 20992K, 59% used [0x00000000fd700000,0x00000000fe31fc08,0x00000000feb80000)
  to   space 20992K, 0% used [0x00000000feb80000,0x00000000feb80000,0x0000000100000000)
 ParOldGen       total 110592K, used 92200K [0x00000000d0000000, 0x00000000d6c00000, 0x00000000f0000000)
  object space 110592K, 83% used [0x00000000d0000000,0x00000000d5a0a148,0x00000000d6c00000)
 Metaspace       used 62964K, capacity 64540K, committed 64896K, reserved 1107968K
  class space    used 6726K, capacity 7208K, committed 7296K, reserved 1048576K
Event: 37.781 GC heap after
Heap after GC invocations=57 (full 7):
 PSYoungGen      total 238080K, used 16795K [0x00000000f0000000, 0x0000000100000000, 0x0000000100000000)
  eden space 217088K, 0% used [0x00000000f0000000,0x00000000f0000000,0x00000000fd400000)
  from space 20992K, 80% used [0x00000000feb80000,0x00000000ffbe6e78,0x0000000100000000)
  to   space 22528K, 0% used [0x00000000fd400000,0x00000000fd400000,0x00000000fea00000)
 ParOldGen       total 110592K, used 92208K [0x00000000d0000000, 0x00000000d6c00000, 0x00000000f0000000)
  object space 110592K, 83% used [0x00000000d0000000,0x00000000d5a0c148,0x00000000d6c00000)
 Metaspace       used 62964K, capacity 64540K, committed 64896K, reserved 1107968K
  class space    used 6726K, capacity 7208K, committed 7296K, reserved 1048576K
}
Event: 38.843 GC heap before
{Heap before GC invocations=58 (full 7):
 PSYoungGen      total 238080K, used 233883K [0x00000000f0000000, 0x0000000100000000, 0x0000000100000000)
  eden space 217088K, 100% used [0x00000000f0000000,0x00000000fd400000,0x00000000fd400000)
  from space 20992K, 80% used [0x00000000feb80000,0x00000000ffbe6e78,0x0000000100000000)
  to   space 22528K, 0% used [0x00000000fd400000,0x00000000fd400000,0x00000000fea00000)
 ParOldGen       total 110592K, used 92208K [0x00000000d0000000, 0x00000000d6c00000, 0x00000000f0000000)
  object space 110592K, 83% used [0x00000000d0000000,0x00000000d5a0c148,0x00000000d6c00000)
 Metaspace       used 64619K, capacity 66210K, committed 66688K, reserved 1107968K
  class space    used 6971K, capacity 7465K, committed 7552K, reserved 1048576K
Event: 38.905 GC heap after
Heap after GC invocations=58 (full 7):
 PSYoungGen      total 239616K, used 22514K [0x00000000f0000000, 0x0000000100000000, 0x0000000100000000)
  eden space 217088K, 0% used [0x00000000f0000000,0x00000000f0000000,0x00000000fd400000)
  from space 22528K, 99% used [0x00000000fd400000,0x00000000fe9fc920,0x00000000fea00000)
  to   space 22528K, 0% used [0x00000000fea00000,0x00000000fea00000,0x0000000100000000)
 ParOldGen       total 110592K, used 93332K [0x00000000d0000000, 0x00000000d6c00000, 0x00000000f0000000)
  object space 110592K, 84% used [0x00000000d0000000,0x00000000d5b253f8,0x00000000d6c00000)
 Metaspace       used 64619K, capacity 66210K, committed 66688K, reserved 1107968K
  class space    used 6971K, capacity 7465K, committed 7552K, reserved 1048576K
}
Event: 40.273 GC heap before
{Heap before GC invocations=59 (full 7):
 PSYoungGen      total 239616K, used 239602K [0x00000000f0000000, 0x0000000100000000, 0x0000000100000000)
  eden space 217088K, 100% used [0x00000000f0000000,0x00000000fd400000,0x00000000fd400000)
  from space 22528K, 99% used [0x00000000fd400000,0x00000000fe9fc920,0x00000000fea00000)
  to   space 22528K, 0% used [0x00000000fea00000,0x00000000fea00000,0x0000000100000000)
 ParOldGen       total 110592K, used 93332K [0x00000000d0000000, 0x00000000d6c00000, 0x00000000f0000000)
  object space 110592K, 84% used [0x00000000d0000000,0x00000000d5b253f8,0x00000000d6c00000)
 Metaspace       used 66380K, capacity 68210K, committed 68480K, reserved 1110016K
  class space    used 7200K, capacity 7725K, committed 7808K, reserved 1048576K
Event: 40.371 GC heap after
Heap after GC invocations=59 (full 7):
 PSYoungGen      total 219136K, used 22498K [0x00000000f0000000, 0x0000000100000000, 0x0000000100000000)
  eden space 196608K, 0% used [0x00000000f0000000,0x00000000f0000000,0x00000000fc000000)
  from space 22528K, 99% used [0x00000000fea00000,0x00000000ffff8870,0x0000000100000000)
  to   space 32768K, 0% used [0x00000000fc000000,0x00000000fc000000,0x00000000fe000000)
 ParOldGen       total 110592K, used 102723K [0x00000000d0000000, 0x00000000d6c00000, 0x00000000f0000000)
  object space 110592K, 92% used [0x00000000d0000000,0x00000000d6450cb8,0x00000000d6c00000)
 Metaspace       used 66380K, capacity 68210K, committed 68480K, reserved 1110016K
  class space    used 7200K, capacity 7725K, committed 7808K, reserved 1048576K
}
Event: 40.371 GC heap before
{Heap before GC invocations=60 (full 8):
 PSYoungGen      total 219136K, used 22498K [0x00000000f0000000, 0x0000000100000000, 0x0000000100000000)
  eden space 196608K, 0% used [0x00000000f0000000,0x00000000f0000000,0x00000000fc000000)
  from space 22528K, 99% used [0x00000000fea00000,0x00000000ffff8870,0x0000000100000000)
  to   space 32768K, 0% used [0x00000000fc000000,0x00000000fc000000,0x00000000fe000000)
 ParOldGen       total 110592K, used 102723K [0x00000000d0000000, 0x00000000d6c00000, 0x00000000f0000000)
  object space 110592K, 92% used [0x00000000d0000000,0x00000000d6450cb8,0x00000000d6c00000)
 Metaspace       used 66380K, capacity 68210K, committed 68480K, reserved 1110016K
  class space    used 7200K, capacity 7725K, committed 7808K, reserved 1048576K
Event: 43.017 GC heap after
Heap after GC invocations=60 (full 8):
 PSYoungGen      total 219136K, used 12695K [0x00000000f0000000, 0x0000000100000000, 0x0000000100000000)
  eden space 196608K, 0% used [0x00000000f0000000,0x00000000f0000000,0x00000000fc000000)
  from space 22528K, 56% used [0x00000000fea00000,0x00000000ff665c88,0x0000000100000000)
  to   space 32768K, 0% used [0x00000000fc000000,0x00000000fc000000,0x00000000fe000000)
 ParOldGen       total 131584K, used 110236K [0x00000000d0000000, 0x00000000d8080000, 0x00000000f0000000)
  object space 131584K, 83% used [0x00000000d0000000,0x00000000d6ba71e8,0x00000000d8080000)
 Metaspace       used 66376K, capacity 68204K, committed 68480K, reserved 1110016K
  class space    used 7200K, capacity 7724K, committed 7808K, reserved 1048576K
}
Event: 44.195 GC heap before
{Heap before GC invocations=61 (full 8):
 PSYoungGen      total 219136K, used 206269K [0x00000000f0000000, 0x0000000100000000, 0x0000000100000000)
  eden space 196608K, 98% used [0x00000000f0000000,0x00000000fbd09828,0x00000000fc000000)
  from space 22528K, 56% used [0x00000000fea00000,0x00000000ff665c88,0x0000000100000000)
  to   space 32768K, 0% used [0x00000000fc000000,0x00000000fc000000,0x00000000fe000000)
 ParOldGen       total 131584K, used 110236K [0x00000000d0000000, 0x00000000d8080000, 0x00000000f0000000)
  object space 131584K, 83% used [0x00000000d0000000,0x00000000d6ba71e8,0x00000000d8080000)
 Metaspace       used 67640K, capacity 69480K, committed 69632K, reserved 1112064K
  class space    used 7418K, capacity 7930K, committed 7936K, reserved 1048576K
Event: 44.247 GC heap after
Heap after GC invocations=61 (full 8):
 PSYoungGen      total 229376K, used 17394K [0x00000000f0000000, 0x0000000100000000, 0x0000000100000000)
  eden space 196608K, 0% used [0x00000000f0000000,0x00000000f0000000,0x00000000fc000000)
  from space 32768K, 53% used [0x00000000fc000000,0x00000000fd0fc9e8,0x00000000fe000000)
  to   space 32256K, 0% used [0x00000000fe080000,0x00000000fe080000,0x0000000100000000)
 ParOldGen       total 131584K, used 110692K [0x00000000d0000000, 0x00000000d8080000, 0x00000000f0000000)
  object space 131584K, 84% used [0x00000000d0000000,0x00000000d6c191e8,0x00000000d8080000)
 Metaspace       used 67640K, capacity 69480K, committed 69632K, reserved 1112064K
  class space    used 7418K, capacity 7930K, committed 7936K, reserved 1048576K
}

