# JRE version: Java(TM) SE Runtime Environment (8.0_11-b12) (build 1.8.0_11-b12)
# Java VM: Java HotSpot(TM) 64-Bit Server VM (25.11-b03 mixed mode windows-amd64 compressed oops)
Heap:
 PSYoungGen      total 213504K, used 75090K [0x00000000f0000000, 0x0000000100000000, 0x0000000100000000)
  eden space 172032K, 19% used [0x00000000f0000000,0x00000000f210a320,0x00000000fa800000)
  from space 41472K, 99% used [0x00000000fa800000,0x00000000fd04a778,0x00000000fd080000)
  to   space 48640K, 0% used [0x00000000fd080000,0x00000000fd080000,0x0000000100000000)
 ParOldGen       total 131584K, used 113058K [0x00000000d0000000, 0x00000000d8080000, 0x00000000f0000000)
  object space 131584K, 85% used [0x00000000d0000000,0x00000000d6e68908,0x00000000d8080000)
 Metaspace       used 74037K, capacity 76168K, committed 76324K, reserved 1118208K
  class space    used 7539K, capacity 8107K, committed 8228K, reserved 1048576K
GC Heap History (10 events):
Event: 86.510 GC heap before
{Heap before GC invocations=55 (full 8):
 PSYoungGen      total 219648K, used 211844K [0x00000000f0000000, 0x0000000100000000, 0x0000000100000000)
  eden space 194560K, 100% used [0x00000000f0000000,0x00000000fbe00000,0x00000000fbe00000)
  from space 25088K, 68% used [0x00000000fe780000,0x00000000ff8611b8,0x0000000100000000)
  to   space 33792K, 0% used [0x00000000fbe00000,0x00000000fbe00000,0x00000000fdf00000)
 ParOldGen       total 131584K, used 112634K [0x00000000d0000000, 0x00000000d8080000, 0x00000000f0000000)
  object space 131584K, 85% used [0x00000000d0000000,0x00000000d6dfe908,0x00000000d8080000)
 Metaspace       used 70190K, capacity 72030K, committed 72228K, reserved 1114112K
  class space    used 7090K, capacity 7658K, committed 7716K, reserved 1048576K
Event: 86.605 GC heap after
Heap after GC invocations=55 (full 8):
 PSYoungGen      total 217088K, used 22214K [0x00000000f0000000, 0x0000000100000000, 0x0000000100000000)
  eden space 194560K, 0% used [0x00000000f0000000,0x00000000f0000000,0x00000000fbe00000)
  from space 22528K, 98% used [0x00000000fbe00000,0x00000000fd3b1888,0x00000000fd400000)
  to   space 34816K, 0% used [0x00000000fde00000,0x00000000fde00000,0x0000000100000000)
 ParOldGen       total 131584K, used 113042K [0x00000000d0000000, 0x00000000d8080000, 0x00000000f0000000)
  object space 131584K, 85% used [0x00000000d0000000,0x00000000d6e64908,0x00000000d8080000)
 Metaspace       used 70190K, capacity 72030K, committed 72228K, reserved 1114112K
  class space    used 7090K, capacity 7658K, committed 7716K, reserved 1048576K
}
Event: 88.524 GC heap before
{Heap before GC invocations=56 (full 8):
 PSYoungGen      total 217088K, used 216774K [0x00000000f0000000, 0x0000000100000000, 0x0000000100000000)
  eden space 194560K, 100% used [0x00000000f0000000,0x00000000fbe00000,0x00000000fbe00000)
  from space 22528K, 98% used [0x00000000fbe00000,0x00000000fd3b1888,0x00000000fd400000)
  to   space 34816K, 0% used [0x00000000fde00000,0x00000000fde00000,0x0000000100000000)
 ParOldGen       total 131584K, used 113042K [0x00000000d0000000, 0x00000000d8080000, 0x00000000f0000000)
  object space 131584K, 85% used [0x00000000d0000000,0x00000000d6e64908,0x00000000d8080000)
 Metaspace       used 70815K, capacity 72754K, committed 72996K, reserved 1114112K
  class space    used 7157K, capacity 7714K, committed 7716K, reserved 1048576K
Event: 88.581 GC heap after
Heap after GC invocations=56 (full 8):
 PSYoungGen      total 221184K, used 29023K [0x00000000f0000000, 0x0000000100000000, 0x0000000100000000)
  eden space 186368K, 0% used [0x00000000f0000000,0x00000000f0000000,0x00000000fb600000)
  from space 34816K, 83% used [0x00000000fde00000,0x00000000ffa57ef8,0x0000000100000000)
  to   space 37888K, 0% used [0x00000000fb600000,0x00000000fb600000,0x00000000fdb00000)
 ParOldGen       total 131584K, used 113050K [0x00000000d0000000, 0x00000000d8080000, 0x00000000f0000000)
  object space 131584K, 85% used [0x00000000d0000000,0x00000000d6e66908,0x00000000d8080000)
 Metaspace       used 70815K, capacity 72754K, committed 72996K, reserved 1114112K
  class space    used 7157K, capacity 7714K, committed 7716K, reserved 1048576K
}
Event: 89.001 GC heap before
{Heap before GC invocations=57 (full 8):
 PSYoungGen      total 221184K, used 212207K [0x00000000f0000000, 0x0000000100000000, 0x0000000100000000)
  eden space 186368K, 98% used [0x00000000f0000000,0x00000000fb2e3e30,0x00000000fb600000)
  from space 34816K, 83% used [0x00000000fde00000,0x00000000ffa57ef8,0x0000000100000000)
  to   space 37888K, 0% used [0x00000000fb600000,0x00000000fb600000,0x00000000fdb00000)
 ParOldGen       total 131584K, used 113050K [0x00000000d0000000, 0x00000000d8080000, 0x00000000f0000000)
  object space 131584K, 85% used [0x00000000d0000000,0x00000000d6e66908,0x00000000d8080000)
 Metaspace       used 71235K, capacity 73300K, committed 73636K, reserved 1116160K
  class space    used 7175K, capacity 7755K, committed 7844K, reserved 1048576K
Event: 89.043 GC heap after
Heap after GC invocations=57 (full 8):
 PSYoungGen      total 217088K, used 30283K [0x00000000f0000000, 0x0000000100000000, 0x0000000100000000)
  eden space 186368K, 0% used [0x00000000f0000000,0x00000000f0000000,0x00000000fb600000)
  from space 30720K, 98% used [0x00000000fb600000,0x00000000fd392c80,0x00000000fd400000)
  to   space 40448K, 0% used [0x00000000fd880000,0x00000000fd880000,0x0000000100000000)
 ParOldGen       total 131584K, used 113050K [0x00000000d0000000, 0x00000000d8080000, 0x00000000f0000000)
  object space 131584K, 85% used [0x00000000d0000000,0x00000000d6e66908,0x00000000d8080000)
 Metaspace       used 71235K, capacity 73300K, committed 73636K, reserved 1116160K
  class space    used 7175K, capacity 7755K, committed 7844K, reserved 1048576K
}
Event: 90.151 GC heap before
{Heap before GC invocations=58 (full 8):
 PSYoungGen      total 217088K, used 211637K [0x00000000f0000000, 0x0000000100000000, 0x0000000100000000)
  eden space 186368K, 97% used [0x00000000f0000000,0x00000000fb11aa88,0x00000000fb600000)
  from space 30720K, 98% used [0x00000000fb600000,0x00000000fd392c80,0x00000000fd400000)
  to   space 40448K, 0% used [0x00000000fd880000,0x00000000fd880000,0x0000000100000000)
 ParOldGen       total 131584K, used 113050K [0x00000000d0000000, 0x00000000d8080000, 0x00000000f0000000)
  object space 131584K, 85% used [0x00000000d0000000,0x00000000d6e66908,0x00000000d8080000)
 Metaspace       used 72930K, capacity 75000K, committed 75300K, reserved 1116160K
  class space    used 7394K, capacity 7952K, committed 7972K, reserved 1048576K
Event: 90.194 GC heap after
Heap after GC invocations=58 (full 8):
 PSYoungGen      total 212480K, used 35923K [0x00000000f0000000, 0x0000000100000000, 0x0000000100000000)
  eden space 172032K, 0% used [0x00000000f0000000,0x00000000f0000000,0x00000000fa800000)
  from space 40448K, 88% used [0x00000000fd880000,0x00000000ffb94d20,0x0000000100000000)
  to   space 45056K, 0% used [0x00000000fa800000,0x00000000fa800000,0x00000000fd400000)
 ParOldGen       total 131584K, used 113058K [0x00000000d0000000, 0x00000000d8080000, 0x00000000f0000000)
  object space 131584K, 85% used [0x00000000d0000000,0x00000000d6e68908,0x00000000d8080000)
 Metaspace       used 72930K, capacity 75000K, committed 75300K, reserved 1116160K
  class space    used 7394K, capacity 7952K, committed 7972K, reserved 1048576K
}
Event: 91.764 GC heap before
{Heap before GC invocations=59 (full 8):
 PSYoungGen      total 212480K, used 207955K [0x00000000f0000000, 0x0000000100000000, 0x0000000100000000)
  eden space 172032K, 100% used [0x00000000f0000000,0x00000000fa800000,0x00000000fa800000)
  from space 40448K, 88% used [0x00000000fd880000,0x00000000ffb94d20,0x0000000100000000)
  to   space 45056K, 0% used [0x00000000fa800000,0x00000000fa800000,0x00000000fd400000)
 ParOldGen       total 131584K, used 113058K [0x00000000d0000000, 0x00000000d8080000, 0x00000000f0000000)
  object space 131584K, 85% used [0x00000000d0000000,0x00000000d6e68908,0x00000000d8080000)
 Metaspace       used 73859K, capacity 76030K, committed 76196K, reserved 1118208K
  class space    used 7508K, capacity 8091K, committed 8100K, reserved 1048576K
Event: 91.853 GC heap after
Heap after GC invocations=59 (full 8):
 PSYoungGen      total 213504K, used 41257K [0x00000000f0000000, 0x0000000100000000, 0x0000000100000000)
  eden space 172032K, 0% used [0x00000000f0000000,0x00000000f0000000,0x00000000fa800000)
  from space 41472K, 99% used [0x00000000fa800000,0x00000000fd04a778,0x00000000fd080000)
  to   space 48640K, 0% used [0x00000000fd080000,0x00000000fd080000,0x0000000100000000)
 ParOldGen       total 131584K, used 113058K [0x00000000d0000000, 0x00000000d8080000, 0x00000000f0000000)
  object space 131584K, 85% used [0x00000000d0000000,0x00000000d6e68908,0x00000000d8080000)
 Metaspace       used 73859K, capacity 76030K, committed 76196K, reserved 1118208K
  class space    used 7508K, capacity 8091K, committed 8100K, reserved 1048576K
}

