# JRE version: Java(TM) SE Runtime Environment (8.0_11-b12) (build 1.8.0_11-b12)
# Java VM: Java HotSpot(TM) 64-Bit Server VM (25.11-b03 mixed mode windows-amd64 compressed oops)
Heap:
 PSYoungGen      total 220672K, used 161124K [0x00000000f0000000, 0x0000000100000000, 0x0000000100000000)
  eden space 190464K, 68% used [0x00000000f0000000,0x00000000f801e6a8,0x00000000fba00000)
  from space 30208K, 99% used [0x00000000fba00000,0x00000000fd73ab28,0x00000000fd780000)
  to   space 38912K, 0% used [0x00000000fda00000,0x00000000fda00000,0x0000000100000000)
 ParOldGen       total 127488K, used 114131K [0x00000000d0000000, 0x00000000d7c80000, 0x00000000f0000000)
  object space 127488K, 89% used [0x00000000d0000000,0x00000000d6f74da8,0x00000000d7c80000)
 Metaspace       used 72438K, capacity 74502K, committed 74704K, reserved 1116160K
  class space    used 7493K, capacity 8076K, committed 8192K, reserved 1048576K
GC Heap History (10 events):
Event: 61.841 GC heap before
{Heap before GC invocations=61 (full 8):
 PSYoungGen      total 226304K, used 213861K [0x00000000f0000000, 0x0000000100000000, 0x0000000100000000)
  eden space 206848K, 100% used [0x00000000f0000000,0x00000000fca00000,0x00000000fca00000)
  from space 19456K, 36% used [0x00000000fed00000,0x00000000ff3d94f8,0x0000000100000000)
  to   space 27648K, 0% used [0x00000000fca00000,0x00000000fca00000,0x00000000fe500000)
 ParOldGen       total 127488K, used 108822K [0x00000000d0000000, 0x00000000d7c80000, 0x00000000f0000000)
  object space 127488K, 85% used [0x00000000d0000000,0x00000000d6a458a0,0x00000000d7c80000)
 Metaspace       used 67011K, capacity 68866K, committed 69200K, reserved 1112064K
  class space    used 6863K, capacity 7448K, committed 7552K, reserved 1048576K
Event: 61.886 GC heap after
Heap after GC invocations=61 (full 8):
 PSYoungGen      total 234496K, used 13144K [0x00000000f0000000, 0x0000000100000000, 0x0000000100000000)
  eden space 206848K, 0% used [0x00000000f0000000,0x00000000f0000000,0x00000000fca00000)
  from space 27648K, 47% used [0x00000000fca00000,0x00000000fd6d60f8,0x00000000fe500000)
  to   space 26624K, 0% used [0x00000000fe600000,0x00000000fe600000,0x0000000100000000)
 ParOldGen       total 127488K, used 109306K [0x00000000d0000000, 0x00000000d7c80000, 0x00000000f0000000)
  object space 127488K, 85% used [0x00000000d0000000,0x00000000d6abe8b0,0x00000000d7c80000)
 Metaspace       used 67011K, capacity 68866K, committed 69200K, reserved 1112064K
  class space    used 6863K, capacity 7448K, committed 7552K, reserved 1048576K
}
Event: 63.363 GC heap before
{Heap before GC invocations=62 (full 8):
 PSYoungGen      total 234496K, used 219992K [0x00000000f0000000, 0x0000000100000000, 0x0000000100000000)
  eden space 206848K, 100% used [0x00000000f0000000,0x00000000fca00000,0x00000000fca00000)
  from space 27648K, 47% used [0x00000000fca00000,0x00000000fd6d60f8,0x00000000fe500000)
  to   space 26624K, 0% used [0x00000000fe600000,0x00000000fe600000,0x0000000100000000)
 ParOldGen       total 127488K, used 109306K [0x00000000d0000000, 0x00000000d7c80000, 0x00000000f0000000)
  object space 127488K, 85% used [0x00000000d0000000,0x00000000d6abe8b0,0x00000000d7c80000)
 Metaspace       used 68473K, capacity 70280K, committed 70608K, reserved 1112064K
  class space    used 7008K, capacity 7577K, committed 7680K, reserved 1048576K
Event: 63.539 GC heap after
Heap after GC invocations=62 (full 8):
 PSYoungGen      total 233472K, used 17003K [0x00000000f0000000, 0x00000000fff00000, 0x0000000100000000)
  eden space 207872K, 0% used [0x00000000f0000000,0x00000000f0000000,0x00000000fcb00000)
  from space 25600K, 66% used [0x00000000fe600000,0x00000000ff69af10,0x00000000fff00000)
  to   space 26624K, 0% used [0x00000000fcb00000,0x00000000fcb00000,0x00000000fe500000)
 ParOldGen       total 127488K, used 109306K [0x00000000d0000000, 0x00000000d7c80000, 0x00000000f0000000)
  object space 127488K, 85% used [0x00000000d0000000,0x00000000d6abe8b0,0x00000000d7c80000)
 Metaspace       used 68473K, capacity 70280K, committed 70608K, reserved 1112064K
  class space    used 7008K, capacity 7577K, committed 7680K, reserved 1048576K
}
Event: 65.891 GC heap before
{Heap before GC invocations=63 (full 8):
 PSYoungGen      total 233472K, used 223092K [0x00000000f0000000, 0x00000000fff00000, 0x0000000100000000)
  eden space 207872K, 99% used [0x00000000f0000000,0x00000000fc942340,0x00000000fcb00000)
  from space 25600K, 66% used [0x00000000fe600000,0x00000000ff69af10,0x00000000fff00000)
  to   space 26624K, 0% used [0x00000000fcb00000,0x00000000fcb00000,0x00000000fe500000)
 ParOldGen       total 127488K, used 109306K [0x00000000d0000000, 0x00000000d7c80000, 0x00000000f0000000)
  object space 127488K, 85% used [0x00000000d0000000,0x00000000d6abe8b0,0x00000000d7c80000)
 Metaspace       used 69554K, capacity 71492K, committed 71632K, reserved 1114112K
  class space    used 7110K, capacity 7669K, committed 7680K, reserved 1048576K
Event: 65.942 GC heap after
Heap after GC invocations=63 (full 8):
 PSYoungGen      total 233984K, used 26111K [0x00000000f0000000, 0x0000000100000000, 0x0000000100000000)
  eden space 207872K, 0% used [0x00000000f0000000,0x00000000f0000000,0x00000000fcb00000)
  from space 26112K, 99% used [0x00000000fcb00000,0x00000000fe47fe88,0x00000000fe480000)
  to   space 28160K, 0% used [0x00000000fe480000,0x00000000fe480000,0x0000000100000000)
 ParOldGen       total 127488K, used 109314K [0x00000000d0000000, 0x00000000d7c80000, 0x00000000f0000000)
  object space 127488K, 85% used [0x00000000d0000000,0x00000000d6ac08b0,0x00000000d7c80000)
 Metaspace       used 69554K, capacity 71492K, committed 71632K, reserved 1114112K
  class space    used 7110K, capacity 7669K, committed 7680K, reserved 1048576K
}
Event: 67.275 GC heap before
{Heap before GC invocations=64 (full 8):
 PSYoungGen      total 233984K, used 226562K [0x00000000f0000000, 0x0000000100000000, 0x0000000100000000)
  eden space 207872K, 96% used [0x00000000f0000000,0x00000000fc3c0b80,0x00000000fcb00000)
  from space 26112K, 99% used [0x00000000fcb00000,0x00000000fe47fe88,0x00000000fe480000)
  to   space 28160K, 0% used [0x00000000fe480000,0x00000000fe480000,0x0000000100000000)
 ParOldGen       total 127488K, used 109314K [0x00000000d0000000, 0x00000000d7c80000, 0x00000000f0000000)
  object space 127488K, 85% used [0x00000000d0000000,0x00000000d6ac08b0,0x00000000d7c80000)
 Metaspace       used 71119K, capacity 73038K, committed 73168K, reserved 1114112K
  class space    used 7332K, capacity 7899K, committed 7936K, reserved 1048576K
Event: 67.351 GC heap after
Heap after GC invocations=64 (full 8):
 PSYoungGen      total 218624K, used 28156K [0x00000000f0000000, 0x0000000100000000, 0x0000000100000000)
  eden space 190464K, 0% used [0x00000000f0000000,0x00000000f0000000,0x00000000fba00000)
  from space 28160K, 99% used [0x00000000fe480000,0x00000000fffff158,0x0000000100000000)
  to   space 35840K, 0% used [0x00000000fba00000,0x00000000fba00000,0x00000000fdd00000)
 ParOldGen       total 127488K, used 113707K [0x00000000d0000000, 0x00000000d7c80000, 0x00000000f0000000)
  object space 127488K, 89% used [0x00000000d0000000,0x00000000d6f0ada8,0x00000000d7c80000)
 Metaspace       used 71119K, capacity 73038K, committed 73168K, reserved 1114112K
  class space    used 7332K, capacity 7899K, committed 7936K, reserved 1048576K
}
Event: 67.916 GC heap before
{Heap before GC invocations=65 (full 8):
 PSYoungGen      total 218624K, used 218620K [0x00000000f0000000, 0x0000000100000000, 0x0000000100000000)
  eden space 190464K, 100% used [0x00000000f0000000,0x00000000fba00000,0x00000000fba00000)
  from space 28160K, 99% used [0x00000000fe480000,0x00000000fffff158,0x0000000100000000)
  to   space 35840K, 0% used [0x00000000fba00000,0x00000000fba00000,0x00000000fdd00000)
 ParOldGen       total 127488K, used 113707K [0x00000000d0000000, 0x00000000d7c80000, 0x00000000f0000000)
  object space 127488K, 89% used [0x00000000d0000000,0x00000000d6f0ada8,0x00000000d7c80000)
 Metaspace       used 71491K, capacity 73524K, committed 73680K, reserved 1116160K
  class space    used 7369K, capacity 7932K, committed 7936K, reserved 1048576K
Event: 67.957 GC heap after
Heap after GC invocations=65 (full 8):
 PSYoungGen      total 220672K, used 29930K [0x00000000f0000000, 0x0000000100000000, 0x0000000100000000)
  eden space 190464K, 0% used [0x00000000f0000000,0x00000000f0000000,0x00000000fba00000)
  from space 30208K, 99% used [0x00000000fba00000,0x00000000fd73ab28,0x00000000fd780000)
  to   space 38912K, 0% used [0x00000000fda00000,0x00000000fda00000,0x0000000100000000)
 ParOldGen       total 127488K, used 114131K [0x00000000d0000000, 0x00000000d7c80000, 0x00000000f0000000)
  object space 127488K, 89% used [0x00000000d0000000,0x00000000d6f74da8,0x00000000d7c80000)
 Metaspace       used 71491K, capacity 73524K, committed 73680K, reserved 1116160K
  class space    used 7369K, capacity 7932K, committed 7936K, reserved 1048576K
}

