# JRE version: Java(TM) SE Runtime Environment (8.0_11-b12) (build 1.8.0_11-b12)
# Java VM: Java HotSpot(TM) 64-Bit Server VM (25.11-b03 mixed mode windows-amd64 compressed oops)
Heap:
 PSYoungGen      total 212992K, used 70400K [0x00000000f0000000, 0x0000000100000000, 0x0000000100000000)
  eden space 184320K, 27% used [0x00000000f0000000,0x00000000f31dc0a8,0x00000000fb400000)
  from space 28672K, 67% used [0x00000000fe400000,0x00000000ff6e4188,0x0000000100000000)
  to   space 38912K, 0% used [0x00000000fb400000,0x00000000fb400000,0x00000000fda00000)
 ParOldGen       total 132096K, used 112762K [0x00000000d0000000, 0x00000000d8100000, 0x00000000f0000000)
  object space 132096K, 85% used [0x00000000d0000000,0x00000000d6e1e9e8,0x00000000d8100000)
 Metaspace       used 68475K, capacity 70186K, committed 70528K, reserved 1112064K
  class space    used 7220K, capacity 7713K, committed 7808K, reserved 1048576K
GC Heap History (10 events):
Event: 44.171 GC heap before
{Heap before GC invocations=54 (full 7):
 PSYoungGen      total 240128K, used 234321K [0x00000000f0000000, 0x0000000100000000, 0x0000000100000000)
  eden space 220160K, 100% used [0x00000000f0000000,0x00000000fd700000,0x00000000fd700000)
  from space 19968K, 70% used [0x00000000feb80000,0x00000000ff954458,0x00000000fff00000)
  to   space 20992K, 0% used [0x00000000fd700000,0x00000000fd700000,0x00000000feb80000)
 ParOldGen       total 113152K, used 93055K [0x00000000d0000000, 0x00000000d6e80000, 0x00000000f0000000)
  object space 113152K, 82% used [0x00000000d0000000,0x00000000d5adfe98,0x00000000d6e80000)
 Metaspace       used 64320K, capacity 66002K, committed 66432K, reserved 1107968K
  class space    used 6694K, capacity 7177K, committed 7296K, reserved 1048576K
Event: 44.259 GC heap after
Heap after GC invocations=54 (full 7):
 PSYoungGen      total 241152K, used 20962K [0x00000000f0000000, 0x0000000100000000, 0x0000000100000000)
  eden space 220160K, 0% used [0x00000000f0000000,0x00000000f0000000,0x00000000fd700000)
  from space 20992K, 99% used [0x00000000fd700000,0x00000000feb789e8,0x00000000feb80000)
  to   space 20992K, 0% used [0x00000000feb80000,0x00000000feb80000,0x0000000100000000)
 ParOldGen       total 113152K, used 93578K [0x00000000d0000000, 0x00000000d6e80000, 0x00000000f0000000)
  object space 113152K, 82% used [0x00000000d0000000,0x00000000d5b628f8,0x00000000d6e80000)
 Metaspace       used 64320K, capacity 66002K, committed 66432K, reserved 1107968K
  class space    used 6694K, capacity 7177K, committed 7296K, reserved 1048576K
}
Event: 45.585 GC heap before
{Heap before GC invocations=55 (full 7):
 PSYoungGen      total 241152K, used 235083K [0x00000000f0000000, 0x0000000100000000, 0x0000000100000000)
  eden space 220160K, 97% used [0x00000000f0000000,0x00000000fd11a580,0x00000000fd700000)
  from space 20992K, 99% used [0x00000000fd700000,0x00000000feb789e8,0x00000000feb80000)
  to   space 20992K, 0% used [0x00000000feb80000,0x00000000feb80000,0x0000000100000000)
 ParOldGen       total 113152K, used 93578K [0x00000000d0000000, 0x00000000d6e80000, 0x00000000f0000000)
  object space 113152K, 82% used [0x00000000d0000000,0x00000000d5b628f8,0x00000000d6e80000)
 Metaspace       used 65668K, capacity 67316K, committed 67584K, reserved 1110016K
  class space    used 6837K, capacity 7314K, committed 7424K, reserved 1048576K
Event: 45.667 GC heap after
Heap after GC invocations=55 (full 7):
 PSYoungGen      total 225792K, used 20961K [0x00000000f0000000, 0x0000000100000000, 0x0000000100000000)
  eden space 204800K, 0% used [0x00000000f0000000,0x00000000f0000000,0x00000000fc800000)
  from space 20992K, 99% used [0x00000000feb80000,0x00000000ffff85a0,0x0000000100000000)
  to   space 28672K, 0% used [0x00000000fc800000,0x00000000fc800000,0x00000000fe400000)
 ParOldGen       total 113152K, used 97313K [0x00000000d0000000, 0x00000000d6e80000, 0x00000000f0000000)
  object space 113152K, 86% used [0x00000000d0000000,0x00000000d5f08548,0x00000000d6e80000)
 Metaspace       used 65668K, capacity 67316K, committed 67584K, reserved 1110016K
  class space    used 6837K, capacity 7314K, committed 7424K, reserved 1048576K
}
Event: 47.938 GC heap before
{Heap before GC invocations=56 (full 7):
 PSYoungGen      total 225792K, used 220558K [0x00000000f0000000, 0x0000000100000000, 0x0000000100000000)
  eden space 204800K, 97% used [0x00000000f0000000,0x00000000fc2eb340,0x00000000fc800000)
  from space 20992K, 99% used [0x00000000feb80000,0x00000000ffff85a0,0x0000000100000000)
  to   space 28672K, 0% used [0x00000000fc800000,0x00000000fc800000,0x00000000fe400000)
 ParOldGen       total 113152K, used 97313K [0x00000000d0000000, 0x00000000d6e80000, 0x00000000f0000000)
  object space 113152K, 86% used [0x00000000d0000000,0x00000000d5f08548,0x00000000d6e80000)
 Metaspace       used 66702K, capacity 68434K, committed 68736K, reserved 1110016K
  class space    used 6946K, capacity 7464K, committed 7552K, reserved 1048576K
Event: 47.976 GC heap after
Heap after GC invocations=56 (full 7):
 PSYoungGen      total 233472K, used 28289K [0x00000000f0000000, 0x0000000100000000, 0x0000000100000000)
  eden space 204800K, 0% used [0x00000000f0000000,0x00000000f0000000,0x00000000fc800000)
  from space 28672K, 98% used [0x00000000fc800000,0x00000000fe3a0560,0x00000000fe400000)
  to   space 28672K, 0% used [0x00000000fe400000,0x00000000fe400000,0x0000000100000000)
 ParOldGen       total 113152K, used 99317K [0x00000000d0000000, 0x00000000d6e80000, 0x00000000f0000000)
  object space 113152K, 87% used [0x00000000d0000000,0x00000000d60fd578,0x00000000d6e80000)
 Metaspace       used 66702K, capacity 68434K, committed 68736K, reserved 1110016K
  class space    used 6946K, capacity 7464K, committed 7552K, reserved 1048576K
}
Event: 49.167 GC heap before
{Heap before GC invocations=57 (full 7):
 PSYoungGen      total 233472K, used 233089K [0x00000000f0000000, 0x0000000100000000, 0x0000000100000000)
  eden space 204800K, 100% used [0x00000000f0000000,0x00000000fc800000,0x00000000fc800000)
  from space 28672K, 98% used [0x00000000fc800000,0x00000000fe3a0560,0x00000000fe400000)
  to   space 28672K, 0% used [0x00000000fe400000,0x00000000fe400000,0x0000000100000000)
 ParOldGen       total 113152K, used 99317K [0x00000000d0000000, 0x00000000d6e80000, 0x00000000f0000000)
  object space 113152K, 87% used [0x00000000d0000000,0x00000000d60fd578,0x00000000d6e80000)
 Metaspace       used 68264K, capacity 70008K, committed 70272K, reserved 1112064K
  class space    used 7175K, capacity 7689K, committed 7808K, reserved 1048576K
Event: 49.220 GC heap after
Heap after GC invocations=57 (full 7):
 PSYoungGen      total 212992K, used 28649K [0x00000000f0000000, 0x0000000100000000, 0x0000000100000000)
  eden space 184320K, 0% used [0x00000000f0000000,0x00000000f0000000,0x00000000fb400000)
  from space 28672K, 99% used [0x00000000fe400000,0x00000000ffffa450,0x0000000100000000)
  to   space 38912K, 0% used [0x00000000fb400000,0x00000000fb400000,0x00000000fda00000)
 ParOldGen       total 113152K, used 105532K [0x00000000d0000000, 0x00000000d6e80000, 0x00000000f0000000)
  object space 113152K, 93% used [0x00000000d0000000,0x00000000d670f2c8,0x00000000d6e80000)
 Metaspace       used 68264K, capacity 70008K, committed 70272K, reserved 1112064K
  class space    used 7175K, capacity 7689K, committed 7808K, reserved 1048576K
}
Event: 49.220 GC heap before
{Heap before GC invocations=58 (full 8):
 PSYoungGen      total 212992K, used 28649K [0x00000000f0000000, 0x0000000100000000, 0x0000000100000000)
  eden space 184320K, 0% used [0x00000000f0000000,0x00000000f0000000,0x00000000fb400000)
  from space 28672K, 99% used [0x00000000fe400000,0x00000000ffffa450,0x0000000100000000)
  to   space 38912K, 0% used [0x00000000fb400000,0x00000000fb400000,0x00000000fda00000)
 ParOldGen       total 113152K, used 105532K [0x00000000d0000000, 0x00000000d6e80000, 0x00000000f0000000)
  object space 113152K, 93% used [0x00000000d0000000,0x00000000d670f2c8,0x00000000d6e80000)
 Metaspace       used 68264K, capacity 70008K, committed 70272K, reserved 1112064K
  class space    used 7175K, capacity 7689K, committed 7808K, reserved 1048576K
Event: 50.751 GC heap after
Heap after GC invocations=58 (full 8):
 PSYoungGen      total 212992K, used 19344K [0x00000000f0000000, 0x0000000100000000, 0x0000000100000000)
  eden space 184320K, 0% used [0x00000000f0000000,0x00000000f0000000,0x00000000fb400000)
  from space 28672K, 67% used [0x00000000fe400000,0x00000000ff6e4188,0x0000000100000000)
  to   space 38912K, 0% used [0x00000000fb400000,0x00000000fb400000,0x00000000fda00000)
 ParOldGen       total 132096K, used 112762K [0x00000000d0000000, 0x00000000d8100000, 0x00000000f0000000)
  object space 132096K, 85% used [0x00000000d0000000,0x00000000d6e1e9e8,0x00000000d8100000)
 Metaspace       used 68257K, capacity 69996K, committed 70272K, reserved 1112064K
  class space    used 7174K, capacity 7687K, committed 7808K, reserved 1048576K
}

