# JRE version: Java(TM) SE Runtime Environment (8.0_11-b12) (build 1.8.0_11-b12)
# Java VM: Java HotSpot(TM) 64-Bit Server VM (25.11-b03 mixed mode windows-amd64 compressed oops)
Heap:
 PSYoungGen      total 216576K, used 128365K [0x00000000f0000000, 0x0000000100000000, 0x0000000100000000)
  eden space 184320K, 52% used [0x00000000f0000000,0x00000000f5e57838,0x00000000fb400000)
  from space 32256K, 98% used [0x00000000fb400000,0x00000000fd303c88,0x00000000fd380000)
  to   space 41984K, 0% used [0x00000000fd700000,0x00000000fd700000,0x0000000100000000)
 ParOldGen       total 131072K, used 111687K [0x00000000d0000000, 0x00000000d8000000, 0x00000000f0000000)
  object space 131072K, 85% used [0x00000000d0000000,0x00000000d6d11f50,0x00000000d8000000)
 Metaspace       used 71982K, capacity 74002K, committed 74088K, reserved 1116160K
  class space    used 7463K, capacity 8037K, committed 8040K, reserved 1048576K
GC Heap History (10 events):
Event: 48.550 GC heap before
{Heap before GC invocations=59 (full 7):
 PSYoungGen      total 236544K, used 236515K [0x00000000f0000000, 0x0000000100000000, 0x0000000100000000)
  eden space 210944K, 100% used [0x00000000f0000000,0x00000000fce00000,0x00000000fce00000)
  from space 25600K, 99% used [0x00000000fce00000,0x00000000fe6f8f00,0x00000000fe700000)
  to   space 25600K, 0% used [0x00000000fe700000,0x00000000fe700000,0x0000000100000000)
 ParOldGen       total 112128K, used 99753K [0x00000000d0000000, 0x00000000d6d80000, 0x00000000f0000000)
  object space 112128K, 88% used [0x00000000d0000000,0x00000000d616a7c0,0x00000000d6d80000)
 Metaspace       used 68593K, capacity 70438K, committed 70632K, reserved 1112064K
  class space    used 7022K, capacity 7582K, committed 7656K, reserved 1048576K
Event: 48.619 GC heap after
Heap after GC invocations=59 (full 7):
 PSYoungGen      total 221184K, used 25576K [0x00000000f0000000, 0x0000000100000000, 0x0000000100000000)
  eden space 195584K, 0% used [0x00000000f0000000,0x00000000f0000000,0x00000000fbf00000)
  from space 25600K, 99% used [0x00000000fe700000,0x00000000ffffa238,0x0000000100000000)
  to   space 33280K, 0% used [0x00000000fbf00000,0x00000000fbf00000,0x00000000fdf80000)
 ParOldGen       total 112128K, used 102845K [0x00000000d0000000, 0x00000000d6d80000, 0x00000000f0000000)
  object space 112128K, 91% used [0x00000000d0000000,0x00000000d646f608,0x00000000d6d80000)
 Metaspace       used 68593K, capacity 70438K, committed 70632K, reserved 1112064K
  class space    used 7022K, capacity 7582K, committed 7656K, reserved 1048576K
}
Event: 50.373 GC heap before
{Heap before GC invocations=60 (full 7):
 PSYoungGen      total 221184K, used 213264K [0x00000000f0000000, 0x0000000100000000, 0x0000000100000000)
  eden space 195584K, 95% used [0x00000000f0000000,0x00000000fb749f38,0x00000000fbf00000)
  from space 25600K, 99% used [0x00000000fe700000,0x00000000ffffa238,0x0000000100000000)
  to   space 33280K, 0% used [0x00000000fbf00000,0x00000000fbf00000,0x00000000fdf80000)
 ParOldGen       total 112128K, used 102845K [0x00000000d0000000, 0x00000000d6d80000, 0x00000000f0000000)
  object space 112128K, 91% used [0x00000000d0000000,0x00000000d646f608,0x00000000d6d80000)
 Metaspace       used 69496K, capacity 71380K, committed 71784K, reserved 1114112K
  class space    used 7112K, capacity 7669K, committed 7784K, reserved 1048576K
Event: 50.411 GC heap after
Heap after GC invocations=60 (full 7):
 PSYoungGen      total 222720K, used 27082K [0x00000000f0000000, 0x0000000100000000, 0x0000000100000000)
  eden space 195584K, 0% used [0x00000000f0000000,0x00000000f0000000,0x00000000fbf00000)
  from space 27136K, 99% used [0x00000000fbf00000,0x00000000fd972b40,0x00000000fd980000)
  to   space 35840K, 0% used [0x00000000fdd00000,0x00000000fdd00000,0x0000000100000000)
 ParOldGen       total 112128K, used 110039K [0x00000000d0000000, 0x00000000d6d80000, 0x00000000f0000000)
  object space 112128K, 98% used [0x00000000d0000000,0x00000000d6b75dd0,0x00000000d6d80000)
 Metaspace       used 69496K, capacity 71380K, committed 71784K, reserved 1114112K
  class space    used 7112K, capacity 7669K, committed 7784K, reserved 1048576K
}
Event: 50.411 GC heap before
{Heap before GC invocations=61 (full 8):
 PSYoungGen      total 222720K, used 27082K [0x00000000f0000000, 0x0000000100000000, 0x0000000100000000)
  eden space 195584K, 0% used [0x00000000f0000000,0x00000000f0000000,0x00000000fbf00000)
  from space 27136K, 99% used [0x00000000fbf00000,0x00000000fd972b40,0x00000000fd980000)
  to   space 35840K, 0% used [0x00000000fdd00000,0x00000000fdd00000,0x0000000100000000)
 ParOldGen       total 112128K, used 110039K [0x00000000d0000000, 0x00000000d6d80000, 0x00000000f0000000)
  object space 112128K, 98% used [0x00000000d0000000,0x00000000d6b75dd0,0x00000000d6d80000)
 Metaspace       used 69496K, capacity 71380K, committed 71784K, reserved 1114112K
  class space    used 7112K, capacity 7669K, committed 7784K, reserved 1048576K
Event: 51.907 GC heap after
Heap after GC invocations=61 (full 8):
 PSYoungGen      total 222720K, used 23261K [0x00000000f0000000, 0x0000000100000000, 0x0000000100000000)
  eden space 195584K, 0% used [0x00000000f0000000,0x00000000f0000000,0x00000000fbf00000)
  from space 27136K, 85% used [0x00000000fbf00000,0x00000000fd5b74e8,0x00000000fd980000)
  to   space 35840K, 0% used [0x00000000fdd00000,0x00000000fdd00000,0x0000000100000000)
 ParOldGen       total 131072K, used 111679K [0x00000000d0000000, 0x00000000d8000000, 0x00000000f0000000)
  object space 131072K, 85% used [0x00000000d0000000,0x00000000d6d0ff50,0x00000000d8000000)
 Metaspace       used 69485K, capacity 71362K, committed 71784K, reserved 1114112K
  class space    used 7110K, capacity 7666K, committed 7784K, reserved 1048576K
}
Event: 52.892 GC heap before
{Heap before GC invocations=62 (full 8):
 PSYoungGen      total 222720K, used 211266K [0x00000000f0000000, 0x0000000100000000, 0x0000000100000000)
  eden space 195584K, 96% used [0x00000000f0000000,0x00000000fb799378,0x00000000fbf00000)
  from space 27136K, 85% used [0x00000000fbf00000,0x00000000fd5b74e8,0x00000000fd980000)
  to   space 35840K, 0% used [0x00000000fdd00000,0x00000000fdd00000,0x0000000100000000)
 ParOldGen       total 131072K, used 111679K [0x00000000d0000000, 0x00000000d8000000, 0x00000000f0000000)
  object space 131072K, 85% used [0x00000000d0000000,0x00000000d6d0ff50,0x00000000d8000000)
 Metaspace       used 71034K, capacity 72972K, committed 73192K, reserved 1114112K
  class space    used 7329K, capacity 7896K, committed 7912K, reserved 1048576K
Event: 52.973 GC heap after
Heap after GC invocations=62 (full 8):
 PSYoungGen      total 220160K, used 29960K [0x00000000f0000000, 0x0000000100000000, 0x0000000100000000)
  eden space 184320K, 0% used [0x00000000f0000000,0x00000000f0000000,0x00000000fb400000)
  from space 35840K, 83% used [0x00000000fdd00000,0x00000000ffa42148,0x0000000100000000)
  to   space 38912K, 0% used [0x00000000fb400000,0x00000000fb400000,0x00000000fda00000)
 ParOldGen       total 131072K, used 111687K [0x00000000d0000000, 0x00000000d8000000, 0x00000000f0000000)
  object space 131072K, 85% used [0x00000000d0000000,0x00000000d6d11f50,0x00000000d8000000)
 Metaspace       used 71034K, capacity 72972K, committed 73192K, reserved 1114112K
  class space    used 7329K, capacity 7896K, committed 7912K, reserved 1048576K
}
Event: 53.348 GC heap before
{Heap before GC invocations=63 (full 8):
 PSYoungGen      total 220160K, used 214280K [0x00000000f0000000, 0x0000000100000000, 0x0000000100000000)
  eden space 184320K, 100% used [0x00000000f0000000,0x00000000fb400000,0x00000000fb400000)
  from space 35840K, 83% used [0x00000000fdd00000,0x00000000ffa42148,0x0000000100000000)
  to   space 38912K, 0% used [0x00000000fb400000,0x00000000fb400000,0x00000000fda00000)
 ParOldGen       total 131072K, used 111687K [0x00000000d0000000, 0x00000000d8000000, 0x00000000f0000000)
  object space 131072K, 85% used [0x00000000d0000000,0x00000000d6d11f50,0x00000000d8000000)
 Metaspace       used 71424K, capacity 73394K, committed 73576K, reserved 1114112K
  class space    used 7369K, capacity 7929K, committed 8040K, reserved 1048576K
Event: 53.385 GC heap after
Heap after GC invocations=63 (full 8):
 PSYoungGen      total 216576K, used 31759K [0x00000000f0000000, 0x0000000100000000, 0x0000000100000000)
  eden space 184320K, 0% used [0x00000000f0000000,0x00000000f0000000,0x00000000fb400000)
  from space 32256K, 98% used [0x00000000fb400000,0x00000000fd303c88,0x00000000fd380000)
  to   space 41984K, 0% used [0x00000000fd700000,0x00000000fd700000,0x0000000100000000)
 ParOldGen       total 131072K, used 111687K [0x00000000d0000000, 0x00000000d8000000, 0x00000000f0000000)
  object space 131072K, 85% used [0x00000000d0000000,0x00000000d6d11f50,0x00000000d8000000)
 Metaspace       used 71424K, capacity 73394K, committed 73576K, reserved 1114112K
  class space    used 7369K, capacity 7929K, committed 8040K, reserved 1048576K
}

