# JRE version: Java(TM) SE Runtime Environment (8.0_11-b12) (build 1.8.0_11-b12)
# Java VM: Java HotSpot(TM) 64-Bit Server VM (25.11-b03 mixed mode windows-amd64 compressed oops)
Heap:
 PSYoungGen      total 196608K, used 59205K [0x00000000f0000000, 0x00000000fd780000, 0x0000000100000000)
  eden space 175616K, 25% used [0x00000000f0000000,0x00000000f2bf52e0,0x00000000fab80000)
  from space 20992K, 67% used [0x00000000fc300000,0x00000000fd0dc470,0x00000000fd780000)
  to   space 22528K, 0% used [0x00000000fab80000,0x00000000fab80000,0x00000000fc180000)
 ParOldGen       total 110592K, used 99860K [0x00000000d0000000, 0x00000000d6c00000, 0x00000000f0000000)
  object space 110592K, 90% used [0x00000000d0000000,0x00000000d6185048,0x00000000d6c00000)
 Metaspace       used 65067K, capacity 66780K, committed 66944K, reserved 1107968K
  class space    used 7045K, capacity 7544K, committed 7552K, reserved 1048576K
GC Heap History (10 events):
Event: 141.754 GC heap before
{Heap before GC invocations=54 (full 5):
 PSYoungGen      total 170496K, used 165113K [0x00000000f0000000, 0x00000000fb400000, 0x0000000100000000)
  eden space 158720K, 100% used [0x00000000f0000000,0x00000000f9b00000,0x00000000f9b00000)
  from space 11776K, 54% used [0x00000000fa880000,0x00000000faebe708,0x00000000fb400000)
  to   space 12800K, 0% used [0x00000000f9b00000,0x00000000f9b00000,0x00000000fa780000)
 ParOldGen       total 95744K, used 81598K [0x00000000d0000000, 0x00000000d5d80000, 0x00000000f0000000)
  object space 95744K, 85% used [0x00000000d0000000,0x00000000d4faf848,0x00000000d5d80000)
 Metaspace       used 59934K, capacity 61500K, committed 61952K, reserved 1103872K
  class space    used 6398K, capacity 6861K, committed 6912K, reserved 1048576K
Event: 141.813 GC heap after
Heap after GC invocations=54 (full 5):
 PSYoungGen      total 171520K, used 11268K [0x00000000f0000000, 0x00000000fc000000, 0x0000000100000000)
  eden space 158720K, 0% used [0x00000000f0000000,0x00000000f0000000,0x00000000f9b00000)
  from space 12800K, 88% used [0x00000000f9b00000,0x00000000fa6013e8,0x00000000fa780000)
  to   space 13824K, 0% used [0x00000000fb280000,0x00000000fb280000,0x00000000fc000000)
 ParOldGen       total 95744K, used 81606K [0x00000000d0000000, 0x00000000d5d80000, 0x00000000f0000000)
  object space 95744K, 85% used [0x00000000d0000000,0x00000000d4fb1848,0x00000000d5d80000)
 Metaspace       used 59934K, capacity 61500K, committed 61952K, reserved 1103872K
  class space    used 6398K, capacity 6861K, committed 6912K, reserved 1048576K
}
Event: 145.836 GC heap before
{Heap before GC invocations=55 (full 5):
 PSYoungGen      total 171520K, used 165057K [0x00000000f0000000, 0x00000000fc000000, 0x0000000100000000)
  eden space 158720K, 96% used [0x00000000f0000000,0x00000000f962f2d8,0x00000000f9b00000)
  from space 12800K, 88% used [0x00000000f9b00000,0x00000000fa6013e8,0x00000000fa780000)
  to   space 13824K, 0% used [0x00000000fb280000,0x00000000fb280000,0x00000000fc000000)
 ParOldGen       total 95744K, used 81606K [0x00000000d0000000, 0x00000000d5d80000, 0x00000000f0000000)
  object space 95744K, 85% used [0x00000000d0000000,0x00000000d4fb1848,0x00000000d5d80000)
 Metaspace       used 60927K, capacity 62504K, committed 62848K, reserved 1105920K
  class space    used 6533K, capacity 6999K, committed 7040K, reserved 1048576K
Event: 145.937 GC heap after
Heap after GC invocations=55 (full 5):
 PSYoungGen      total 179200K, used 13811K [0x00000000f0000000, 0x00000000fc800000, 0x0000000100000000)
  eden space 165376K, 0% used [0x00000000f0000000,0x00000000f0000000,0x00000000fa180000)
  from space 13824K, 99% used [0x00000000fb280000,0x00000000fbffcfb0,0x00000000fc000000)
  to   space 17408K, 0% used [0x00000000fa180000,0x00000000fa180000,0x00000000fb280000)
 ParOldGen       total 95744K, used 85032K [0x00000000d0000000, 0x00000000d5d80000, 0x00000000f0000000)
  object space 95744K, 88% used [0x00000000d0000000,0x00000000d530a1d0,0x00000000d5d80000)
 Metaspace       used 60927K, capacity 62504K, committed 62848K, reserved 1105920K
  class space    used 6533K, capacity 6999K, committed 7040K, reserved 1048576K
}
Event: 153.537 GC heap before
{Heap before GC invocations=56 (full 5):
 PSYoungGen      total 179200K, used 179187K [0x00000000f0000000, 0x00000000fc800000, 0x0000000100000000)
  eden space 165376K, 100% used [0x00000000f0000000,0x00000000fa180000,0x00000000fa180000)
  from space 13824K, 99% used [0x00000000fb280000,0x00000000fbffcfb0,0x00000000fc000000)
  to   space 17408K, 0% used [0x00000000fa180000,0x00000000fa180000,0x00000000fb280000)
 ParOldGen       total 95744K, used 85032K [0x00000000d0000000, 0x00000000d5d80000, 0x00000000f0000000)
  object space 95744K, 88% used [0x00000000d0000000,0x00000000d530a1d0,0x00000000d5d80000)
 Metaspace       used 62792K, capacity 64436K, committed 64896K, reserved 1107968K
  class space    used 6718K, capacity 7193K, committed 7296K, reserved 1048576K
Event: 153.771 GC heap after
Heap after GC invocations=56 (full 5):
 PSYoungGen      total 182784K, used 17392K [0x00000000f0000000, 0x00000000fd800000, 0x0000000100000000)
  eden space 165376K, 0% used [0x00000000f0000000,0x00000000f0000000,0x00000000fa180000)
  from space 17408K, 99% used [0x00000000fa180000,0x00000000fb27c0a0,0x00000000fb280000)
  to   space 21504K, 0% used [0x00000000fc300000,0x00000000fc300000,0x00000000fd800000)
 ParOldGen       total 95744K, used 89251K [0x00000000d0000000, 0x00000000d5d80000, 0x00000000f0000000)
  object space 95744K, 93% used [0x00000000d0000000,0x00000000d5728fb8,0x00000000d5d80000)
 Metaspace       used 62792K, capacity 64436K, committed 64896K, reserved 1107968K
  class space    used 6718K, capacity 7193K, committed 7296K, reserved 1048576K
}
Event: 153.771 GC heap before
{Heap before GC invocations=57 (full 6):
 PSYoungGen      total 182784K, used 17392K [0x00000000f0000000, 0x00000000fd800000, 0x0000000100000000)
  eden space 165376K, 0% used [0x00000000f0000000,0x00000000f0000000,0x00000000fa180000)
  from space 17408K, 99% used [0x00000000fa180000,0x00000000fb27c0a0,0x00000000fb280000)
  to   space 21504K, 0% used [0x00000000fc300000,0x00000000fc300000,0x00000000fd800000)
 ParOldGen       total 95744K, used 89251K [0x00000000d0000000, 0x00000000d5d80000, 0x00000000f0000000)
  object space 95744K, 93% used [0x00000000d0000000,0x00000000d5728fb8,0x00000000d5d80000)
 Metaspace       used 62792K, capacity 64436K, committed 64896K, reserved 1107968K
  class space    used 6718K, capacity 7193K, committed 7296K, reserved 1048576K
Event: 155.311 GC heap after
Heap after GC invocations=57 (full 6):
 PSYoungGen      total 182784K, used 9085K [0x00000000f0000000, 0x00000000fd800000, 0x0000000100000000)
  eden space 165376K, 0% used [0x00000000f0000000,0x00000000f0000000,0x00000000fa180000)
  from space 17408K, 52% used [0x00000000fa180000,0x00000000faa5f4c0,0x00000000fb280000)
  to   space 21504K, 0% used [0x00000000fc300000,0x00000000fc300000,0x00000000fd800000)
 ParOldGen       total 110592K, used 95468K [0x00000000d0000000, 0x00000000d6c00000, 0x00000000f0000000)
  object space 110592K, 86% used [0x00000000d0000000,0x00000000d5d3b028,0x00000000d6c00000)
 Metaspace       used 62788K, capacity 64430K, committed 64896K, reserved 1107968K
  class space    used 6718K, capacity 7192K, committed 7296K, reserved 1048576K
}
Event: 159.498 GC heap before
{Heap before GC invocations=58 (full 6):
 PSYoungGen      total 182784K, used 174461K [0x00000000f0000000, 0x00000000fd800000, 0x0000000100000000)
  eden space 165376K, 100% used [0x00000000f0000000,0x00000000fa180000,0x00000000fa180000)
  from space 17408K, 52% used [0x00000000fa180000,0x00000000faa5f4c0,0x00000000fb280000)
  to   space 21504K, 0% used [0x00000000fc300000,0x00000000fc300000,0x00000000fd800000)
 ParOldGen       total 110592K, used 95468K [0x00000000d0000000, 0x00000000d6c00000, 0x00000000f0000000)
  object space 110592K, 86% used [0x00000000d0000000,0x00000000d5d3b028,0x00000000d6c00000)
 Metaspace       used 64689K, capacity 66298K, committed 66688K, reserved 1107968K
  class space    used 6987K, capacity 7450K, committed 7552K, reserved 1048576K
Event: 159.564 GC heap after
Heap after GC invocations=58 (full 6):
 PSYoungGen      total 196608K, used 14193K [0x00000000f0000000, 0x00000000fd780000, 0x0000000100000000)
  eden space 175616K, 0% used [0x00000000f0000000,0x00000000f0000000,0x00000000fab80000)
  from space 20992K, 67% used [0x00000000fc300000,0x00000000fd0dc470,0x00000000fd780000)
  to   space 22528K, 0% used [0x00000000fab80000,0x00000000fab80000,0x00000000fc180000)
 ParOldGen       total 110592K, used 99860K [0x00000000d0000000, 0x00000000d6c00000, 0x00000000f0000000)
  object space 110592K, 90% used [0x00000000d0000000,0x00000000d6185048,0x00000000d6c00000)
 Metaspace       used 64689K, capacity 66298K, committed 66688K, reserved 1107968K
  class space    used 6987K, capacity 7450K, committed 7552K, reserved 1048576K
}

