# JRE version: Java(TM) SE Runtime Environment (8.0_11-b12) (build 1.8.0_11-b12)
# Java VM: Java HotSpot(TM) 64-Bit Server VM (25.11-b03 mixed mode windows-amd64 compressed oops)
Heap:
 PSYoungGen      total 195072K, used 46300K [0x00000000f0000000, 0x0000000100000000, 0x0000000100000000)
  eden space 130048K, 0% used [0x00000000f0000000,0x00000000f0000000,0x00000000f7f00000)
  from space 65024K, 71% used [0x00000000fc080000,0x00000000fedb7160,0x0000000100000000)
  to   space 66048K, 0% used [0x00000000f7f00000,0x00000000f7f00000,0x00000000fbf80000)
 ParOldGen       total 124928K, used 117342K [0x00000000d0000000, 0x00000000d7a00000, 0x00000000f0000000)
  object space 124928K, 93% used [0x00000000d0000000,0x00000000d7297960,0x00000000d7a00000)
 Metaspace       used 75911K, capacity 78288K, committed 78336K, reserved 1120256K
  class space    used 7593K, capacity 8188K, committed 8192K, reserved 1048576K
GC Heap History (10 events):
Event: 63.557 GC heap after
Heap after GC invocations=66 (full 8):
 PSYoungGen      total 197120K, used 42808K [0x00000000f0000000, 0x0000000100000000, 0x0000000100000000)
  eden space 134144K, 0% used [0x00000000f0000000,0x00000000f0000000,0x00000000f8300000)
  from space 62976K, 67% used [0x00000000fc280000,0x00000000fec4e138,0x0000000100000000)
  to   space 64000K, 0% used [0x00000000f8300000,0x00000000f8300000,0x00000000fc180000)
 ParOldGen       total 124928K, used 111749K [0x00000000d0000000, 0x00000000d7a00000, 0x00000000f0000000)
  object space 124928K, 89% used [0x00000000d0000000,0x00000000d6d21558,0x00000000d7a00000)
 Metaspace       used 73876K, capacity 75912K, committed 76160K, reserved 1118208K
  class space    used 7411K, capacity 7953K, committed 8064K, reserved 1048576K
}
Event: 63.766 GC heap before
{Heap before GC invocations=67 (full 8):
 PSYoungGen      total 197120K, used 176952K [0x00000000f0000000, 0x0000000100000000, 0x0000000100000000)
  eden space 134144K, 100% used [0x00000000f0000000,0x00000000f8300000,0x00000000f8300000)
  from space 62976K, 67% used [0x00000000fc280000,0x00000000fec4e138,0x0000000100000000)
  to   space 64000K, 0% used [0x00000000f8300000,0x00000000f8300000,0x00000000fc180000)
 ParOldGen       total 124928K, used 111749K [0x00000000d0000000, 0x00000000d7a00000, 0x00000000f0000000)
  object space 124928K, 89% used [0x00000000d0000000,0x00000000d6d21558,0x00000000d7a00000)
 Metaspace       used 74277K, capacity 76422K, committed 76672K, reserved 1118208K
  class space    used 7441K, capacity 7989K, committed 8064K, reserved 1048576K
Event: 63.868 GC heap after
Heap after GC invocations=67 (full 8):
 PSYoungGen      total 176640K, used 42330K [0x00000000f0000000, 0x0000000100000000, 0x0000000100000000)
  eden space 134144K, 0% used [0x00000000f0000000,0x00000000f0000000,0x00000000f8300000)
  from space 42496K, 99% used [0x00000000f8300000,0x00000000fac56ac0,0x00000000fac80000)
  to   space 64512K, 0% used [0x00000000fc100000,0x00000000fc100000,0x0000000100000000)
 ParOldGen       total 124928K, used 112826K [0x00000000d0000000, 0x00000000d7a00000, 0x00000000f0000000)
  object space 124928K, 90% used [0x00000000d0000000,0x00000000d6e2e940,0x00000000d7a00000)
 Metaspace       used 74277K, capacity 76422K, committed 76672K, reserved 1118208K
  class space    used 7441K, capacity 7989K, committed 8064K, reserved 1048576K
}
Event: 64.261 GC heap before
{Heap before GC invocations=68 (full 8):
 PSYoungGen      total 176640K, used 169598K [0x00000000f0000000, 0x0000000100000000, 0x0000000100000000)
  eden space 134144K, 94% used [0x00000000f0000000,0x00000000f7c48dd8,0x00000000f8300000)
  from space 42496K, 99% used [0x00000000f8300000,0x00000000fac56ac0,0x00000000fac80000)
  to   space 64512K, 0% used [0x00000000fc100000,0x00000000fc100000,0x0000000100000000)
 ParOldGen       total 124928K, used 112826K [0x00000000d0000000, 0x00000000d7a00000, 0x00000000f0000000)
  object space 124928K, 90% used [0x00000000d0000000,0x00000000d6e2e940,0x00000000d7a00000)
 Metaspace       used 74600K, capacity 76828K, committed 76928K, reserved 1118208K
  class space    used 7450K, capacity 8028K, committed 8064K, reserved 1048576K
Event: 64.573 GC heap after
Heap after GC invocations=68 (full 8):
 PSYoungGen      total 196608K, used 43527K [0x00000000f0000000, 0x0000000100000000, 0x0000000100000000)
  eden space 132096K, 0% used [0x00000000f0000000,0x00000000f0000000,0x00000000f8100000)
  from space 64512K, 67% used [0x00000000fc100000,0x00000000feb81e90,0x0000000100000000)
  to   space 65024K, 0% used [0x00000000f8100000,0x00000000f8100000,0x00000000fc080000)
 ParOldGen       total 124928K, used 113138K [0x00000000d0000000, 0x00000000d7a00000, 0x00000000f0000000)
  object space 124928K, 90% used [0x00000000d0000000,0x00000000d6e7c940,0x00000000d7a00000)
 Metaspace       used 74600K, capacity 76828K, committed 76928K, reserved 1118208K
  class space    used 7450K, capacity 8028K, committed 8064K, reserved 1048576K
}
Event: 65.059 GC heap before
{Heap before GC invocations=69 (full 8):
 PSYoungGen      total 196608K, used 175623K [0x00000000f0000000, 0x0000000100000000, 0x0000000100000000)
  eden space 132096K, 100% used [0x00000000f0000000,0x00000000f8100000,0x00000000f8100000)
  from space 64512K, 67% used [0x00000000fc100000,0x00000000feb81e90,0x0000000100000000)
  to   space 65024K, 0% used [0x00000000f8100000,0x00000000f8100000,0x00000000fc080000)
 ParOldGen       total 124928K, used 113138K [0x00000000d0000000, 0x00000000d7a00000, 0x00000000f0000000)
  object space 124928K, 90% used [0x00000000d0000000,0x00000000d6e7c940,0x00000000d7a00000)
 Metaspace       used 75005K, capacity 77296K, committed 77440K, reserved 1118208K
  class space    used 7469K, capacity 8041K, committed 8064K, reserved 1048576K
Event: 65.192 GC heap after
Heap after GC invocations=69 (full 8):
 PSYoungGen      total 197120K, used 43235K [0x00000000f0000000, 0x0000000100000000, 0x0000000100000000)
  eden space 132096K, 0% used [0x00000000f0000000,0x00000000f0000000,0x00000000f8100000)
  from space 65024K, 66% used [0x00000000f8100000,0x00000000fab38dc8,0x00000000fc080000)
  to   space 65024K, 0% used [0x00000000fc080000,0x00000000fc080000,0x0000000100000000)
 ParOldGen       total 124928K, used 114938K [0x00000000d0000000, 0x00000000d7a00000, 0x00000000f0000000)
  object space 124928K, 92% used [0x00000000d0000000,0x00000000d703e940,0x00000000d7a00000)
 Metaspace       used 75005K, capacity 77296K, committed 77440K, reserved 1118208K
  class space    used 7469K, capacity 8041K, committed 8064K, reserved 1048576K
}
Event: 66.382 GC heap before
{Heap before GC invocations=70 (full 8):
 PSYoungGen      total 197120K, used 175331K [0x00000000f0000000, 0x0000000100000000, 0x0000000100000000)
  eden space 132096K, 100% used [0x00000000f0000000,0x00000000f8100000,0x00000000f8100000)
  from space 65024K, 66% used [0x00000000f8100000,0x00000000fab38dc8,0x00000000fc080000)
  to   space 65024K, 0% used [0x00000000fc080000,0x00000000fc080000,0x0000000100000000)
 ParOldGen       total 124928K, used 114938K [0x00000000d0000000, 0x00000000d7a00000, 0x00000000f0000000)
  object space 124928K, 92% used [0x00000000d0000000,0x00000000d703e940,0x00000000d7a00000)
 Metaspace       used 75911K, capacity 78288K, committed 78336K, reserved 1120256K
  class space    used 7593K, capacity 8188K, committed 8192K, reserved 1048576K
Event: 66.452 GC heap after
Heap after GC invocations=70 (full 8):
 PSYoungGen      total 195072K, used 46300K [0x00000000f0000000, 0x0000000100000000, 0x0000000100000000)
  eden space 130048K, 0% used [0x00000000f0000000,0x00000000f0000000,0x00000000f7f00000)
  from space 65024K, 71% used [0x00000000fc080000,0x00000000fedb7160,0x0000000100000000)
  to   space 66048K, 0% used [0x00000000f7f00000,0x00000000f7f00000,0x00000000fbf80000)
 ParOldGen       total 124928K, used 117342K [0x00000000d0000000, 0x00000000d7a00000, 0x00000000f0000000)
  object space 124928K, 93% used [0x00000000d0000000,0x00000000d7297960,0x00000000d7a00000)
 Metaspace       used 75911K, capacity 78288K, committed 78336K, reserved 1120256K
  class space    used 7593K, capacity 8188K, committed 8192K, reserved 1048576K
}
Event: 66.452 GC heap before
{Heap before GC invocations=71 (full 9):
 PSYoungGen      total 195072K, used 46300K [0x00000000f0000000, 0x0000000100000000, 0x0000000100000000)
  eden space 130048K, 0% used [0x00000000f0000000,0x00000000f0000000,0x00000000f7f00000)
  from space 65024K, 71% used [0x00000000fc080000,0x00000000fedb7160,0x0000000100000000)
  to   space 66048K, 0% used [0x00000000f7f00000,0x00000000f7f00000,0x00000000fbf80000)
 ParOldGen       total 124928K, used 117342K [0x00000000d0000000, 0x00000000d7a00000, 0x00000000f0000000)
  object space 124928K, 93% used [0x00000000d0000000,0x00000000d7297960,0x00000000d7a00000)
 Metaspace       used 75911K, capacity 78288K, committed 78336K, reserved 1120256K
  class space    used 7593K, capacity 8188K, committed 8192K, reserved 1048576K

