# JRE version: Java(TM) SE Runtime Environment (8.0_11-b12) (build 1.8.0_11-b12)
# Java VM: Java HotSpot(TM) 64-Bit Server VM (25.11-b03 mixed mode windows-amd64 compressed oops)
Heap:
 PSYoungGen      total 196096K, used 123998K [0x00000000f0000000, 0x0000000100000000, 0x0000000100000000)
  eden space 141312K, 54% used [0x00000000f0000000,0x00000000f4aab2f8,0x00000000f8a00000)
  from space 54784K, 86% used [0x00000000fca80000,0x00000000ff8ec768,0x0000000100000000)
  to   space 60416K, 0% used [0x00000000f8a00000,0x00000000f8a00000,0x00000000fc500000)
 ParOldGen       total 130048K, used 113004K [0x00000000d0000000, 0x00000000d7f00000, 0x00000000f0000000)
  object space 130048K, 86% used [0x00000000d0000000,0x00000000d6e5b0a8,0x00000000d7f00000)
 Metaspace       used 75666K, capacity 78014K, committed 78208K, reserved 1120256K
  class space    used 7642K, capacity 8242K, committed 8320K, reserved 1048576K
GC Heap History (10 events):
Event: 47.420 GC heap before
{Heap before GC invocations=72 (full 8):
 PSYoungGen      total 224256K, used 223913K [0x00000000f0000000, 0x0000000100000000, 0x0000000100000000)
  eden space 195584K, 100% used [0x00000000f0000000,0x00000000fbf00000,0x00000000fbf00000)
  from space 28672K, 98% used [0x00000000fbf00000,0x00000000fdaaa648,0x00000000fdb00000)
  to   space 36352K, 0% used [0x00000000fdc80000,0x00000000fdc80000,0x0000000100000000)
 ParOldGen       total 130048K, used 110632K [0x00000000d0000000, 0x00000000d7f00000, 0x00000000f0000000)
  object space 130048K, 85% used [0x00000000d0000000,0x00000000d6c0a170,0x00000000d7f00000)
 Metaspace       used 71612K, capacity 73552K, committed 73856K, reserved 1116160K
  class space    used 7174K, capacity 7719K, committed 7808K, reserved 1048576K
Event: 47.896 GC heap after
Heap after GC invocations=72 (full 8):
 PSYoungGen      total 215552K, used 35186K [0x00000000f0000000, 0x0000000100000000, 0x0000000100000000)
  eden space 179200K, 0% used [0x00000000f0000000,0x00000000f0000000,0x00000000faf00000)
  from space 36352K, 96% used [0x00000000fdc80000,0x00000000ffedc928,0x0000000100000000)
  to   space 41472K, 0% used [0x00000000faf00000,0x00000000faf00000,0x00000000fd780000)
 ParOldGen       total 130048K, used 110640K [0x00000000d0000000, 0x00000000d7f00000, 0x00000000f0000000)
  object space 130048K, 85% used [0x00000000d0000000,0x00000000d6c0c170,0x00000000d7f00000)
 Metaspace       used 71612K, capacity 73552K, committed 73856K, reserved 1116160K
  class space    used 7174K, capacity 7719K, committed 7808K, reserved 1048576K
}
Event: 48.550 GC heap before
{Heap before GC invocations=73 (full 8):
 PSYoungGen      total 215552K, used 207793K [0x00000000f0000000, 0x0000000100000000, 0x0000000100000000)
  eden space 179200K, 96% used [0x00000000f0000000,0x00000000fa88fd18,0x00000000faf00000)
  from space 36352K, 96% used [0x00000000fdc80000,0x00000000ffedc928,0x0000000100000000)
  to   space 41472K, 0% used [0x00000000faf00000,0x00000000faf00000,0x00000000fd780000)
 ParOldGen       total 130048K, used 110640K [0x00000000d0000000, 0x00000000d7f00000, 0x00000000f0000000)
  object space 130048K, 85% used [0x00000000d0000000,0x00000000d6c0c170,0x00000000d7f00000)
 Metaspace       used 72049K, capacity 74060K, committed 74368K, reserved 1116160K
  class space    used 7191K, capacity 7727K, committed 7808K, reserved 1048576K
Event: 48.689 GC heap after
Heap after GC invocations=73 (full 8):
 PSYoungGen      total 215552K, used 36186K [0x00000000f0000000, 0x0000000100000000, 0x0000000100000000)
  eden space 179200K, 0% used [0x00000000f0000000,0x00000000f0000000,0x00000000faf00000)
  from space 36352K, 99% used [0x00000000faf00000,0x00000000fd256b30,0x00000000fd280000)
  to   space 45568K, 0% used [0x00000000fd380000,0x00000000fd380000,0x0000000100000000)
 ParOldGen       total 130048K, used 110648K [0x00000000d0000000, 0x00000000d7f00000, 0x00000000f0000000)
  object space 130048K, 85% used [0x00000000d0000000,0x00000000d6c0e170,0x00000000d7f00000)
 Metaspace       used 72049K, capacity 74060K, committed 74368K, reserved 1116160K
  class space    used 7191K, capacity 7727K, committed 7808K, reserved 1048576K
}
Event: 49.457 GC heap before
{Heap before GC invocations=74 (full 8):
 PSYoungGen      total 215552K, used 208891K [0x00000000f0000000, 0x0000000100000000, 0x0000000100000000)
  eden space 179200K, 96% used [0x00000000f0000000,0x00000000fa8a8458,0x00000000faf00000)
  from space 36352K, 99% used [0x00000000faf00000,0x00000000fd256b30,0x00000000fd280000)
  to   space 45568K, 0% used [0x00000000fd380000,0x00000000fd380000,0x0000000100000000)
 ParOldGen       total 130048K, used 110648K [0x00000000d0000000, 0x00000000d7f00000, 0x00000000f0000000)
  object space 130048K, 85% used [0x00000000d0000000,0x00000000d6c0e170,0x00000000d7f00000)
 Metaspace       used 73683K, capacity 75696K, committed 75776K, reserved 1118208K
  class space    used 7399K, capacity 7924K, committed 7936K, reserved 1048576K
Event: 49.564 GC heap after
Heap after GC invocations=74 (full 8):
 PSYoungGen      total 206336K, used 40563K [0x00000000f0000000, 0x0000000100000000, 0x0000000100000000)
  eden space 160768K, 0% used [0x00000000f0000000,0x00000000f0000000,0x00000000f9d00000)
  from space 45568K, 89% used [0x00000000fd380000,0x00000000ffb1cca8,0x0000000100000000)
  to   space 50688K, 0% used [0x00000000f9d00000,0x00000000f9d00000,0x00000000fce80000)
 ParOldGen       total 130048K, used 112128K [0x00000000d0000000, 0x00000000d7f00000, 0x00000000f0000000)
  object space 130048K, 86% used [0x00000000d0000000,0x00000000d6d80170,0x00000000d7f00000)
 Metaspace       used 73683K, capacity 75696K, committed 75776K, reserved 1118208K
  class space    used 7399K, capacity 7924K, committed 7936K, reserved 1048576K
}
Event: 50.182 GC heap before
{Heap before GC invocations=75 (full 8):
 PSYoungGen      total 206336K, used 197454K [0x00000000f0000000, 0x0000000100000000, 0x0000000100000000)
  eden space 160768K, 97% used [0x00000000f0000000,0x00000000f9936f50,0x00000000f9d00000)
  from space 45568K, 89% used [0x00000000fd380000,0x00000000ffb1cca8,0x0000000100000000)
  to   space 50688K, 0% used [0x00000000f9d00000,0x00000000f9d00000,0x00000000fce80000)
 ParOldGen       total 130048K, used 112128K [0x00000000d0000000, 0x00000000d7f00000, 0x00000000f0000000)
  object space 130048K, 86% used [0x00000000d0000000,0x00000000d6d80170,0x00000000d7f00000)
 Metaspace       used 74000K, capacity 76078K, committed 76416K, reserved 1118208K
  class space    used 7421K, capacity 7960K, committed 8064K, reserved 1048576K
Event: 50.277 GC heap after
Heap after GC invocations=75 (full 8):
 PSYoungGen      total 202240K, used 41307K [0x00000000f0000000, 0x0000000100000000, 0x0000000100000000)
  eden space 160768K, 0% used [0x00000000f0000000,0x00000000f0000000,0x00000000f9d00000)
  from space 41472K, 99% used [0x00000000f9d00000,0x00000000fc556eb0,0x00000000fc580000)
  to   space 54784K, 0% used [0x00000000fca80000,0x00000000fca80000,0x0000000100000000)
 ParOldGen       total 130048K, used 112772K [0x00000000d0000000, 0x00000000d7f00000, 0x00000000f0000000)
  object space 130048K, 86% used [0x00000000d0000000,0x00000000d6e210a8,0x00000000d7f00000)
 Metaspace       used 74000K, capacity 76078K, committed 76416K, reserved 1118208K
  class space    used 7421K, capacity 7960K, committed 8064K, reserved 1048576K
}
Event: 52.352 GC heap before
{Heap before GC invocations=76 (full 8):
 PSYoungGen      total 202240K, used 202075K [0x00000000f0000000, 0x0000000100000000, 0x0000000100000000)
  eden space 160768K, 100% used [0x00000000f0000000,0x00000000f9d00000,0x00000000f9d00000)
  from space 41472K, 99% used [0x00000000f9d00000,0x00000000fc556eb0,0x00000000fc580000)
  to   space 54784K, 0% used [0x00000000fca80000,0x00000000fca80000,0x0000000100000000)
 ParOldGen       total 130048K, used 112772K [0x00000000d0000000, 0x00000000d7f00000, 0x00000000f0000000)
  object space 130048K, 86% used [0x00000000d0000000,0x00000000d6e210a8,0x00000000d7f00000)
 Metaspace       used 75117K, capacity 77412K, committed 77568K, reserved 1118208K
  class space    used 7568K, capacity 8149K, committed 8192K, reserved 1048576K
Event: 52.530 GC heap after
Heap after GC invocations=76 (full 8):
 PSYoungGen      total 196096K, used 47537K [0x00000000f0000000, 0x0000000100000000, 0x0000000100000000)
  eden space 141312K, 0% used [0x00000000f0000000,0x00000000f0000000,0x00000000f8a00000)
  from space 54784K, 86% used [0x00000000fca80000,0x00000000ff8ec768,0x0000000100000000)
  to   space 60416K, 0% used [0x00000000f8a00000,0x00000000f8a00000,0x00000000fc500000)
 ParOldGen       total 130048K, used 113004K [0x00000000d0000000, 0x00000000d7f00000, 0x00000000f0000000)
  object space 130048K, 86% used [0x00000000d0000000,0x00000000d6e5b0a8,0x00000000d7f00000)
 Metaspace       used 75117K, capacity 77412K, committed 77568K, reserved 1118208K
  class space    used 7568K, capacity 8149K, committed 8192K, reserved 1048576K
}

