# JRE version: Java(TM) SE Runtime Environment (8.0_11-b12) (build 1.8.0_11-b12)
# Java VM: Java HotSpot(TM) 64-Bit Server VM (25.11-b03 mixed mode windows-amd64 compressed oops)
Heap:
 PSYoungGen      total 227328K, used 119111K [0x00000000f0000000, 0x0000000100000000, 0x0000000100000000)
  eden space 192512K, 52% used [0x00000000f0000000,0x00000000f6398c28,0x00000000fbc00000)
  from space 34816K, 49% used [0x00000000fbc00000,0x00000000fccb91a8,0x00000000fde00000)
  to   space 33792K, 0% used [0x00000000fdf00000,0x00000000fdf00000,0x0000000100000000)
 ParOldGen       total 126976K, used 109004K [0x00000000d0000000, 0x00000000d7c00000, 0x00000000f0000000)
  object space 126976K, 85% used [0x00000000d0000000,0x00000000d6a730a8,0x00000000d7c00000)
 Metaspace       used 68068K, capacity 70410K, committed 70528K, reserved 1112064K
  class space    used 7539K, capacity 8236K, committed 8320K, reserved 1048576K
GC Heap History (10 events):
Event: 33.494 GC heap before
{Heap before GC invocations=55 (full 7):
 PSYoungGen      total 232448K, used 231951K [0x00000000f0000000, 0x0000000100000000, 0x0000000100000000)
  eden space 217088K, 100% used [0x00000000f0000000,0x00000000fd400000,0x00000000fd400000)
  from space 15360K, 96% used [0x00000000fd400000,0x00000000fe283c98,0x00000000fe300000)
  to   space 23552K, 0% used [0x00000000fe900000,0x00000000fe900000,0x0000000100000000)
 ParOldGen       total 107520K, used 90179K [0x00000000d0000000, 0x00000000d6900000, 0x00000000f0000000)
  object space 107520K, 83% used [0x00000000d0000000,0x00000000d5810d88,0x00000000d6900000)
 Metaspace       used 61844K, capacity 63668K, committed 64000K, reserved 1105920K
  class space    used 7068K, capacity 7603K, committed 7680K, reserved 1048576K
Event: 33.552 GC heap after
Heap after GC invocations=55 (full 7):
 PSYoungGen      total 235520K, used 17185K [0x00000000f0000000, 0x0000000100000000, 0x0000000100000000)
  eden space 211968K, 0% used [0x00000000f0000000,0x00000000f0000000,0x00000000fcf00000)
  from space 23552K, 72% used [0x00000000fe900000,0x00000000ff9c8588,0x0000000100000000)
  to   space 25088K, 0% used [0x00000000fcf00000,0x00000000fcf00000,0x00000000fe780000)
 ParOldGen       total 107520K, used 90187K [0x00000000d0000000, 0x00000000d6900000, 0x00000000f0000000)
  object space 107520K, 83% used [0x00000000d0000000,0x00000000d5812d88,0x00000000d6900000)
 Metaspace       used 61844K, capacity 63668K, committed 64000K, reserved 1105920K
  class space    used 7068K, capacity 7603K, committed 7680K, reserved 1048576K
}
Event: 34.734 GC heap before
{Heap before GC invocations=56 (full 7):
 PSYoungGen      total 235520K, used 225390K [0x00000000f0000000, 0x0000000100000000, 0x0000000100000000)
  eden space 211968K, 98% used [0x00000000f0000000,0x00000000fcb533d8,0x00000000fcf00000)
  from space 23552K, 72% used [0x00000000fe900000,0x00000000ff9c8588,0x0000000100000000)
  to   space 25088K, 0% used [0x00000000fcf00000,0x00000000fcf00000,0x00000000fe780000)
 ParOldGen       total 107520K, used 90187K [0x00000000d0000000, 0x00000000d6900000, 0x00000000f0000000)
  object space 107520K, 83% used [0x00000000d0000000,0x00000000d5812d88,0x00000000d6900000)
 Metaspace       used 63343K, capacity 65274K, committed 65408K, reserved 1107968K
  class space    used 7218K, capacity 7789K, committed 7808K, reserved 1048576K
Event: 34.814 GC heap after
Heap after GC invocations=56 (full 7):
 PSYoungGen      total 237056K, used 25056K [0x00000000f0000000, 0x0000000100000000, 0x0000000100000000)
  eden space 211968K, 0% used [0x00000000f0000000,0x00000000f0000000,0x00000000fcf00000)
  from space 25088K, 99% used [0x00000000fcf00000,0x00000000fe778368,0x00000000fe780000)
  to   space 25088K, 0% used [0x00000000fe780000,0x00000000fe780000,0x0000000100000000)
 ParOldGen       total 107520K, used 92626K [0x00000000d0000000, 0x00000000d6900000, 0x00000000f0000000)
  object space 107520K, 86% used [0x00000000d0000000,0x00000000d5a74a80,0x00000000d6900000)
 Metaspace       used 63343K, capacity 65274K, committed 65408K, reserved 1107968K
  class space    used 7218K, capacity 7789K, committed 7808K, reserved 1048576K
}
Event: 35.988 GC heap before
{Heap before GC invocations=57 (full 7):
 PSYoungGen      total 237056K, used 237024K [0x00000000f0000000, 0x0000000100000000, 0x0000000100000000)
  eden space 211968K, 100% used [0x00000000f0000000,0x00000000fcf00000,0x00000000fcf00000)
  from space 25088K, 99% used [0x00000000fcf00000,0x00000000fe778368,0x00000000fe780000)
  to   space 25088K, 0% used [0x00000000fe780000,0x00000000fe780000,0x0000000100000000)
 ParOldGen       total 107520K, used 92626K [0x00000000d0000000, 0x00000000d6900000, 0x00000000f0000000)
  object space 107520K, 86% used [0x00000000d0000000,0x00000000d5a74a80,0x00000000d6900000)
 Metaspace       used 65086K, capacity 67114K, committed 67328K, reserved 1107968K
  class space    used 7308K, capacity 7924K, committed 7936K, reserved 1048576K
Event: 36.042 GC heap after
Heap after GC invocations=57 (full 7):
 PSYoungGen      total 217600K, used 25075K [0x00000000f0000000, 0x0000000100000000, 0x0000000100000000)
  eden space 192512K, 0% used [0x00000000f0000000,0x00000000f0000000,0x00000000fbc00000)
  from space 25088K, 99% used [0x00000000fe780000,0x00000000ffffcc80,0x0000000100000000)
  to   space 34816K, 0% used [0x00000000fbc00000,0x00000000fbc00000,0x00000000fde00000)
 ParOldGen       total 107520K, used 98375K [0x00000000d0000000, 0x00000000d6900000, 0x00000000f0000000)
  object space 107520K, 91% used [0x00000000d0000000,0x00000000d6011ed0,0x00000000d6900000)
 Metaspace       used 65086K, capacity 67114K, committed 67328K, reserved 1107968K
  class space    used 7308K, capacity 7924K, committed 7936K, reserved 1048576K
}
Event: 36.042 GC heap before
{Heap before GC invocations=58 (full 8):
 PSYoungGen      total 217600K, used 25075K [0x00000000f0000000, 0x0000000100000000, 0x0000000100000000)
  eden space 192512K, 0% used [0x00000000f0000000,0x00000000f0000000,0x00000000fbc00000)
  from space 25088K, 99% used [0x00000000fe780000,0x00000000ffffcc80,0x0000000100000000)
  to   space 34816K, 0% used [0x00000000fbc00000,0x00000000fbc00000,0x00000000fde00000)
 ParOldGen       total 107520K, used 98375K [0x00000000d0000000, 0x00000000d6900000, 0x00000000f0000000)
  object space 107520K, 91% used [0x00000000d0000000,0x00000000d6011ed0,0x00000000d6900000)
 Metaspace       used 65086K, capacity 67114K, committed 67328K, reserved 1107968K
  class space    used 7308K, capacity 7924K, committed 7936K, reserved 1048576K
Event: 37.602 GC heap after
Heap after GC invocations=58 (full 8):
 PSYoungGen      total 217600K, used 12561K [0x00000000f0000000, 0x0000000100000000, 0x0000000100000000)
  eden space 192512K, 0% used [0x00000000f0000000,0x00000000f0000000,0x00000000fbc00000)
  from space 25088K, 50% used [0x00000000fe780000,0x00000000ff3c4440,0x0000000100000000)
  to   space 34816K, 0% used [0x00000000fbc00000,0x00000000fbc00000,0x00000000fde00000)
 ParOldGen       total 126976K, used 107324K [0x00000000d0000000, 0x00000000d7c00000, 0x00000000f0000000)
  object space 126976K, 84% used [0x00000000d0000000,0x00000000d68cf0a8,0x00000000d7c00000)
 Metaspace       used 65086K, capacity 67114K, committed 67328K, reserved 1107968K
  class space    used 7308K, capacity 7924K, committed 7936K, reserved 1048576K
}
Event: 38.774 GC heap before
{Heap before GC invocations=59 (full 8):
 PSYoungGen      total 217600K, used 200634K [0x00000000f0000000, 0x0000000100000000, 0x0000000100000000)
  eden space 192512K, 97% used [0x00000000f0000000,0x00000000fb7aa458,0x00000000fbc00000)
  from space 25088K, 50% used [0x00000000fe780000,0x00000000ff3c4440,0x0000000100000000)
  to   space 34816K, 0% used [0x00000000fbc00000,0x00000000fbc00000,0x00000000fde00000)
 ParOldGen       total 126976K, used 107324K [0x00000000d0000000, 0x00000000d7c00000, 0x00000000f0000000)
  object space 126976K, 84% used [0x00000000d0000000,0x00000000d68cf0a8,0x00000000d7c00000)
 Metaspace       used 66010K, capacity 68132K, committed 68480K, reserved 1110016K
  class space    used 7346K, capacity 7973K, committed 8064K, reserved 1048576K
Event: 38.875 GC heap after
Heap after GC invocations=59 (full 8):
 PSYoungGen      total 227328K, used 17124K [0x00000000f0000000, 0x0000000100000000, 0x0000000100000000)
  eden space 192512K, 0% used [0x00000000f0000000,0x00000000f0000000,0x00000000fbc00000)
  from space 34816K, 49% used [0x00000000fbc00000,0x00000000fccb91a8,0x00000000fde00000)
  to   space 33792K, 0% used [0x00000000fdf00000,0x00000000fdf00000,0x0000000100000000)
 ParOldGen       total 126976K, used 109004K [0x00000000d0000000, 0x00000000d7c00000, 0x00000000f0000000)
  object space 126976K, 85% used [0x00000000d0000000,0x00000000d6a730a8,0x00000000d7c00000)
 Metaspace       used 66010K, capacity 68132K, committed 68480K, reserved 1110016K
  class space    used 7346K, capacity 7973K, committed 8064K, reserved 1048576K
}

