# JRE version: Java(TM) SE Runtime Environment (8.0_11-b12) (build 1.8.0_11-b12)
# Java VM: Java HotSpot(TM) 64-Bit Server VM (25.11-b03 mixed mode windows-amd64 compressed oops)
Heap:
 PSYoungGen      total 229376K, used 148888K [0x00000000f0000000, 0x0000000100000000, 0x0000000100000000)
  eden space 201728K, 62% used [0x00000000f0000000,0x00000000f7b376c0,0x00000000fc500000)
  from space 27648K, 82% used [0x00000000fe500000,0x00000000ffb2ec00,0x0000000100000000)
  to   space 30208K, 0% used [0x00000000fc500000,0x00000000fc500000,0x00000000fe280000)
 ParOldGen       total 127488K, used 110640K [0x00000000d0000000, 0x00000000d7c80000, 0x00000000f0000000)
  object space 127488K, 86% used [0x00000000d0000000,0x00000000d6c0c030,0x00000000d7c80000)
 Metaspace       used 69283K, capacity 71084K, committed 71244K, reserved 1112064K
  class space    used 7270K, capacity 7792K, committed 7808K, reserved 1048576K
GC Heap History (10 events):
Event: 57.483 GC heap before
{Heap before GC invocations=52 (full 7):
 PSYoungGen      total 241664K, used 238152K [0x00000000f0000000, 0x0000000100000000, 0x0000000100000000)
  eden space 226304K, 98% used [0x00000000f0000000,0x00000000fd992ca8,0x00000000fdd00000)
  from space 15360K, 99% used [0x00000000ff100000,0x00000000fffff360,0x0000000100000000)
  to   space 17920K, 0% used [0x00000000fdd00000,0x00000000fdd00000,0x00000000fee80000)
 ParOldGen       total 110080K, used 92295K [0x00000000d0000000, 0x00000000d6b80000, 0x00000000f0000000)
  object space 110080K, 83% used [0x00000000d0000000,0x00000000d5a21fd0,0x00000000d6b80000)
 Metaspace       used 64570K, capacity 66216K, committed 66508K, reserved 1107968K
  class space    used 6668K, capacity 7144K, committed 7168K, reserved 1048576K
Event: 57.535 GC heap after
Heap after GC invocations=52 (full 7):
 PSYoungGen      total 244224K, used 17900K [0x00000000f0000000, 0x0000000100000000, 0x0000000100000000)
  eden space 226304K, 0% used [0x00000000f0000000,0x00000000f0000000,0x00000000fdd00000)
  from space 17920K, 99% used [0x00000000fdd00000,0x00000000fee7b390,0x00000000fee80000)
  to   space 17920K, 0% used [0x00000000fee80000,0x00000000fee80000,0x0000000100000000)
 ParOldGen       total 110080K, used 97353K [0x00000000d0000000, 0x00000000d6b80000, 0x00000000f0000000)
  object space 110080K, 88% used [0x00000000d0000000,0x00000000d5f12770,0x00000000d6b80000)
 Metaspace       used 64570K, capacity 66216K, committed 66508K, reserved 1107968K
  class space    used 6668K, capacity 7144K, committed 7168K, reserved 1048576K
}
Event: 58.608 GC heap before
{Heap before GC invocations=53 (full 7):
 PSYoungGen      total 244224K, used 238738K [0x00000000f0000000, 0x0000000100000000, 0x0000000100000000)
  eden space 226304K, 97% used [0x00000000f0000000,0x00000000fd7a95d8,0x00000000fdd00000)
  from space 17920K, 99% used [0x00000000fdd00000,0x00000000fee7b390,0x00000000fee80000)
  to   space 17920K, 0% used [0x00000000fee80000,0x00000000fee80000,0x0000000100000000)
 ParOldGen       total 110080K, used 97353K [0x00000000d0000000, 0x00000000d6b80000, 0x00000000f0000000)
  object space 110080K, 88% used [0x00000000d0000000,0x00000000d5f12770,0x00000000d6b80000)
 Metaspace       used 66194K, capacity 67790K, committed 68044K, reserved 1110016K
  class space    used 6833K, capacity 7305K, committed 7424K, reserved 1048576K
Event: 58.649 GC heap after
Heap after GC invocations=53 (full 7):
 PSYoungGen      total 225792K, used 17909K [0x00000000f0000000, 0x0000000100000000, 0x0000000100000000)
  eden space 207872K, 0% used [0x00000000f0000000,0x00000000f0000000,0x00000000fcb00000)
  from space 17920K, 99% used [0x00000000fee80000,0x00000000ffffd760,0x0000000100000000)
  to   space 27136K, 0% used [0x00000000fcb00000,0x00000000fcb00000,0x00000000fe580000)
 ParOldGen       total 110080K, used 102798K [0x00000000d0000000, 0x00000000d6b80000, 0x00000000f0000000)
  object space 110080K, 93% used [0x00000000d0000000,0x00000000d6463a48,0x00000000d6b80000)
 Metaspace       used 66194K, capacity 67790K, committed 68044K, reserved 1110016K
  class space    used 6833K, capacity 7305K, committed 7424K, reserved 1048576K
}
Event: 58.649 GC heap before
{Heap before GC invocations=54 (full 8):
 PSYoungGen      total 225792K, used 17909K [0x00000000f0000000, 0x0000000100000000, 0x0000000100000000)
  eden space 207872K, 0% used [0x00000000f0000000,0x00000000f0000000,0x00000000fcb00000)
  from space 17920K, 99% used [0x00000000fee80000,0x00000000ffffd760,0x0000000100000000)
  to   space 27136K, 0% used [0x00000000fcb00000,0x00000000fcb00000,0x00000000fe580000)
 ParOldGen       total 110080K, used 102798K [0x00000000d0000000, 0x00000000d6b80000, 0x00000000f0000000)
  object space 110080K, 93% used [0x00000000d0000000,0x00000000d6463a48,0x00000000d6b80000)
 Metaspace       used 66194K, capacity 67790K, committed 68044K, reserved 1110016K
  class space    used 6833K, capacity 7305K, committed 7424K, reserved 1048576K
Event: 60.790 GC heap after
Heap after GC invocations=54 (full 8):
 PSYoungGen      total 225792K, used 7642K [0x00000000f0000000, 0x0000000100000000, 0x0000000100000000)
  eden space 207872K, 0% used [0x00000000f0000000,0x00000000f0000000,0x00000000fcb00000)
  from space 17920K, 42% used [0x00000000fee80000,0x00000000ff5f69a0,0x0000000100000000)
  to   space 27136K, 0% used [0x00000000fcb00000,0x00000000fcb00000,0x00000000fe580000)
 ParOldGen       total 127488K, used 109924K [0x00000000d0000000, 0x00000000d7c80000, 0x00000000f0000000)
  object space 127488K, 86% used [0x00000000d0000000,0x00000000d6b59020,0x00000000d7c80000)
 Metaspace       used 66194K, capacity 67790K, committed 68044K, reserved 1110016K
  class space    used 6833K, capacity 7305K, committed 7424K, reserved 1048576K
}
Event: 63.030 GC heap before
{Heap before GC invocations=55 (full 8):
 PSYoungGen      total 225792K, used 215514K [0x00000000f0000000, 0x0000000100000000, 0x0000000100000000)
  eden space 207872K, 100% used [0x00000000f0000000,0x00000000fcb00000,0x00000000fcb00000)
  from space 17920K, 42% used [0x00000000fee80000,0x00000000ff5f69a0,0x0000000100000000)
  to   space 27136K, 0% used [0x00000000fcb00000,0x00000000fcb00000,0x00000000fe580000)
 ParOldGen       total 127488K, used 109924K [0x00000000d0000000, 0x00000000d7c80000, 0x00000000f0000000)
  object space 127488K, 86% used [0x00000000d0000000,0x00000000d6b59020,0x00000000d7c80000)
 Metaspace       used 67153K, capacity 68838K, committed 69196K, reserved 1112064K
  class space    used 6934K, capacity 7430K, committed 7552K, reserved 1048576K
Event: 63.128 GC heap after
Heap after GC invocations=55 (full 8):
 PSYoungGen      total 223744K, used 15795K [0x00000000f0000000, 0x0000000100000000, 0x0000000100000000)
  eden space 207872K, 0% used [0x00000000f0000000,0x00000000f0000000,0x00000000fcb00000)
  from space 15872K, 99% used [0x00000000fcb00000,0x00000000fda6cd60,0x00000000fda80000)
  to   space 27648K, 0% used [0x00000000fe500000,0x00000000fe500000,0x0000000100000000)
 ParOldGen       total 127488K, used 110640K [0x00000000d0000000, 0x00000000d7c80000, 0x00000000f0000000)
  object space 127488K, 86% used [0x00000000d0000000,0x00000000d6c0c030,0x00000000d7c80000)
 Metaspace       used 67153K, capacity 68838K, committed 69196K, reserved 1112064K
  class space    used 6934K, capacity 7430K, committed 7552K, reserved 1048576K
}
Event: 64.585 GC heap before
{Heap before GC invocations=56 (full 8):
 PSYoungGen      total 223744K, used 223667K [0x00000000f0000000, 0x0000000100000000, 0x0000000100000000)
  eden space 207872K, 100% used [0x00000000f0000000,0x00000000fcb00000,0x00000000fcb00000)
  from space 15872K, 99% used [0x00000000fcb00000,0x00000000fda6cd60,0x00000000fda80000)
  to   space 27648K, 0% used [0x00000000fe500000,0x00000000fe500000,0x0000000100000000)
 ParOldGen       total 127488K, used 110640K [0x00000000d0000000, 0x00000000d7c80000, 0x00000000f0000000)
  object space 127488K, 86% used [0x00000000d0000000,0x00000000d6c0c030,0x00000000d7c80000)
 Metaspace       used 68754K, capacity 70424K, committed 70604K, reserved 1112064K
  class space    used 7170K, capacity 7657K, committed 7680K, reserved 1048576K
Event: 64.716 GC heap after
Heap after GC invocations=56 (full 8):
 PSYoungGen      total 229376K, used 22715K [0x00000000f0000000, 0x0000000100000000, 0x0000000100000000)
  eden space 201728K, 0% used [0x00000000f0000000,0x00000000f0000000,0x00000000fc500000)
  from space 27648K, 82% used [0x00000000fe500000,0x00000000ffb2ec00,0x0000000100000000)
  to   space 30208K, 0% used [0x00000000fc500000,0x00000000fc500000,0x00000000fe280000)
 ParOldGen       total 127488K, used 110640K [0x00000000d0000000, 0x00000000d7c80000, 0x00000000f0000000)
  object space 127488K, 86% used [0x00000000d0000000,0x00000000d6c0c030,0x00000000d7c80000)
 Metaspace       used 68754K, capacity 70424K, committed 70604K, reserved 1112064K
  class space    used 7170K, capacity 7657K, committed 7680K, reserved 1048576K
}

