# JRE version: Java(TM) SE Runtime Environment (8.0_11-b12) (build 1.8.0_11-b12)
# Java VM: Java HotSpot(TM) 64-Bit Server VM (25.11-b03 mixed mode windows-amd64 compressed oops)
Heap:
 PSYoungGen      total 248320K, used 183316K [0x00000000f0000000, 0x0000000100000000, 0x0000000100000000)
  eden space 234496K, 74% used [0x00000000f0000000,0x00000000faa91260,0x00000000fe500000)
  from space 13824K, 62% used [0x00000000fe500000,0x00000000fed73e10,0x00000000ff280000)
  to   space 13824K, 0% used [0x00000000ff280000,0x00000000ff280000,0x0000000100000000)
 ParOldGen       total 100864K, used 83039K [0x00000000d0000000, 0x00000000d6280000, 0x00000000f0000000)
  object space 100864K, 82% used [0x00000000d0000000,0x00000000d5117f00,0x00000000d6280000)
 Metaspace       used 58387K, capacity 60072K, committed 60288K, reserved 1101824K
  class space    used 6545K, capacity 7038K, committed 7040K, reserved 1048576K
GC Heap History (10 events):
Event: 37.971 GC heap before
{Heap before GC invocations=46 (full 6):
 PSYoungGen      total 249344K, used 6785K [0x00000000f0000000, 0x0000000100000000, 0x0000000100000000)
  eden space 236544K, 0% used [0x00000000f0000000,0x00000000f0000000,0x00000000fe700000)
  from space 12800K, 53% used [0x00000000ff380000,0x00000000ffa20538,0x0000000100000000)
  to   space 12800K, 0% used [0x00000000fe700000,0x00000000fe700000,0x00000000ff380000)
 ParOldGen       total 72192K, used 63786K [0x00000000d0000000, 0x00000000d4680000, 0x00000000f0000000)
  object space 72192K, 88% used [0x00000000d0000000,0x00000000d3e4a880,0x00000000d4680000)
 Metaspace       used 52473K, capacity 54028K, committed 54272K, reserved 1097728K
  class space    used 5831K, capacity 6316K, committed 6400K, reserved 1048576K
Event: 38.690 GC heap after
Heap after GC invocations=46 (full 6):
 PSYoungGen      total 249344K, used 0K [0x00000000f0000000, 0x0000000100000000, 0x0000000100000000)
  eden space 236544K, 0% used [0x00000000f0000000,0x00000000f0000000,0x00000000fe700000)
  from space 12800K, 0% used [0x00000000ff380000,0x00000000ff380000,0x0000000100000000)
  to   space 12800K, 0% used [0x00000000fe700000,0x00000000fe700000,0x00000000ff380000)
 ParOldGen       total 83456K, used 68764K [0x00000000d0000000, 0x00000000d5180000, 0x00000000f0000000)
  object space 83456K, 82% used [0x00000000d0000000,0x00000000d4327360,0x00000000d5180000)
 Metaspace       used 52473K, capacity 54028K, committed 54272K, reserved 1097728K
  class space    used 5831K, capacity 6316K, committed 6400K, reserved 1048576K
}
Event: 40.058 GC heap before
{Heap before GC invocations=47 (full 6):
 PSYoungGen      total 249344K, used 230839K [0x00000000f0000000, 0x0000000100000000, 0x0000000100000000)
  eden space 236544K, 97% used [0x00000000f0000000,0x00000000fe16dc20,0x00000000fe700000)
  from space 12800K, 0% used [0x00000000ff380000,0x00000000ff380000,0x0000000100000000)
  to   space 12800K, 0% used [0x00000000fe700000,0x00000000fe700000,0x00000000ff380000)
 ParOldGen       total 83456K, used 68764K [0x00000000d0000000, 0x00000000d5180000, 0x00000000f0000000)
  object space 83456K, 82% used [0x00000000d0000000,0x00000000d4327360,0x00000000d5180000)
 Metaspace       used 53817K, capacity 55410K, committed 55680K, reserved 1097728K
  class space    used 6011K, capacity 6477K, committed 6528K, reserved 1048576K
Event: 40.106 GC heap after
Heap after GC invocations=47 (full 6):
 PSYoungGen      total 241664K, used 4722K [0x00000000f0000000, 0x00000000fff00000, 0x0000000100000000)
  eden space 236544K, 0% used [0x00000000f0000000,0x00000000f0000000,0x00000000fe700000)
  from space 5120K, 92% used [0x00000000fe700000,0x00000000feb9ca00,0x00000000fec00000)
  to   space 12288K, 0% used [0x00000000ff300000,0x00000000ff300000,0x00000000fff00000)
 ParOldGen       total 83456K, used 68772K [0x00000000d0000000, 0x00000000d5180000, 0x00000000f0000000)
  object space 83456K, 82% used [0x00000000d0000000,0x00000000d4329360,0x00000000d5180000)
 Metaspace       used 53817K, capacity 55410K, committed 55680K, reserved 1097728K
  class space    used 6011K, capacity 6477K, committed 6528K, reserved 1048576K
}
Event: 42.493 GC heap before
{Heap before GC invocations=48 (full 6):
 PSYoungGen      total 241664K, used 238837K [0x00000000f0000000, 0x00000000fff00000, 0x0000000100000000)
  eden space 236544K, 98% used [0x00000000f0000000,0x00000000fe4a0d88,0x00000000fe700000)
  from space 5120K, 92% used [0x00000000fe700000,0x00000000feb9ca00,0x00000000fec00000)
  to   space 12288K, 0% used [0x00000000ff300000,0x00000000ff300000,0x00000000fff00000)
 ParOldGen       total 83456K, used 68772K [0x00000000d0000000, 0x00000000d5180000, 0x00000000f0000000)
  object space 83456K, 82% used [0x00000000d0000000,0x00000000d4329360,0x00000000d5180000)
 Metaspace       used 54815K, capacity 56456K, committed 56832K, reserved 1099776K
  class space    used 6138K, capacity 6623K, committed 6656K, reserved 1048576K
Event: 42.567 GC heap after
Heap after GC invocations=48 (full 6):
 PSYoungGen      total 246784K, used 12262K [0x00000000f0000000, 0x0000000100000000, 0x0000000100000000)
  eden space 234496K, 0% used [0x00000000f0000000,0x00000000f0000000,0x00000000fe500000)
  from space 12288K, 99% used [0x00000000ff300000,0x00000000ffef9928,0x00000000fff00000)
  to   space 13824K, 0% used [0x00000000fe500000,0x00000000fe500000,0x00000000ff280000)
 ParOldGen       total 83456K, used 68883K [0x00000000d0000000, 0x00000000d5180000, 0x00000000f0000000)
  object space 83456K, 82% used [0x00000000d0000000,0x00000000d4344ec8,0x00000000d5180000)
 Metaspace       used 54815K, capacity 56456K, committed 56832K, reserved 1099776K
  class space    used 6138K, capacity 6623K, committed 6656K, reserved 1048576K
}
Event: 45.127 GC heap before
{Heap before GC invocations=49 (full 6):
 PSYoungGen      total 246784K, used 239237K [0x00000000f0000000, 0x0000000100000000, 0x0000000100000000)
  eden space 234496K, 96% used [0x00000000f0000000,0x00000000fdda7b28,0x00000000fe500000)
  from space 12288K, 99% used [0x00000000ff300000,0x00000000ffef9928,0x00000000fff00000)
  to   space 13824K, 0% used [0x00000000fe500000,0x00000000fe500000,0x00000000ff280000)
 ParOldGen       total 83456K, used 68883K [0x00000000d0000000, 0x00000000d5180000, 0x00000000f0000000)
  object space 83456K, 82% used [0x00000000d0000000,0x00000000d4344ec8,0x00000000d5180000)
 Metaspace       used 57268K, capacity 58906K, committed 59136K, reserved 1101824K
  class space    used 6411K, capacity 6882K, committed 6912K, reserved 1048576K
Event: 45.194 GC heap after
Heap after GC invocations=49 (full 6):
 PSYoungGen      total 248320K, used 13808K [0x00000000f0000000, 0x0000000100000000, 0x0000000100000000)
  eden space 234496K, 0% used [0x00000000f0000000,0x00000000f0000000,0x00000000fe500000)
  from space 13824K, 99% used [0x00000000fe500000,0x00000000ff27c030,0x00000000ff280000)
  to   space 13824K, 0% used [0x00000000ff280000,0x00000000ff280000,0x0000000100000000)
 ParOldGen       total 83456K, used 80007K [0x00000000d0000000, 0x00000000d5180000, 0x00000000f0000000)
  object space 83456K, 95% used [0x00000000d0000000,0x00000000d4e21d60,0x00000000d5180000)
 Metaspace       used 57268K, capacity 58906K, committed 59136K, reserved 1101824K
  class space    used 6411K, capacity 6882K, committed 6912K, reserved 1048576K
}
Event: 45.194 GC heap before
{Heap before GC invocations=50 (full 7):
 PSYoungGen      total 248320K, used 13808K [0x00000000f0000000, 0x0000000100000000, 0x0000000100000000)
  eden space 234496K, 0% used [0x00000000f0000000,0x00000000f0000000,0x00000000fe500000)
  from space 13824K, 99% used [0x00000000fe500000,0x00000000ff27c030,0x00000000ff280000)
  to   space 13824K, 0% used [0x00000000ff280000,0x00000000ff280000,0x0000000100000000)
 ParOldGen       total 83456K, used 80007K [0x00000000d0000000, 0x00000000d5180000, 0x00000000f0000000)
  object space 83456K, 95% used [0x00000000d0000000,0x00000000d4e21d60,0x00000000d5180000)
 Metaspace       used 57268K, capacity 58906K, committed 59136K, reserved 1101824K
  class space    used 6411K, capacity 6882K, committed 6912K, reserved 1048576K
Event: 46.730 GC heap after
Heap after GC invocations=50 (full 7):
 PSYoungGen      total 248320K, used 8655K [0x00000000f0000000, 0x0000000100000000, 0x0000000100000000)
  eden space 234496K, 0% used [0x00000000f0000000,0x00000000f0000000,0x00000000fe500000)
  from space 13824K, 62% used [0x00000000fe500000,0x00000000fed73e10,0x00000000ff280000)
  to   space 13824K, 0% used [0x00000000ff280000,0x00000000ff280000,0x0000000100000000)
 ParOldGen       total 100864K, used 83039K [0x00000000d0000000, 0x00000000d6280000, 0x00000000f0000000)
  object space 100864K, 82% used [0x00000000d0000000,0x00000000d5117f00,0x00000000d6280000)
 Metaspace       used 57268K, capacity 58906K, committed 59136K, reserved 1101824K
  class space    used 6411K, capacity 6882K, committed 6912K, reserved 1048576K
}

