# JRE version: Java(TM) SE Runtime Environment (8.0_11-b12) (build 1.8.0_11-b12)
# Java VM: Java HotSpot(TM) 64-Bit Server VM (25.11-b03 mixed mode windows-amd64 compressed oops)
Heap:
 PSYoungGen      total 238080K, used 45951K [0x00000000f0000000, 0x0000000100000000, 0x0000000100000000)
  eden space 214016K, 10% used [0x00000000f0000000,0x00000000f1566aa0,0x00000000fd100000)
  from space 24064K, 99% used [0x00000000fd100000,0x00000000fe8793e0,0x00000000fe880000)
  to   space 24064K, 0% used [0x00000000fe880000,0x00000000fe880000,0x0000000100000000)
 ParOldGen       total 105984K, used 93445K [0x00000000d0000000, 0x00000000d6780000, 0x00000000f0000000)
  object space 105984K, 88% used [0x00000000d0000000,0x00000000d5b41478,0x00000000d6780000)
 Metaspace       used 65053K, capacity 66684K, committed 66944K, reserved 1107968K
  class space    used 7042K, capacity 7532K, committed 7552K, reserved 1048576K
GC Heap History (10 events):
Event: 58.186 GC heap before
{Heap before GC invocations=52 (full 6):
 PSYoungGen      total 244736K, used 244625K [0x00000000f0000000, 0x0000000100000000, 0x0000000100000000)
  eden space 231424K, 100% used [0x00000000f0000000,0x00000000fe200000,0x00000000fe200000)
  from space 13312K, 99% used [0x00000000fe200000,0x00000000feee4458,0x00000000fef00000)
  to   space 16896K, 0% used [0x00000000fef80000,0x00000000fef80000,0x0000000100000000)
 ParOldGen       total 90624K, used 79828K [0x00000000d0000000, 0x00000000d5880000, 0x00000000f0000000)
  object space 90624K, 88% used [0x00000000d0000000,0x00000000d4df5318,0x00000000d5880000)
 Metaspace       used 60810K, capacity 62428K, committed 62848K, reserved 1105920K
  class space    used 6504K, capacity 6999K, committed 7040K, reserved 1048576K
Event: 58.215 GC heap after
Heap after GC invocations=52 (full 6):
 PSYoungGen      total 237056K, used 16880K [0x00000000f0000000, 0x0000000100000000, 0x0000000100000000)
  eden space 220160K, 0% used [0x00000000f0000000,0x00000000f0000000,0x00000000fd700000)
  from space 16896K, 99% used [0x00000000fef80000,0x00000000ffffc030,0x0000000100000000)
  to   space 20992K, 0% used [0x00000000fd700000,0x00000000fd700000,0x00000000feb80000)
 ParOldGen       total 90624K, used 83595K [0x00000000d0000000, 0x00000000d5880000, 0x00000000f0000000)
  object space 90624K, 92% used [0x00000000d0000000,0x00000000d51a2e70,0x00000000d5880000)
 Metaspace       used 60810K, capacity 62428K, committed 62848K, reserved 1105920K
  class space    used 6504K, capacity 6999K, committed 7040K, reserved 1048576K
}
Event: 58.215 GC heap before
{Heap before GC invocations=53 (full 7):
 PSYoungGen      total 237056K, used 16880K [0x00000000f0000000, 0x0000000100000000, 0x0000000100000000)
  eden space 220160K, 0% used [0x00000000f0000000,0x00000000f0000000,0x00000000fd700000)
  from space 16896K, 99% used [0x00000000fef80000,0x00000000ffffc030,0x0000000100000000)
  to   space 20992K, 0% used [0x00000000fd700000,0x00000000fd700000,0x00000000feb80000)
 ParOldGen       total 90624K, used 83595K [0x00000000d0000000, 0x00000000d5880000, 0x00000000f0000000)
  object space 90624K, 92% used [0x00000000d0000000,0x00000000d51a2e70,0x00000000d5880000)
 Metaspace       used 60810K, capacity 62428K, committed 62848K, reserved 1105920K
  class space    used 6504K, capacity 6999K, committed 7040K, reserved 1048576K
Event: 59.214 GC heap after
Heap after GC invocations=53 (full 7):
 PSYoungGen      total 237056K, used 8151K [0x00000000f0000000, 0x0000000100000000, 0x0000000100000000)
  eden space 220160K, 0% used [0x00000000f0000000,0x00000000f0000000,0x00000000fd700000)
  from space 16896K, 48% used [0x00000000fef80000,0x00000000ff775e08,0x0000000100000000)
  to   space 20992K, 0% used [0x00000000fd700000,0x00000000fd700000,0x00000000feb80000)
 ParOldGen       total 105984K, used 90479K [0x00000000d0000000, 0x00000000d6780000, 0x00000000f0000000)
  object space 105984K, 85% used [0x00000000d0000000,0x00000000d585bd10,0x00000000d6780000)
 Metaspace       used 60810K, capacity 62428K, committed 62848K, reserved 1105920K
  class space    used 6504K, capacity 6999K, committed 7040K, reserved 1048576K
}
Event: 62.774 GC heap before
{Heap before GC invocations=54 (full 7):
 PSYoungGen      total 237056K, used 224804K [0x00000000f0000000, 0x0000000100000000, 0x0000000100000000)
  eden space 220160K, 98% used [0x00000000f0000000,0x00000000fd393428,0x00000000fd700000)
  from space 16896K, 48% used [0x00000000fef80000,0x00000000ff775e08,0x0000000100000000)
  to   space 20992K, 0% used [0x00000000fd700000,0x00000000fd700000,0x00000000feb80000)
 ParOldGen       total 105984K, used 90479K [0x00000000d0000000, 0x00000000d6780000, 0x00000000f0000000)
  object space 105984K, 85% used [0x00000000d0000000,0x00000000d585bd10,0x00000000d6780000)
 Metaspace       used 62488K, capacity 64130K, committed 64512K, reserved 1105920K
  class space    used 6680K, capacity 7160K, committed 7168K, reserved 1048576K
Event: 62.851 GC heap after
Heap after GC invocations=54 (full 7):
 PSYoungGen      total 233984K, used 13781K [0x00000000f0000000, 0x0000000100000000, 0x0000000100000000)
  eden space 220160K, 0% used [0x00000000f0000000,0x00000000f0000000,0x00000000fd700000)
  from space 13824K, 99% used [0x00000000fd700000,0x00000000fe4754e0,0x00000000fe480000)
  to   space 21504K, 0% used [0x00000000feb00000,0x00000000feb00000,0x0000000100000000)
 ParOldGen       total 105984K, used 91071K [0x00000000d0000000, 0x00000000d6780000, 0x00000000f0000000)
  object space 105984K, 85% used [0x00000000d0000000,0x00000000d58efc38,0x00000000d6780000)
 Metaspace       used 62488K, capacity 64130K, committed 64512K, reserved 1105920K
  class space    used 6680K, capacity 7160K, committed 7168K, reserved 1048576K
}
Event: 70.204 GC heap before
{Heap before GC invocations=55 (full 7):
 PSYoungGen      total 233984K, used 233941K [0x00000000f0000000, 0x0000000100000000, 0x0000000100000000)
  eden space 220160K, 100% used [0x00000000f0000000,0x00000000fd700000,0x00000000fd700000)
  from space 13824K, 99% used [0x00000000fd700000,0x00000000fe4754e0,0x00000000fe480000)
  to   space 21504K, 0% used [0x00000000feb00000,0x00000000feb00000,0x0000000100000000)
 ParOldGen       total 105984K, used 91071K [0x00000000d0000000, 0x00000000d6780000, 0x00000000f0000000)
  object space 105984K, 85% used [0x00000000d0000000,0x00000000d58efc38,0x00000000d6780000)
 Metaspace       used 63490K, capacity 65150K, committed 65408K, reserved 1107968K
  class space    used 6804K, capacity 7277K, committed 7296K, reserved 1048576K
Event: 70.238 GC heap after
Heap after GC invocations=55 (full 7):
 PSYoungGen      total 235520K, used 19856K [0x00000000f0000000, 0x0000000100000000, 0x0000000100000000)
  eden space 214016K, 0% used [0x00000000f0000000,0x00000000f0000000,0x00000000fd100000)
  from space 21504K, 92% used [0x00000000feb00000,0x00000000ffe64260,0x0000000100000000)
  to   space 24064K, 0% used [0x00000000fd100000,0x00000000fd100000,0x00000000fe880000)
 ParOldGen       total 105984K, used 91079K [0x00000000d0000000, 0x00000000d6780000, 0x00000000f0000000)
  object space 105984K, 85% used [0x00000000d0000000,0x00000000d58f1c38,0x00000000d6780000)
 Metaspace       used 63490K, capacity 65150K, committed 65408K, reserved 1107968K
  class space    used 6804K, capacity 7277K, committed 7296K, reserved 1048576K
}
Event: 75.444 GC heap before
{Heap before GC invocations=56 (full 7):
 PSYoungGen      total 235520K, used 229444K [0x00000000f0000000, 0x0000000100000000, 0x0000000100000000)
  eden space 214016K, 97% used [0x00000000f0000000,0x00000000fccace88,0x00000000fd100000)
  from space 21504K, 92% used [0x00000000feb00000,0x00000000ffe64260,0x0000000100000000)
  to   space 24064K, 0% used [0x00000000fd100000,0x00000000fd100000,0x00000000fe880000)
 ParOldGen       total 105984K, used 91079K [0x00000000d0000000, 0x00000000d6780000, 0x00000000f0000000)
  object space 105984K, 85% used [0x00000000d0000000,0x00000000d58f1c38,0x00000000d6780000)
 Metaspace       used 64955K, capacity 66598K, committed 66944K, reserved 1107968K
  class space    used 7016K, capacity 7505K, committed 7552K, reserved 1048576K
Event: 75.478 GC heap after
Heap after GC invocations=56 (full 7):
 PSYoungGen      total 238080K, used 24036K [0x00000000f0000000, 0x0000000100000000, 0x0000000100000000)
  eden space 214016K, 0% used [0x00000000f0000000,0x00000000f0000000,0x00000000fd100000)
  from space 24064K, 99% used [0x00000000fd100000,0x00000000fe8793e0,0x00000000fe880000)
  to   space 24064K, 0% used [0x00000000fe880000,0x00000000fe880000,0x0000000100000000)
 ParOldGen       total 105984K, used 93445K [0x00000000d0000000, 0x00000000d6780000, 0x00000000f0000000)
  object space 105984K, 88% used [0x00000000d0000000,0x00000000d5b41478,0x00000000d6780000)
 Metaspace       used 64955K, capacity 66598K, committed 66944K, reserved 1107968K
  class space    used 7016K, capacity 7505K, committed 7552K, reserved 1048576K
}

