# JRE version: Java(TM) SE Runtime Environment (8.0_11-b12) (build 1.8.0_11-b12)
# Java VM: Java HotSpot(TM) 64-Bit Server VM (25.11-b03 mixed mode windows-amd64 compressed oops)
Heap:
 PSYoungGen      total 194560K, used 149387K [0x00000000f0000000, 0x0000000100000000, 0x0000000100000000)
  eden space 146432K, 69% used [0x00000000f0000000,0x00000000f630cd38,0x00000000f8f00000)
  from space 48128K, 99% used [0x00000000f8f00000,0x00000000fbdd6018,0x00000000fbe00000)
  to   space 62976K, 0% used [0x00000000fc280000,0x00000000fc280000,0x0000000100000000)
 ParOldGen       total 113664K, used 96540K [0x00000000d0000000, 0x00000000d6f00000, 0x00000000f0000000)
  object space 113664K, 84% used [0x00000000d0000000,0x00000000d5e470e0,0x00000000d6f00000)
 Metaspace       used 71855K, capacity 73840K, committed 74112K, reserved 1116160K
  class space    used 7735K, capacity 8291K, committed 8320K, reserved 1048576K
GC Heap History (10 events):
Event: 41.383 GC heap before
{Heap before GC invocations=58 (full 7):
 PSYoungGen      total 211456K, used 195884K [0x00000000f0000000, 0x0000000100000000, 0x0000000100000000)
  eden space 175104K, 100% used [0x00000000f0000000,0x00000000fab00000,0x00000000fab00000)
  from space 36352K, 57% used [0x00000000fdc80000,0x00000000ff0cb008,0x0000000100000000)
  to   space 43520K, 0% used [0x00000000fab00000,0x00000000fab00000,0x00000000fd580000)
 ParOldGen       total 113664K, used 95228K [0x00000000d0000000, 0x00000000d6f00000, 0x00000000f0000000)
  object space 113664K, 83% used [0x00000000d0000000,0x00000000d5cff0e0,0x00000000d6f00000)
 Metaspace       used 66470K, capacity 68200K, committed 68480K, reserved 1110016K
  class space    used 6928K, capacity 7429K, committed 7552K, reserved 1048576K
Event: 41.478 GC heap after
Heap after GC invocations=58 (full 7):
 PSYoungGen      total 204288K, used 28702K [0x00000000f0000000, 0x0000000100000000, 0x0000000100000000)
  eden space 175104K, 0% used [0x00000000f0000000,0x00000000f0000000,0x00000000fab00000)
  from space 29184K, 98% used [0x00000000fab00000,0x00000000fc707a40,0x00000000fc780000)
  to   space 44544K, 0% used [0x00000000fd480000,0x00000000fd480000,0x0000000100000000)
 ParOldGen       total 113664K, used 95236K [0x00000000d0000000, 0x00000000d6f00000, 0x00000000f0000000)
  object space 113664K, 83% used [0x00000000d0000000,0x00000000d5d010e0,0x00000000d6f00000)
 Metaspace       used 66470K, capacity 68200K, committed 68480K, reserved 1110016K
  class space    used 6928K, capacity 7429K, committed 7552K, reserved 1048576K
}
Event: 42.557 GC heap before
{Heap before GC invocations=59 (full 7):
 PSYoungGen      total 204288K, used 198582K [0x00000000f0000000, 0x0000000100000000, 0x0000000100000000)
  eden space 175104K, 97% used [0x00000000f0000000,0x00000000fa5e6188,0x00000000fab00000)
  from space 29184K, 98% used [0x00000000fab00000,0x00000000fc707a40,0x00000000fc780000)
  to   space 44544K, 0% used [0x00000000fd480000,0x00000000fd480000,0x0000000100000000)
 ParOldGen       total 113664K, used 95236K [0x00000000d0000000, 0x00000000d6f00000, 0x00000000f0000000)
  object space 113664K, 83% used [0x00000000d0000000,0x00000000d5d010e0,0x00000000d6f00000)
 Metaspace       used 68029K, capacity 69722K, committed 69888K, reserved 1112064K
  class space    used 7160K, capacity 7656K, committed 7680K, reserved 1048576K
Event: 42.836 GC heap after
Heap after GC invocations=59 (full 7):
 PSYoungGen      total 211456K, used 34795K [0x00000000f0000000, 0x0000000100000000, 0x0000000100000000)
  eden space 166912K, 0% used [0x00000000f0000000,0x00000000f0000000,0x00000000fa300000)
  from space 44544K, 78% used [0x00000000fd480000,0x00000000ff67af98,0x0000000100000000)
  to   space 47616K, 0% used [0x00000000fa300000,0x00000000fa300000,0x00000000fd180000)
 ParOldGen       total 113664K, used 95236K [0x00000000d0000000, 0x00000000d6f00000, 0x00000000f0000000)
  object space 113664K, 83% used [0x00000000d0000000,0x00000000d5d010e0,0x00000000d6f00000)
 Metaspace       used 68029K, capacity 69722K, committed 69888K, reserved 1112064K
  class space    used 7160K, capacity 7656K, committed 7680K, reserved 1048576K
}
Event: 44.110 GC heap before
{Heap before GC invocations=60 (full 7):
 PSYoungGen      total 211456K, used 195620K [0x00000000f0000000, 0x0000000100000000, 0x0000000100000000)
  eden space 166912K, 96% used [0x00000000f0000000,0x00000000f9d0e0a0,0x00000000fa300000)
  from space 44544K, 78% used [0x00000000fd480000,0x00000000ff67af98,0x0000000100000000)
  to   space 47616K, 0% used [0x00000000fa300000,0x00000000fa300000,0x00000000fd180000)
 ParOldGen       total 113664K, used 95236K [0x00000000d0000000, 0x00000000d6f00000, 0x00000000f0000000)
  object space 113664K, 83% used [0x00000000d0000000,0x00000000d5d010e0,0x00000000d6f00000)
 Metaspace       used 68923K, capacity 70666K, committed 71040K, reserved 1112064K
  class space    used 7258K, capacity 7753K, committed 7808K, reserved 1048576K
Event: 44.476 GC heap after
Heap after GC invocations=60 (full 7):
 PSYoungGen      total 206848K, used 39731K [0x00000000f0000000, 0x0000000100000000, 0x0000000100000000)
  eden space 166912K, 0% used [0x00000000f0000000,0x00000000f0000000,0x00000000fa300000)
  from space 39936K, 99% used [0x00000000fa300000,0x00000000fc9ccf58,0x00000000fca00000)
  to   space 51712K, 0% used [0x00000000fcd80000,0x00000000fcd80000,0x0000000100000000)
 ParOldGen       total 113664K, used 95236K [0x00000000d0000000, 0x00000000d6f00000, 0x00000000f0000000)
  object space 113664K, 83% used [0x00000000d0000000,0x00000000d5d010e0,0x00000000d6f00000)
 Metaspace       used 68923K, capacity 70666K, committed 71040K, reserved 1112064K
  class space    used 7258K, capacity 7753K, committed 7808K, reserved 1048576K
}
Event: 46.853 GC heap before
{Heap before GC invocations=61 (full 7):
 PSYoungGen      total 206848K, used 206643K [0x00000000f0000000, 0x0000000100000000, 0x0000000100000000)
  eden space 166912K, 100% used [0x00000000f0000000,0x00000000fa300000,0x00000000fa300000)
  from space 39936K, 99% used [0x00000000fa300000,0x00000000fc9ccf58,0x00000000fca00000)
  to   space 51712K, 0% used [0x00000000fcd80000,0x00000000fcd80000,0x0000000100000000)
 ParOldGen       total 113664K, used 95236K [0x00000000d0000000, 0x00000000d6f00000, 0x00000000f0000000)
  object space 113664K, 83% used [0x00000000d0000000,0x00000000d5d010e0,0x00000000d6f00000)
 Metaspace       used 70121K, capacity 72062K, committed 72320K, reserved 1114112K
  class space    used 7434K, capacity 7998K, committed 8064K, reserved 1048576K
Event: 46.932 GC heap after
Heap after GC invocations=61 (full 7):
 PSYoungGen      total 198144K, used 46622K [0x00000000f0000000, 0x0000000100000000, 0x0000000100000000)
  eden space 146432K, 0% used [0x00000000f0000000,0x00000000f0000000,0x00000000f8f00000)
  from space 51712K, 90% used [0x00000000fcd80000,0x00000000ffb07888,0x0000000100000000)
  to   space 57856K, 0% used [0x00000000f8f00000,0x00000000f8f00000,0x00000000fc780000)
 ParOldGen       total 113664K, used 96532K [0x00000000d0000000, 0x00000000d6f00000, 0x00000000f0000000)
  object space 113664K, 84% used [0x00000000d0000000,0x00000000d5e450e0,0x00000000d6f00000)
 Metaspace       used 70121K, capacity 72062K, committed 72320K, reserved 1114112K
  class space    used 7434K, capacity 7998K, committed 8064K, reserved 1048576K
}
Event: 47.333 GC heap before
{Heap before GC invocations=62 (full 7):
 PSYoungGen      total 198144K, used 183583K [0x00000000f0000000, 0x0000000100000000, 0x0000000100000000)
  eden space 146432K, 93% used [0x00000000f0000000,0x00000000f85c0438,0x00000000f8f00000)
  from space 51712K, 90% used [0x00000000fcd80000,0x00000000ffb07888,0x0000000100000000)
  to   space 57856K, 0% used [0x00000000f8f00000,0x00000000f8f00000,0x00000000fc780000)
 ParOldGen       total 113664K, used 96532K [0x00000000d0000000, 0x00000000d6f00000, 0x00000000f0000000)
  object space 113664K, 84% used [0x00000000d0000000,0x00000000d5e450e0,0x00000000d6f00000)
 Metaspace       used 71123K, capacity 73066K, committed 73216K, reserved 1114112K
  class space    used 7613K, capacity 8161K, committed 8192K, reserved 1048576K
Event: 47.428 GC heap after
Heap after GC invocations=62 (full 7):
 PSYoungGen      total 194560K, used 47960K [0x00000000f0000000, 0x0000000100000000, 0x0000000100000000)
  eden space 146432K, 0% used [0x00000000f0000000,0x00000000f0000000,0x00000000f8f00000)
  from space 48128K, 99% used [0x00000000f8f00000,0x00000000fbdd6018,0x00000000fbe00000)
  to   space 62976K, 0% used [0x00000000fc280000,0x00000000fc280000,0x0000000100000000)
 ParOldGen       total 113664K, used 96540K [0x00000000d0000000, 0x00000000d6f00000, 0x00000000f0000000)
  object space 113664K, 84% used [0x00000000d0000000,0x00000000d5e470e0,0x00000000d6f00000)
 Metaspace       used 71123K, capacity 73066K, committed 73216K, reserved 1114112K
  class space    used 7613K, capacity 8161K, committed 8192K, reserved 1048576K
}

