# JRE version: Java(TM) SE Runtime Environment (8.0_11-b12) (build 1.8.0_11-b12)
# Java VM: Java HotSpot(TM) 64-Bit Server VM (25.11-b03 mixed mode windows-amd64 compressed oops)
Heap:
 PSYoungGen      total 237056K, used 216133K [0x00000000f0000000, 0x0000000100000000, 0x0000000100000000)
  eden space 217088K, 90% used [0x00000000f0000000,0x00000000fbfd5b90,0x00000000fd400000)
  from space 19968K, 98% used [0x00000000fd400000,0x00000000fe73bac8,0x00000000fe780000)
  to   space 25088K, 0% used [0x00000000fe780000,0x00000000fe780000,0x0000000100000000)
 ParOldGen       total 142336K, used 124168K [0x00000000d0000000, 0x00000000d8b00000, 0x00000000f0000000)
  object space 142336K, 87% used [0x00000000d0000000,0x00000000d7942110,0x00000000d8b00000)
 Metaspace       used 73110K, capacity 75322K, committed 75596K, reserved 1116160K
  class space    used 7586K, capacity 8223K, committed 8320K, reserved 1048576K
GC Heap History (10 events):
Event: 49.559 GC heap before
{Heap before GC invocations=56 (full 8):
 PSYoungGen      total 247296K, used 241402K [0x00000000f0000000, 0x0000000100000000, 0x0000000100000000)
  eden space 233984K, 98% used [0x00000000f0000000,0x00000000fe050ea0,0x00000000fe480000)
  from space 13312K, 87% used [0x00000000fe480000,0x00000000fefedb68,0x00000000ff180000)
  to   space 14848K, 0% used [0x00000000ff180000,0x00000000ff180000,0x0000000100000000)
 ParOldGen       total 124416K, used 108921K [0x00000000d0000000, 0x00000000d7980000, 0x00000000f0000000)
  object space 124416K, 87% used [0x00000000d0000000,0x00000000d6a5e4a0,0x00000000d7980000)
 Metaspace       used 68256K, capacity 70058K, committed 70220K, reserved 1112064K
  class space    used 6990K, capacity 7544K, committed 7552K, reserved 1048576K
Event: 49.734 GC heap after
Heap after GC invocations=56 (full 8):
 PSYoungGen      total 240128K, used 14818K [0x00000000f0000000, 0x0000000100000000, 0x0000000100000000)
  eden space 225280K, 0% used [0x00000000f0000000,0x00000000f0000000,0x00000000fdc00000)
  from space 14848K, 99% used [0x00000000ff180000,0x00000000ffff8870,0x0000000100000000)
  to   space 18432K, 0% used [0x00000000fdc00000,0x00000000fdc00000,0x00000000fee00000)
 ParOldGen       total 124416K, used 111313K [0x00000000d0000000, 0x00000000d7980000, 0x00000000f0000000)
  object space 124416K, 89% used [0x00000000d0000000,0x00000000d6cb46f8,0x00000000d7980000)
 Metaspace       used 68256K, capacity 70058K, committed 70220K, reserved 1112064K
  class space    used 6990K, capacity 7544K, committed 7552K, reserved 1048576K
}
Event: 52.613 GC heap before
{Heap before GC invocations=57 (full 8):
 PSYoungGen      total 240128K, used 240098K [0x00000000f0000000, 0x0000000100000000, 0x0000000100000000)
  eden space 225280K, 100% used [0x00000000f0000000,0x00000000fdc00000,0x00000000fdc00000)
  from space 14848K, 99% used [0x00000000ff180000,0x00000000ffff8870,0x0000000100000000)
  to   space 18432K, 0% used [0x00000000fdc00000,0x00000000fdc00000,0x00000000fee00000)
 ParOldGen       total 124416K, used 111313K [0x00000000d0000000, 0x00000000d7980000, 0x00000000f0000000)
  object space 124416K, 89% used [0x00000000d0000000,0x00000000d6cb46f8,0x00000000d7980000)
 Metaspace       used 69231K, capacity 71100K, committed 71372K, reserved 1114112K
  class space    used 7082K, capacity 7651K, committed 7680K, reserved 1048576K
Event: 52.844 GC heap after
Heap after GC invocations=57 (full 8):
 PSYoungGen      total 240128K, used 14575K [0x00000000f0000000, 0x0000000100000000, 0x0000000100000000)
  eden space 225280K, 0% used [0x00000000f0000000,0x00000000f0000000,0x00000000fdc00000)
  from space 14848K, 98% used [0x00000000fdc00000,0x00000000fea3bc08,0x00000000fea80000)
  to   space 19968K, 0% used [0x00000000fec80000,0x00000000fec80000,0x0000000100000000)
 ParOldGen       total 124416K, used 120846K [0x00000000d0000000, 0x00000000d7980000, 0x00000000f0000000)
  object space 124416K, 97% used [0x00000000d0000000,0x00000000d7603a20,0x00000000d7980000)
 Metaspace       used 69231K, capacity 71100K, committed 71372K, reserved 1114112K
  class space    used 7082K, capacity 7651K, committed 7680K, reserved 1048576K
}
Event: 52.844 GC heap before
{Heap before GC invocations=58 (full 9):
 PSYoungGen      total 240128K, used 14575K [0x00000000f0000000, 0x0000000100000000, 0x0000000100000000)
  eden space 225280K, 0% used [0x00000000f0000000,0x00000000f0000000,0x00000000fdc00000)
  from space 14848K, 98% used [0x00000000fdc00000,0x00000000fea3bc08,0x00000000fea80000)
  to   space 19968K, 0% used [0x00000000fec80000,0x00000000fec80000,0x0000000100000000)
 ParOldGen       total 124416K, used 120846K [0x00000000d0000000, 0x00000000d7980000, 0x00000000f0000000)
  object space 124416K, 97% used [0x00000000d0000000,0x00000000d7603a20,0x00000000d7980000)
 Metaspace       used 69231K, capacity 71100K, committed 71372K, reserved 1114112K
  class space    used 7082K, capacity 7651K, committed 7680K, reserved 1048576K
Event: 54.240 GC heap after
Heap after GC invocations=58 (full 9):
 PSYoungGen      total 240128K, used 9822K [0x00000000f0000000, 0x0000000100000000, 0x0000000100000000)
  eden space 225280K, 0% used [0x00000000f0000000,0x00000000f0000000,0x00000000fdc00000)
  from space 14848K, 66% used [0x00000000fdc00000,0x00000000fe597888,0x00000000fea80000)
  to   space 19968K, 0% used [0x00000000fec80000,0x00000000fec80000,0x0000000100000000)
 ParOldGen       total 142336K, used 124160K [0x00000000d0000000, 0x00000000d8b00000, 0x00000000f0000000)
  object space 142336K, 87% used [0x00000000d0000000,0x00000000d7940110,0x00000000d8b00000)
 Metaspace       used 69223K, capacity 71088K, committed 71372K, reserved 1114112K
  class space    used 7081K, capacity 7649K, committed 7680K, reserved 1048576K
}
Event: 56.099 GC heap before
{Heap before GC invocations=59 (full 9):
 PSYoungGen      total 240128K, used 235102K [0x00000000f0000000, 0x0000000100000000, 0x0000000100000000)
  eden space 225280K, 100% used [0x00000000f0000000,0x00000000fdc00000,0x00000000fdc00000)
  from space 14848K, 66% used [0x00000000fdc00000,0x00000000fe597888,0x00000000fea80000)
  to   space 19968K, 0% used [0x00000000fec80000,0x00000000fec80000,0x0000000100000000)
 ParOldGen       total 142336K, used 124160K [0x00000000d0000000, 0x00000000d8b00000, 0x00000000f0000000)
  object space 142336K, 87% used [0x00000000d0000000,0x00000000d7940110,0x00000000d8b00000)
 Metaspace       used 71025K, capacity 72906K, committed 73164K, reserved 1114112K
  class space    used 7326K, capacity 7897K, committed 7936K, reserved 1048576K
Event: 56.206 GC heap after
Heap after GC invocations=59 (full 9):
 PSYoungGen      total 237056K, used 17607K [0x00000000f0000000, 0x0000000100000000, 0x0000000100000000)
  eden space 217088K, 0% used [0x00000000f0000000,0x00000000f0000000,0x00000000fd400000)
  from space 19968K, 88% used [0x00000000fec80000,0x00000000ffdb1f50,0x0000000100000000)
  to   space 22528K, 0% used [0x00000000fd400000,0x00000000fd400000,0x00000000fea00000)
 ParOldGen       total 142336K, used 124168K [0x00000000d0000000, 0x00000000d8b00000, 0x00000000f0000000)
  object space 142336K, 87% used [0x00000000d0000000,0x00000000d7942110,0x00000000d8b00000)
 Metaspace       used 71025K, capacity 72906K, committed 73164K, reserved 1114112K
  class space    used 7326K, capacity 7897K, committed 7936K, reserved 1048576K
}
Event: 56.999 GC heap before
{Heap before GC invocations=60 (full 9):
 PSYoungGen      total 237056K, used 234695K [0x00000000f0000000, 0x0000000100000000, 0x0000000100000000)
  eden space 217088K, 100% used [0x00000000f0000000,0x00000000fd400000,0x00000000fd400000)
  from space 19968K, 88% used [0x00000000fec80000,0x00000000ffdb1f50,0x0000000100000000)
  to   space 22528K, 0% used [0x00000000fd400000,0x00000000fd400000,0x00000000fea00000)
 ParOldGen       total 142336K, used 124168K [0x00000000d0000000, 0x00000000d8b00000, 0x00000000f0000000)
  object space 142336K, 87% used [0x00000000d0000000,0x00000000d7942110,0x00000000d8b00000)
 Metaspace       used 71438K, capacity 73392K, committed 73676K, reserved 1116160K
  class space    used 7369K, capacity 7930K, committed 7936K, reserved 1048576K
Event: 57.336 GC heap after
Heap after GC invocations=60 (full 9):
 PSYoungGen      total 237056K, used 19694K [0x00000000f0000000, 0x0000000100000000, 0x0000000100000000)
  eden space 217088K, 0% used [0x00000000f0000000,0x00000000f0000000,0x00000000fd400000)
  from space 19968K, 98% used [0x00000000fd400000,0x00000000fe73bac8,0x00000000fe780000)
  to   space 25088K, 0% used [0x00000000fe780000,0x00000000fe780000,0x0000000100000000)
 ParOldGen       total 142336K, used 124168K [0x00000000d0000000, 0x00000000d8b00000, 0x00000000f0000000)
  object space 142336K, 87% used [0x00000000d0000000,0x00000000d7942110,0x00000000d8b00000)
 Metaspace       used 71438K, capacity 73392K, committed 73676K, reserved 1116160K
  class space    used 7369K, capacity 7930K, committed 7936K, reserved 1048576K
}

