# JRE version: Java(TM) SE Runtime Environment (8.0_11-b12) (build 1.8.0_11-b12)
# Java VM: Java HotSpot(TM) 64-Bit Server VM (25.11-b03 mixed mode windows-amd64 compressed oops)
Heap:
 PSYoungGen      total 241152K, used 23265K [0x00000000f0000000, 0x0000000100000000, 0x0000000100000000)
  eden space 220160K, 10% used [0x00000000f0000000,0x00000000f15e4e48,0x00000000fd700000)
  from space 20992K, 4% used [0x00000000fd700000,0x00000000fd7d3758,0x00000000feb80000)
  to   space 20992K, 0% used [0x00000000feb80000,0x00000000feb80000,0x0000000100000000)
 ParOldGen       total 182272K, used 160118K [0x00000000d0000000, 0x00000000db200000, 0x00000000f0000000)
  object space 182272K, 87% used [0x00000000d0000000,0x00000000d9c5db58,0x00000000db200000)
 Metaspace       used 76186K, capacity 78504K, committed 78816K, reserved 1120256K
  class space    used 7523K, capacity 8075K, committed 8192K, reserved 1048576K
GC Heap History (10 events):
Event: 144.930 GC heap before
{Heap before GC invocations=60 (full 10):
 PSYoungGen      total 241664K, used 228146K [0x00000000f0000000, 0x0000000100000000, 0x0000000100000000)
  eden space 231424K, 98% used [0x00000000f0000000,0x00000000fdeccb40,0x00000000fe200000)
  from space 10240K, 0% used [0x00000000fe200000,0x00000000fe200000,0x00000000fec00000)
  to   space 15872K, 0% used [0x00000000ff080000,0x00000000ff080000,0x0000000100000000)
 ParOldGen       total 160256K, used 139554K [0x00000000d0000000, 0x00000000d9c80000, 0x00000000f0000000)
  object space 160256K, 87% used [0x00000000d0000000,0x00000000d88489a8,0x00000000d9c80000)
 Metaspace       used 72746K, capacity 74748K, committed 75104K, reserved 1116160K
  class space    used 7177K, capacity 7736K, committed 7808K, reserved 1048576K
Event: 144.960 GC heap after
Heap after GC invocations=60 (full 10):
 PSYoungGen      total 246272K, used 9182K [0x00000000f0000000, 0x0000000100000000, 0x0000000100000000)
  eden space 230400K, 0% used [0x00000000f0000000,0x00000000f0000000,0x00000000fe100000)
  from space 15872K, 57% used [0x00000000ff080000,0x00000000ff977a40,0x0000000100000000)
  to   space 15872K, 0% used [0x00000000fe100000,0x00000000fe100000,0x00000000ff080000)
 ParOldGen       total 160256K, used 139562K [0x00000000d0000000, 0x00000000d9c80000, 0x00000000f0000000)
  object space 160256K, 87% used [0x00000000d0000000,0x00000000d884a9a8,0x00000000d9c80000)
 Metaspace       used 72746K, capacity 74748K, committed 75104K, reserved 1116160K
  class space    used 7177K, capacity 7736K, committed 7808K, reserved 1048576K
}
Event: 147.271 GC heap before
{Heap before GC invocations=61 (full 10):
 PSYoungGen      total 246272K, used 239582K [0x00000000f0000000, 0x0000000100000000, 0x0000000100000000)
  eden space 230400K, 100% used [0x00000000f0000000,0x00000000fe100000,0x00000000fe100000)
  from space 15872K, 57% used [0x00000000ff080000,0x00000000ff977a40,0x0000000100000000)
  to   space 15872K, 0% used [0x00000000fe100000,0x00000000fe100000,0x00000000ff080000)
 ParOldGen       total 160256K, used 139562K [0x00000000d0000000, 0x00000000d9c80000, 0x00000000f0000000)
  object space 160256K, 87% used [0x00000000d0000000,0x00000000d884a9a8,0x00000000d9c80000)
 Metaspace       used 73496K, capacity 75516K, committed 75744K, reserved 1118208K
  class space    used 7236K, capacity 7825K, committed 7936K, reserved 1048576K
Event: 147.538 GC heap after
Heap after GC invocations=61 (full 10):
 PSYoungGen      total 243712K, used 13224K [0x00000000f0000000, 0x0000000100000000, 0x0000000100000000)
  eden space 230400K, 0% used [0x00000000f0000000,0x00000000f0000000,0x00000000fe100000)
  from space 13312K, 99% used [0x00000000fe100000,0x00000000fedea018,0x00000000fee00000)
  to   space 17408K, 0% used [0x00000000fef00000,0x00000000fef00000,0x0000000100000000)
 ParOldGen       total 160256K, used 139570K [0x00000000d0000000, 0x00000000d9c80000, 0x00000000f0000000)
  object space 160256K, 87% used [0x00000000d0000000,0x00000000d884c9a8,0x00000000d9c80000)
 Metaspace       used 73496K, capacity 75516K, committed 75744K, reserved 1118208K
  class space    used 7236K, capacity 7825K, committed 7936K, reserved 1048576K
}
Event: 151.127 GC heap before
{Heap before GC invocations=62 (full 10):
 PSYoungGen      total 243712K, used 239586K [0x00000000f0000000, 0x0000000100000000, 0x0000000100000000)
  eden space 230400K, 98% used [0x00000000f0000000,0x00000000fdd0ead8,0x00000000fe100000)
  from space 13312K, 99% used [0x00000000fe100000,0x00000000fedea018,0x00000000fee00000)
  to   space 17408K, 0% used [0x00000000fef00000,0x00000000fef00000,0x0000000100000000)
 ParOldGen       total 160256K, used 139570K [0x00000000d0000000, 0x00000000d9c80000, 0x00000000f0000000)
  object space 160256K, 87% used [0x00000000d0000000,0x00000000d884c9a8,0x00000000d9c80000)
 Metaspace       used 75411K, capacity 77584K, committed 77664K, reserved 1118208K
  class space    used 7463K, capacity 8028K, committed 8064K, reserved 1048576K
Event: 151.212 GC heap after
Heap after GC invocations=62 (full 10):
 PSYoungGen      total 237568K, used 17406K [0x00000000f0000000, 0x0000000100000000, 0x0000000100000000)
  eden space 220160K, 0% used [0x00000000f0000000,0x00000000f0000000,0x00000000fd700000)
  from space 17408K, 99% used [0x00000000fef00000,0x00000000fffffba0,0x0000000100000000)
  to   space 20992K, 0% used [0x00000000fd700000,0x00000000fd700000,0x00000000feb80000)
 ParOldGen       total 160256K, used 142071K [0x00000000d0000000, 0x00000000d9c80000, 0x00000000f0000000)
  object space 160256K, 88% used [0x00000000d0000000,0x00000000d8abdc30,0x00000000d9c80000)
 Metaspace       used 75411K, capacity 77584K, committed 77664K, reserved 1118208K
  class space    used 7463K, capacity 8028K, committed 8064K, reserved 1048576K
}
Event: 153.665 GC heap before
{Heap before GC invocations=63 (full 10):
 PSYoungGen      total 237568K, used 237566K [0x00000000f0000000, 0x0000000100000000, 0x0000000100000000)
  eden space 220160K, 100% used [0x00000000f0000000,0x00000000fd700000,0x00000000fd700000)
  from space 17408K, 99% used [0x00000000fef00000,0x00000000fffffba0,0x0000000100000000)
  to   space 20992K, 0% used [0x00000000fd700000,0x00000000fd700000,0x00000000feb80000)
 ParOldGen       total 160256K, used 142071K [0x00000000d0000000, 0x00000000d9c80000, 0x00000000f0000000)
  object space 160256K, 88% used [0x00000000d0000000,0x00000000d8abdc30,0x00000000d9c80000)
 Metaspace       used 76137K, capacity 78506K, committed 78816K, reserved 1120256K
  class space    used 7511K, capacity 8080K, committed 8192K, reserved 1048576K
Event: 153.905 GC heap after
Heap after GC invocations=63 (full 10):
 PSYoungGen      total 241152K, used 13216K [0x00000000f0000000, 0x0000000100000000, 0x0000000100000000)
  eden space 220160K, 0% used [0x00000000f0000000,0x00000000f0000000,0x00000000fd700000)
  from space 20992K, 62% used [0x00000000fd700000,0x00000000fe3e8190,0x00000000feb80000)
  to   space 20992K, 0% used [0x00000000feb80000,0x00000000feb80000,0x0000000100000000)
 ParOldGen       total 160256K, used 150503K [0x00000000d0000000, 0x00000000d9c80000, 0x00000000f0000000)
  object space 160256K, 93% used [0x00000000d0000000,0x00000000d92f9e80,0x00000000d9c80000)
 Metaspace       used 76137K, capacity 78506K, committed 78816K, reserved 1120256K
  class space    used 7511K, capacity 8080K, committed 8192K, reserved 1048576K
}
Event: 153.905 GC heap before
{Heap before GC invocations=64 (full 11):
 PSYoungGen      total 241152K, used 13216K [0x00000000f0000000, 0x0000000100000000, 0x0000000100000000)
  eden space 220160K, 0% used [0x00000000f0000000,0x00000000f0000000,0x00000000fd700000)
  from space 20992K, 62% used [0x00000000fd700000,0x00000000fe3e8190,0x00000000feb80000)
  to   space 20992K, 0% used [0x00000000feb80000,0x00000000feb80000,0x0000000100000000)
 ParOldGen       total 160256K, used 150503K [0x00000000d0000000, 0x00000000d9c80000, 0x00000000f0000000)
  object space 160256K, 93% used [0x00000000d0000000,0x00000000d92f9e80,0x00000000d9c80000)
 Metaspace       used 76137K, capacity 78506K, committed 78816K, reserved 1120256K
  class space    used 7511K, capacity 8080K, committed 8192K, reserved 1048576K
Event: 155.889 GC heap after
Heap after GC invocations=64 (full 11):
 PSYoungGen      total 241152K, used 845K [0x00000000f0000000, 0x0000000100000000, 0x0000000100000000)
  eden space 220160K, 0% used [0x00000000f0000000,0x00000000f0000000,0x00000000fd700000)
  from space 20992K, 4% used [0x00000000fd700000,0x00000000fd7d3758,0x00000000feb80000)
  to   space 20992K, 0% used [0x00000000feb80000,0x00000000feb80000,0x0000000100000000)
 ParOldGen       total 182272K, used 160118K [0x00000000d0000000, 0x00000000db200000, 0x00000000f0000000)
  object space 182272K, 87% used [0x00000000d0000000,0x00000000d9c5db58,0x00000000db200000)
 Metaspace       used 76073K, capacity 78404K, committed 78816K, reserved 1120256K
  class space    used 7502K, capacity 8063K, committed 8192K, reserved 1048576K
}

