# JRE version: Java(TM) SE Runtime Environment (8.0_11-b12) (build 1.8.0_11-b12)
# Java VM: Java HotSpot(TM) 64-Bit Server VM (25.11-b03 mixed mode windows-amd64 compressed oops)
Heap:
 PSYoungGen      total 208384K, used 159616K [0x00000000f0000000, 0x0000000100000000, 0x0000000100000000)
  eden space 169984K, 73% used [0x00000000f0000000,0x00000000f7974cb8,0x00000000fa600000)
  from space 38400K, 91% used [0x00000000fda80000,0x00000000ffceb550,0x0000000100000000)
  to   space 46080K, 0% used [0x00000000fa600000,0x00000000fa600000,0x00000000fd300000)
 ParOldGen       total 149504K, used 135020K [0x00000000d0000000, 0x00000000d9200000, 0x00000000f0000000)
  object space 149504K, 90% used [0x00000000d0000000,0x00000000d83db030,0x00000000d9200000)
 Metaspace       used 78048K, capacity 80478K, committed 80640K, reserved 1122304K
  class space    used 7592K, capacity 8155K, committed 8192K, reserved 1048576K
GC Heap History (10 events):
Event: 83.958 GC heap before
{Heap before GC invocations=66 (full 10):
 PSYoungGen      total 239104K, used 230258K [0x00000000f0000000, 0x0000000100000000, 0x0000000100000000)
  eden space 216576K, 95% used [0x00000000f0000000,0x00000000fcade188,0x00000000fd380000)
  from space 22528K, 99% used [0x00000000fd380000,0x00000000fe97e8d8,0x00000000fe980000)
  to   space 23040K, 0% used [0x00000000fe980000,0x00000000fe980000,0x0000000100000000)
 ParOldGen       total 149504K, used 130414K [0x00000000d0000000, 0x00000000d9200000, 0x00000000f0000000)
  object space 149504K, 87% used [0x00000000d0000000,0x00000000d7f5bb38,0x00000000d9200000)
 Metaspace       used 74296K, capacity 76344K, committed 76800K, reserved 1118208K
  class space    used 7223K, capacity 7818K, committed 7936K, reserved 1048576K
Event: 84.025 GC heap after
Heap after GC invocations=66 (full 10):
 PSYoungGen      total 223744K, used 23012K [0x00000000f0000000, 0x0000000100000000, 0x0000000100000000)
  eden space 200704K, 0% used [0x00000000f0000000,0x00000000f0000000,0x00000000fc400000)
  from space 23040K, 99% used [0x00000000fe980000,0x00000000ffff91e0,0x0000000100000000)
  to   space 30720K, 0% used [0x00000000fc400000,0x00000000fc400000,0x00000000fe200000)
 ParOldGen       total 149504K, used 133920K [0x00000000d0000000, 0x00000000d9200000, 0x00000000f0000000)
  object space 149504K, 89% used [0x00000000d0000000,0x00000000d82c8178,0x00000000d9200000)
 Metaspace       used 74296K, capacity 76344K, committed 76800K, reserved 1118208K
  class space    used 7223K, capacity 7818K, committed 7936K, reserved 1048576K
}
Event: 84.630 GC heap before
{Heap before GC invocations=67 (full 10):
 PSYoungGen      total 223744K, used 223716K [0x00000000f0000000, 0x0000000100000000, 0x0000000100000000)
  eden space 200704K, 100% used [0x00000000f0000000,0x00000000fc400000,0x00000000fc400000)
  from space 23040K, 99% used [0x00000000fe980000,0x00000000ffff91e0,0x0000000100000000)
  to   space 30720K, 0% used [0x00000000fc400000,0x00000000fc400000,0x00000000fe200000)
 ParOldGen       total 149504K, used 133920K [0x00000000d0000000, 0x00000000d9200000, 0x00000000f0000000)
  object space 149504K, 89% used [0x00000000d0000000,0x00000000d82c8178,0x00000000d9200000)
 Metaspace       used 74985K, capacity 77140K, committed 77312K, reserved 1118208K
  class space    used 7261K, capacity 7858K, committed 7936K, reserved 1048576K
Event: 84.694 GC heap after
Heap after GC invocations=67 (full 10):
 PSYoungGen      total 224256K, used 23503K [0x00000000f0000000, 0x0000000100000000, 0x0000000100000000)
  eden space 200704K, 0% used [0x00000000f0000000,0x00000000f0000000,0x00000000fc400000)
  from space 23552K, 99% used [0x00000000fc400000,0x00000000fdaf3e58,0x00000000fdb00000)
  to   space 33280K, 0% used [0x00000000fdf80000,0x00000000fdf80000,0x0000000100000000)
 ParOldGen       total 149504K, used 135004K [0x00000000d0000000, 0x00000000d9200000, 0x00000000f0000000)
  object space 149504K, 90% used [0x00000000d0000000,0x00000000d83d7030,0x00000000d9200000)
 Metaspace       used 74985K, capacity 77140K, committed 77312K, reserved 1118208K
  class space    used 7261K, capacity 7858K, committed 7936K, reserved 1048576K
}
Event: 85.833 GC heap before
{Heap before GC invocations=68 (full 10):
 PSYoungGen      total 224256K, used 219695K [0x00000000f0000000, 0x0000000100000000, 0x0000000100000000)
  eden space 200704K, 97% used [0x00000000f0000000,0x00000000fbf97f68,0x00000000fc400000)
  from space 23552K, 99% used [0x00000000fc400000,0x00000000fdaf3e58,0x00000000fdb00000)
  to   space 33280K, 0% used [0x00000000fdf80000,0x00000000fdf80000,0x0000000100000000)
 ParOldGen       total 149504K, used 135004K [0x00000000d0000000, 0x00000000d9200000, 0x00000000f0000000)
  object space 149504K, 90% used [0x00000000d0000000,0x00000000d83d7030,0x00000000d9200000)
 Metaspace       used 75439K, capacity 77592K, committed 77824K, reserved 1120256K
  class space    used 7300K, capacity 7873K, committed 7936K, reserved 1048576K
Event: 85.899 GC heap after
Heap after GC invocations=68 (full 10):
 PSYoungGen      total 222720K, used 27744K [0x00000000f0000000, 0x0000000100000000, 0x0000000100000000)
  eden space 189440K, 0% used [0x00000000f0000000,0x00000000f0000000,0x00000000fb900000)
  from space 33280K, 83% used [0x00000000fdf80000,0x00000000ffa98290,0x0000000100000000)
  to   space 36352K, 0% used [0x00000000fb900000,0x00000000fb900000,0x00000000fdc80000)
 ParOldGen       total 149504K, used 135004K [0x00000000d0000000, 0x00000000d9200000, 0x00000000f0000000)
  object space 149504K, 90% used [0x00000000d0000000,0x00000000d83d7030,0x00000000d9200000)
 Metaspace       used 75439K, capacity 77592K, committed 77824K, reserved 1120256K
  class space    used 7300K, capacity 7873K, committed 7936K, reserved 1048576K
}
Event: 86.823 GC heap before
{Heap before GC invocations=69 (full 10):
 PSYoungGen      total 222720K, used 215852K [0x00000000f0000000, 0x0000000100000000, 0x0000000100000000)
  eden space 189440K, 99% used [0x00000000f0000000,0x00000000fb7b2f08,0x00000000fb900000)
  from space 33280K, 83% used [0x00000000fdf80000,0x00000000ffa98290,0x0000000100000000)
  to   space 36352K, 0% used [0x00000000fb900000,0x00000000fb900000,0x00000000fdc80000)
 ParOldGen       total 149504K, used 135004K [0x00000000d0000000, 0x00000000d9200000, 0x00000000f0000000)
  object space 149504K, 90% used [0x00000000d0000000,0x00000000d83d7030,0x00000000d9200000)
 Metaspace       used 77054K, capacity 79328K, committed 79616K, reserved 1120256K
  class space    used 7506K, capacity 8075K, committed 8192K, reserved 1048576K
Event: 86.883 GC heap after
Heap after GC invocations=69 (full 10):
 PSYoungGen      total 223744K, used 33888K [0x00000000f0000000, 0x0000000100000000, 0x0000000100000000)
  eden space 189440K, 0% used [0x00000000f0000000,0x00000000f0000000,0x00000000fb900000)
  from space 34304K, 98% used [0x00000000fb900000,0x00000000fda18040,0x00000000fda80000)
  to   space 38400K, 0% used [0x00000000fda80000,0x00000000fda80000,0x0000000100000000)
 ParOldGen       total 149504K, used 135012K [0x00000000d0000000, 0x00000000d9200000, 0x00000000f0000000)
  object space 149504K, 90% used [0x00000000d0000000,0x00000000d83d9030,0x00000000d9200000)
 Metaspace       used 77054K, capacity 79328K, committed 79616K, reserved 1120256K
  class space    used 7506K, capacity 8075K, committed 8192K, reserved 1048576K
}
Event: 87.285 GC heap before
{Heap before GC invocations=70 (full 10):
 PSYoungGen      total 223744K, used 215215K [0x00000000f0000000, 0x0000000100000000, 0x0000000100000000)
  eden space 189440K, 95% used [0x00000000f0000000,0x00000000fb113e60,0x00000000fb900000)
  from space 34304K, 98% used [0x00000000fb900000,0x00000000fda18040,0x00000000fda80000)
  to   space 38400K, 0% used [0x00000000fda80000,0x00000000fda80000,0x0000000100000000)
 ParOldGen       total 149504K, used 135012K [0x00000000d0000000, 0x00000000d9200000, 0x00000000f0000000)
  object space 149504K, 90% used [0x00000000d0000000,0x00000000d83d9030,0x00000000d9200000)
 Metaspace       used 77607K, capacity 80006K, committed 80128K, reserved 1122304K
  class space    used 7524K, capacity 8090K, committed 8192K, reserved 1048576K
Event: 87.322 GC heap after
Heap after GC invocations=70 (full 10):
 PSYoungGen      total 208384K, used 35245K [0x00000000f0000000, 0x0000000100000000, 0x0000000100000000)
  eden space 169984K, 0% used [0x00000000f0000000,0x00000000f0000000,0x00000000fa600000)
  from space 38400K, 91% used [0x00000000fda80000,0x00000000ffceb550,0x0000000100000000)
  to   space 46080K, 0% used [0x00000000fa600000,0x00000000fa600000,0x00000000fd300000)
 ParOldGen       total 149504K, used 135020K [0x00000000d0000000, 0x00000000d9200000, 0x00000000f0000000)
  object space 149504K, 90% used [0x00000000d0000000,0x00000000d83db030,0x00000000d9200000)
 Metaspace       used 77607K, capacity 80006K, committed 80128K, reserved 1122304K
  class space    used 7524K, capacity 8090K, committed 8192K, reserved 1048576K
}

