# JRE version: Java(TM) SE Runtime Environment (8.0_11-b12) (build 1.8.0_11-b12)
# Java VM: Java HotSpot(TM) 64-Bit Server VM (25.11-b03 mixed mode windows-amd64 compressed oops)
Heap:
 PSYoungGen      total 210432K, used 194626K [0x00000000f0000000, 0x0000000100000000, 0x0000000100000000)
  eden space 164864K, 90% used [0x00000000f0000000,0x00000000f91e27e0,0x00000000fa100000)
  from space 45568K, 99% used [0x00000000fa100000,0x00000000fcd2e270,0x00000000fcd80000)
  to   space 51712K, 0% used [0x00000000fcd80000,0x00000000fcd80000,0x0000000100000000)
 ParOldGen       total 149504K, used 131345K [0x00000000d0000000, 0x00000000d9200000, 0x00000000f0000000)
  object space 149504K, 87% used [0x00000000d0000000,0x00000000d8044720,0x00000000d9200000)
 Metaspace       used 79765K, capacity 82500K, committed 82712K, reserved 1124352K
  class space    used 7802K, capacity 8444K, committed 8472K, reserved 1048576K
GC Heap History (10 events):
Event: 85.048 GC heap before
{Heap before GC invocations=64 (full 9):
 PSYoungGen      total 228352K, used 224565K [0x00000000f0000000, 0x0000000100000000, 0x0000000100000000)
  eden space 202752K, 98% used [0x00000000f0000000,0x00000000fc28b950,0x00000000fc600000)
  from space 25600K, 99% used [0x00000000fe700000,0x00000000fffc1c50,0x0000000100000000)
  to   space 29696K, 0% used [0x00000000fc600000,0x00000000fc600000,0x00000000fe300000)
 ParOldGen       total 149504K, used 131313K [0x00000000d0000000, 0x00000000d9200000, 0x00000000f0000000)
  object space 149504K, 87% used [0x00000000d0000000,0x00000000d803c720,0x00000000d9200000)
 Metaspace       used 75011K, capacity 77140K, committed 77336K, reserved 1118208K
  class space    used 7260K, capacity 7858K, committed 7960K, reserved 1048576K
Event: 85.177 GC heap after
Heap after GC invocations=64 (full 9):
 PSYoungGen      total 229376K, used 26488K [0x00000000f0000000, 0x0000000100000000, 0x0000000100000000)
  eden space 202752K, 0% used [0x00000000f0000000,0x00000000f0000000,0x00000000fc600000)
  from space 26624K, 99% used [0x00000000fc600000,0x00000000fdfde1b8,0x00000000fe000000)
  to   space 32768K, 0% used [0x00000000fe000000,0x00000000fe000000,0x0000000100000000)
 ParOldGen       total 149504K, used 131313K [0x00000000d0000000, 0x00000000d9200000, 0x00000000f0000000)
  object space 149504K, 87% used [0x00000000d0000000,0x00000000d803c720,0x00000000d9200000)
 Metaspace       used 75011K, capacity 77140K, committed 77336K, reserved 1118208K
  class space    used 7260K, capacity 7858K, committed 7960K, reserved 1048576K
}
Event: 86.293 GC heap before
{Heap before GC invocations=65 (full 9):
 PSYoungGen      total 229376K, used 224371K [0x00000000f0000000, 0x0000000100000000, 0x0000000100000000)
  eden space 202752K, 97% used [0x00000000f0000000,0x00000000fc13ec08,0x00000000fc600000)
  from space 26624K, 99% used [0x00000000fc600000,0x00000000fdfde1b8,0x00000000fe000000)
  to   space 32768K, 0% used [0x00000000fe000000,0x00000000fe000000,0x0000000100000000)
 ParOldGen       total 149504K, used 131313K [0x00000000d0000000, 0x00000000d9200000, 0x00000000f0000000)
  object space 149504K, 87% used [0x00000000d0000000,0x00000000d803c720,0x00000000d9200000)
 Metaspace       used 75543K, capacity 77662K, committed 77848K, reserved 1120256K
  class space    used 7301K, capacity 7874K, committed 7960K, reserved 1048576K
Event: 86.371 GC heap after
Heap after GC invocations=65 (full 9):
 PSYoungGen      total 219136K, used 30991K [0x00000000f0000000, 0x0000000100000000, 0x0000000100000000)
  eden space 186368K, 0% used [0x00000000f0000000,0x00000000f0000000,0x00000000fb600000)
  from space 32768K, 94% used [0x00000000fe000000,0x00000000ffe43dc8,0x0000000100000000)
  to   space 37888K, 0% used [0x00000000fb600000,0x00000000fb600000,0x00000000fdb00000)
 ParOldGen       total 149504K, used 131321K [0x00000000d0000000, 0x00000000d9200000, 0x00000000f0000000)
  object space 149504K, 87% used [0x00000000d0000000,0x00000000d803e720,0x00000000d9200000)
 Metaspace       used 75543K, capacity 77662K, committed 77848K, reserved 1120256K
  class space    used 7301K, capacity 7874K, committed 7960K, reserved 1048576K
}
Event: 87.204 GC heap before
{Heap before GC invocations=66 (full 9):
 PSYoungGen      total 219136K, used 217359K [0x00000000f0000000, 0x0000000100000000, 0x0000000100000000)
  eden space 186368K, 100% used [0x00000000f0000000,0x00000000fb600000,0x00000000fb600000)
  from space 32768K, 94% used [0x00000000fe000000,0x00000000ffe43dc8,0x0000000100000000)
  to   space 37888K, 0% used [0x00000000fb600000,0x00000000fb600000,0x00000000fdb00000)
 ParOldGen       total 149504K, used 131321K [0x00000000d0000000, 0x00000000d9200000, 0x00000000f0000000)
  object space 149504K, 87% used [0x00000000d0000000,0x00000000d803e720,0x00000000d9200000)
 Metaspace       used 77158K, capacity 79462K, committed 79512K, reserved 1120256K
  class space    used 7507K, capacity 8076K, committed 8088K, reserved 1048576K
Event: 87.264 GC heap after
Heap after GC invocations=66 (full 9):
 PSYoungGen      total 223744K, used 36979K [0x00000000f0000000, 0x0000000100000000, 0x0000000100000000)
  eden space 186368K, 0% used [0x00000000f0000000,0x00000000f0000000,0x00000000fb600000)
  from space 37376K, 98% used [0x00000000fb600000,0x00000000fda1ce90,0x00000000fda80000)
  to   space 38400K, 0% used [0x00000000fda80000,0x00000000fda80000,0x0000000100000000)
 ParOldGen       total 149504K, used 131329K [0x00000000d0000000, 0x00000000d9200000, 0x00000000f0000000)
  object space 149504K, 87% used [0x00000000d0000000,0x00000000d8040720,0x00000000d9200000)
 Metaspace       used 77158K, capacity 79462K, committed 79512K, reserved 1120256K
  class space    used 7507K, capacity 8076K, committed 8088K, reserved 1048576K
}
Event: 87.752 GC heap before
{Heap before GC invocations=67 (full 9):
 PSYoungGen      total 223744K, used 217583K [0x00000000f0000000, 0x0000000100000000, 0x0000000100000000)
  eden space 186368K, 96% used [0x00000000f0000000,0x00000000fb05efb8,0x00000000fb600000)
  from space 37376K, 98% used [0x00000000fb600000,0x00000000fda1ce90,0x00000000fda80000)
  to   space 38400K, 0% used [0x00000000fda80000,0x00000000fda80000,0x0000000100000000)
 ParOldGen       total 149504K, used 131329K [0x00000000d0000000, 0x00000000d9200000, 0x00000000f0000000)
  object space 149504K, 87% used [0x00000000d0000000,0x00000000d8040720,0x00000000d9200000)
 Metaspace       used 77718K, capacity 80158K, committed 80408K, reserved 1122304K
  class space    used 7525K, capacity 8093K, committed 8216K, reserved 1048576K
Event: 87.833 GC heap after
Heap after GC invocations=67 (full 9):
 PSYoungGen      total 203264K, used 38226K [0x00000000f0000000, 0x0000000100000000, 0x0000000100000000)
  eden space 164864K, 0% used [0x00000000f0000000,0x00000000f0000000,0x00000000fa100000)
  from space 38400K, 99% used [0x00000000fda80000,0x00000000fffd4bd8,0x0000000100000000)
  to   space 48640K, 0% used [0x00000000fa100000,0x00000000fa100000,0x00000000fd080000)
 ParOldGen       total 149504K, used 131337K [0x00000000d0000000, 0x00000000d9200000, 0x00000000f0000000)
  object space 149504K, 87% used [0x00000000d0000000,0x00000000d8042720,0x00000000d9200000)
 Metaspace       used 77718K, capacity 80158K, committed 80408K, reserved 1122304K
  class space    used 7525K, capacity 8093K, committed 8216K, reserved 1048576K
}
Event: 89.472 GC heap before
{Heap before GC invocations=68 (full 9):
 PSYoungGen      total 203264K, used 203090K [0x00000000f0000000, 0x0000000100000000, 0x0000000100000000)
  eden space 164864K, 100% used [0x00000000f0000000,0x00000000fa100000,0x00000000fa100000)
  from space 38400K, 99% used [0x00000000fda80000,0x00000000fffd4bd8,0x0000000100000000)
  to   space 48640K, 0% used [0x00000000fa100000,0x00000000fa100000,0x00000000fd080000)
 ParOldGen       total 149504K, used 131337K [0x00000000d0000000, 0x00000000d9200000, 0x00000000f0000000)
  object space 149504K, 87% used [0x00000000d0000000,0x00000000d8042720,0x00000000d9200000)
 Metaspace       used 78345K, capacity 80956K, committed 81048K, reserved 1122304K
  class space    used 7650K, capacity 8280K, committed 8344K, reserved 1048576K
Event: 89.684 GC heap after
Heap after GC invocations=68 (full 9):
 PSYoungGen      total 210432K, used 45240K [0x00000000f0000000, 0x0000000100000000, 0x0000000100000000)
  eden space 164864K, 0% used [0x00000000f0000000,0x00000000f0000000,0x00000000fa100000)
  from space 45568K, 99% used [0x00000000fa100000,0x00000000fcd2e270,0x00000000fcd80000)
  to   space 51712K, 0% used [0x00000000fcd80000,0x00000000fcd80000,0x0000000100000000)
 ParOldGen       total 149504K, used 131345K [0x00000000d0000000, 0x00000000d9200000, 0x00000000f0000000)
  object space 149504K, 87% used [0x00000000d0000000,0x00000000d8044720,0x00000000d9200000)
 Metaspace       used 78345K, capacity 80956K, committed 81048K, reserved 1122304K
  class space    used 7650K, capacity 8280K, committed 8344K, reserved 1048576K
}

