# JRE version: Java(TM) SE Runtime Environment (8.0_11-b12) (build 1.8.0_11-b12)
# Java VM: Java HotSpot(TM) 64-Bit Server VM (25.11-b03 mixed mode windows-amd64 compressed oops)
Heap:
 PSYoungGen      total 242176K, used 119776K [0x00000000f0000000, 0x0000000100000000, 0x0000000100000000)
  eden space 222208K, 44% used [0x00000000f0000000,0x00000000f617f450,0x00000000fd900000)
  from space 19968K, 99% used [0x00000000fd900000,0x00000000fec78e50,0x00000000fec80000)
  to   space 19968K, 0% used [0x00000000fec80000,0x00000000fec80000,0x0000000100000000)
 ParOldGen       total 109568K, used 95547K [0x00000000d0000000, 0x00000000d6b00000, 0x00000000f0000000)
  object space 109568K, 87% used [0x00000000d0000000,0x00000000d5d4ec60,0x00000000d6b00000)
 Metaspace       used 64837K, capacity 66520K, committed 66944K, reserved 1107968K
  class space    used 7026K, capacity 7523K, committed 7552K, reserved 1048576K
GC Heap History (10 events):
Event: 28.464 GC heap before
{Heap before GC invocations=52 (full 6):
 PSYoungGen      total 250368K, used 245324K [0x00000000f0000000, 0x0000000100000000, 0x0000000100000000)
  eden space 238592K, 97% used [0x00000000f0000000,0x00000000fe414c08,0x00000000fe900000)
  from space 11776K, 99% used [0x00000000fe900000,0x00000000ff47e4e8,0x00000000ff480000)
  to   space 11776K, 0% used [0x00000000ff480000,0x00000000ff480000,0x0000000100000000)
 ParOldGen       total 92672K, used 77361K [0x00000000d0000000, 0x00000000d5a80000, 0x00000000f0000000)
  object space 92672K, 83% used [0x00000000d0000000,0x00000000d4b8c5d0,0x00000000d5a80000)
 Metaspace       used 60050K, capacity 61594K, committed 61952K, reserved 1103872K
  class space    used 6406K, capacity 6866K, committed 6912K, reserved 1048576K
Event: 28.524 GC heap after
Heap after GC invocations=52 (full 6):
 PSYoungGen      total 238080K, used 11760K [0x00000000f0000000, 0x0000000100000000, 0x0000000100000000)
  eden space 226304K, 0% used [0x00000000f0000000,0x00000000f0000000,0x00000000fdd00000)
  from space 11776K, 99% used [0x00000000ff480000,0x00000000ffffc010,0x0000000100000000)
  to   space 17920K, 0% used [0x00000000fdd00000,0x00000000fdd00000,0x00000000fee80000)
 ParOldGen       total 92672K, used 85052K [0x00000000d0000000, 0x00000000d5a80000, 0x00000000f0000000)
  object space 92672K, 91% used [0x00000000d0000000,0x00000000d530f230,0x00000000d5a80000)
 Metaspace       used 60050K, capacity 61594K, committed 61952K, reserved 1103872K
  class space    used 6406K, capacity 6866K, committed 6912K, reserved 1048576K
}
Event: 28.524 GC heap before
{Heap before GC invocations=53 (full 7):
 PSYoungGen      total 238080K, used 11760K [0x00000000f0000000, 0x0000000100000000, 0x0000000100000000)
  eden space 226304K, 0% used [0x00000000f0000000,0x00000000f0000000,0x00000000fdd00000)
  from space 11776K, 99% used [0x00000000ff480000,0x00000000ffffc010,0x0000000100000000)
  to   space 17920K, 0% used [0x00000000fdd00000,0x00000000fdd00000,0x00000000fee80000)
 ParOldGen       total 92672K, used 85052K [0x00000000d0000000, 0x00000000d5a80000, 0x00000000f0000000)
  object space 92672K, 91% used [0x00000000d0000000,0x00000000d530f230,0x00000000d5a80000)
 Metaspace       used 60050K, capacity 61594K, committed 61952K, reserved 1103872K
  class space    used 6406K, capacity 6866K, committed 6912K, reserved 1048576K
Event: 29.923 GC heap after
Heap after GC invocations=53 (full 7):
 PSYoungGen      total 238080K, used 3036K [0x00000000f0000000, 0x0000000100000000, 0x0000000100000000)
  eden space 226304K, 0% used [0x00000000f0000000,0x00000000f0000000,0x00000000fdd00000)
  from space 11776K, 25% used [0x00000000ff480000,0x00000000ff777128,0x0000000100000000)
  to   space 17920K, 0% used [0x00000000fdd00000,0x00000000fdd00000,0x00000000fee80000)
 ParOldGen       total 109568K, used 92575K [0x00000000d0000000, 0x00000000d6b00000, 0x00000000f0000000)
  object space 109568K, 84% used [0x00000000d0000000,0x00000000d5a67c68,0x00000000d6b00000)
 Metaspace       used 60050K, capacity 61594K, committed 61952K, reserved 1103872K
  class space    used 6406K, capacity 6866K, committed 6912K, reserved 1048576K
}
Event: 31.467 GC heap before
{Heap before GC invocations=54 (full 7):
 PSYoungGen      total 238080K, used 227453K [0x00000000f0000000, 0x0000000100000000, 0x0000000100000000)
  eden space 226304K, 99% used [0x00000000f0000000,0x00000000fdb28590,0x00000000fdd00000)
  from space 11776K, 25% used [0x00000000ff480000,0x00000000ff777128,0x0000000100000000)
  to   space 17920K, 0% used [0x00000000fdd00000,0x00000000fdd00000,0x00000000fee80000)
 ParOldGen       total 109568K, used 92575K [0x00000000d0000000, 0x00000000d6b00000, 0x00000000f0000000)
  object space 109568K, 84% used [0x00000000d0000000,0x00000000d5a67c68,0x00000000d6b00000)
 Metaspace       used 61648K, capacity 63246K, committed 63616K, reserved 1105920K
  class space    used 6583K, capacity 7032K, committed 7040K, reserved 1048576K
Event: 31.533 GC heap after
Heap after GC invocations=54 (full 7):
 PSYoungGen      total 238080K, used 11659K [0x00000000f0000000, 0x0000000100000000, 0x0000000100000000)
  eden space 226304K, 0% used [0x00000000f0000000,0x00000000f0000000,0x00000000fdd00000)
  from space 11776K, 99% used [0x00000000fdd00000,0x00000000fe862ce8,0x00000000fe880000)
  to   space 18432K, 0% used [0x00000000fee00000,0x00000000fee00000,0x0000000100000000)
 ParOldGen       total 109568K, used 92927K [0x00000000d0000000, 0x00000000d6b00000, 0x00000000f0000000)
  object space 109568K, 84% used [0x00000000d0000000,0x00000000d5abfc68,0x00000000d6b00000)
 Metaspace       used 61648K, capacity 63246K, committed 63616K, reserved 1105920K
  class space    used 6583K, capacity 7032K, committed 7040K, reserved 1048576K
}
Event: 32.770 GC heap before
{Heap before GC invocations=55 (full 7):
 PSYoungGen      total 238080K, used 237963K [0x00000000f0000000, 0x0000000100000000, 0x0000000100000000)
  eden space 226304K, 100% used [0x00000000f0000000,0x00000000fdd00000,0x00000000fdd00000)
  from space 11776K, 99% used [0x00000000fdd00000,0x00000000fe862ce8,0x00000000fe880000)
  to   space 18432K, 0% used [0x00000000fee00000,0x00000000fee00000,0x0000000100000000)
 ParOldGen       total 109568K, used 92927K [0x00000000d0000000, 0x00000000d6b00000, 0x00000000f0000000)
  object space 109568K, 84% used [0x00000000d0000000,0x00000000d5abfc68,0x00000000d6b00000)
 Metaspace       used 62687K, capacity 64358K, committed 64640K, reserved 1105920K
  class space    used 6710K, capacity 7207K, committed 7296K, reserved 1048576K
Event: 32.824 GC heap after
Heap after GC invocations=55 (full 7):
 PSYoungGen      total 240640K, used 14399K [0x00000000f0000000, 0x0000000100000000, 0x0000000100000000)
  eden space 222208K, 0% used [0x00000000f0000000,0x00000000f0000000,0x00000000fd900000)
  from space 18432K, 78% used [0x00000000fee00000,0x00000000ffc0ffc8,0x0000000100000000)
  to   space 19968K, 0% used [0x00000000fd900000,0x00000000fd900000,0x00000000fec80000)
 ParOldGen       total 109568K, used 92927K [0x00000000d0000000, 0x00000000d6b00000, 0x00000000f0000000)
  object space 109568K, 84% used [0x00000000d0000000,0x00000000d5abfc68,0x00000000d6b00000)
 Metaspace       used 62687K, capacity 64358K, committed 64640K, reserved 1105920K
  class space    used 6710K, capacity 7207K, committed 7296K, reserved 1048576K
}
Event: 33.982 GC heap before
{Heap before GC invocations=56 (full 7):
 PSYoungGen      total 240640K, used 227368K [0x00000000f0000000, 0x0000000100000000, 0x0000000100000000)
  eden space 222208K, 95% used [0x00000000f0000000,0x00000000fcffa2a0,0x00000000fd900000)
  from space 18432K, 78% used [0x00000000fee00000,0x00000000ffc0ffc8,0x0000000100000000)
  to   space 19968K, 0% used [0x00000000fd900000,0x00000000fd900000,0x00000000fec80000)
 ParOldGen       total 109568K, used 92927K [0x00000000d0000000, 0x00000000d6b00000, 0x00000000f0000000)
  object space 109568K, 84% used [0x00000000d0000000,0x00000000d5abfc68,0x00000000d6b00000)
 Metaspace       used 64491K, capacity 66130K, committed 66688K, reserved 1107968K
  class space    used 6964K, capacity 7433K, committed 7552K, reserved 1048576K
Event: 34.041 GC heap after
Heap after GC invocations=56 (full 7):
 PSYoungGen      total 242176K, used 19939K [0x00000000f0000000, 0x0000000100000000, 0x0000000100000000)
  eden space 222208K, 0% used [0x00000000f0000000,0x00000000f0000000,0x00000000fd900000)
  from space 19968K, 99% used [0x00000000fd900000,0x00000000fec78e50,0x00000000fec80000)
  to   space 19968K, 0% used [0x00000000fec80000,0x00000000fec80000,0x0000000100000000)
 ParOldGen       total 109568K, used 95547K [0x00000000d0000000, 0x00000000d6b00000, 0x00000000f0000000)
  object space 109568K, 87% used [0x00000000d0000000,0x00000000d5d4ec60,0x00000000d6b00000)
 Metaspace       used 64491K, capacity 66130K, committed 66688K, reserved 1107968K
  class space    used 6964K, capacity 7433K, committed 7552K, reserved 1048576K
}

