# JRE version: Java(TM) SE Runtime Environment (8.0_11-b12) (build 1.8.0_11-b12)
# Java VM: Java HotSpot(TM) 64-Bit Server VM (25.11-b03 mixed mode windows-amd64 compressed oops)
Heap:
 PSYoungGen      total 192512K, used 129264K [0x00000000f0000000, 0x0000000100000000, 0x0000000100000000)
  eden space 123904K, 64% used [0x00000000f0000000,0x00000000f4dd2c20,0x00000000f7900000)
  from space 68608K, 72% used [0x00000000fbd00000,0x00000000fed69508,0x0000000100000000)
  to   space 69120K, 0% used [0x00000000f7900000,0x00000000f7900000,0x00000000fbc80000)
 ParOldGen       total 161280K, used 148119K [0x00000000d0000000, 0x00000000d9d80000, 0x00000000f0000000)
  object space 161280K, 91% used [0x00000000d0000000,0x00000000d90a5db0,0x00000000d9d80000)
 Metaspace       used 81770K, capacity 83980K, committed 84328K, reserved 1124352K
  class space    used 7807K, capacity 8454K, committed 8552K, reserved 1048576K
GC Heap History (10 events):
Event: 44.992 GC heap before
{Heap before GC invocations=71 (full 8):
 PSYoungGen      total 195072K, used 175219K [0x00000000f0000000, 0x0000000100000000, 0x0000000100000000)
  eden space 132096K, 95% used [0x00000000f0000000,0x00000000f7b225f8,0x00000000f8100000)
  from space 62976K, 78% used [0x00000000fc280000,0x00000000ff27a710,0x0000000100000000)
  to   space 65024K, 0% used [0x00000000f8100000,0x00000000f8100000,0x00000000fc080000)
 ParOldGen       total 143872K, used 132544K [0x00000000d0000000, 0x00000000d8c80000, 0x00000000f0000000)
  object space 143872K, 92% used [0x00000000d0000000,0x00000000d8170160,0x00000000d8c80000)
 Metaspace       used 78954K, capacity 81018K, committed 81256K, reserved 1122304K
  class space    used 7390K, capacity 7960K, committed 8040K, reserved 1048576K
Event: 45.067 GC heap after
Heap after GC invocations=71 (full 8):
 PSYoungGen      total 183808K, used 51556K [0x00000000f0000000, 0x0000000100000000, 0x0000000100000000)
  eden space 132096K, 0% used [0x00000000f0000000,0x00000000f0000000,0x00000000f8100000)
  from space 51712K, 99% used [0x00000000f8100000,0x00000000fb359350,0x00000000fb380000)
  to   space 67584K, 0% used [0x00000000fbe00000,0x00000000fbe00000,0x0000000100000000)
 ParOldGen       total 143872K, used 132544K [0x00000000d0000000, 0x00000000d8c80000, 0x00000000f0000000)
  object space 143872K, 92% used [0x00000000d0000000,0x00000000d8170160,0x00000000d8c80000)
 Metaspace       used 78954K, capacity 81018K, committed 81256K, reserved 1122304K
  class space    used 7390K, capacity 7960K, committed 8040K, reserved 1048576K
}
Event: 45.570 GC heap before
{Heap before GC invocations=72 (full 8):
 PSYoungGen      total 183808K, used 183652K [0x00000000f0000000, 0x0000000100000000, 0x0000000100000000)
  eden space 132096K, 100% used [0x00000000f0000000,0x00000000f8100000,0x00000000f8100000)
  from space 51712K, 99% used [0x00000000f8100000,0x00000000fb359350,0x00000000fb380000)
  to   space 67584K, 0% used [0x00000000fbe00000,0x00000000fbe00000,0x0000000100000000)
 ParOldGen       total 143872K, used 132544K [0x00000000d0000000, 0x00000000d8c80000, 0x00000000f0000000)
  object space 143872K, 92% used [0x00000000d0000000,0x00000000d8170160,0x00000000d8c80000)
 Metaspace       used 79270K, capacity 81290K, committed 81512K, reserved 1122304K
  class space    used 7428K, capacity 8000K, committed 8040K, reserved 1048576K
Event: 45.635 GC heap after
Heap after GC invocations=72 (full 8):
 PSYoungGen      total 193536K, used 47471K [0x00000000f0000000, 0x0000000100000000, 0x0000000100000000)
  eden space 125952K, 0% used [0x00000000f0000000,0x00000000f0000000,0x00000000f7b00000)
  from space 67584K, 70% used [0x00000000fbe00000,0x00000000fec5bed0,0x0000000100000000)
  to   space 68096K, 0% used [0x00000000f7b00000,0x00000000f7b00000,0x00000000fbd80000)
 ParOldGen       total 143872K, used 138384K [0x00000000d0000000, 0x00000000d8c80000, 0x00000000f0000000)
  object space 143872K, 96% used [0x00000000d0000000,0x00000000d8724160,0x00000000d8c80000)
 Metaspace       used 79270K, capacity 81290K, committed 81512K, reserved 1122304K
  class space    used 7428K, capacity 8000K, committed 8040K, reserved 1048576K
}
Event: 45.635 GC heap before
{Heap before GC invocations=73 (full 9):
 PSYoungGen      total 193536K, used 47471K [0x00000000f0000000, 0x0000000100000000, 0x0000000100000000)
  eden space 125952K, 0% used [0x00000000f0000000,0x00000000f0000000,0x00000000f7b00000)
  from space 67584K, 70% used [0x00000000fbe00000,0x00000000fec5bed0,0x0000000100000000)
  to   space 68096K, 0% used [0x00000000f7b00000,0x00000000f7b00000,0x00000000fbd80000)
 ParOldGen       total 143872K, used 138384K [0x00000000d0000000, 0x00000000d8c80000, 0x00000000f0000000)
  object space 143872K, 96% used [0x00000000d0000000,0x00000000d8724160,0x00000000d8c80000)
 Metaspace       used 79270K, capacity 81290K, committed 81512K, reserved 1122304K
  class space    used 7428K, capacity 8000K, committed 8040K, reserved 1048576K
Event: 46.818 GC heap after
Heap after GC invocations=73 (full 9):
 PSYoungGen      total 193536K, used 41516K [0x00000000f0000000, 0x0000000100000000, 0x0000000100000000)
  eden space 125952K, 0% used [0x00000000f0000000,0x00000000f0000000,0x00000000f7b00000)
  from space 67584K, 61% used [0x00000000fbe00000,0x00000000fe68b130,0x0000000100000000)
  to   space 68096K, 0% used [0x00000000f7b00000,0x00000000f7b00000,0x00000000fbd80000)
 ParOldGen       total 161280K, used 143531K [0x00000000d0000000, 0x00000000d9d80000, 0x00000000f0000000)
  object space 161280K, 88% used [0x00000000d0000000,0x00000000d8c2acd8,0x00000000d9d80000)
 Metaspace       used 79259K, capacity 81272K, committed 81512K, reserved 1122304K
  class space    used 7426K, capacity 7997K, committed 8040K, reserved 1048576K
}
Event: 47.730 GC heap before
{Heap before GC invocations=74 (full 9):
 PSYoungGen      total 193536K, used 167468K [0x00000000f0000000, 0x0000000100000000, 0x0000000100000000)
  eden space 125952K, 100% used [0x00000000f0000000,0x00000000f7b00000,0x00000000f7b00000)
  from space 67584K, 61% used [0x00000000fbe00000,0x00000000fe68b130,0x0000000100000000)
  to   space 68096K, 0% used [0x00000000f7b00000,0x00000000f7b00000,0x00000000fbd80000)
 ParOldGen       total 161280K, used 143531K [0x00000000d0000000, 0x00000000d9d80000, 0x00000000f0000000)
  object space 161280K, 88% used [0x00000000d0000000,0x00000000d8c2acd8,0x00000000d9d80000)
 Metaspace       used 80617K, capacity 82738K, committed 83048K, reserved 1124352K
  class space    used 7647K, capacity 8230K, committed 8296K, reserved 1048576K
Event: 47.858 GC heap after
Heap after GC invocations=74 (full 9):
 PSYoungGen      total 175104K, used 48789K [0x00000000f0000000, 0x0000000100000000, 0x0000000100000000)
  eden space 125952K, 0% used [0x00000000f0000000,0x00000000f0000000,0x00000000f7b00000)
  from space 49152K, 99% used [0x00000000f7b00000,0x00000000faaa5458,0x00000000fab00000)
  to   space 68608K, 0% used [0x00000000fbd00000,0x00000000fbd00000,0x0000000100000000)
 ParOldGen       total 161280K, used 144711K [0x00000000d0000000, 0x00000000d9d80000, 0x00000000f0000000)
  object space 161280K, 89% used [0x00000000d0000000,0x00000000d8d51ce8,0x00000000d9d80000)
 Metaspace       used 80617K, capacity 82738K, committed 83048K, reserved 1124352K
  class space    used 7647K, capacity 8230K, committed 8296K, reserved 1048576K
}
Event: 48.716 GC heap before
{Heap before GC invocations=75 (full 9):
 PSYoungGen      total 175104K, used 174741K [0x00000000f0000000, 0x0000000100000000, 0x0000000100000000)
  eden space 125952K, 100% used [0x00000000f0000000,0x00000000f7b00000,0x00000000f7b00000)
  from space 49152K, 99% used [0x00000000f7b00000,0x00000000faaa5458,0x00000000fab00000)
  to   space 68608K, 0% used [0x00000000fbd00000,0x00000000fbd00000,0x0000000100000000)
 ParOldGen       total 161280K, used 144711K [0x00000000d0000000, 0x00000000d9d80000, 0x00000000f0000000)
  object space 161280K, 89% used [0x00000000d0000000,0x00000000d8d51ce8,0x00000000d9d80000)
 Metaspace       used 81179K, capacity 83324K, committed 83560K, reserved 1124352K
  class space    used 7720K, capacity 8293K, committed 8296K, reserved 1048576K
Event: 48.776 GC heap after
Heap after GC invocations=75 (full 9):
 PSYoungGen      total 192512K, used 49573K [0x00000000f0000000, 0x0000000100000000, 0x0000000100000000)
  eden space 123904K, 0% used [0x00000000f0000000,0x00000000f0000000,0x00000000f7900000)
  from space 68608K, 72% used [0x00000000fbd00000,0x00000000fed69508,0x0000000100000000)
  to   space 69120K, 0% used [0x00000000f7900000,0x00000000f7900000,0x00000000fbc80000)
 ParOldGen       total 161280K, used 148119K [0x00000000d0000000, 0x00000000d9d80000, 0x00000000f0000000)
  object space 161280K, 91% used [0x00000000d0000000,0x00000000d90a5db0,0x00000000d9d80000)
 Metaspace       used 81179K, capacity 83324K, committed 83560K, reserved 1124352K
  class space    used 7720K, capacity 8293K, committed 8296K, reserved 1048576K
}

