# JRE version: Java(TM) SE Runtime Environment (8.0_11-b12) (build 1.8.0_11-b12)
# Java VM: Java HotSpot(TM) 64-Bit Server VM (25.11-b03 mixed mode windows-amd64 compressed oops)
Heap:
 PSYoungGen      total 230400K, used 60623K [0x00000000f0000000, 0x0000000100000000, 0x0000000100000000)
  eden space 198656K, 14% used [0x00000000f0000000,0x00000000f1c37d38,0x00000000fc200000)
  from space 31744K, 99% used [0x00000000fc200000,0x00000000fe0fbf60,0x00000000fe100000)
  to   space 31744K, 0% used [0x00000000fe100000,0x00000000fe100000,0x0000000100000000)
 ParOldGen       total 109568K, used 97754K [0x00000000d0000000, 0x00000000d6b00000, 0x00000000f0000000)
  object space 109568K, 89% used [0x00000000d0000000,0x00000000d5f76898,0x00000000d6b00000)
 Metaspace       used 67004K, capacity 69186K, committed 69376K, reserved 1110016K
  class space    used 7427K, capacity 8092K, committed 8192K, reserved 1048576K
GC Heap History (10 events):
Event: 37.169 GC heap before
{Heap before GC invocations=50 (full 7):
 PSYoungGen      total 240128K, used 22010K [0x00000000f0000000, 0x0000000100000000, 0x0000000100000000)
  eden space 218112K, 0% used [0x00000000f0000000,0x00000000f0000000,0x00000000fd500000)
  from space 22016K, 99% used [0x00000000fd500000,0x00000000fea7ea20,0x00000000fea80000)
  to   space 22016K, 0% used [0x00000000fea80000,0x00000000fea80000,0x0000000100000000)
 ParOldGen       total 93184K, used 84566K [0x00000000d0000000, 0x00000000d5b00000, 0x00000000f0000000)
  object space 93184K, 90% used [0x00000000d0000000,0x00000000d5295a48,0x00000000d5b00000)
 Metaspace       used 60126K, capacity 61890K, committed 62208K, reserved 1103872K
  class space    used 6810K, capacity 7305K, committed 7424K, reserved 1048576K
Event: 38.828 GC heap after
Heap after GC invocations=50 (full 7):
 PSYoungGen      total 240128K, used 11128K [0x00000000f0000000, 0x0000000100000000, 0x0000000100000000)
  eden space 218112K, 0% used [0x00000000f0000000,0x00000000f0000000,0x00000000fd500000)
  from space 22016K, 50% used [0x00000000fd500000,0x00000000fdfde2a0,0x00000000fea80000)
  to   space 22016K, 0% used [0x00000000fea80000,0x00000000fea80000,0x0000000100000000)
 ParOldGen       total 109568K, used 93021K [0x00000000d0000000, 0x00000000d6b00000, 0x00000000f0000000)
  object space 109568K, 84% used [0x00000000d0000000,0x00000000d5ad7418,0x00000000d6b00000)
 Metaspace       used 60126K, capacity 61890K, committed 62208K, reserved 1103872K
  class space    used 6810K, capacity 7305K, committed 7424K, reserved 1048576K
}
Event: 39.918 GC heap before
{Heap before GC invocations=51 (full 7):
 PSYoungGen      total 240128K, used 229240K [0x00000000f0000000, 0x0000000100000000, 0x0000000100000000)
  eden space 218112K, 100% used [0x00000000f0000000,0x00000000fd500000,0x00000000fd500000)
  from space 22016K, 50% used [0x00000000fd500000,0x00000000fdfde2a0,0x00000000fea80000)
  to   space 22016K, 0% used [0x00000000fea80000,0x00000000fea80000,0x0000000100000000)
 ParOldGen       total 109568K, used 93021K [0x00000000d0000000, 0x00000000d6b00000, 0x00000000f0000000)
  object space 109568K, 84% used [0x00000000d0000000,0x00000000d5ad7418,0x00000000d6b00000)
 Metaspace       used 62086K, capacity 63944K, committed 64128K, reserved 1105920K
  class space    used 7118K, capacity 7695K, committed 7808K, reserved 1048576K
Event: 39.996 GC heap after
Heap after GC invocations=51 (full 7):
 PSYoungGen      total 231936K, used 11746K [0x00000000f0000000, 0x0000000100000000, 0x0000000100000000)
  eden space 209920K, 0% used [0x00000000f0000000,0x00000000f0000000,0x00000000fcd00000)
  from space 22016K, 53% used [0x00000000fea80000,0x00000000ff5f88d0,0x0000000100000000)
  to   space 26112K, 0% used [0x00000000fcd00000,0x00000000fcd00000,0x00000000fe680000)
 ParOldGen       total 109568K, used 97448K [0x00000000d0000000, 0x00000000d6b00000, 0x00000000f0000000)
  object space 109568K, 88% used [0x00000000d0000000,0x00000000d5f2a098,0x00000000d6b00000)
 Metaspace       used 62086K, capacity 63944K, committed 64128K, reserved 1105920K
  class space    used 7118K, capacity 7695K, committed 7808K, reserved 1048576K
}
Event: 41.092 GC heap before
{Heap before GC invocations=52 (full 7):
 PSYoungGen      total 231936K, used 215755K [0x00000000f0000000, 0x0000000100000000, 0x0000000100000000)
  eden space 209920K, 97% used [0x00000000f0000000,0x00000000fc73a708,0x00000000fcd00000)
  from space 22016K, 53% used [0x00000000fea80000,0x00000000ff5f88d0,0x0000000100000000)
  to   space 26112K, 0% used [0x00000000fcd00000,0x00000000fcd00000,0x00000000fe680000)
 ParOldGen       total 109568K, used 97448K [0x00000000d0000000, 0x00000000d6b00000, 0x00000000f0000000)
  object space 109568K, 88% used [0x00000000d0000000,0x00000000d5f2a098,0x00000000d6b00000)
 Metaspace       used 63465K, capacity 65414K, committed 65536K, reserved 1107968K
  class space    used 7243K, capacity 7836K, committed 7936K, reserved 1048576K
Event: 41.144 GC heap after
Heap after GC invocations=52 (full 7):
 PSYoungGen      total 231936K, used 21550K [0x00000000f0000000, 0x0000000100000000, 0x0000000100000000)
  eden space 209920K, 0% used [0x00000000f0000000,0x00000000f0000000,0x00000000fcd00000)
  from space 22016K, 97% used [0x00000000fcd00000,0x00000000fe20b870,0x00000000fe280000)
  to   space 28672K, 0% used [0x00000000fe400000,0x00000000fe400000,0x0000000100000000)
 ParOldGen       total 109568K, used 97456K [0x00000000d0000000, 0x00000000d6b00000, 0x00000000f0000000)
  object space 109568K, 88% used [0x00000000d0000000,0x00000000d5f2c098,0x00000000d6b00000)
 Metaspace       used 63465K, capacity 65414K, committed 65536K, reserved 1107968K
  class space    used 7243K, capacity 7836K, committed 7936K, reserved 1048576K
}
Event: 42.322 GC heap before
{Heap before GC invocations=53 (full 7):
 PSYoungGen      total 231936K, used 231470K [0x00000000f0000000, 0x0000000100000000, 0x0000000100000000)
  eden space 209920K, 100% used [0x00000000f0000000,0x00000000fcd00000,0x00000000fcd00000)
  from space 22016K, 97% used [0x00000000fcd00000,0x00000000fe20b870,0x00000000fe280000)
  to   space 28672K, 0% used [0x00000000fe400000,0x00000000fe400000,0x0000000100000000)
 ParOldGen       total 109568K, used 97456K [0x00000000d0000000, 0x00000000d6b00000, 0x00000000f0000000)
  object space 109568K, 88% used [0x00000000d0000000,0x00000000d5f2c098,0x00000000d6b00000)
 Metaspace       used 65207K, capacity 67312K, committed 67456K, reserved 1107968K
  class space    used 7333K, capacity 7970K, committed 8064K, reserved 1048576K
Event: 42.390 GC heap after
Heap after GC invocations=53 (full 7):
 PSYoungGen      total 227328K, used 25196K [0x00000000f0000000, 0x0000000100000000, 0x0000000100000000)
  eden space 198656K, 0% used [0x00000000f0000000,0x00000000f0000000,0x00000000fc200000)
  from space 28672K, 87% used [0x00000000fe400000,0x00000000ffc9b110,0x0000000100000000)
  to   space 31744K, 0% used [0x00000000fc200000,0x00000000fc200000,0x00000000fe100000)
 ParOldGen       total 109568K, used 97464K [0x00000000d0000000, 0x00000000d6b00000, 0x00000000f0000000)
  object space 109568K, 88% used [0x00000000d0000000,0x00000000d5f2e098,0x00000000d6b00000)
 Metaspace       used 65207K, capacity 67312K, committed 67456K, reserved 1107968K
  class space    used 7333K, capacity 7970K, committed 8064K, reserved 1048576K
}
Event: 43.427 GC heap before
{Heap before GC invocations=54 (full 7):
 PSYoungGen      total 227328K, used 223852K [0x00000000f0000000, 0x0000000100000000, 0x0000000100000000)
  eden space 198656K, 100% used [0x00000000f0000000,0x00000000fc200000,0x00000000fc200000)
  from space 28672K, 87% used [0x00000000fe400000,0x00000000ffc9b110,0x0000000100000000)
  to   space 31744K, 0% used [0x00000000fc200000,0x00000000fc200000,0x00000000fe100000)
 ParOldGen       total 109568K, used 97464K [0x00000000d0000000, 0x00000000d6b00000, 0x00000000f0000000)
  object space 109568K, 88% used [0x00000000d0000000,0x00000000d5f2e098,0x00000000d6b00000)
 Metaspace       used 66631K, capacity 68816K, committed 68992K, reserved 1110016K
  class space    used 7399K, capacity 8057K, committed 8064K, reserved 1048576K
Event: 43.504 GC heap after
Heap after GC invocations=54 (full 7):
 PSYoungGen      total 230400K, used 31727K [0x00000000f0000000, 0x0000000100000000, 0x0000000100000000)
  eden space 198656K, 0% used [0x00000000f0000000,0x00000000f0000000,0x00000000fc200000)
  from space 31744K, 99% used [0x00000000fc200000,0x00000000fe0fbf60,0x00000000fe100000)
  to   space 31744K, 0% used [0x00000000fe100000,0x00000000fe100000,0x0000000100000000)
 ParOldGen       total 109568K, used 97754K [0x00000000d0000000, 0x00000000d6b00000, 0x00000000f0000000)
  object space 109568K, 89% used [0x00000000d0000000,0x00000000d5f76898,0x00000000d6b00000)
 Metaspace       used 66631K, capacity 68816K, committed 68992K, reserved 1110016K
  class space    used 7399K, capacity 8057K, committed 8064K, reserved 1048576K
}

