# JRE version: Java(TM) SE Runtime Environment (8.0_11-b12) (build 1.8.0_11-b12)
# Java VM: Java HotSpot(TM) 64-Bit Server VM (25.11-b03 mixed mode windows-amd64 compressed oops)
Heap:
 PSYoungGen      total 192512K, used 155264K [0x00000000f0000000, 0x0000000100000000, 0x0000000100000000)
  eden space 138240K, 73% used [0x00000000f0000000,0x00000000f62faed8,0x00000000f8700000)
  from space 54272K, 99% used [0x00000000f8700000,0x00000000fbba5160,0x00000000fbc00000)
  to   space 69120K, 0% used [0x00000000fbc80000,0x00000000fbc80000,0x0000000100000000)
 ParOldGen       total 126976K, used 108971K [0x00000000d0000000, 0x00000000d7c00000, 0x00000000f0000000)
  object space 126976K, 85% used [0x00000000d0000000,0x00000000d6a6ae58,0x00000000d7c00000)
 Metaspace       used 76244K, capacity 78470K, committed 78640K, reserved 1120256K
  class space    used 8037K, capacity 8686K, committed 8792K, reserved 1048576K
GC Heap History (10 events):
Event: 42.517 GC heap before
{Heap before GC invocations=59 (full 8):
 PSYoungGen      total 220672K, used 211252K [0x00000000f0000000, 0x0000000100000000, 0x0000000100000000)
  eden space 184320K, 100% used [0x00000000f0000000,0x00000000fb400000,0x00000000fb400000)
  from space 36352K, 74% used [0x00000000fdc80000,0x00000000ff6cd110,0x0000000100000000)
  to   space 38912K, 0% used [0x00000000fb400000,0x00000000fb400000,0x00000000fda00000)
 ParOldGen       total 126976K, used 108947K [0x00000000d0000000, 0x00000000d7c00000, 0x00000000f0000000)
  object space 126976K, 85% used [0x00000000d0000000,0x00000000d6a64e58,0x00000000d7c00000)
 Metaspace       used 70676K, capacity 72590K, committed 72752K, reserved 1114112K
  class space    used 7445K, capacity 8001K, committed 8024K, reserved 1048576K
Event: 42.613 GC heap after
Heap after GC invocations=59 (full 8):
 PSYoungGen      total 219648K, used 35080K [0x00000000f0000000, 0x0000000100000000, 0x0000000100000000)
  eden space 184320K, 0% used [0x00000000f0000000,0x00000000f0000000,0x00000000fb400000)
  from space 35328K, 99% used [0x00000000fb400000,0x00000000fd642098,0x00000000fd680000)
  to   space 42496K, 0% used [0x00000000fd680000,0x00000000fd680000,0x0000000100000000)
 ParOldGen       total 126976K, used 108947K [0x00000000d0000000, 0x00000000d7c00000, 0x00000000f0000000)
  object space 126976K, 85% used [0x00000000d0000000,0x00000000d6a64e58,0x00000000d7c00000)
 Metaspace       used 70676K, capacity 72590K, committed 72752K, reserved 1114112K
  class space    used 7445K, capacity 8001K, committed 8024K, reserved 1048576K
}
Event: 43.398 GC heap before
{Heap before GC invocations=60 (full 8):
 PSYoungGen      total 219648K, used 213361K [0x00000000f0000000, 0x0000000100000000, 0x0000000100000000)
  eden space 184320K, 96% used [0x00000000f0000000,0x00000000fae1a4c8,0x00000000fb400000)
  from space 35328K, 99% used [0x00000000fb400000,0x00000000fd642098,0x00000000fd680000)
  to   space 42496K, 0% used [0x00000000fd680000,0x00000000fd680000,0x0000000100000000)
 ParOldGen       total 126976K, used 108947K [0x00000000d0000000, 0x00000000d7c00000, 0x00000000f0000000)
  object space 126976K, 85% used [0x00000000d0000000,0x00000000d6a64e58,0x00000000d7c00000)
 Metaspace       used 71788K, capacity 73696K, committed 74032K, reserved 1116160K
  class space    used 7642K, capacity 8197K, committed 8280K, reserved 1048576K
Event: 43.466 GC heap after
Heap after GC invocations=60 (full 8):
 PSYoungGen      total 206336K, used 38071K [0x00000000f0000000, 0x0000000100000000, 0x0000000100000000)
  eden space 163840K, 0% used [0x00000000f0000000,0x00000000f0000000,0x00000000fa000000)
  from space 42496K, 89% used [0x00000000fd680000,0x00000000ffbadd90,0x0000000100000000)
  to   space 49152K, 0% used [0x00000000fa000000,0x00000000fa000000,0x00000000fd000000)
 ParOldGen       total 126976K, used 108955K [0x00000000d0000000, 0x00000000d7c00000, 0x00000000f0000000)
  object space 126976K, 85% used [0x00000000d0000000,0x00000000d6a66e58,0x00000000d7c00000)
 Metaspace       used 71788K, capacity 73696K, committed 74032K, reserved 1116160K
  class space    used 7642K, capacity 8197K, committed 8280K, reserved 1048576K
}
Event: 44.421 GC heap before
{Heap before GC invocations=61 (full 8):
 PSYoungGen      total 206336K, used 201911K [0x00000000f0000000, 0x0000000100000000, 0x0000000100000000)
  eden space 163840K, 100% used [0x00000000f0000000,0x00000000fa000000,0x00000000fa000000)
  from space 42496K, 89% used [0x00000000fd680000,0x00000000ffbadd90,0x0000000100000000)
  to   space 49152K, 0% used [0x00000000fa000000,0x00000000fa000000,0x00000000fd000000)
 ParOldGen       total 126976K, used 108955K [0x00000000d0000000, 0x00000000d7c00000, 0x00000000f0000000)
  object space 126976K, 85% used [0x00000000d0000000,0x00000000d6a66e58,0x00000000d7c00000)
 Metaspace       used 73222K, capacity 75156K, committed 75184K, reserved 1116160K
  class space    used 7834K, capacity 8387K, committed 8408K, reserved 1048576K
Event: 44.521 GC heap after
Heap after GC invocations=61 (full 8):
 PSYoungGen      total 205312K, used 41039K [0x00000000f0000000, 0x0000000100000000, 0x0000000100000000)
  eden space 163840K, 0% used [0x00000000f0000000,0x00000000f0000000,0x00000000fa000000)
  from space 41472K, 98% used [0x00000000fa000000,0x00000000fc813fc0,0x00000000fc880000)
  to   space 54272K, 0% used [0x00000000fcb00000,0x00000000fcb00000,0x0000000100000000)
 ParOldGen       total 126976K, used 108963K [0x00000000d0000000, 0x00000000d7c00000, 0x00000000f0000000)
  object space 126976K, 85% used [0x00000000d0000000,0x00000000d6a68e58,0x00000000d7c00000)
 Metaspace       used 73222K, capacity 75156K, committed 75184K, reserved 1116160K
  class space    used 7834K, capacity 8387K, committed 8408K, reserved 1048576K
}
Event: 45.311 GC heap before
{Heap before GC invocations=62 (full 8):
 PSYoungGen      total 205312K, used 201183K [0x00000000f0000000, 0x0000000100000000, 0x0000000100000000)
  eden space 163840K, 97% used [0x00000000f0000000,0x00000000f9c63e50,0x00000000fa000000)
  from space 41472K, 98% used [0x00000000fa000000,0x00000000fc813fc0,0x00000000fc880000)
  to   space 54272K, 0% used [0x00000000fcb00000,0x00000000fcb00000,0x0000000100000000)
 ParOldGen       total 126976K, used 108963K [0x00000000d0000000, 0x00000000d7c00000, 0x00000000f0000000)
  object space 126976K, 85% used [0x00000000d0000000,0x00000000d6a68e58,0x00000000d7c00000)
 Metaspace       used 74517K, capacity 76580K, committed 76976K, reserved 1118208K
  class space    used 7951K, capacity 8555K, committed 8664K, reserved 1048576K
Event: 45.440 GC heap after
Heap after GC invocations=62 (full 8):
 PSYoungGen      total 192512K, used 51318K [0x00000000f0000000, 0x0000000100000000, 0x0000000100000000)
  eden space 138240K, 0% used [0x00000000f0000000,0x00000000f0000000,0x00000000f8700000)
  from space 54272K, 94% used [0x00000000fcb00000,0x00000000ffd1da00,0x0000000100000000)
  to   space 61952K, 0% used [0x00000000f8700000,0x00000000f8700000,0x00000000fc380000)
 ParOldGen       total 126976K, used 108971K [0x00000000d0000000, 0x00000000d7c00000, 0x00000000f0000000)
  object space 126976K, 85% used [0x00000000d0000000,0x00000000d6a6ae58,0x00000000d7c00000)
 Metaspace       used 74517K, capacity 76580K, committed 76976K, reserved 1118208K
  class space    used 7951K, capacity 8555K, committed 8664K, reserved 1048576K
}
Event: 46.209 GC heap before
{Heap before GC invocations=63 (full 8):
 PSYoungGen      total 192512K, used 187336K [0x00000000f0000000, 0x0000000100000000, 0x0000000100000000)
  eden space 138240K, 98% used [0x00000000f0000000,0x00000000f84d48d8,0x00000000f8700000)
  from space 54272K, 94% used [0x00000000fcb00000,0x00000000ffd1da00,0x0000000100000000)
  to   space 61952K, 0% used [0x00000000f8700000,0x00000000f8700000,0x00000000fc380000)
 ParOldGen       total 126976K, used 108971K [0x00000000d0000000, 0x00000000d7c00000, 0x00000000f0000000)
  object space 126976K, 85% used [0x00000000d0000000,0x00000000d6a6ae58,0x00000000d7c00000)
 Metaspace       used 75629K, capacity 77838K, committed 78000K, reserved 1118208K
  class space    used 8006K, capacity 8646K, committed 8664K, reserved 1048576K
Event: 46.314 GC heap after
Heap after GC invocations=63 (full 8):
 PSYoungGen      total 192512K, used 53908K [0x00000000f0000000, 0x0000000100000000, 0x0000000100000000)
  eden space 138240K, 0% used [0x00000000f0000000,0x00000000f0000000,0x00000000f8700000)
  from space 54272K, 99% used [0x00000000f8700000,0x00000000fbba5160,0x00000000fbc00000)
  to   space 69120K, 0% used [0x00000000fbc80000,0x00000000fbc80000,0x0000000100000000)
 ParOldGen       total 126976K, used 108971K [0x00000000d0000000, 0x00000000d7c00000, 0x00000000f0000000)
  object space 126976K, 85% used [0x00000000d0000000,0x00000000d6a6ae58,0x00000000d7c00000)
 Metaspace       used 75629K, capacity 77838K, committed 78000K, reserved 1118208K
  class space    used 8006K, capacity 8646K, committed 8664K, reserved 1048576K
}

