# JRE version: Java(TM) SE Runtime Environment (8.0_11-b12) (build 1.8.0_11-b12)
# Java VM: Java HotSpot(TM) 64-Bit Server VM (25.11-b03 mixed mode windows-amd64 compressed oops)
Heap:
 PSYoungGen      total 186880K, used 117961K [0x00000000f0000000, 0x0000000100000000, 0x0000000100000000)
  eden space 121856K, 53% used [0x00000000f0000000,0x00000000f3ff13e8,0x00000000f7700000)
  from space 65024K, 80% used [0x00000000fc080000,0x00000000ff3c1120,0x0000000100000000)
  to   space 70144K, 0% used [0x00000000f7700000,0x00000000f7700000,0x00000000fbb80000)
 ParOldGen       total 119296K, used 104429K [0x00000000d0000000, 0x00000000d7480000, 0x00000000f0000000)
  object space 119296K, 87% used [0x00000000d0000000,0x00000000d65fb660,0x00000000d7480000)
 Metaspace       used 74641K, capacity 76852K, committed 77184K, reserved 1118208K
  class space    used 7857K, capacity 8475K, committed 8576K, reserved 1048576K
GC Heap History (10 events):
Event: 38.978 GC heap before
{Heap before GC invocations=71 (full 7):
 PSYoungGen      total 212992K, used 208118K [0x00000000f0000000, 0x0000000100000000, 0x0000000100000000)
  eden space 178176K, 97% used [0x00000000f0000000,0x00000000fa98e730,0x00000000fae00000)
  from space 34816K, 99% used [0x00000000fae00000,0x00000000fcfaf1b8,0x00000000fd000000)
  to   space 45056K, 0% used [0x00000000fd400000,0x00000000fd400000,0x0000000100000000)
 ParOldGen       total 119296K, used 100441K [0x00000000d0000000, 0x00000000d7480000, 0x00000000f0000000)
  object space 119296K, 84% used [0x00000000d0000000,0x00000000d62164b8,0x00000000d7480000)
 Metaspace       used 71004K, capacity 72974K, committed 73216K, reserved 1114112K
  class space    used 7330K, capacity 7899K, committed 7936K, reserved 1048576K
Event: 39.042 GC heap after
Heap after GC invocations=71 (full 7):
 PSYoungGen      total 207872K, used 40842K [0x00000000f0000000, 0x0000000100000000, 0x0000000100000000)
  eden space 162816K, 0% used [0x00000000f0000000,0x00000000f0000000,0x00000000f9f00000)
  from space 45056K, 90% used [0x00000000fd400000,0x00000000ffbe2990,0x0000000100000000)
  to   space 49664K, 0% used [0x00000000f9f00000,0x00000000f9f00000,0x00000000fcf80000)
 ParOldGen       total 119296K, used 100449K [0x00000000d0000000, 0x00000000d7480000, 0x00000000f0000000)
  object space 119296K, 84% used [0x00000000d0000000,0x00000000d62184b8,0x00000000d7480000)
 Metaspace       used 71004K, capacity 72974K, committed 73216K, reserved 1114112K
  class space    used 7330K, capacity 7899K, committed 7936K, reserved 1048576K
}
Event: 39.694 GC heap before
{Heap before GC invocations=72 (full 7):
 PSYoungGen      total 207872K, used 195668K [0x00000000f0000000, 0x0000000100000000, 0x0000000100000000)
  eden space 162816K, 95% used [0x00000000f0000000,0x00000000f97329e8,0x00000000f9f00000)
  from space 45056K, 90% used [0x00000000fd400000,0x00000000ffbe2990,0x0000000100000000)
  to   space 49664K, 0% used [0x00000000f9f00000,0x00000000f9f00000,0x00000000fcf80000)
 ParOldGen       total 119296K, used 100449K [0x00000000d0000000, 0x00000000d7480000, 0x00000000f0000000)
  object space 119296K, 84% used [0x00000000d0000000,0x00000000d62184b8,0x00000000d7480000)
 Metaspace       used 71335K, capacity 73332K, committed 73472K, reserved 1114112K
  class space    used 7363K, capacity 7932K, committed 7936K, reserved 1048576K
Event: 40.088 GC heap after
Heap after GC invocations=72 (full 7):
 PSYoungGen      total 203776K, used 40513K [0x00000000f0000000, 0x0000000100000000, 0x0000000100000000)
  eden space 162816K, 0% used [0x00000000f0000000,0x00000000f0000000,0x00000000f9f00000)
  from space 40960K, 98% used [0x00000000f9f00000,0x00000000fc690400,0x00000000fc700000)
  to   space 53760K, 0% used [0x00000000fcb80000,0x00000000fcb80000,0x0000000100000000)
 ParOldGen       total 119296K, used 101881K [0x00000000d0000000, 0x00000000d7480000, 0x00000000f0000000)
  object space 119296K, 85% used [0x00000000d0000000,0x00000000d637e4b8,0x00000000d7480000)
 Metaspace       used 71335K, capacity 73332K, committed 73472K, reserved 1114112K
  class space    used 7363K, capacity 7932K, committed 7936K, reserved 1048576K
}
Event: 41.807 GC heap before
{Heap before GC invocations=73 (full 7):
 PSYoungGen      total 203776K, used 203329K [0x00000000f0000000, 0x0000000100000000, 0x0000000100000000)
  eden space 162816K, 100% used [0x00000000f0000000,0x00000000f9f00000,0x00000000f9f00000)
  from space 40960K, 98% used [0x00000000f9f00000,0x00000000fc690400,0x00000000fc700000)
  to   space 53760K, 0% used [0x00000000fcb80000,0x00000000fcb80000,0x0000000100000000)
 ParOldGen       total 119296K, used 101881K [0x00000000d0000000, 0x00000000d7480000, 0x00000000f0000000)
  object space 119296K, 85% used [0x00000000d0000000,0x00000000d637e4b8,0x00000000d7480000)
 Metaspace       used 72259K, capacity 74364K, committed 74496K, reserved 1116160K
  class space    used 7503K, capacity 8114K, committed 8192K, reserved 1048576K
Event: 43.978 GC heap after
Heap after GC invocations=73 (full 7):
 PSYoungGen      total 198144K, used 47383K [0x00000000f0000000, 0x0000000100000000, 0x0000000100000000)
  eden space 144384K, 0% used [0x00000000f0000000,0x00000000f0000000,0x00000000f8d00000)
  from space 53760K, 88% used [0x00000000fcb80000,0x00000000ff9c5da0,0x0000000100000000)
  to   space 58880K, 0% used [0x00000000f8d00000,0x00000000f8d00000,0x00000000fc680000)
 ParOldGen       total 119296K, used 102468K [0x00000000d0000000, 0x00000000d7480000, 0x00000000f0000000)
  object space 119296K, 85% used [0x00000000d0000000,0x00000000d64113f0,0x00000000d7480000)
 Metaspace       used 72259K, capacity 74364K, committed 74496K, reserved 1116160K
  class space    used 7503K, capacity 8114K, committed 8192K, reserved 1048576K
}
Event: 45.267 GC heap before
{Heap before GC invocations=74 (full 7):
 PSYoungGen      total 198144K, used 191767K [0x00000000f0000000, 0x0000000100000000, 0x0000000100000000)
  eden space 144384K, 100% used [0x00000000f0000000,0x00000000f8d00000,0x00000000f8d00000)
  from space 53760K, 88% used [0x00000000fcb80000,0x00000000ff9c5da0,0x0000000100000000)
  to   space 58880K, 0% used [0x00000000f8d00000,0x00000000f8d00000,0x00000000fc680000)
 ParOldGen       total 119296K, used 102468K [0x00000000d0000000, 0x00000000d7480000, 0x00000000f0000000)
  object space 119296K, 85% used [0x00000000d0000000,0x00000000d64113f0,0x00000000d7480000)
 Metaspace       used 73512K, capacity 75764K, committed 75904K, reserved 1116160K
  class space    used 7650K, capacity 8283K, committed 8320K, reserved 1048576K
Event: 45.458 GC heap after
Heap after GC invocations=74 (full 7):
 PSYoungGen      total 197120K, used 52618K [0x00000000f0000000, 0x0000000100000000, 0x0000000100000000)
  eden space 144384K, 0% used [0x00000000f0000000,0x00000000f0000000,0x00000000f8d00000)
  from space 52736K, 99% used [0x00000000f8d00000,0x00000000fc062b70,0x00000000fc080000)
  to   space 65024K, 0% used [0x00000000fc080000,0x00000000fc080000,0x0000000100000000)
 ParOldGen       total 119296K, used 103315K [0x00000000d0000000, 0x00000000d7480000, 0x00000000f0000000)
  object space 119296K, 86% used [0x00000000d0000000,0x00000000d64e4e50,0x00000000d7480000)
 Metaspace       used 73512K, capacity 75764K, committed 75904K, reserved 1116160K
  class space    used 7650K, capacity 8283K, committed 8320K, reserved 1048576K
}
Event: 46.038 GC heap before
{Heap before GC invocations=75 (full 7):
 PSYoungGen      total 197120K, used 191231K [0x00000000f0000000, 0x0000000100000000, 0x0000000100000000)
  eden space 144384K, 96% used [0x00000000f0000000,0x00000000f875d288,0x00000000f8d00000)
  from space 52736K, 99% used [0x00000000f8d00000,0x00000000fc062b70,0x00000000fc080000)
  to   space 65024K, 0% used [0x00000000fc080000,0x00000000fc080000,0x0000000100000000)
 ParOldGen       total 119296K, used 103315K [0x00000000d0000000, 0x00000000d7480000, 0x00000000f0000000)
  object space 119296K, 86% used [0x00000000d0000000,0x00000000d64e4e50,0x00000000d7480000)
 Metaspace       used 74411K, capacity 76628K, committed 76800K, reserved 1118208K
  class space    used 7821K, capacity 8443K, committed 8448K, reserved 1048576K
Event: 46.275 GC heap after
Heap after GC invocations=75 (full 7):
 PSYoungGen      total 186880K, used 52484K [0x00000000f0000000, 0x0000000100000000, 0x0000000100000000)
  eden space 121856K, 0% used [0x00000000f0000000,0x00000000f0000000,0x00000000f7700000)
  from space 65024K, 80% used [0x00000000fc080000,0x00000000ff3c1120,0x0000000100000000)
  to   space 70144K, 0% used [0x00000000f7700000,0x00000000f7700000,0x00000000fbb80000)
 ParOldGen       total 119296K, used 104429K [0x00000000d0000000, 0x00000000d7480000, 0x00000000f0000000)
  object space 119296K, 87% used [0x00000000d0000000,0x00000000d65fb660,0x00000000d7480000)
 Metaspace       used 74411K, capacity 76628K, committed 76800K, reserved 1118208K
  class space    used 7821K, capacity 8443K, committed 8448K, reserved 1048576K
}

