# JRE version: Java(TM) SE Runtime Environment (8.0_11-b12) (build 1.8.0_11-b12)
# Java VM: Java HotSpot(TM) 64-Bit Server VM (25.11-b03 mixed mode windows-amd64 compressed oops)
Heap:
 PSYoungGen      total 246784K, used 51030K [0x00000000f0000000, 0x0000000100000000, 0x0000000100000000)
  eden space 231424K, 15% used [0x00000000f0000000,0x00000000f22db878,0x00000000fe200000)
  from space 15360K, 99% used [0x00000000fe200000,0x00000000ff0fa1c0,0x00000000ff100000)
  to   space 15360K, 0% used [0x00000000ff100000,0x00000000ff100000,0x0000000100000000)
 ParOldGen       total 92160K, used 81977K [0x00000000d0000000, 0x00000000d5a00000, 0x00000000f0000000)
  object space 92160K, 88% used [0x00000000d0000000,0x00000000d500e490,0x00000000d5a00000)
 Metaspace       used 58292K, capacity 59890K, committed 60160K, reserved 1101824K
  class space    used 6577K, capacity 7057K, committed 7168K, reserved 1048576K
GC Heap History (10 events):
Event: 22.783 GC heap before
{Heap before GC invocations=45 (full 5):
 PSYoungGen      total 251904K, used 248212K [0x00000000f0000000, 0x0000000100000000, 0x0000000100000000)
  eden space 243200K, 100% used [0x00000000f0000000,0x00000000fed80000,0x00000000fed80000)
  from space 8704K, 57% used [0x00000000fed80000,0x00000000ff265378,0x00000000ff600000)
  to   space 8704K, 0% used [0x00000000ff780000,0x00000000ff780000,0x0000000100000000)
 ParOldGen       total 77312K, used 62714K [0x00000000d0000000, 0x00000000d4b80000, 0x00000000f0000000)
  object space 77312K, 81% used [0x00000000d0000000,0x00000000d3d3eae0,0x00000000d4b80000)
 Metaspace       used 53088K, capacity 54644K, committed 54912K, reserved 1097728K
  class space    used 5923K, capacity 6414K, committed 6528K, reserved 1048576K
Event: 22.824 GC heap after
Heap after GC invocations=45 (full 5):
 PSYoungGen      total 250368K, used 8643K [0x00000000f0000000, 0x0000000100000000, 0x0000000100000000)
  eden space 241664K, 0% used [0x00000000f0000000,0x00000000f0000000,0x00000000fec00000)
  from space 8704K, 99% used [0x00000000ff780000,0x00000000ffff0d18,0x0000000100000000)
  to   space 10240K, 0% used [0x00000000fec00000,0x00000000fec00000,0x00000000ff600000)
 ParOldGen       total 77312K, used 62722K [0x00000000d0000000, 0x00000000d4b80000, 0x00000000f0000000)
  object space 77312K, 81% used [0x00000000d0000000,0x00000000d3d40ae0,0x00000000d4b80000)
 Metaspace       used 53088K, capacity 54644K, committed 54912K, reserved 1097728K
  class space    used 5923K, capacity 6414K, committed 6528K, reserved 1048576K
}
Event: 24.252 GC heap before
{Heap before GC invocations=46 (full 5):
 PSYoungGen      total 250368K, used 250307K [0x00000000f0000000, 0x0000000100000000, 0x0000000100000000)
  eden space 241664K, 100% used [0x00000000f0000000,0x00000000fec00000,0x00000000fec00000)
  from space 8704K, 99% used [0x00000000ff780000,0x00000000ffff0d18,0x0000000100000000)
  to   space 10240K, 0% used [0x00000000fec00000,0x00000000fec00000,0x00000000ff600000)
 ParOldGen       total 77312K, used 62722K [0x00000000d0000000, 0x00000000d4b80000, 0x00000000f0000000)
  object space 77312K, 81% used [0x00000000d0000000,0x00000000d3d40ae0,0x00000000d4b80000)
 Metaspace       used 54368K, capacity 55990K, committed 56320K, reserved 1099776K
  class space    used 6071K, capacity 6554K, committed 6656K, reserved 1048576K
Event: 24.284 GC heap after
Heap after GC invocations=46 (full 5):
 PSYoungGen      total 251904K, used 10224K [0x00000000f0000000, 0x0000000100000000, 0x0000000100000000)
  eden space 241664K, 0% used [0x00000000f0000000,0x00000000f0000000,0x00000000fec00000)
  from space 10240K, 99% used [0x00000000fec00000,0x00000000ff5fc030,0x00000000ff600000)
  to   space 10240K, 0% used [0x00000000ff600000,0x00000000ff600000,0x0000000100000000)
 ParOldGen       total 77312K, used 68092K [0x00000000d0000000, 0x00000000d4b80000, 0x00000000f0000000)
  object space 77312K, 88% used [0x00000000d0000000,0x00000000d427f1b8,0x00000000d4b80000)
 Metaspace       used 54368K, capacity 55990K, committed 56320K, reserved 1099776K
  class space    used 6071K, capacity 6554K, committed 6656K, reserved 1048576K
}
Event: 24.284 GC heap before
{Heap before GC invocations=47 (full 6):
 PSYoungGen      total 251904K, used 10224K [0x00000000f0000000, 0x0000000100000000, 0x0000000100000000)
  eden space 241664K, 0% used [0x00000000f0000000,0x00000000f0000000,0x00000000fec00000)
  from space 10240K, 99% used [0x00000000fec00000,0x00000000ff5fc030,0x00000000ff600000)
  to   space 10240K, 0% used [0x00000000ff600000,0x00000000ff600000,0x0000000100000000)
 ParOldGen       total 77312K, used 68092K [0x00000000d0000000, 0x00000000d4b80000, 0x00000000f0000000)
  object space 77312K, 88% used [0x00000000d0000000,0x00000000d427f1b8,0x00000000d4b80000)
 Metaspace       used 54368K, capacity 55990K, committed 56320K, reserved 1099776K
  class space    used 6071K, capacity 6554K, committed 6656K, reserved 1048576K
Event: 24.904 GC heap after
Heap after GC invocations=47 (full 6):
 PSYoungGen      total 251904K, used 0K [0x00000000f0000000, 0x0000000100000000, 0x0000000100000000)
  eden space 241664K, 0% used [0x00000000f0000000,0x00000000f0000000,0x00000000fec00000)
  from space 10240K, 0% used [0x00000000fec00000,0x00000000fec00000,0x00000000ff600000)
  to   space 10240K, 0% used [0x00000000ff600000,0x00000000ff600000,0x0000000100000000)
 ParOldGen       total 92160K, used 76720K [0x00000000d0000000, 0x00000000d5a00000, 0x00000000f0000000)
  object space 92160K, 83% used [0x00000000d0000000,0x00000000d4aec258,0x00000000d5a00000)
 Metaspace       used 54368K, capacity 55990K, committed 56320K, reserved 1099776K
  class space    used 6071K, capacity 6554K, committed 6656K, reserved 1048576K
}
Event: 26.799 GC heap before
{Heap before GC invocations=48 (full 6):
 PSYoungGen      total 251904K, used 241664K [0x00000000f0000000, 0x0000000100000000, 0x0000000100000000)
  eden space 241664K, 100% used [0x00000000f0000000,0x00000000fec00000,0x00000000fec00000)
  from space 10240K, 0% used [0x00000000fec00000,0x00000000fec00000,0x00000000ff600000)
  to   space 10240K, 0% used [0x00000000ff600000,0x00000000ff600000,0x0000000100000000)
 ParOldGen       total 92160K, used 76720K [0x00000000d0000000, 0x00000000d5a00000, 0x00000000f0000000)
  object space 92160K, 83% used [0x00000000d0000000,0x00000000d4aec258,0x00000000d5a00000)
 Metaspace       used 56199K, capacity 57782K, committed 57984K, reserved 1099776K
  class space    used 6243K, capacity 6722K, committed 6784K, reserved 1048576K
Event: 26.819 GC heap after
Heap after GC invocations=48 (full 6):
 PSYoungGen      total 241664K, used 10209K [0x00000000f0000000, 0x0000000100000000, 0x0000000100000000)
  eden space 231424K, 0% used [0x00000000f0000000,0x00000000f0000000,0x00000000fe200000)
  from space 10240K, 99% used [0x00000000ff600000,0x00000000ffff85b0,0x0000000100000000)
  to   space 15360K, 0% used [0x00000000fe200000,0x00000000fe200000,0x00000000ff100000)
 ParOldGen       total 92160K, used 78469K [0x00000000d0000000, 0x00000000d5a00000, 0x00000000f0000000)
  object space 92160K, 85% used [0x00000000d0000000,0x00000000d4ca1468,0x00000000d5a00000)
 Metaspace       used 56199K, capacity 57782K, committed 57984K, reserved 1099776K
  class space    used 6243K, capacity 6722K, committed 6784K, reserved 1048576K
}
Event: 27.792 GC heap before
{Heap before GC invocations=49 (full 6):
 PSYoungGen      total 241664K, used 241633K [0x00000000f0000000, 0x0000000100000000, 0x0000000100000000)
  eden space 231424K, 100% used [0x00000000f0000000,0x00000000fe200000,0x00000000fe200000)
  from space 10240K, 99% used [0x00000000ff600000,0x00000000ffff85b0,0x0000000100000000)
  to   space 15360K, 0% used [0x00000000fe200000,0x00000000fe200000,0x00000000ff100000)
 ParOldGen       total 92160K, used 78469K [0x00000000d0000000, 0x00000000d5a00000, 0x00000000f0000000)
  object space 92160K, 85% used [0x00000000d0000000,0x00000000d4ca1468,0x00000000d5a00000)
 Metaspace       used 58066K, capacity 59752K, committed 60032K, reserved 1101824K
  class space    used 6532K, capacity 7038K, committed 7040K, reserved 1048576K
Event: 27.818 GC heap after
Heap after GC invocations=49 (full 6):
 PSYoungGen      total 246784K, used 15336K [0x00000000f0000000, 0x0000000100000000, 0x0000000100000000)
  eden space 231424K, 0% used [0x00000000f0000000,0x00000000f0000000,0x00000000fe200000)
  from space 15360K, 99% used [0x00000000fe200000,0x00000000ff0fa1c0,0x00000000ff100000)
  to   space 15360K, 0% used [0x00000000ff100000,0x00000000ff100000,0x0000000100000000)
 ParOldGen       total 92160K, used 81977K [0x00000000d0000000, 0x00000000d5a00000, 0x00000000f0000000)
  object space 92160K, 88% used [0x00000000d0000000,0x00000000d500e490,0x00000000d5a00000)
 Metaspace       used 58066K, capacity 59752K, committed 60032K, reserved 1101824K
  class space    used 6532K, capacity 7038K, committed 7040K, reserved 1048576K
}

