# JRE version: Java(TM) SE Runtime Environment (8.0_11-b12) (build 1.8.0_11-b12)
# Java VM: Java HotSpot(TM) 64-Bit Server VM (25.11-b03 mixed mode windows-amd64 compressed oops)
Heap:
 PSYoungGen      total 187904K, used 123006K [0x00000000f0000000, 0x0000000100000000, 0x0000000100000000)
  eden space 112128K, 68% used [0x00000000f0000000,0x00000000f4b61ad8,0x00000000f6d80000)
  from space 75776K, 60% used [0x00000000fb600000,0x00000000fe2be118,0x0000000100000000)
  to   space 74240K, 0% used [0x00000000f6d80000,0x00000000f6d80000,0x00000000fb600000)
 ParOldGen       total 134656K, used 123568K [0x00000000d0000000, 0x00000000d8380000, 0x00000000f0000000)
  object space 134656K, 91% used [0x00000000d0000000,0x00000000d78ac208,0x00000000d8380000)
 Metaspace       used 78181K, capacity 80564K, committed 80640K, reserved 1120256K
  class space    used 8197K, capacity 8916K, committed 8960K, reserved 1048576K
GC Heap History (10 events):
Event: 46.597 GC heap before
{Heap before GC invocations=83 (full 8):
 PSYoungGen      total 187904K, used 163366K [0x00000000f0000000, 0x0000000100000000, 0x0000000100000000)
  eden space 119808K, 92% used [0x00000000f0000000,0x00000000f6caf8b0,0x00000000f7500000)
  from space 68096K, 76% used [0x00000000fbd80000,0x00000000ff05a200,0x0000000100000000)
  to   space 71168K, 0% used [0x00000000f7500000,0x00000000f7500000,0x00000000fba80000)
 ParOldGen       total 115712K, used 104137K [0x00000000d0000000, 0x00000000d7100000, 0x00000000f0000000)
  object space 115712K, 89% used [0x00000000d0000000,0x00000000d65b25c8,0x00000000d7100000)
 Metaspace       used 74463K, capacity 76666K, committed 76928K, reserved 1118208K
  class space    used 7834K, capacity 8474K, committed 8576K, reserved 1048576K
Event: 46.703 GC heap after
Heap after GC invocations=83 (full 8):
 PSYoungGen      total 172544K, used 52521K [0x00000000f0000000, 0x0000000100000000, 0x0000000100000000)
  eden space 119808K, 0% used [0x00000000f0000000,0x00000000f0000000,0x00000000f7500000)
  from space 52736K, 99% used [0x00000000f7500000,0x00000000fa84a798,0x00000000fa880000)
  to   space 73728K, 0% used [0x00000000fb800000,0x00000000fb800000,0x0000000100000000)
 ParOldGen       total 115712K, used 104417K [0x00000000d0000000, 0x00000000d7100000, 0x00000000f0000000)
  object space 115712K, 90% used [0x00000000d0000000,0x00000000d65f85c8,0x00000000d7100000)
 Metaspace       used 74463K, capacity 76666K, committed 76928K, reserved 1118208K
  class space    used 7834K, capacity 8474K, committed 8576K, reserved 1048576K
}
Event: 47.262 GC heap before
{Heap before GC invocations=84 (full 8):
 PSYoungGen      total 172544K, used 172329K [0x00000000f0000000, 0x0000000100000000, 0x0000000100000000)
  eden space 119808K, 100% used [0x00000000f0000000,0x00000000f7500000,0x00000000f7500000)
  from space 52736K, 99% used [0x00000000f7500000,0x00000000fa84a798,0x00000000fa880000)
  to   space 73728K, 0% used [0x00000000fb800000,0x00000000fb800000,0x0000000100000000)
 ParOldGen       total 115712K, used 104417K [0x00000000d0000000, 0x00000000d7100000, 0x00000000f0000000)
  object space 115712K, 90% used [0x00000000d0000000,0x00000000d65f85c8,0x00000000d7100000)
 Metaspace       used 75580K, capacity 77800K, committed 78080K, reserved 1118208K
  class space    used 7982K, capacity 8600K, committed 8704K, reserved 1048576K
Event: 48.838 GC heap after
Heap after GC invocations=84 (full 8):
 PSYoungGen      total 185344K, used 51414K [0x00000000f0000000, 0x0000000100000000, 0x0000000100000000)
  eden space 111616K, 0% used [0x00000000f0000000,0x00000000f0000000,0x00000000f6d00000)
  from space 73728K, 69% used [0x00000000fb800000,0x00000000fea35b10,0x0000000100000000)
  to   space 75264K, 0% used [0x00000000f6d00000,0x00000000f6d00000,0x00000000fb680000)
 ParOldGen       total 115712K, used 107321K [0x00000000d0000000, 0x00000000d7100000, 0x00000000f0000000)
  object space 115712K, 92% used [0x00000000d0000000,0x00000000d68ce5c8,0x00000000d7100000)
 Metaspace       used 75580K, capacity 77800K, committed 78080K, reserved 1118208K
  class space    used 7982K, capacity 8600K, committed 8704K, reserved 1048576K
}
Event: 49.705 GC heap before
{Heap before GC invocations=85 (full 8):
 PSYoungGen      total 185344K, used 160242K [0x00000000f0000000, 0x0000000100000000, 0x0000000100000000)
  eden space 111616K, 97% used [0x00000000f0000000,0x00000000f6a46f60,0x00000000f6d00000)
  from space 73728K, 69% used [0x00000000fb800000,0x00000000fea35b10,0x0000000100000000)
  to   space 75264K, 0% used [0x00000000f6d00000,0x00000000f6d00000,0x00000000fb680000)
 ParOldGen       total 115712K, used 107321K [0x00000000d0000000, 0x00000000d7100000, 0x00000000f0000000)
  object space 115712K, 92% used [0x00000000d0000000,0x00000000d68ce5c8,0x00000000d7100000)
 Metaspace       used 76075K, capacity 78308K, committed 78592K, reserved 1120256K
  class space    used 8044K, capacity 8664K, committed 8704K, reserved 1048576K
Event: 49.878 GC heap after
Heap after GC invocations=85 (full 8):
 PSYoungGen      total 160768K, used 48992K [0x00000000f0000000, 0x0000000100000000, 0x0000000100000000)
  eden space 111616K, 0% used [0x00000000f0000000,0x00000000f0000000,0x00000000f6d00000)
  from space 49152K, 99% used [0x00000000f6d00000,0x00000000f9cd82f8,0x00000000f9d00000)
  to   space 75776K, 0% used [0x00000000fb600000,0x00000000fb600000,0x0000000100000000)
 ParOldGen       total 115712K, used 111661K [0x00000000d0000000, 0x00000000d7100000, 0x00000000f0000000)
  object space 115712K, 96% used [0x00000000d0000000,0x00000000d6d0b608,0x00000000d7100000)
 Metaspace       used 76075K, capacity 78308K, committed 78592K, reserved 1120256K
  class space    used 8044K, capacity 8664K, committed 8704K, reserved 1048576K
}
Event: 49.878 GC heap before
{Heap before GC invocations=86 (full 9):
 PSYoungGen      total 160768K, used 48992K [0x00000000f0000000, 0x0000000100000000, 0x0000000100000000)
  eden space 111616K, 0% used [0x00000000f0000000,0x00000000f0000000,0x00000000f6d00000)
  from space 49152K, 99% used [0x00000000f6d00000,0x00000000f9cd82f8,0x00000000f9d00000)
  to   space 75776K, 0% used [0x00000000fb600000,0x00000000fb600000,0x0000000100000000)
 ParOldGen       total 115712K, used 111661K [0x00000000d0000000, 0x00000000d7100000, 0x00000000f0000000)
  object space 115712K, 96% used [0x00000000d0000000,0x00000000d6d0b608,0x00000000d7100000)
 Metaspace       used 76075K, capacity 78308K, committed 78592K, reserved 1120256K
  class space    used 8044K, capacity 8664K, committed 8704K, reserved 1048576K
Event: 52.749 GC heap after
Heap after GC invocations=86 (full 9):
 PSYoungGen      total 160768K, used 44003K [0x00000000f0000000, 0x0000000100000000, 0x0000000100000000)
  eden space 111616K, 0% used [0x00000000f0000000,0x00000000f0000000,0x00000000f6d00000)
  from space 49152K, 89% used [0x00000000f6d00000,0x00000000f97f8fa8,0x00000000f9d00000)
  to   space 75776K, 0% used [0x00000000fb600000,0x00000000fb600000,0x0000000100000000)
 ParOldGen       total 134656K, used 115421K [0x00000000d0000000, 0x00000000d8380000, 0x00000000f0000000)
  object space 134656K, 85% used [0x00000000d0000000,0x00000000d70b7430,0x00000000d8380000)
 Metaspace       used 76060K, capacity 78284K, committed 78592K, reserved 1120256K
  class space    used 8042K, capacity 8660K, committed 8704K, reserved 1048576K
}
Event: 53.582 GC heap before
{Heap before GC invocations=87 (full 9):
 PSYoungGen      total 160768K, used 149984K [0x00000000f0000000, 0x0000000100000000, 0x0000000100000000)
  eden space 111616K, 94% used [0x00000000f0000000,0x00000000f677f1f8,0x00000000f6d00000)
  from space 49152K, 89% used [0x00000000f6d00000,0x00000000f97f8fa8,0x00000000f9d00000)
  to   space 75776K, 0% used [0x00000000fb600000,0x00000000fb600000,0x0000000100000000)
 ParOldGen       total 134656K, used 115421K [0x00000000d0000000, 0x00000000d8380000, 0x00000000f0000000)
  object space 134656K, 85% used [0x00000000d0000000,0x00000000d70b7430,0x00000000d8380000)
 Metaspace       used 77283K, capacity 79542K, committed 79744K, reserved 1120256K
  class space    used 8143K, capacity 8794K, committed 8832K, reserved 1048576K
Event: 53.867 GC heap after
Heap after GC invocations=87 (full 9):
 PSYoungGen      total 187904K, used 45816K [0x00000000f0000000, 0x0000000100000000, 0x0000000100000000)
  eden space 112128K, 0% used [0x00000000f0000000,0x00000000f0000000,0x00000000f6d80000)
  from space 75776K, 60% used [0x00000000fb600000,0x00000000fe2be118,0x0000000100000000)
  to   space 74240K, 0% used [0x00000000f6d80000,0x00000000f6d80000,0x00000000fb600000)
 ParOldGen       total 134656K, used 123568K [0x00000000d0000000, 0x00000000d8380000, 0x00000000f0000000)
  object space 134656K, 91% used [0x00000000d0000000,0x00000000d78ac208,0x00000000d8380000)
 Metaspace       used 77283K, capacity 79542K, committed 79744K, reserved 1120256K
  class space    used 8143K, capacity 8794K, committed 8832K, reserved 1048576K
}

