# JRE version: Java(TM) SE Runtime Environment (8.0_11-b12) (build 1.8.0_11-b12)
# Java VM: Java HotSpot(TM) 64-Bit Server VM (25.11-b03 mixed mode windows-amd64 compressed oops)
Heap:
 PSYoungGen      total 226304K, used 90114K [0x00000000f0000000, 0x0000000100000000, 0x0000000100000000)
  eden space 197632K, 32% used [0x00000000f0000000,0x00000000f3f25df8,0x00000000fc100000)
  from space 28672K, 88% used [0x00000000fe400000,0x00000000ffcdacd0,0x0000000100000000)
  to   space 32256K, 0% used [0x00000000fc100000,0x00000000fc100000,0x00000000fe080000)
 ParOldGen       total 128512K, used 109326K [0x00000000d0000000, 0x00000000d7d80000, 0x00000000f0000000)
  object space 128512K, 85% used [0x00000000d0000000,0x00000000d6ac38c8,0x00000000d7d80000)
 Metaspace       used 68679K, capacity 70478K, committed 70724K, reserved 1112064K
  class space    used 7269K, capacity 7798K, committed 7808K, reserved 1048576K
GC Heap History (10 events):
Event: 58.246 GC heap before
{Heap before GC invocations=68 (full 7):
 PSYoungGen      total 238080K, used 238068K [0x00000000f0000000, 0x0000000100000000, 0x0000000100000000)
  eden space 225280K, 100% used [0x00000000f0000000,0x00000000fdc00000,0x00000000fdc00000)
  from space 12800K, 99% used [0x00000000ff380000,0x00000000ffffd010,0x0000000100000000)
  to   space 18432K, 0% used [0x00000000fdc00000,0x00000000fdc00000,0x00000000fee00000)
 ParOldGen       total 109056K, used 95306K [0x00000000d0000000, 0x00000000d6a80000, 0x00000000f0000000)
  object space 109056K, 87% used [0x00000000d0000000,0x00000000d5d128e0,0x00000000d6a80000)
 Metaspace       used 64672K, capacity 66266K, committed 66628K, reserved 1107968K
  class space    used 6714K, capacity 7177K, committed 7296K, reserved 1048576K
Event: 58.320 GC heap after
Heap after GC invocations=68 (full 7):
 PSYoungGen      total 243712K, used 18400K [0x00000000f0000000, 0x0000000100000000, 0x0000000100000000)
  eden space 225280K, 0% used [0x00000000f0000000,0x00000000f0000000,0x00000000fdc00000)
  from space 18432K, 99% used [0x00000000fdc00000,0x00000000fedf82d0,0x00000000fee00000)
  to   space 18432K, 0% used [0x00000000fee00000,0x00000000fee00000,0x0000000100000000)
 ParOldGen       total 109056K, used 98568K [0x00000000d0000000, 0x00000000d6a80000, 0x00000000f0000000)
  object space 109056K, 90% used [0x00000000d0000000,0x00000000d60422f8,0x00000000d6a80000)
 Metaspace       used 64672K, capacity 66266K, committed 66628K, reserved 1107968K
  class space    used 6714K, capacity 7177K, committed 7296K, reserved 1048576K
}
Event: 70.918 GC heap before
{Heap before GC invocations=69 (full 7):
 PSYoungGen      total 243712K, used 243680K [0x00000000f0000000, 0x0000000100000000, 0x0000000100000000)
  eden space 225280K, 100% used [0x00000000f0000000,0x00000000fdc00000,0x00000000fdc00000)
  from space 18432K, 99% used [0x00000000fdc00000,0x00000000fedf82d0,0x00000000fee00000)
  to   space 18432K, 0% used [0x00000000fee00000,0x00000000fee00000,0x0000000100000000)
 ParOldGen       total 109056K, used 98568K [0x00000000d0000000, 0x00000000d6a80000, 0x00000000f0000000)
  object space 109056K, 90% used [0x00000000d0000000,0x00000000d60422f8,0x00000000d6a80000)
 Metaspace       used 65712K, capacity 67438K, committed 67780K, reserved 1110016K
  class space    used 6853K, capacity 7324K, committed 7424K, reserved 1048576K
Event: 70.968 GC heap after
Heap after GC invocations=69 (full 7):
 PSYoungGen      total 229376K, used 18400K [0x00000000f0000000, 0x0000000100000000, 0x0000000100000000)
  eden space 210944K, 0% used [0x00000000f0000000,0x00000000f0000000,0x00000000fce00000)
  from space 18432K, 99% used [0x00000000fee00000,0x00000000ffff8310,0x0000000100000000)
  to   space 25600K, 0% used [0x00000000fce00000,0x00000000fce00000,0x00000000fe700000)
 ParOldGen       total 109056K, used 101562K [0x00000000d0000000, 0x00000000d6a80000, 0x00000000f0000000)
  object space 109056K, 93% used [0x00000000d0000000,0x00000000d632ebc8,0x00000000d6a80000)
 Metaspace       used 65712K, capacity 67438K, committed 67780K, reserved 1110016K
  class space    used 6853K, capacity 7324K, committed 7424K, reserved 1048576K
}
Event: 70.968 GC heap before
{Heap before GC invocations=70 (full 8):
 PSYoungGen      total 229376K, used 18400K [0x00000000f0000000, 0x0000000100000000, 0x0000000100000000)
  eden space 210944K, 0% used [0x00000000f0000000,0x00000000f0000000,0x00000000fce00000)
  from space 18432K, 99% used [0x00000000fee00000,0x00000000ffff8310,0x0000000100000000)
  to   space 25600K, 0% used [0x00000000fce00000,0x00000000fce00000,0x00000000fe700000)
 ParOldGen       total 109056K, used 101562K [0x00000000d0000000, 0x00000000d6a80000, 0x00000000f0000000)
  object space 109056K, 93% used [0x00000000d0000000,0x00000000d632ebc8,0x00000000d6a80000)
 Metaspace       used 65712K, capacity 67438K, committed 67780K, reserved 1110016K
  class space    used 6853K, capacity 7324K, committed 7424K, reserved 1048576K
Event: 72.414 GC heap after
Heap after GC invocations=70 (full 8):
 PSYoungGen      total 229376K, used 9664K [0x00000000f0000000, 0x0000000100000000, 0x0000000100000000)
  eden space 210944K, 0% used [0x00000000f0000000,0x00000000f0000000,0x00000000fce00000)
  from space 18432K, 52% used [0x00000000fee00000,0x00000000ff770210,0x0000000100000000)
  to   space 25600K, 0% used [0x00000000fce00000,0x00000000fce00000,0x00000000fe700000)
 ParOldGen       total 128512K, used 108854K [0x00000000d0000000, 0x00000000d7d80000, 0x00000000f0000000)
  object space 128512K, 84% used [0x00000000d0000000,0x00000000d6a4d8c8,0x00000000d7d80000)
 Metaspace       used 65708K, capacity 67432K, committed 67780K, reserved 1110016K
  class space    used 6853K, capacity 7323K, committed 7424K, reserved 1048576K
}
Event: 75.996 GC heap before
{Heap before GC invocations=71 (full 8):
 PSYoungGen      total 229376K, used 220608K [0x00000000f0000000, 0x0000000100000000, 0x0000000100000000)
  eden space 210944K, 100% used [0x00000000f0000000,0x00000000fce00000,0x00000000fce00000)
  from space 18432K, 52% used [0x00000000fee00000,0x00000000ff770210,0x0000000100000000)
  to   space 25600K, 0% used [0x00000000fce00000,0x00000000fce00000,0x00000000fe700000)
 ParOldGen       total 128512K, used 108854K [0x00000000d0000000, 0x00000000d7d80000, 0x00000000f0000000)
  object space 128512K, 84% used [0x00000000d0000000,0x00000000d6a4d8c8,0x00000000d7d80000)
 Metaspace       used 67330K, capacity 69050K, committed 69316K, reserved 1112064K
  class space    used 7062K, capacity 7560K, committed 7680K, reserved 1048576K
Event: 76.056 GC heap after
Heap after GC invocations=71 (full 8):
 PSYoungGen      total 232960K, used 21756K [0x00000000f0000000, 0x0000000100000000, 0x0000000100000000)
  eden space 210944K, 0% used [0x00000000f0000000,0x00000000f0000000,0x00000000fce00000)
  from space 22016K, 98% used [0x00000000fce00000,0x00000000fe33f160,0x00000000fe380000)
  to   space 28672K, 0% used [0x00000000fe400000,0x00000000fe400000,0x0000000100000000)
 ParOldGen       total 128512K, used 109318K [0x00000000d0000000, 0x00000000d7d80000, 0x00000000f0000000)
  object space 128512K, 85% used [0x00000000d0000000,0x00000000d6ac18c8,0x00000000d7d80000)
 Metaspace       used 67330K, capacity 69050K, committed 69316K, reserved 1112064K
  class space    used 7062K, capacity 7560K, committed 7680K, reserved 1048576K
}
Event: 77.811 GC heap before
{Heap before GC invocations=72 (full 8):
 PSYoungGen      total 232960K, used 232700K [0x00000000f0000000, 0x0000000100000000, 0x0000000100000000)
  eden space 210944K, 100% used [0x00000000f0000000,0x00000000fce00000,0x00000000fce00000)
  from space 22016K, 98% used [0x00000000fce00000,0x00000000fe33f160,0x00000000fe380000)
  to   space 28672K, 0% used [0x00000000fe400000,0x00000000fe400000,0x0000000100000000)
 ParOldGen       total 128512K, used 109318K [0x00000000d0000000, 0x00000000d7d80000, 0x00000000f0000000)
  object space 128512K, 85% used [0x00000000d0000000,0x00000000d6ac18c8,0x00000000d7d80000)
 Metaspace       used 68305K, capacity 69978K, committed 70212K, reserved 1112064K
  class space    used 7204K, capacity 7704K, committed 7808K, reserved 1048576K
Event: 77.854 GC heap after
Heap after GC invocations=72 (full 8):
 PSYoungGen      total 226304K, used 25451K [0x00000000f0000000, 0x0000000100000000, 0x0000000100000000)
  eden space 197632K, 0% used [0x00000000f0000000,0x00000000f0000000,0x00000000fc100000)
  from space 28672K, 88% used [0x00000000fe400000,0x00000000ffcdacd0,0x0000000100000000)
  to   space 32256K, 0% used [0x00000000fc100000,0x00000000fc100000,0x00000000fe080000)
 ParOldGen       total 128512K, used 109326K [0x00000000d0000000, 0x00000000d7d80000, 0x00000000f0000000)
  object space 128512K, 85% used [0x00000000d0000000,0x00000000d6ac38c8,0x00000000d7d80000)
 Metaspace       used 68305K, capacity 69978K, committed 70212K, reserved 1112064K
  class space    used 7204K, capacity 7704K, committed 7808K, reserved 1048576K
}

