# JRE version: Java(TM) SE Runtime Environment (8.0_11-b12) (build 1.8.0_11-b12)
# Java VM: Java HotSpot(TM) 64-Bit Server VM (25.11-b03 mixed mode windows-amd64 compressed oops)
Heap:
 PSYoungGen      total 223232K, used 128087K [0x00000000f0000000, 0x0000000100000000, 0x0000000100000000)
  eden space 205824K, 53% used [0x00000000f0000000,0x00000000f6c1afe8,0x00000000fc900000)
  from space 17408K, 99% used [0x00000000fc900000,0x00000000fd9faf98,0x00000000fda00000)
  to   space 28672K, 0% used [0x00000000fe400000,0x00000000fe400000,0x0000000100000000)
 ParOldGen       total 137216K, used 116019K [0x00000000d0000000, 0x00000000d8600000, 0x00000000f0000000)
  object space 137216K, 84% used [0x00000000d0000000,0x00000000d714cc48,0x00000000d8600000)
 Metaspace       used 69531K, capacity 71268K, committed 71500K, reserved 1114112K
  class space    used 7272K, capacity 7762K, committed 7808K, reserved 1048576K
GC Heap History (10 events):
Event: 29.827 GC heap before
{Heap before GC invocations=55 (full 7):
 PSYoungGen      total 231424K, used 230961K [0x00000000f0000000, 0x00000000fff00000, 0x0000000100000000)
  eden space 222208K, 100% used [0x00000000f0000000,0x00000000fd900000,0x00000000fd900000)
  from space 9216K, 94% used [0x00000000fd900000,0x00000000fe18c458,0x00000000fe200000)
  to   space 19456K, 0% used [0x00000000fec00000,0x00000000fec00000,0x00000000fff00000)
 ParOldGen       total 116224K, used 97847K [0x00000000d0000000, 0x00000000d7180000, 0x00000000f0000000)
  object space 116224K, 84% used [0x00000000d0000000,0x00000000d5f8dc98,0x00000000d7180000)
 Metaspace       used 64404K, capacity 66104K, committed 66252K, reserved 1107968K
  class space    used 6666K, capacity 7144K, committed 7168K, reserved 1048576K
Event: 30.057 GC heap after
Heap after GC invocations=55 (full 7):
 PSYoungGen      total 240640K, used 15562K [0x00000000f0000000, 0x0000000100000000, 0x0000000100000000)
  eden space 221184K, 0% used [0x00000000f0000000,0x00000000f0000000,0x00000000fd800000)
  from space 19456K, 79% used [0x00000000fec00000,0x00000000ffb32ab0,0x00000000fff00000)
  to   space 20480K, 0% used [0x00000000fd800000,0x00000000fd800000,0x00000000fec00000)
 ParOldGen       total 116224K, used 97855K [0x00000000d0000000, 0x00000000d7180000, 0x00000000f0000000)
  object space 116224K, 84% used [0x00000000d0000000,0x00000000d5f8fc98,0x00000000d7180000)
 Metaspace       used 64404K, capacity 66104K, committed 66252K, reserved 1107968K
  class space    used 6666K, capacity 7144K, committed 7168K, reserved 1048576K
}
Event: 31.177 GC heap before
{Heap before GC invocations=56 (full 7):
 PSYoungGen      total 240640K, used 236714K [0x00000000f0000000, 0x0000000100000000, 0x0000000100000000)
  eden space 221184K, 99% used [0x00000000f0000000,0x00000000fd7f7ff0,0x00000000fd800000)
  from space 19456K, 79% used [0x00000000fec00000,0x00000000ffb32ab0,0x00000000fff00000)
  to   space 20480K, 0% used [0x00000000fd800000,0x00000000fd800000,0x00000000fec00000)
 ParOldGen       total 116224K, used 97855K [0x00000000d0000000, 0x00000000d7180000, 0x00000000f0000000)
  object space 116224K, 84% used [0x00000000d0000000,0x00000000d5f8fc98,0x00000000d7180000)
 Metaspace       used 66039K, capacity 67678K, committed 68044K, reserved 1110016K
  class space    used 6830K, capacity 7305K, committed 7424K, reserved 1048576K
Event: 31.265 GC heap after
Heap after GC invocations=56 (full 7):
 PSYoungGen      total 241664K, used 20205K [0x00000000f0000000, 0x0000000100000000, 0x0000000100000000)
  eden space 221184K, 0% used [0x00000000f0000000,0x00000000f0000000,0x00000000fd800000)
  from space 20480K, 98% used [0x00000000fd800000,0x00000000febbb470,0x00000000fec00000)
  to   space 20480K, 0% used [0x00000000fec00000,0x00000000fec00000,0x0000000100000000)
 ParOldGen       total 116224K, used 97863K [0x00000000d0000000, 0x00000000d7180000, 0x00000000f0000000)
  object space 116224K, 84% used [0x00000000d0000000,0x00000000d5f91c98,0x00000000d7180000)
 Metaspace       used 66039K, capacity 67678K, committed 68044K, reserved 1110016K
  class space    used 6830K, capacity 7305K, committed 7424K, reserved 1048576K
}
Event: 33.294 GC heap before
{Heap before GC invocations=57 (full 7):
 PSYoungGen      total 241664K, used 241389K [0x00000000f0000000, 0x0000000100000000, 0x0000000100000000)
  eden space 221184K, 100% used [0x00000000f0000000,0x00000000fd800000,0x00000000fd800000)
  from space 20480K, 98% used [0x00000000fd800000,0x00000000febbb470,0x00000000fec00000)
  to   space 20480K, 0% used [0x00000000fec00000,0x00000000fec00000,0x0000000100000000)
 ParOldGen       total 116224K, used 97863K [0x00000000d0000000, 0x00000000d7180000, 0x00000000f0000000)
  object space 116224K, 84% used [0x00000000d0000000,0x00000000d5f91c98,0x00000000d7180000)
 Metaspace       used 67119K, capacity 68738K, committed 68940K, reserved 1110016K
  class space    used 6945K, capacity 7432K, committed 7552K, reserved 1048576K
Event: 33.394 GC heap after
Heap after GC invocations=57 (full 7):
 PSYoungGen      total 226304K, used 20449K [0x00000000f0000000, 0x0000000100000000, 0x0000000100000000)
  eden space 205824K, 0% used [0x00000000f0000000,0x00000000f0000000,0x00000000fc900000)
  from space 20480K, 99% used [0x00000000fec00000,0x00000000ffff8698,0x0000000100000000)
  to   space 28160K, 0% used [0x00000000fc900000,0x00000000fc900000,0x00000000fe480000)
 ParOldGen       total 116224K, used 105965K [0x00000000d0000000, 0x00000000d7180000, 0x00000000f0000000)
  object space 116224K, 91% used [0x00000000d0000000,0x00000000d677b4c8,0x00000000d7180000)
 Metaspace       used 67119K, capacity 68738K, committed 68940K, reserved 1110016K
  class space    used 6945K, capacity 7432K, committed 7552K, reserved 1048576K
}
Event: 33.394 GC heap before
{Heap before GC invocations=58 (full 8):
 PSYoungGen      total 226304K, used 20449K [0x00000000f0000000, 0x0000000100000000, 0x0000000100000000)
  eden space 205824K, 0% used [0x00000000f0000000,0x00000000f0000000,0x00000000fc900000)
  from space 20480K, 99% used [0x00000000fec00000,0x00000000ffff8698,0x0000000100000000)
  to   space 28160K, 0% used [0x00000000fc900000,0x00000000fc900000,0x00000000fe480000)
 ParOldGen       total 116224K, used 105965K [0x00000000d0000000, 0x00000000d7180000, 0x00000000f0000000)
  object space 116224K, 91% used [0x00000000d0000000,0x00000000d677b4c8,0x00000000d7180000)
 Metaspace       used 67119K, capacity 68738K, committed 68940K, reserved 1110016K
  class space    used 6945K, capacity 7432K, committed 7552K, reserved 1048576K
Event: 40.929 GC heap after
Heap after GC invocations=58 (full 8):
 PSYoungGen      total 226304K, used 10113K [0x00000000f0000000, 0x0000000100000000, 0x0000000100000000)
  eden space 205824K, 0% used [0x00000000f0000000,0x00000000f0000000,0x00000000fc900000)
  from space 20480K, 49% used [0x00000000fec00000,0x00000000ff5e05d8,0x0000000100000000)
  to   space 28160K, 0% used [0x00000000fc900000,0x00000000fc900000,0x00000000fe480000)
 ParOldGen       total 137216K, used 115915K [0x00000000d0000000, 0x00000000d8600000, 0x00000000f0000000)
  object space 137216K, 84% used [0x00000000d0000000,0x00000000d7132c48,0x00000000d8600000)
 Metaspace       used 67112K, capacity 68726K, committed 68940K, reserved 1110016K
  class space    used 6944K, capacity 7430K, committed 7552K, reserved 1048576K
}
Event: 41.951 GC heap before
{Heap before GC invocations=59 (full 8):
 PSYoungGen      total 226304K, used 215937K [0x00000000f0000000, 0x0000000100000000, 0x0000000100000000)
  eden space 205824K, 100% used [0x00000000f0000000,0x00000000fc900000,0x00000000fc900000)
  from space 20480K, 49% used [0x00000000fec00000,0x00000000ff5e05d8,0x0000000100000000)
  to   space 28160K, 0% used [0x00000000fc900000,0x00000000fc900000,0x00000000fe480000)
 ParOldGen       total 137216K, used 115915K [0x00000000d0000000, 0x00000000d8600000, 0x00000000f0000000)
  object space 137216K, 84% used [0x00000000d0000000,0x00000000d7132c48,0x00000000d8600000)
 Metaspace       used 68709K, capacity 70364K, committed 70604K, reserved 1112064K
  class space    used 7173K, capacity 7655K, committed 7680K, reserved 1048576K
Event: 42.020 GC heap after
Heap after GC invocations=59 (full 8):
 PSYoungGen      total 223232K, used 17387K [0x00000000f0000000, 0x0000000100000000, 0x0000000100000000)
  eden space 205824K, 0% used [0x00000000f0000000,0x00000000f0000000,0x00000000fc900000)
  from space 17408K, 99% used [0x00000000fc900000,0x00000000fd9faf98,0x00000000fda00000)
  to   space 28672K, 0% used [0x00000000fe400000,0x00000000fe400000,0x0000000100000000)
 ParOldGen       total 137216K, used 116019K [0x00000000d0000000, 0x00000000d8600000, 0x00000000f0000000)
  object space 137216K, 84% used [0x00000000d0000000,0x00000000d714cc48,0x00000000d8600000)
 Metaspace       used 68709K, capacity 70364K, committed 70604K, reserved 1112064K
  class space    used 7173K, capacity 7655K, committed 7680K, reserved 1048576K
}

