# JRE version: Java(TM) SE Runtime Environment (8.0_11-b12) (build 1.8.0_11-b12)
# Java VM: Java HotSpot(TM) 64-Bit Server VM (25.11-b03 mixed mode windows-amd64 compressed oops)
Heap:
 PSYoungGen      total 237568K, used 232408K [0x00000000f0000000, 0x0000000100000000, 0x0000000100000000)
  eden space 212992K, 97% used [0x00000000f0000000,0x00000000fcaf6c68,0x00000000fd000000)
  from space 24576K, 99% used [0x00000000fd000000,0x00000000fe7ff6c0,0x00000000fe800000)
  to   space 24576K, 18% used [0x00000000fe800000,0x00000000fec69d58,0x0000000100000000)
 ParOldGen       total 135680K, used 127714K [0x00000000d0000000, 0x00000000d8480000, 0x00000000f0000000)
  object space 135680K, 94% used [0x00000000d0000000,0x00000000d7cb8810,0x00000000d8480000)
 Metaspace       used 73418K, capacity 75560K, committed 75604K, reserved 1116160K
  class space    used 7470K, capacity 8020K, committed 8064K, reserved 1048576K
GC Heap History (10 events):
Event: 60.769 GC heap before
{Heap before GC invocations=56 (full 9):
 PSYoungGen      total 245248K, used 16894K [0x00000000f0000000, 0x0000000100000000, 0x0000000100000000)
  eden space 228352K, 0% used [0x00000000f0000000,0x00000000f0000000,0x00000000fdf00000)
  from space 16896K, 99% used [0x00000000fdf00000,0x00000000fef7fa98,0x00000000fef80000)
  to   space 16896K, 0% used [0x00000000fef80000,0x00000000fef80000,0x0000000100000000)
 ParOldGen       total 119808K, used 110248K [0x00000000d0000000, 0x00000000d7500000, 0x00000000f0000000)
  object space 119808K, 92% used [0x00000000d0000000,0x00000000d6baa0f0,0x00000000d7500000)
 Metaspace       used 67846K, capacity 69776K, committed 70100K, reserved 1112064K
  class space    used 6847K, capacity 7395K, committed 7424K, reserved 1048576K
Event: 62.732 GC heap after
Heap after GC invocations=56 (full 9):
 PSYoungGen      total 245248K, used 6118K [0x00000000f0000000, 0x0000000100000000, 0x0000000100000000)
  eden space 228352K, 0% used [0x00000000f0000000,0x00000000f0000000,0x00000000fdf00000)
  from space 16896K, 36% used [0x00000000fdf00000,0x00000000fe4f9a78,0x00000000fef80000)
  to   space 16896K, 0% used [0x00000000fef80000,0x00000000fef80000,0x0000000100000000)
 ParOldGen       total 135680K, used 119343K [0x00000000d0000000, 0x00000000d8480000, 0x00000000f0000000)
  object space 135680K, 87% used [0x00000000d0000000,0x00000000d748bf80,0x00000000d8480000)
 Metaspace       used 67846K, capacity 69776K, committed 70100K, reserved 1112064K
  class space    used 6847K, capacity 7395K, committed 7424K, reserved 1048576K
}
Event: 64.260 GC heap before
{Heap before GC invocations=57 (full 9):
 PSYoungGen      total 245248K, used 225999K [0x00000000f0000000, 0x0000000100000000, 0x0000000100000000)
  eden space 228352K, 96% used [0x00000000f0000000,0x00000000fd6ba288,0x00000000fdf00000)
  from space 16896K, 36% used [0x00000000fdf00000,0x00000000fe4f9a78,0x00000000fef80000)
  to   space 16896K, 0% used [0x00000000fef80000,0x00000000fef80000,0x0000000100000000)
 ParOldGen       total 135680K, used 119343K [0x00000000d0000000, 0x00000000d8480000, 0x00000000f0000000)
  object space 135680K, 87% used [0x00000000d0000000,0x00000000d748bf80,0x00000000d8480000)
 Metaspace       used 69453K, capacity 71344K, committed 71636K, reserved 1114112K
  class space    used 7014K, capacity 7555K, committed 7680K, reserved 1048576K
Event: 64.534 GC heap after
Heap after GC invocations=57 (full 9):
 PSYoungGen      total 240128K, used 7614K [0x00000000f0000000, 0x0000000100000000, 0x0000000100000000)
  eden space 223232K, 0% used [0x00000000f0000000,0x00000000f0000000,0x00000000fda00000)
  from space 16896K, 45% used [0x00000000fef80000,0x00000000ff6ef9e0,0x0000000100000000)
  to   space 19456K, 0% used [0x00000000fda00000,0x00000000fda00000,0x00000000fed00000)
 ParOldGen       total 135680K, used 123740K [0x00000000d0000000, 0x00000000d8480000, 0x00000000f0000000)
  object space 135680K, 91% used [0x00000000d0000000,0x00000000d78d73d8,0x00000000d8480000)
 Metaspace       used 69453K, capacity 71344K, committed 71636K, reserved 1114112K
  class space    used 7014K, capacity 7555K, committed 7680K, reserved 1048576K
}
Event: 67.817 GC heap before
{Heap before GC invocations=58 (full 9):
 PSYoungGen      total 240128K, used 230846K [0x00000000f0000000, 0x0000000100000000, 0x0000000100000000)
  eden space 223232K, 100% used [0x00000000f0000000,0x00000000fda00000,0x00000000fda00000)
  from space 16896K, 45% used [0x00000000fef80000,0x00000000ff6ef9e0,0x0000000100000000)
  to   space 19456K, 0% used [0x00000000fda00000,0x00000000fda00000,0x00000000fed00000)
 ParOldGen       total 135680K, used 123740K [0x00000000d0000000, 0x00000000d8480000, 0x00000000f0000000)
  object space 135680K, 91% used [0x00000000d0000000,0x00000000d78d73d8,0x00000000d8480000)
 Metaspace       used 70523K, capacity 72438K, committed 72788K, reserved 1114112K
  class space    used 7119K, capacity 7702K, committed 7808K, reserved 1048576K
Event: 68.488 GC heap after
Heap after GC invocations=58 (full 9):
 PSYoungGen      total 240128K, used 16857K [0x00000000f0000000, 0x0000000100000000, 0x0000000100000000)
  eden space 223232K, 0% used [0x00000000f0000000,0x00000000f0000000,0x00000000fda00000)
  from space 16896K, 99% used [0x00000000fda00000,0x00000000fea76748,0x00000000fea80000)
  to   space 21504K, 0% used [0x00000000feb00000,0x00000000feb00000,0x0000000100000000)
 ParOldGen       total 135680K, used 123748K [0x00000000d0000000, 0x00000000d8480000, 0x00000000f0000000)
  object space 135680K, 91% used [0x00000000d0000000,0x00000000d78d93d8,0x00000000d8480000)
 Metaspace       used 70523K, capacity 72438K, committed 72788K, reserved 1114112K
  class space    used 7119K, capacity 7702K, committed 7808K, reserved 1048576K
}
Event: 69.988 GC heap before
{Heap before GC invocations=59 (full 9):
 PSYoungGen      total 240128K, used 234685K [0x00000000f0000000, 0x0000000100000000, 0x0000000100000000)
  eden space 223232K, 97% used [0x00000000f0000000,0x00000000fd4b8e98,0x00000000fda00000)
  from space 16896K, 99% used [0x00000000fda00000,0x00000000fea76748,0x00000000fea80000)
  to   space 21504K, 0% used [0x00000000feb00000,0x00000000feb00000,0x0000000100000000)
 ParOldGen       total 135680K, used 123748K [0x00000000d0000000, 0x00000000d8480000, 0x00000000f0000000)
  object space 135680K, 91% used [0x00000000d0000000,0x00000000d78d93d8,0x00000000d8480000)
 Metaspace       used 71116K, capacity 73090K, committed 73300K, reserved 1114112K
  class space    used 7165K, capacity 7751K, committed 7808K, reserved 1048576K
Event: 70.029 GC heap after
Heap after GC invocations=59 (full 9):
 PSYoungGen      total 234496K, used 19264K [0x00000000f0000000, 0x0000000100000000, 0x0000000100000000)
  eden space 212992K, 0% used [0x00000000f0000000,0x00000000f0000000,0x00000000fd000000)
  from space 21504K, 89% used [0x00000000feb00000,0x00000000ffdd0380,0x0000000100000000)
  to   space 24576K, 0% used [0x00000000fd000000,0x00000000fd000000,0x00000000fe800000)
 ParOldGen       total 135680K, used 123756K [0x00000000d0000000, 0x00000000d8480000, 0x00000000f0000000)
  object space 135680K, 91% used [0x00000000d0000000,0x00000000d78db3d8,0x00000000d8480000)
 Metaspace       used 71116K, capacity 73090K, committed 73300K, reserved 1114112K
  class space    used 7165K, capacity 7751K, committed 7808K, reserved 1048576K
}
Event: 70.906 GC heap before
{Heap before GC invocations=60 (full 9):
 PSYoungGen      total 234496K, used 230640K [0x00000000f0000000, 0x0000000100000000, 0x0000000100000000)
  eden space 212992K, 99% used [0x00000000f0000000,0x00000000fce6bfe8,0x00000000fd000000)
  from space 21504K, 89% used [0x00000000feb00000,0x00000000ffdd0380,0x0000000100000000)
  to   space 24576K, 0% used [0x00000000fd000000,0x00000000fd000000,0x00000000fe800000)
 ParOldGen       total 135680K, used 123756K [0x00000000d0000000, 0x00000000d8480000, 0x00000000f0000000)
  object space 135680K, 91% used [0x00000000d0000000,0x00000000d78db3d8,0x00000000d8480000)
 Metaspace       used 72772K, capacity 74852K, committed 74964K, reserved 1116160K
  class space    used 7368K, capacity 7920K, committed 7936K, reserved 1048576K
Event: 71.225 GC heap after
Heap after GC invocations=60 (full 9):
 PSYoungGen      total 237568K, used 24573K [0x00000000f0000000, 0x0000000100000000, 0x0000000100000000)
  eden space 212992K, 0% used [0x00000000f0000000,0x00000000f0000000,0x00000000fd000000)
  from space 24576K, 99% used [0x00000000fd000000,0x00000000fe7ff6c0,0x00000000fe800000)
  to   space 24576K, 0% used [0x00000000fe800000,0x00000000fe800000,0x0000000100000000)
 ParOldGen       total 135680K, used 124578K [0x00000000d0000000, 0x00000000d8480000, 0x00000000f0000000)
  object space 135680K, 91% used [0x00000000d0000000,0x00000000d79a8868,0x00000000d8480000)
 Metaspace       used 72772K, capacity 74852K, committed 74964K, reserved 1116160K
  class space    used 7368K, capacity 7920K, committed 7936K, reserved 1048576K
}

