# JRE version: Java(TM) SE Runtime Environment (8.0_11-b12) (build 1.8.0_11-b12)
# Java VM: Java HotSpot(TM) 64-Bit Server VM (25.11-b03 mixed mode windows-amd64 compressed oops)
Heap:
 PSYoungGen      total 220160K, used 140958K [0x00000000f0000000, 0x0000000100000000, 0x0000000100000000)
  eden space 188416K, 58% used [0x00000000f0000000,0x00000000f6ad4a28,0x00000000fb800000)
  from space 31744K, 99% used [0x00000000fb800000,0x00000000fd6d2fb0,0x00000000fd700000)
  to   space 40448K, 0% used [0x00000000fd880000,0x00000000fd880000,0x0000000100000000)
 ParOldGen       total 117760K, used 99541K [0x00000000d0000000, 0x00000000d7300000, 0x00000000f0000000)
  object space 117760K, 84% used [0x00000000d0000000,0x00000000d61356e0,0x00000000d7300000)
 Metaspace       used 68652K, capacity 70456K, committed 70724K, reserved 1112064K
  class space    used 7272K, capacity 7808K, committed 7808K, reserved 1048576K
GC Heap History (10 events):
Event: 36.130 GC heap before
{Heap before GC invocations=52 (full 6):
 PSYoungGen      total 233472K, used 232617K [0x00000000f0000000, 0x0000000100000000, 0x0000000100000000)
  eden space 204800K, 99% used [0x00000000f0000000,0x00000000fc72ce90,0x00000000fc800000)
  from space 28672K, 99% used [0x00000000fc800000,0x00000000fe3fd720,0x00000000fe400000)
  to   space 28672K, 0% used [0x00000000fe400000,0x00000000fe400000,0x0000000100000000)
 ParOldGen       total 98304K, used 79771K [0x00000000d0000000, 0x00000000d6000000, 0x00000000f0000000)
  object space 98304K, 81% used [0x00000000d0000000,0x00000000d4de6df0,0x00000000d6000000)
 Metaspace       used 64791K, capacity 66436K, committed 66884K, reserved 1110016K
  class space    used 6732K, capacity 7210K, committed 7296K, reserved 1048576K
Event: 37.499 GC heap after
Heap after GC invocations=52 (full 6):
 PSYoungGen      total 219136K, used 25889K [0x00000000f0000000, 0x0000000100000000, 0x0000000100000000)
  eden space 190464K, 0% used [0x00000000f0000000,0x00000000f0000000,0x00000000fba00000)
  from space 28672K, 90% used [0x00000000fe400000,0x00000000ffd486a0,0x0000000100000000)
  to   space 35840K, 0% used [0x00000000fba00000,0x00000000fba00000,0x00000000fdd00000)
 ParOldGen       total 98304K, used 90867K [0x00000000d0000000, 0x00000000d6000000, 0x00000000f0000000)
  object space 98304K, 92% used [0x00000000d0000000,0x00000000d58bcf80,0x00000000d6000000)
 Metaspace       used 64791K, capacity 66436K, committed 66884K, reserved 1110016K
  class space    used 6732K, capacity 7210K, committed 7296K, reserved 1048576K
}
Event: 37.499 GC heap before
{Heap before GC invocations=53 (full 7):
 PSYoungGen      total 219136K, used 25889K [0x00000000f0000000, 0x0000000100000000, 0x0000000100000000)
  eden space 190464K, 0% used [0x00000000f0000000,0x00000000f0000000,0x00000000fba00000)
  from space 28672K, 90% used [0x00000000fe400000,0x00000000ffd486a0,0x0000000100000000)
  to   space 35840K, 0% used [0x00000000fba00000,0x00000000fba00000,0x00000000fdd00000)
 ParOldGen       total 98304K, used 90867K [0x00000000d0000000, 0x00000000d6000000, 0x00000000f0000000)
  object space 98304K, 92% used [0x00000000d0000000,0x00000000d58bcf80,0x00000000d6000000)
 Metaspace       used 64791K, capacity 66436K, committed 66884K, reserved 1110016K
  class space    used 6732K, capacity 7210K, committed 7296K, reserved 1048576K
Event: 38.952 GC heap after
Heap after GC invocations=53 (full 7):
 PSYoungGen      total 219136K, used 17542K [0x00000000f0000000, 0x0000000100000000, 0x0000000100000000)
  eden space 190464K, 0% used [0x00000000f0000000,0x00000000f0000000,0x00000000fba00000)
  from space 28672K, 61% used [0x00000000fe400000,0x00000000ff521a48,0x0000000100000000)
  to   space 35840K, 0% used [0x00000000fba00000,0x00000000fba00000,0x00000000fdd00000)
 ParOldGen       total 117760K, used 97951K [0x00000000d0000000, 0x00000000d7300000, 0x00000000f0000000)
  object space 117760K, 83% used [0x00000000d0000000,0x00000000d5fa7eb0,0x00000000d7300000)
 Metaspace       used 64791K, capacity 66436K, committed 66884K, reserved 1110016K
  class space    used 6732K, capacity 7210K, committed 7296K, reserved 1048576K
}
Event: 40.405 GC heap before
{Heap before GC invocations=54 (full 7):
 PSYoungGen      total 219136K, used 208006K [0x00000000f0000000, 0x0000000100000000, 0x0000000100000000)
  eden space 190464K, 100% used [0x00000000f0000000,0x00000000fba00000,0x00000000fba00000)
  from space 28672K, 61% used [0x00000000fe400000,0x00000000ff521a48,0x0000000100000000)
  to   space 35840K, 0% used [0x00000000fba00000,0x00000000fba00000,0x00000000fdd00000)
 ParOldGen       total 117760K, used 97951K [0x00000000d0000000, 0x00000000d7300000, 0x00000000f0000000)
  object space 117760K, 83% used [0x00000000d0000000,0x00000000d5fa7eb0,0x00000000d7300000)
 Metaspace       used 65680K, capacity 67448K, committed 67780K, reserved 1110016K
  class space    used 6849K, capacity 7325K, committed 7424K, reserved 1048576K
Event: 40.631 GC heap after
Heap after GC invocations=54 (full 7):
 PSYoungGen      total 226304K, used 18327K [0x00000000f0000000, 0x0000000100000000, 0x0000000100000000)
  eden space 190464K, 0% used [0x00000000f0000000,0x00000000f0000000,0x00000000fba00000)
  from space 35840K, 51% used [0x00000000fba00000,0x00000000fcbe5cd0,0x00000000fdd00000)
  to   space 34816K, 0% used [0x00000000fde00000,0x00000000fde00000,0x0000000100000000)
 ParOldGen       total 117760K, used 98519K [0x00000000d0000000, 0x00000000d7300000, 0x00000000f0000000)
  object space 117760K, 83% used [0x00000000d0000000,0x00000000d6035ed0,0x00000000d7300000)
 Metaspace       used 65680K, capacity 67448K, committed 67780K, reserved 1110016K
  class space    used 6849K, capacity 7325K, committed 7424K, reserved 1048576K
}
Event: 42.519 GC heap before
{Heap before GC invocations=55 (full 7):
 PSYoungGen      total 226304K, used 199385K [0x00000000f0000000, 0x0000000100000000, 0x0000000100000000)
  eden space 190464K, 95% used [0x00000000f0000000,0x00000000fb0d0770,0x00000000fba00000)
  from space 35840K, 51% used [0x00000000fba00000,0x00000000fcbe5cd0,0x00000000fdd00000)
  to   space 34816K, 0% used [0x00000000fde00000,0x00000000fde00000,0x0000000100000000)
 ParOldGen       total 117760K, used 98519K [0x00000000d0000000, 0x00000000d7300000, 0x00000000f0000000)
  object space 117760K, 83% used [0x00000000d0000000,0x00000000d6035ed0,0x00000000d7300000)
 Metaspace       used 66607K, capacity 68292K, committed 68676K, reserved 1110016K
  class space    used 6945K, capacity 7433K, committed 7552K, reserved 1048576K
Event: 42.627 GC heap after
Heap after GC invocations=55 (full 7):
 PSYoungGen      total 223232K, used 25962K [0x00000000f0000000, 0x0000000100000000, 0x0000000100000000)
  eden space 188416K, 0% used [0x00000000f0000000,0x00000000f0000000,0x00000000fb800000)
  from space 34816K, 74% used [0x00000000fde00000,0x00000000ff75a870,0x0000000100000000)
  to   space 36864K, 0% used [0x00000000fb800000,0x00000000fb800000,0x00000000fdc00000)
 ParOldGen       total 117760K, used 99261K [0x00000000d0000000, 0x00000000d7300000, 0x00000000f0000000)
  object space 117760K, 84% used [0x00000000d0000000,0x00000000d60ef6e0,0x00000000d7300000)
 Metaspace       used 66607K, capacity 68292K, committed 68676K, reserved 1110016K
  class space    used 6945K, capacity 7433K, committed 7552K, reserved 1048576K
}
Event: 43.668 GC heap before
{Heap before GC invocations=56 (full 7):
 PSYoungGen      total 223232K, used 214378K [0x00000000f0000000, 0x0000000100000000, 0x0000000100000000)
  eden space 188416K, 100% used [0x00000000f0000000,0x00000000fb800000,0x00000000fb800000)
  from space 34816K, 74% used [0x00000000fde00000,0x00000000ff75a870,0x0000000100000000)
  to   space 36864K, 0% used [0x00000000fb800000,0x00000000fb800000,0x00000000fdc00000)
 ParOldGen       total 117760K, used 99261K [0x00000000d0000000, 0x00000000d7300000, 0x00000000f0000000)
  object space 117760K, 84% used [0x00000000d0000000,0x00000000d60ef6e0,0x00000000d7300000)
 Metaspace       used 68127K, capacity 69770K, committed 70084K, reserved 1112064K
  class space    used 7166K, capacity 7626K, committed 7680K, reserved 1048576K
Event: 43.732 GC heap after
Heap after GC invocations=56 (full 7):
 PSYoungGen      total 220160K, used 31563K [0x00000000f0000000, 0x0000000100000000, 0x0000000100000000)
  eden space 188416K, 0% used [0x00000000f0000000,0x00000000f0000000,0x00000000fb800000)
  from space 31744K, 99% used [0x00000000fb800000,0x00000000fd6d2fb0,0x00000000fd700000)
  to   space 40448K, 0% used [0x00000000fd880000,0x00000000fd880000,0x0000000100000000)
 ParOldGen       total 117760K, used 99541K [0x00000000d0000000, 0x00000000d7300000, 0x00000000f0000000)
  object space 117760K, 84% used [0x00000000d0000000,0x00000000d61356e0,0x00000000d7300000)
 Metaspace       used 68127K, capacity 69770K, committed 70084K, reserved 1112064K
  class space    used 7166K, capacity 7626K, committed 7680K, reserved 1048576K
}

