# JRE version: Java(TM) SE Runtime Environment (8.0_11-b12) (build 1.8.0_11-b12)
# Java VM: Java HotSpot(TM) 64-Bit Server VM (25.11-b03 mixed mode windows-amd64 compressed oops)
Heap:
 PSYoungGen      total 229888K, used 222859K [0x00000000f0000000, 0x0000000100000000, 0x0000000100000000)
  eden space 201728K, 100% used [0x00000000f0000000,0x00000000fc500000,0x00000000fc500000)
  from space 28160K, 75% used [0x00000000fe480000,0x00000000ff922cc0,0x0000000100000000)
  to   space 30208K, 0% used [0x00000000fc500000,0x00000000fc500000,0x00000000fe280000)
 ParOldGen       total 130560K, used 112298K [0x00000000d0000000, 0x00000000d7f80000, 0x00000000f0000000)
  object space 130560K, 86% used [0x00000000d0000000,0x00000000d6daa908,0x00000000d7f80000)
 Metaspace       used 69840K, capacity 71594K, committed 71680K, reserved 1114112K
  class space    used 7398K, capacity 7909K, committed 7936K, reserved 1048576K
GC Heap History (10 events):
Event: 39.335 GC heap before
{Heap before GC invocations=56 (full 7):
 PSYoungGen      total 240128K, used 240128K [0x00000000f0000000, 0x0000000100000000, 0x0000000100000000)
  eden space 224256K, 100% used [0x00000000f0000000,0x00000000fdb00000,0x00000000fdb00000)
  from space 15872K, 100% used [0x00000000ff080000,0x0000000100000000,0x0000000100000000)
  to   space 18944K, 0% used [0x00000000fdb00000,0x00000000fdb00000,0x00000000fed80000)
 ParOldGen       total 112128K, used 92889K [0x00000000d0000000, 0x00000000d6d80000, 0x00000000f0000000)
  object space 112128K, 82% used [0x00000000d0000000,0x00000000d5ab6548,0x00000000d6d80000)
 Metaspace       used 64724K, capacity 66418K, committed 66688K, reserved 1107968K
  class space    used 6719K, capacity 7209K, committed 7296K, reserved 1048576K
Event: 39.525 GC heap after
Heap after GC invocations=56 (full 7):
 PSYoungGen      total 243200K, used 18928K [0x00000000f0000000, 0x0000000100000000, 0x0000000100000000)
  eden space 224256K, 0% used [0x00000000f0000000,0x00000000f0000000,0x00000000fdb00000)
  from space 18944K, 99% used [0x00000000fdb00000,0x00000000fed7c2f0,0x00000000fed80000)
  to   space 18944K, 0% used [0x00000000fed80000,0x00000000fed80000,0x0000000100000000)
 ParOldGen       total 112128K, used 98738K [0x00000000d0000000, 0x00000000d6d80000, 0x00000000f0000000)
  object space 112128K, 88% used [0x00000000d0000000,0x00000000d606cad8,0x00000000d6d80000)
 Metaspace       used 64724K, capacity 66418K, committed 66688K, reserved 1107968K
  class space    used 6719K, capacity 7209K, committed 7296K, reserved 1048576K
}
Event: 40.747 GC heap before
{Heap before GC invocations=57 (full 7):
 PSYoungGen      total 243200K, used 243184K [0x00000000f0000000, 0x0000000100000000, 0x0000000100000000)
  eden space 224256K, 100% used [0x00000000f0000000,0x00000000fdb00000,0x00000000fdb00000)
  from space 18944K, 99% used [0x00000000fdb00000,0x00000000fed7c2f0,0x00000000fed80000)
  to   space 18944K, 0% used [0x00000000fed80000,0x00000000fed80000,0x0000000100000000)
 ParOldGen       total 112128K, used 98738K [0x00000000d0000000, 0x00000000d6d80000, 0x00000000f0000000)
  object space 112128K, 88% used [0x00000000d0000000,0x00000000d606cad8,0x00000000d6d80000)
 Metaspace       used 65736K, capacity 67462K, committed 67840K, reserved 1110016K
  class space    used 6859K, capacity 7356K, committed 7424K, reserved 1048576K
Event: 40.873 GC heap after
Heap after GC invocations=57 (full 7):
 PSYoungGen      total 225792K, used 18913K [0x00000000f0000000, 0x0000000100000000, 0x0000000100000000)
  eden space 206848K, 0% used [0x00000000f0000000,0x00000000f0000000,0x00000000fca00000)
  from space 18944K, 99% used [0x00000000fed80000,0x00000000ffff85b0,0x0000000100000000)
  to   space 27648K, 0% used [0x00000000fca00000,0x00000000fca00000,0x00000000fe500000)
 ParOldGen       total 112128K, used 101664K [0x00000000d0000000, 0x00000000d6d80000, 0x00000000f0000000)
  object space 112128K, 90% used [0x00000000d0000000,0x00000000d6348070,0x00000000d6d80000)
 Metaspace       used 65736K, capacity 67462K, committed 67840K, reserved 1110016K
  class space    used 6859K, capacity 7356K, committed 7424K, reserved 1048576K
}
Event: 40.873 GC heap before
{Heap before GC invocations=58 (full 8):
 PSYoungGen      total 225792K, used 18913K [0x00000000f0000000, 0x0000000100000000, 0x0000000100000000)
  eden space 206848K, 0% used [0x00000000f0000000,0x00000000f0000000,0x00000000fca00000)
  from space 18944K, 99% used [0x00000000fed80000,0x00000000ffff85b0,0x0000000100000000)
  to   space 27648K, 0% used [0x00000000fca00000,0x00000000fca00000,0x00000000fe500000)
 ParOldGen       total 112128K, used 101664K [0x00000000d0000000, 0x00000000d6d80000, 0x00000000f0000000)
  object space 112128K, 90% used [0x00000000d0000000,0x00000000d6348070,0x00000000d6d80000)
 Metaspace       used 65736K, capacity 67462K, committed 67840K, reserved 1110016K
  class space    used 6859K, capacity 7356K, committed 7424K, reserved 1048576K
Event: 42.372 GC heap after
Heap after GC invocations=58 (full 8):
 PSYoungGen      total 225792K, used 5566K [0x00000000f0000000, 0x0000000100000000, 0x0000000100000000)
  eden space 206848K, 0% used [0x00000000f0000000,0x00000000f0000000,0x00000000fca00000)
  from space 18944K, 29% used [0x00000000fed80000,0x00000000ff2ef9a0,0x0000000100000000)
  to   space 27648K, 0% used [0x00000000fca00000,0x00000000fca00000,0x00000000fe500000)
 ParOldGen       total 130560K, used 112062K [0x00000000d0000000, 0x00000000d7f80000, 0x00000000f0000000)
  object space 130560K, 85% used [0x00000000d0000000,0x00000000d6d6f8f8,0x00000000d7f80000)
 Metaspace       used 65732K, capacity 67456K, committed 67840K, reserved 1110016K
  class space    used 6858K, capacity 7355K, committed 7424K, reserved 1048576K
}
Event: 44.398 GC heap before
{Heap before GC invocations=59 (full 8):
 PSYoungGen      total 225792K, used 212414K [0x00000000f0000000, 0x0000000100000000, 0x0000000100000000)
  eden space 206848K, 100% used [0x00000000f0000000,0x00000000fca00000,0x00000000fca00000)
  from space 18944K, 29% used [0x00000000fed80000,0x00000000ff2ef9a0,0x0000000100000000)
  to   space 27648K, 0% used [0x00000000fca00000,0x00000000fca00000,0x00000000fe500000)
 ParOldGen       total 130560K, used 112062K [0x00000000d0000000, 0x00000000d7f80000, 0x00000000f0000000)
  object space 130560K, 85% used [0x00000000d0000000,0x00000000d6d6f8f8,0x00000000d7f80000)
 Metaspace       used 67231K, capacity 68946K, committed 69248K, reserved 1112064K
  class space    used 7042K, capacity 7528K, committed 7552K, reserved 1048576K
Event: 44.489 GC heap after
Heap after GC invocations=59 (full 8):
 PSYoungGen      total 223232K, used 16305K [0x00000000f0000000, 0x0000000100000000, 0x0000000100000000)
  eden space 206848K, 0% used [0x00000000f0000000,0x00000000f0000000,0x00000000fca00000)
  from space 16384K, 99% used [0x00000000fca00000,0x00000000fd9ec4f0,0x00000000fda00000)
  to   space 28160K, 0% used [0x00000000fe480000,0x00000000fe480000,0x0000000100000000)
 ParOldGen       total 130560K, used 112298K [0x00000000d0000000, 0x00000000d7f80000, 0x00000000f0000000)
  object space 130560K, 86% used [0x00000000d0000000,0x00000000d6daa908,0x00000000d7f80000)
 Metaspace       used 67231K, capacity 68946K, committed 69248K, reserved 1112064K
  class space    used 7042K, capacity 7528K, committed 7552K, reserved 1048576K
}
Event: 45.495 GC heap before
{Heap before GC invocations=60 (full 8):
 PSYoungGen      total 223232K, used 219728K [0x00000000f0000000, 0x0000000100000000, 0x0000000100000000)
  eden space 206848K, 98% used [0x00000000f0000000,0x00000000fc6a7e18,0x00000000fca00000)
  from space 16384K, 99% used [0x00000000fca00000,0x00000000fd9ec4f0,0x00000000fda00000)
  to   space 28160K, 0% used [0x00000000fe480000,0x00000000fe480000,0x0000000100000000)
 ParOldGen       total 130560K, used 112298K [0x00000000d0000000, 0x00000000d7f80000, 0x00000000f0000000)
  object space 130560K, 86% used [0x00000000d0000000,0x00000000d6daa908,0x00000000d7f80000)
 Metaspace       used 68340K, capacity 70028K, committed 70272K, reserved 1112064K
  class space    used 7203K, capacity 7702K, committed 7808K, reserved 1048576K
Event: 45.593 GC heap after
Heap after GC invocations=60 (full 8):
 PSYoungGen      total 229888K, used 21131K [0x00000000f0000000, 0x0000000100000000, 0x0000000100000000)
  eden space 201728K, 0% used [0x00000000f0000000,0x00000000f0000000,0x00000000fc500000)
  from space 28160K, 75% used [0x00000000fe480000,0x00000000ff922cc0,0x0000000100000000)
  to   space 30208K, 0% used [0x00000000fc500000,0x00000000fc500000,0x00000000fe280000)
 ParOldGen       total 130560K, used 112298K [0x00000000d0000000, 0x00000000d7f80000, 0x00000000f0000000)
  object space 130560K, 86% used [0x00000000d0000000,0x00000000d6daa908,0x00000000d7f80000)
 Metaspace       used 68340K, capacity 70028K, committed 70272K, reserved 1112064K
  class space    used 7203K, capacity 7702K, committed 7808K, reserved 1048576K
}

