# JRE version: Java(TM) SE Runtime Environment (8.0_11-b12) (build 1.8.0_11-b12)
# Java VM: Java HotSpot(TM) 64-Bit Server VM (25.11-b03 mixed mode windows-amd64 compressed oops)
Heap:
 PSYoungGen      total 233984K, used 40896K [0x00000000f0000000, 0x0000000100000000, 0x0000000100000000)
  eden space 204288K, 13% used [0x00000000f0000000,0x00000000f1b8db10,0x00000000fc780000)
  from space 29696K, 42% used [0x00000000fe300000,0x00000000fef62680,0x0000000100000000)
  to   space 28160K, 0% used [0x00000000fc780000,0x00000000fc780000,0x00000000fe300000)
 ParOldGen       total 157184K, used 142615K [0x00000000d0000000, 0x00000000d9980000, 0x00000000f0000000)
  object space 157184K, 90% used [0x00000000d0000000,0x00000000d8b45e08,0x00000000d9980000)
 Metaspace       used 74126K, capacity 76294K, committed 76548K, reserved 1118208K
  class space    used 7562K, capacity 8172K, committed 8196K, reserved 1048576K
GC Heap History (10 events):
Event: 66.770 GC heap before
{Heap before GC invocations=58 (full 9):
 PSYoungGen      total 239104K, used 230602K [0x00000000f0000000, 0x00000000fff80000, 0x0000000100000000)
  eden space 217600K, 100% used [0x00000000f0000000,0x00000000fd480000,0x00000000fd480000)
  from space 21504K, 60% used [0x00000000fea80000,0x00000000ff732a70,0x00000000fff80000)
  to   space 22016K, 0% used [0x00000000fd480000,0x00000000fd480000,0x00000000fea00000)
 ParOldGen       total 138240K, used 119680K [0x00000000d0000000, 0x00000000d8700000, 0x00000000f0000000)
  object space 138240K, 86% used [0x00000000d0000000,0x00000000d74e02c8,0x00000000d8700000)
 Metaspace       used 70636K, capacity 72562K, committed 72836K, reserved 1114112K
  class space    used 7141K, capacity 7712K, committed 7812K, reserved 1048576K
Event: 67.127 GC heap after
Heap after GC invocations=58 (full 9):
 PSYoungGen      total 238592K, used 20990K [0x00000000f0000000, 0x0000000100000000, 0x0000000100000000)
  eden space 217600K, 0% used [0x00000000f0000000,0x00000000f0000000,0x00000000fd480000)
  from space 20992K, 99% used [0x00000000fd480000,0x00000000fe8ffbb8,0x00000000fe900000)
  to   space 23552K, 0% used [0x00000000fe900000,0x00000000fe900000,0x0000000100000000)
 ParOldGen       total 138240K, used 120172K [0x00000000d0000000, 0x00000000d8700000, 0x00000000f0000000)
  object space 138240K, 86% used [0x00000000d0000000,0x00000000d755b2d8,0x00000000d8700000)
 Metaspace       used 70636K, capacity 72562K, committed 72836K, reserved 1114112K
  class space    used 7141K, capacity 7712K, committed 7812K, reserved 1048576K
}
Event: 68.072 GC heap before
{Heap before GC invocations=59 (full 9):
 PSYoungGen      total 238592K, used 238590K [0x00000000f0000000, 0x0000000100000000, 0x0000000100000000)
  eden space 217600K, 100% used [0x00000000f0000000,0x00000000fd480000,0x00000000fd480000)
  from space 20992K, 99% used [0x00000000fd480000,0x00000000fe8ffbb8,0x00000000fe900000)
  to   space 23552K, 0% used [0x00000000fe900000,0x00000000fe900000,0x0000000100000000)
 ParOldGen       total 138240K, used 120172K [0x00000000d0000000, 0x00000000d8700000, 0x00000000f0000000)
  object space 138240K, 86% used [0x00000000d0000000,0x00000000d755b2d8,0x00000000d8700000)
 Metaspace       used 71191K, capacity 73184K, committed 73348K, reserved 1114112K
  class space    used 7175K, capacity 7755K, committed 7812K, reserved 1048576K
Event: 68.101 GC heap after
Heap after GC invocations=59 (full 9):
 PSYoungGen      total 229376K, used 21963K [0x00000000f0000000, 0x0000000100000000, 0x0000000100000000)
  eden space 205824K, 0% used [0x00000000f0000000,0x00000000f0000000,0x00000000fc900000)
  from space 23552K, 93% used [0x00000000fe900000,0x00000000ffe72c80,0x0000000100000000)
  to   space 28160K, 0% used [0x00000000fc900000,0x00000000fc900000,0x00000000fe480000)
 ParOldGen       total 138240K, used 121636K [0x00000000d0000000, 0x00000000d8700000, 0x00000000f0000000)
  object space 138240K, 87% used [0x00000000d0000000,0x00000000d76c92d8,0x00000000d8700000)
 Metaspace       used 71191K, capacity 73184K, committed 73348K, reserved 1114112K
  class space    used 7175K, capacity 7755K, committed 7812K, reserved 1048576K
}
Event: 68.743 GC heap before
{Heap before GC invocations=60 (full 9):
 PSYoungGen      total 229376K, used 227787K [0x00000000f0000000, 0x0000000100000000, 0x0000000100000000)
  eden space 205824K, 100% used [0x00000000f0000000,0x00000000fc900000,0x00000000fc900000)
  from space 23552K, 93% used [0x00000000fe900000,0x00000000ffe72c80,0x0000000100000000)
  to   space 28160K, 0% used [0x00000000fc900000,0x00000000fc900000,0x00000000fe480000)
 ParOldGen       total 138240K, used 121636K [0x00000000d0000000, 0x00000000d8700000, 0x00000000f0000000)
  object space 138240K, 87% used [0x00000000d0000000,0x00000000d76c92d8,0x00000000d8700000)
 Metaspace       used 72899K, capacity 74948K, committed 75140K, reserved 1116160K
  class space    used 7398K, capacity 7952K, committed 8068K, reserved 1048576K
Event: 69.110 GC heap after
Heap after GC invocations=60 (full 9):
 PSYoungGen      total 226304K, used 20328K [0x00000000f0000000, 0x0000000100000000, 0x0000000100000000)
  eden space 205824K, 0% used [0x00000000f0000000,0x00000000f0000000,0x00000000fc900000)
  from space 20480K, 99% used [0x00000000fc900000,0x00000000fdcda050,0x00000000fdd00000)
  to   space 29696K, 0% used [0x00000000fe300000,0x00000000fe300000,0x0000000100000000)
 ParOldGen       total 138240K, used 128998K [0x00000000d0000000, 0x00000000d8700000, 0x00000000f0000000)
  object space 138240K, 93% used [0x00000000d0000000,0x00000000d7df9b88,0x00000000d8700000)
 Metaspace       used 72899K, capacity 74948K, committed 75140K, reserved 1116160K
  class space    used 7398K, capacity 7952K, committed 8068K, reserved 1048576K
}
Event: 69.110 GC heap before
{Heap before GC invocations=61 (full 10):
 PSYoungGen      total 226304K, used 20328K [0x00000000f0000000, 0x0000000100000000, 0x0000000100000000)
  eden space 205824K, 0% used [0x00000000f0000000,0x00000000f0000000,0x00000000fc900000)
  from space 20480K, 99% used [0x00000000fc900000,0x00000000fdcda050,0x00000000fdd00000)
  to   space 29696K, 0% used [0x00000000fe300000,0x00000000fe300000,0x0000000100000000)
 ParOldGen       total 138240K, used 128998K [0x00000000d0000000, 0x00000000d8700000, 0x00000000f0000000)
  object space 138240K, 93% used [0x00000000d0000000,0x00000000d7df9b88,0x00000000d8700000)
 Metaspace       used 72899K, capacity 74948K, committed 75140K, reserved 1116160K
  class space    used 7398K, capacity 7952K, committed 8068K, reserved 1048576K
Event: 70.311 GC heap after
Heap after GC invocations=61 (full 10):
 PSYoungGen      total 226304K, used 9851K [0x00000000f0000000, 0x0000000100000000, 0x0000000100000000)
  eden space 205824K, 0% used [0x00000000f0000000,0x00000000f0000000,0x00000000fc900000)
  from space 20480K, 48% used [0x00000000fc900000,0x00000000fd29ef28,0x00000000fdd00000)
  to   space 29696K, 0% used [0x00000000fe300000,0x00000000fe300000,0x0000000100000000)
 ParOldGen       total 157184K, used 138073K [0x00000000d0000000, 0x00000000d9980000, 0x00000000f0000000)
  object space 157184K, 87% used [0x00000000d0000000,0x00000000d86d65c8,0x00000000d9980000)
 Metaspace       used 72861K, capacity 74888K, committed 75140K, reserved 1116160K
  class space    used 7392K, capacity 7942K, committed 8068K, reserved 1048576K
}
Event: 71.739 GC heap before
{Heap before GC invocations=62 (full 10):
 PSYoungGen      total 226304K, used 215675K [0x00000000f0000000, 0x0000000100000000, 0x0000000100000000)
  eden space 205824K, 100% used [0x00000000f0000000,0x00000000fc900000,0x00000000fc900000)
  from space 20480K, 48% used [0x00000000fc900000,0x00000000fd29ef28,0x00000000fdd00000)
  to   space 29696K, 0% used [0x00000000fe300000,0x00000000fe300000,0x0000000100000000)
 ParOldGen       total 157184K, used 138073K [0x00000000d0000000, 0x00000000d9980000, 0x00000000f0000000)
  object space 157184K, 87% used [0x00000000d0000000,0x00000000d86d65c8,0x00000000d9980000)
 Metaspace       used 74028K, capacity 76164K, committed 76292K, reserved 1118208K
  class space    used 7545K, capacity 8133K, committed 8196K, reserved 1048576K
Event: 71.862 GC heap after
Heap after GC invocations=62 (full 10):
 PSYoungGen      total 233984K, used 12681K [0x00000000f0000000, 0x0000000100000000, 0x0000000100000000)
  eden space 204288K, 0% used [0x00000000f0000000,0x00000000f0000000,0x00000000fc780000)
  from space 29696K, 42% used [0x00000000fe300000,0x00000000fef62680,0x0000000100000000)
  to   space 28160K, 0% used [0x00000000fc780000,0x00000000fc780000,0x00000000fe300000)
 ParOldGen       total 157184K, used 142615K [0x00000000d0000000, 0x00000000d9980000, 0x00000000f0000000)
  object space 157184K, 90% used [0x00000000d0000000,0x00000000d8b45e08,0x00000000d9980000)
 Metaspace       used 74028K, capacity 76164K, committed 76292K, reserved 1118208K
  class space    used 7545K, capacity 8133K, committed 8196K, reserved 1048576K
}

