# JRE version: Java(TM) SE Runtime Environment (8.0_11-b12) (build 1.8.0_11-b12)
# Java VM: Java HotSpot(TM) 64-Bit Server VM (25.11-b03 mixed mode windows-amd64 compressed oops)
Heap:
 PSYoungGen      total 207872K, used 150630K [0x00000000f0000000, 0x0000000100000000, 0x0000000100000000)
  eden space 161792K, 69% used [0x00000000f0000000,0x00000000f6db40b0,0x00000000f9e00000)
  from space 46080K, 83% used [0x00000000fd300000,0x00000000ff865900,0x0000000100000000)
  to   space 50176K, 0% used [0x00000000f9e00000,0x00000000f9e00000,0x00000000fcf00000)
 ParOldGen       total 114688K, used 95943K [0x00000000d0000000, 0x00000000d7000000, 0x00000000f0000000)
  object space 114688K, 83% used [0x00000000d0000000,0x00000000d5db1f10,0x00000000d7000000)
 Metaspace       used 69817K, capacity 71630K, committed 71868K, reserved 1114112K
  class space    used 7325K, capacity 7838K, committed 7868K, reserved 1048576K
GC Heap History (10 events):
Event: 27.551 GC heap before
{Heap before GC invocations=55 (full 6):
 PSYoungGen      total 214528K, used 208862K [0x00000000f0000000, 0x0000000100000000, 0x0000000100000000)
  eden space 183296K, 96% used [0x00000000f0000000,0x00000000fad78b90,0x00000000fb300000)
  from space 31232K, 99% used [0x00000000fe180000,0x00000000ffffed30,0x0000000100000000)
  to   space 39424K, 0% used [0x00000000fb300000,0x00000000fb300000,0x00000000fd980000)
 ParOldGen       total 96256K, used 82487K [0x00000000d0000000, 0x00000000d5e00000, 0x00000000f0000000)
  object space 96256K, 85% used [0x00000000d0000000,0x00000000d508dc28,0x00000000d5e00000)
 Metaspace       used 65825K, capacity 67470K, committed 67772K, reserved 1110016K
  class space    used 6804K, capacity 7305K, committed 7356K, reserved 1048576K
Event: 27.707 GC heap after
Heap after GC invocations=55 (full 6):
 PSYoungGen      total 210432K, used 26974K [0x00000000f0000000, 0x0000000100000000, 0x0000000100000000)
  eden space 183296K, 0% used [0x00000000f0000000,0x00000000f0000000,0x00000000fb300000)
  from space 27136K, 99% used [0x00000000fb300000,0x00000000fcd57a88,0x00000000fcd80000)
  to   space 40960K, 0% used [0x00000000fd800000,0x00000000fd800000,0x0000000100000000)
 ParOldGen       total 96256K, used 92067K [0x00000000d0000000, 0x00000000d5e00000, 0x00000000f0000000)
  object space 96256K, 95% used [0x00000000d0000000,0x00000000d59e8c30,0x00000000d5e00000)
 Metaspace       used 65825K, capacity 67470K, committed 67772K, reserved 1110016K
  class space    used 6804K, capacity 7305K, committed 7356K, reserved 1048576K
}
Event: 27.707 GC heap before
{Heap before GC invocations=56 (full 7):
 PSYoungGen      total 210432K, used 26974K [0x00000000f0000000, 0x0000000100000000, 0x0000000100000000)
  eden space 183296K, 0% used [0x00000000f0000000,0x00000000f0000000,0x00000000fb300000)
  from space 27136K, 99% used [0x00000000fb300000,0x00000000fcd57a88,0x00000000fcd80000)
  to   space 40960K, 0% used [0x00000000fd800000,0x00000000fd800000,0x0000000100000000)
 ParOldGen       total 96256K, used 92067K [0x00000000d0000000, 0x00000000d5e00000, 0x00000000f0000000)
  object space 96256K, 95% used [0x00000000d0000000,0x00000000d59e8c30,0x00000000d5e00000)
 Metaspace       used 65825K, capacity 67470K, committed 67772K, reserved 1110016K
  class space    used 6804K, capacity 7305K, committed 7356K, reserved 1048576K
Event: 29.366 GC heap after
Heap after GC invocations=56 (full 7):
 PSYoungGen      total 210432K, used 21608K [0x00000000f0000000, 0x0000000100000000, 0x0000000100000000)
  eden space 183296K, 0% used [0x00000000f0000000,0x00000000f0000000,0x00000000fb300000)
  from space 27136K, 79% used [0x00000000fb300000,0x00000000fc81a260,0x00000000fcd80000)
  to   space 40960K, 0% used [0x00000000fd800000,0x00000000fd800000,0x0000000100000000)
 ParOldGen       total 114688K, used 95919K [0x00000000d0000000, 0x00000000d7000000, 0x00000000f0000000)
  object space 114688K, 83% used [0x00000000d0000000,0x00000000d5dabf10,0x00000000d7000000)
 Metaspace       used 65825K, capacity 67470K, committed 67772K, reserved 1110016K
  class space    used 6804K, capacity 7305K, committed 7356K, reserved 1048576K
}
Event: 30.778 GC heap before
{Heap before GC invocations=57 (full 7):
 PSYoungGen      total 210432K, used 204904K [0x00000000f0000000, 0x0000000100000000, 0x0000000100000000)
  eden space 183296K, 100% used [0x00000000f0000000,0x00000000fb300000,0x00000000fb300000)
  from space 27136K, 79% used [0x00000000fb300000,0x00000000fc81a260,0x00000000fcd80000)
  to   space 40960K, 0% used [0x00000000fd800000,0x00000000fd800000,0x0000000100000000)
 ParOldGen       total 114688K, used 95919K [0x00000000d0000000, 0x00000000d7000000, 0x00000000f0000000)
  object space 114688K, 83% used [0x00000000d0000000,0x00000000d5dabf10,0x00000000d7000000)
 Metaspace       used 66765K, capacity 68492K, committed 68924K, reserved 1110016K
  class space    used 6908K, capacity 7421K, committed 7484K, reserved 1048576K
Event: 30.852 GC heap after
Heap after GC invocations=57 (full 7):
 PSYoungGen      total 219136K, used 27110K [0x00000000f0000000, 0x0000000100000000, 0x0000000100000000)
  eden space 178176K, 0% used [0x00000000f0000000,0x00000000f0000000,0x00000000fae00000)
  from space 40960K, 66% used [0x00000000fd800000,0x00000000ff279a10,0x0000000100000000)
  to   space 41984K, 0% used [0x00000000fae00000,0x00000000fae00000,0x00000000fd700000)
 ParOldGen       total 114688K, used 95927K [0x00000000d0000000, 0x00000000d7000000, 0x00000000f0000000)
  object space 114688K, 83% used [0x00000000d0000000,0x00000000d5dadf10,0x00000000d7000000)
 Metaspace       used 66765K, capacity 68492K, committed 68924K, reserved 1110016K
  class space    used 6908K, capacity 7421K, committed 7484K, reserved 1048576K
}
Event: 32.203 GC heap before
{Heap before GC invocations=58 (full 7):
 PSYoungGen      total 219136K, used 199857K [0x00000000f0000000, 0x0000000100000000, 0x0000000100000000)
  eden space 178176K, 96% used [0x00000000f0000000,0x00000000fa8b2a30,0x00000000fae00000)
  from space 40960K, 66% used [0x00000000fd800000,0x00000000ff279a10,0x0000000100000000)
  to   space 41984K, 0% used [0x00000000fae00000,0x00000000fae00000,0x00000000fd700000)
 ParOldGen       total 114688K, used 95927K [0x00000000d0000000, 0x00000000d7000000, 0x00000000f0000000)
  object space 114688K, 83% used [0x00000000d0000000,0x00000000d5dadf10,0x00000000d7000000)
 Metaspace       used 68490K, capacity 70168K, committed 70460K, reserved 1112064K
  class space    used 7155K, capacity 7657K, committed 7740K, reserved 1048576K
Event: 32.243 GC heap after
Heap after GC invocations=58 (full 7):
 PSYoungGen      total 214016K, used 35670K [0x00000000f0000000, 0x0000000100000000, 0x0000000100000000)
  eden space 178176K, 0% used [0x00000000f0000000,0x00000000f0000000,0x00000000fae00000)
  from space 35840K, 99% used [0x00000000fae00000,0x00000000fd0d5968,0x00000000fd100000)
  to   space 46080K, 0% used [0x00000000fd300000,0x00000000fd300000,0x0000000100000000)
 ParOldGen       total 114688K, used 95935K [0x00000000d0000000, 0x00000000d7000000, 0x00000000f0000000)
  object space 114688K, 83% used [0x00000000d0000000,0x00000000d5daff10,0x00000000d7000000)
 Metaspace       used 68490K, capacity 70168K, committed 70460K, reserved 1112064K
  class space    used 7155K, capacity 7657K, committed 7740K, reserved 1048576K
}
Event: 32.828 GC heap before
{Heap before GC invocations=59 (full 7):
 PSYoungGen      total 214016K, used 210195K [0x00000000f0000000, 0x0000000100000000, 0x0000000100000000)
  eden space 178176K, 97% used [0x00000000f0000000,0x00000000faa6f4d0,0x00000000fae00000)
  from space 35840K, 99% used [0x00000000fae00000,0x00000000fd0d5968,0x00000000fd100000)
  to   space 46080K, 0% used [0x00000000fd300000,0x00000000fd300000,0x0000000100000000)
 ParOldGen       total 114688K, used 95935K [0x00000000d0000000, 0x00000000d7000000, 0x00000000f0000000)
  object space 114688K, 83% used [0x00000000d0000000,0x00000000d5daff10,0x00000000d7000000)
 Metaspace       used 68884K, capacity 70528K, committed 70716K, reserved 1112064K
  class space    used 7211K, capacity 7693K, committed 7740K, reserved 1048576K
Event: 32.866 GC heap after
Heap after GC invocations=59 (full 7):
 PSYoungGen      total 207872K, used 38294K [0x00000000f0000000, 0x0000000100000000, 0x0000000100000000)
  eden space 161792K, 0% used [0x00000000f0000000,0x00000000f0000000,0x00000000f9e00000)
  from space 46080K, 83% used [0x00000000fd300000,0x00000000ff865900,0x0000000100000000)
  to   space 50176K, 0% used [0x00000000f9e00000,0x00000000f9e00000,0x00000000fcf00000)
 ParOldGen       total 114688K, used 95943K [0x00000000d0000000, 0x00000000d7000000, 0x00000000f0000000)
  object space 114688K, 83% used [0x00000000d0000000,0x00000000d5db1f10,0x00000000d7000000)
 Metaspace       used 68884K, capacity 70528K, committed 70716K, reserved 1112064K
  class space    used 7211K, capacity 7693K, committed 7740K, reserved 1048576K
}

