# JRE version: Java(TM) SE Runtime Environment (8.0_11-b12) (build 1.8.0_11-b12)
# Java VM: Java HotSpot(TM) 64-Bit Server VM (25.11-b03 mixed mode windows-amd64 compressed oops)
Heap:
 PSYoungGen      total 220160K, used 174550K [0x00000000f0000000, 0x0000000100000000, 0x0000000100000000)
  eden space 187392K, 76% used [0x00000000f0000000,0x00000000f8c17258,0x00000000fb700000)
  from space 32768K, 94% used [0x00000000fe000000,0x00000000ffe5e910,0x0000000100000000)
  to   space 37376K, 0% used [0x00000000fb700000,0x00000000fb700000,0x00000000fdb80000)
 ParOldGen       total 128512K, used 118032K [0x00000000d0000000, 0x00000000d7d80000, 0x00000000f0000000)
  object space 128512K, 91% used [0x00000000d0000000,0x00000000d73440f8,0x00000000d7d80000)
 Metaspace       used 73320K, capacity 75468K, committed 75632K, reserved 1116160K
  class space    used 7485K, capacity 8056K, committed 8064K, reserved 1048576K
GC Heap History (10 events):
Event: 64.838 GC heap before
{Heap before GC invocations=56 (full 8):
 PSYoungGen      total 241152K, used 230772K [0x00000000f0000000, 0x0000000100000000, 0x0000000100000000)
  eden space 220160K, 100% used [0x00000000f0000000,0x00000000fd700000,0x00000000fd700000)
  from space 20992K, 50% used [0x00000000fd700000,0x00000000fe15d090,0x00000000feb80000)
  to   space 19968K, 0% used [0x00000000fec80000,0x00000000fec80000,0x0000000100000000)
 ParOldGen       total 128512K, used 111759K [0x00000000d0000000, 0x00000000d7d80000, 0x00000000f0000000)
  object space 128512K, 86% used [0x00000000d0000000,0x00000000d6d23f20,0x00000000d7d80000)
 Metaspace       used 68609K, capacity 70472K, committed 70768K, reserved 1112064K
  class space    used 6924K, capacity 7459K, committed 7552K, reserved 1048576K
Event: 64.893 GC heap after
Heap after GC invocations=56 (full 8):
 PSYoungGen      total 238080K, used 18444K [0x00000000f0000000, 0x0000000100000000, 0x0000000100000000)
  eden space 218112K, 0% used [0x00000000f0000000,0x00000000f0000000,0x00000000fd500000)
  from space 19968K, 92% used [0x00000000fec80000,0x00000000ffe83070,0x0000000100000000)
  to   space 22016K, 0% used [0x00000000fd500000,0x00000000fd500000,0x00000000fea80000)
 ParOldGen       total 128512K, used 111767K [0x00000000d0000000, 0x00000000d7d80000, 0x00000000f0000000)
  object space 128512K, 86% used [0x00000000d0000000,0x00000000d6d25f20,0x00000000d7d80000)
 Metaspace       used 68609K, capacity 70472K, committed 70768K, reserved 1112064K
  class space    used 6924K, capacity 7459K, committed 7552K, reserved 1048576K
}
Event: 66.518 GC heap before
{Heap before GC invocations=57 (full 8):
 PSYoungGen      total 238080K, used 236556K [0x00000000f0000000, 0x0000000100000000, 0x0000000100000000)
  eden space 218112K, 100% used [0x00000000f0000000,0x00000000fd500000,0x00000000fd500000)
  from space 19968K, 92% used [0x00000000fec80000,0x00000000ffe83070,0x0000000100000000)
  to   space 22016K, 0% used [0x00000000fd500000,0x00000000fd500000,0x00000000fea80000)
 ParOldGen       total 128512K, used 111767K [0x00000000d0000000, 0x00000000d7d80000, 0x00000000f0000000)
  object space 128512K, 86% used [0x00000000d0000000,0x00000000d6d25f20,0x00000000d7d80000)
 Metaspace       used 69667K, capacity 71548K, committed 71920K, reserved 1114112K
  class space    used 7055K, capacity 7625K, committed 7680K, reserved 1048576K
Event: 66.585 GC heap after
Heap after GC invocations=57 (full 8):
 PSYoungGen      total 239104K, used 20817K [0x00000000f0000000, 0x0000000100000000, 0x0000000100000000)
  eden space 218112K, 0% used [0x00000000f0000000,0x00000000f0000000,0x00000000fd500000)
  from space 20992K, 99% used [0x00000000fd500000,0x00000000fe954450,0x00000000fe980000)
  to   space 23040K, 0% used [0x00000000fe980000,0x00000000fe980000,0x0000000100000000)
 ParOldGen       total 128512K, used 111767K [0x00000000d0000000, 0x00000000d7d80000, 0x00000000f0000000)
  object space 128512K, 86% used [0x00000000d0000000,0x00000000d6d25f20,0x00000000d7d80000)
 Metaspace       used 69667K, capacity 71548K, committed 71920K, reserved 1114112K
  class space    used 7055K, capacity 7625K, committed 7680K, reserved 1048576K
}
Event: 68.516 GC heap before
{Heap before GC invocations=58 (full 8):
 PSYoungGen      total 239104K, used 238929K [0x00000000f0000000, 0x0000000100000000, 0x0000000100000000)
  eden space 218112K, 100% used [0x00000000f0000000,0x00000000fd500000,0x00000000fd500000)
  from space 20992K, 99% used [0x00000000fd500000,0x00000000fe954450,0x00000000fe980000)
  to   space 23040K, 0% used [0x00000000fe980000,0x00000000fe980000,0x0000000100000000)
 ParOldGen       total 128512K, used 111767K [0x00000000d0000000, 0x00000000d7d80000, 0x00000000f0000000)
  object space 128512K, 86% used [0x00000000d0000000,0x00000000d6d25f20,0x00000000d7d80000)
 Metaspace       used 70661K, capacity 72630K, committed 72816K, reserved 1114112K
  class space    used 7152K, capacity 7714K, committed 7808K, reserved 1048576K
Event: 68.565 GC heap after
Heap after GC invocations=58 (full 8):
 PSYoungGen      total 224768K, used 23026K [0x00000000f0000000, 0x0000000100000000, 0x0000000100000000)
  eden space 201728K, 0% used [0x00000000f0000000,0x00000000f0000000,0x00000000fc500000)
  from space 23040K, 99% used [0x00000000fe980000,0x00000000ffffc958,0x0000000100000000)
  to   space 30208K, 0% used [0x00000000fc500000,0x00000000fc500000,0x00000000fe280000)
 ParOldGen       total 128512K, used 117864K [0x00000000d0000000, 0x00000000d7d80000, 0x00000000f0000000)
  object space 128512K, 91% used [0x00000000d0000000,0x00000000d731a0f8,0x00000000d7d80000)
 Metaspace       used 70661K, capacity 72630K, committed 72816K, reserved 1114112K
  class space    used 7152K, capacity 7714K, committed 7808K, reserved 1048576K
}
Event: 69.295 GC heap before
{Heap before GC invocations=59 (full 8):
 PSYoungGen      total 224768K, used 223115K [0x00000000f0000000, 0x0000000100000000, 0x0000000100000000)
  eden space 201728K, 99% used [0x00000000f0000000,0x00000000fc366698,0x00000000fc500000)
  from space 23040K, 99% used [0x00000000fe980000,0x00000000ffffc958,0x0000000100000000)
  to   space 30208K, 0% used [0x00000000fc500000,0x00000000fc500000,0x00000000fe280000)
 ParOldGen       total 128512K, used 117864K [0x00000000d0000000, 0x00000000d7d80000, 0x00000000f0000000)
  object space 128512K, 91% used [0x00000000d0000000,0x00000000d731a0f8,0x00000000d7d80000)
 Metaspace       used 71141K, capacity 73176K, committed 73328K, reserved 1114112K
  class space    used 7173K, capacity 7755K, committed 7808K, reserved 1048576K
Event: 69.454 GC heap after
Heap after GC invocations=59 (full 8):
 PSYoungGen      total 227328K, used 25426K [0x00000000f0000000, 0x0000000100000000, 0x0000000100000000)
  eden space 201728K, 0% used [0x00000000f0000000,0x00000000f0000000,0x00000000fc500000)
  from space 25600K, 99% used [0x00000000fc500000,0x00000000fddd4920,0x00000000fde00000)
  to   space 32768K, 0% used [0x00000000fe000000,0x00000000fe000000,0x0000000100000000)
 ParOldGen       total 128512K, used 118032K [0x00000000d0000000, 0x00000000d7d80000, 0x00000000f0000000)
  object space 128512K, 91% used [0x00000000d0000000,0x00000000d73440f8,0x00000000d7d80000)
 Metaspace       used 71141K, capacity 73176K, committed 73328K, reserved 1114112K
  class space    used 7173K, capacity 7755K, committed 7808K, reserved 1048576K
}
Event: 70.740 GC heap before
{Heap before GC invocations=60 (full 8):
 PSYoungGen      total 227328K, used 227154K [0x00000000f0000000, 0x0000000100000000, 0x0000000100000000)
  eden space 201728K, 100% used [0x00000000f0000000,0x00000000fc500000,0x00000000fc500000)
  from space 25600K, 99% used [0x00000000fc500000,0x00000000fddd4920,0x00000000fde00000)
  to   space 32768K, 0% used [0x00000000fe000000,0x00000000fe000000,0x0000000100000000)
 ParOldGen       total 128512K, used 118032K [0x00000000d0000000, 0x00000000d7d80000, 0x00000000f0000000)
  object space 128512K, 91% used [0x00000000d0000000,0x00000000d73440f8,0x00000000d7d80000)
 Metaspace       used 72848K, capacity 74940K, committed 75120K, reserved 1116160K
  class space    used 7393K, capacity 7952K, committed 8064K, reserved 1048576K
Event: 70.782 GC heap after
Heap after GC invocations=60 (full 8):
 PSYoungGen      total 220160K, used 31098K [0x00000000f0000000, 0x0000000100000000, 0x0000000100000000)
  eden space 187392K, 0% used [0x00000000f0000000,0x00000000f0000000,0x00000000fb700000)
  from space 32768K, 94% used [0x00000000fe000000,0x00000000ffe5e910,0x0000000100000000)
  to   space 37376K, 0% used [0x00000000fb700000,0x00000000fb700000,0x00000000fdb80000)
 ParOldGen       total 128512K, used 118032K [0x00000000d0000000, 0x00000000d7d80000, 0x00000000f0000000)
  object space 128512K, 91% used [0x00000000d0000000,0x00000000d73440f8,0x00000000d7d80000)
 Metaspace       used 72848K, capacity 74940K, committed 75120K, reserved 1116160K
  class space    used 7393K, capacity 7952K, committed 8064K, reserved 1048576K
}

