# JRE version: Java(TM) SE Runtime Environment (8.0_11-b12) (build 1.8.0_11-b12)
# Java VM: Java HotSpot(TM) 64-Bit Server VM (25.11-b03 mixed mode windows-amd64 compressed oops)
Heap:
 PSYoungGen      total 210944K, used 181548K [0x00000000f0000000, 0x0000000100000000, 0x0000000100000000)
  eden space 167936K, 86% used [0x00000000f0000000,0x00000000f8d69138,0x00000000fa400000)
  from space 43008K, 85% used [0x00000000fd600000,0x00000000ff9e2060,0x0000000100000000)
  to   space 47104K, 0% used [0x00000000fa400000,0x00000000fa400000,0x00000000fd200000)
 ParOldGen       total 114688K, used 95591K [0x00000000d0000000, 0x00000000d7000000, 0x00000000f0000000)
  object space 114688K, 83% used [0x00000000d0000000,0x00000000d5d59c70,0x00000000d7000000)
 Metaspace       used 69590K, capacity 71312K, committed 71552K, reserved 1114112K
  class space    used 7291K, capacity 7799K, committed 7808K, reserved 1048576K
GC Heap History (10 events):
Event: 48.176 GC heap before
{Heap before GC invocations=53 (full 6):
 PSYoungGen      total 215552K, used 215011K [0x00000000f0000000, 0x0000000100000000, 0x0000000100000000)
  eden space 183296K, 99% used [0x00000000f0000000,0x00000000fb27c9c0,0x00000000fb300000)
  from space 32256K, 99% used [0x00000000fe080000,0x00000000ffffc470,0x0000000100000000)
  to   space 39424K, 0% used [0x00000000fb300000,0x00000000fb300000,0x00000000fd980000)
 ParOldGen       total 95744K, used 79365K [0x00000000d0000000, 0x00000000d5d80000, 0x00000000f0000000)
  object space 95744K, 82% used [0x00000000d0000000,0x00000000d4d81438,0x00000000d5d80000)
 Metaspace       used 65453K, capacity 67150K, committed 67456K, reserved 1110016K
  class space    used 6750K, capacity 7241K, committed 7296K, reserved 1048576K
Event: 48.293 GC heap after
Heap after GC invocations=53 (full 6):
 PSYoungGen      total 210432K, used 27019K [0x00000000f0000000, 0x0000000100000000, 0x0000000100000000)
  eden space 183296K, 0% used [0x00000000f0000000,0x00000000f0000000,0x00000000fb300000)
  from space 27136K, 99% used [0x00000000fb300000,0x00000000fcd62c88,0x00000000fcd80000)
  to   space 40960K, 0% used [0x00000000fd800000,0x00000000fd800000,0x0000000100000000)
 ParOldGen       total 95744K, used 91616K [0x00000000d0000000, 0x00000000d5d80000, 0x00000000f0000000)
  object space 95744K, 95% used [0x00000000d0000000,0x00000000d5978170,0x00000000d5d80000)
 Metaspace       used 65453K, capacity 67150K, committed 67456K, reserved 1110016K
  class space    used 6750K, capacity 7241K, committed 7296K, reserved 1048576K
}
Event: 48.293 GC heap before
{Heap before GC invocations=54 (full 7):
 PSYoungGen      total 210432K, used 27019K [0x00000000f0000000, 0x0000000100000000, 0x0000000100000000)
  eden space 183296K, 0% used [0x00000000f0000000,0x00000000f0000000,0x00000000fb300000)
  from space 27136K, 99% used [0x00000000fb300000,0x00000000fcd62c88,0x00000000fcd80000)
  to   space 40960K, 0% used [0x00000000fd800000,0x00000000fd800000,0x0000000100000000)
 ParOldGen       total 95744K, used 91616K [0x00000000d0000000, 0x00000000d5d80000, 0x00000000f0000000)
  object space 95744K, 95% used [0x00000000d0000000,0x00000000d5978170,0x00000000d5d80000)
 Metaspace       used 65453K, capacity 67150K, committed 67456K, reserved 1110016K
  class space    used 6750K, capacity 7241K, committed 7296K, reserved 1048576K
Event: 49.761 GC heap after
Heap after GC invocations=54 (full 7):
 PSYoungGen      total 210432K, used 21728K [0x00000000f0000000, 0x0000000100000000, 0x0000000100000000)
  eden space 183296K, 0% used [0x00000000f0000000,0x00000000f0000000,0x00000000fb300000)
  from space 27136K, 80% used [0x00000000fb300000,0x00000000fc8381b8,0x00000000fcd80000)
  to   space 40960K, 0% used [0x00000000fd800000,0x00000000fd800000,0x0000000100000000)
 ParOldGen       total 114688K, used 95575K [0x00000000d0000000, 0x00000000d7000000, 0x00000000f0000000)
  object space 114688K, 83% used [0x00000000d0000000,0x00000000d5d55c70,0x00000000d7000000)
 Metaspace       used 65453K, capacity 67150K, committed 67456K, reserved 1110016K
  class space    used 6750K, capacity 7241K, committed 7296K, reserved 1048576K
}
Event: 50.898 GC heap before
{Heap before GC invocations=55 (full 7):
 PSYoungGen      total 210432K, used 205024K [0x00000000f0000000, 0x0000000100000000, 0x0000000100000000)
  eden space 183296K, 100% used [0x00000000f0000000,0x00000000fb300000,0x00000000fb300000)
  from space 27136K, 80% used [0x00000000fb300000,0x00000000fc8381b8,0x00000000fcd80000)
  to   space 40960K, 0% used [0x00000000fd800000,0x00000000fd800000,0x0000000100000000)
 ParOldGen       total 114688K, used 95575K [0x00000000d0000000, 0x00000000d7000000, 0x00000000f0000000)
  object space 114688K, 83% used [0x00000000d0000000,0x00000000d5d55c70,0x00000000d7000000)
 Metaspace       used 66299K, capacity 67970K, committed 68352K, reserved 1110016K
  class space    used 6862K, capacity 7356K, committed 7424K, reserved 1048576K
Event: 51.158 GC heap after
Heap after GC invocations=55 (full 7):
 PSYoungGen      total 221696K, used 23220K [0x00000000f0000000, 0x0000000100000000, 0x0000000100000000)
  eden space 180736K, 0% used [0x00000000f0000000,0x00000000f0000000,0x00000000fb080000)
  from space 40960K, 56% used [0x00000000fd800000,0x00000000feead1b0,0x0000000100000000)
  to   space 40448K, 0% used [0x00000000fb080000,0x00000000fb080000,0x00000000fd800000)
 ParOldGen       total 114688K, used 95583K [0x00000000d0000000, 0x00000000d7000000, 0x00000000f0000000)
  object space 114688K, 83% used [0x00000000d0000000,0x00000000d5d57c70,0x00000000d7000000)
 Metaspace       used 66299K, capacity 67970K, committed 68352K, reserved 1110016K
  class space    used 6862K, capacity 7356K, committed 7424K, reserved 1048576K
}
Event: 53.392 GC heap before
{Heap before GC invocations=56 (full 7):
 PSYoungGen      total 221696K, used 203956K [0x00000000f0000000, 0x0000000100000000, 0x0000000100000000)
  eden space 180736K, 100% used [0x00000000f0000000,0x00000000fb080000,0x00000000fb080000)
  from space 40960K, 56% used [0x00000000fd800000,0x00000000feead1b0,0x0000000100000000)
  to   space 40448K, 0% used [0x00000000fb080000,0x00000000fb080000,0x00000000fd800000)
 ParOldGen       total 114688K, used 95583K [0x00000000d0000000, 0x00000000d7000000, 0x00000000f0000000)
  object space 114688K, 83% used [0x00000000d0000000,0x00000000d5d57c70,0x00000000d7000000)
 Metaspace       used 67200K, capacity 68914K, committed 69248K, reserved 1112064K
  class space    used 6952K, capacity 7432K, committed 7552K, reserved 1048576K
Event: 53.569 GC heap after
Heap after GC invocations=56 (full 7):
 PSYoungGen      total 211968K, used 31213K [0x00000000f0000000, 0x0000000100000000, 0x0000000100000000)
  eden space 180736K, 0% used [0x00000000f0000000,0x00000000f0000000,0x00000000fb080000)
  from space 31232K, 99% used [0x00000000fb080000,0x00000000fcefb758,0x00000000fcf00000)
  to   space 43008K, 0% used [0x00000000fd600000,0x00000000fd600000,0x0000000100000000)
 ParOldGen       total 114688K, used 95583K [0x00000000d0000000, 0x00000000d7000000, 0x00000000f0000000)
  object space 114688K, 83% used [0x00000000d0000000,0x00000000d5d57c70,0x00000000d7000000)
 Metaspace       used 67200K, capacity 68914K, committed 69248K, reserved 1112064K
  class space    used 6952K, capacity 7432K, committed 7552K, reserved 1048576K
}
Event: 54.561 GC heap before
{Heap before GC invocations=57 (full 7):
 PSYoungGen      total 211968K, used 204266K [0x00000000f0000000, 0x0000000100000000, 0x0000000100000000)
  eden space 180736K, 95% used [0x00000000f0000000,0x00000000fa8ff278,0x00000000fb080000)
  from space 31232K, 99% used [0x00000000fb080000,0x00000000fcefb758,0x00000000fcf00000)
  to   space 43008K, 0% used [0x00000000fd600000,0x00000000fd600000,0x0000000100000000)
 ParOldGen       total 114688K, used 95583K [0x00000000d0000000, 0x00000000d7000000, 0x00000000f0000000)
  object space 114688K, 83% used [0x00000000d0000000,0x00000000d5d57c70,0x00000000d7000000)
 Metaspace       used 68668K, capacity 70328K, committed 70656K, reserved 1112064K
  class space    used 7165K, capacity 7625K, committed 7680K, reserved 1048576K
Event: 54.656 GC heap after
Heap after GC invocations=57 (full 7):
 PSYoungGen      total 210944K, used 36744K [0x00000000f0000000, 0x0000000100000000, 0x0000000100000000)
  eden space 167936K, 0% used [0x00000000f0000000,0x00000000f0000000,0x00000000fa400000)
  from space 43008K, 85% used [0x00000000fd600000,0x00000000ff9e2060,0x0000000100000000)
  to   space 47104K, 0% used [0x00000000fa400000,0x00000000fa400000,0x00000000fd200000)
 ParOldGen       total 114688K, used 95591K [0x00000000d0000000, 0x00000000d7000000, 0x00000000f0000000)
  object space 114688K, 83% used [0x00000000d0000000,0x00000000d5d59c70,0x00000000d7000000)
 Metaspace       used 68668K, capacity 70328K, committed 70656K, reserved 1112064K
  class space    used 7165K, capacity 7625K, committed 7680K, reserved 1048576K
}

