# JRE version: Java(TM) SE Runtime Environment (8.0_11-b12) (build 1.8.0_11-b12)
# Java VM: Java HotSpot(TM) 64-Bit Server VM (25.11-b03 mixed mode windows-amd64 compressed oops)
Heap:
 PSYoungGen      total 238592K, used 218444K [0x00000000f0000000, 0x0000000100000000, 0x0000000100000000)
  eden space 220160K, 91% used [0x00000000f0000000,0x00000000fc49f480,0x00000000fd700000)
  from space 18432K, 92% used [0x00000000fee00000,0x00000000ffeb3d78,0x0000000100000000)
  to   space 20992K, 0% used [0x00000000fd700000,0x00000000fd700000,0x00000000feb80000)
 ParOldGen       total 117248K, used 98249K [0x00000000d0000000, 0x00000000d7280000, 0x00000000f0000000)
  object space 117248K, 83% used [0x00000000d0000000,0x00000000d5ff2598,0x00000000d7280000)
 Metaspace       used 65514K, capacity 67212K, committed 67584K, reserved 1110016K
  class space    used 7093K, capacity 7573K, committed 7680K, reserved 1048576K
GC Heap History (10 events):
Event: 51.646 GC heap before
{Heap before GC invocations=51 (full 6):
 PSYoungGen      total 248320K, used 247918K [0x00000000f0000000, 0x0000000100000000, 0x0000000100000000)
  eden space 237568K, 100% used [0x00000000f0000000,0x00000000fe800000,0x00000000fe800000)
  from space 10752K, 96% used [0x00000000ff480000,0x00000000ffe9b950,0x00000000fff00000)
  to   space 12288K, 0% used [0x00000000fe800000,0x00000000fe800000,0x00000000ff400000)
 ParOldGen       total 98304K, used 79621K [0x00000000d0000000, 0x00000000d6000000, 0x00000000f0000000)
  object space 98304K, 80% used [0x00000000d0000000,0x00000000d4dc17d8,0x00000000d6000000)
 Metaspace       used 59809K, capacity 61326K, committed 61696K, reserved 1103872K
  class space    used 6373K, capacity 6826K, committed 6912K, reserved 1048576K
Event: 51.708 GC heap after
Heap after GC invocations=51 (full 6):
 PSYoungGen      total 249856K, used 12288K [0x00000000f0000000, 0x0000000100000000, 0x0000000100000000)
  eden space 237568K, 0% used [0x00000000f0000000,0x00000000f0000000,0x00000000fe800000)
  from space 12288K, 100% used [0x00000000fe800000,0x00000000ff400000,0x00000000ff400000)
  to   space 12288K, 0% used [0x00000000ff400000,0x00000000ff400000,0x0000000100000000)
 ParOldGen       total 98304K, used 82404K [0x00000000d0000000, 0x00000000d6000000, 0x00000000f0000000)
  object space 98304K, 83% used [0x00000000d0000000,0x00000000d50791e0,0x00000000d6000000)
 Metaspace       used 59809K, capacity 61326K, committed 61696K, reserved 1103872K
  class space    used 6373K, capacity 6826K, committed 6912K, reserved 1048576K
}
Event: 53.899 GC heap before
{Heap before GC invocations=52 (full 6):
 PSYoungGen      total 249856K, used 249856K [0x00000000f0000000, 0x0000000100000000, 0x0000000100000000)
  eden space 237568K, 100% used [0x00000000f0000000,0x00000000fe800000,0x00000000fe800000)
  from space 12288K, 100% used [0x00000000fe800000,0x00000000ff400000,0x00000000ff400000)
  to   space 12288K, 0% used [0x00000000ff400000,0x00000000ff400000,0x0000000100000000)
 ParOldGen       total 98304K, used 82404K [0x00000000d0000000, 0x00000000d6000000, 0x00000000f0000000)
  object space 98304K, 83% used [0x00000000d0000000,0x00000000d50791e0,0x00000000d6000000)
 Metaspace       used 61026K, capacity 62642K, committed 62848K, reserved 1105920K
  class space    used 6539K, capacity 7000K, committed 7040K, reserved 1048576K
Event: 53.954 GC heap after
Heap after GC invocations=52 (full 6):
 PSYoungGen      total 234496K, used 12256K [0x00000000f0000000, 0x0000000100000000, 0x0000000100000000)
  eden space 222208K, 0% used [0x00000000f0000000,0x00000000f0000000,0x00000000fd900000)
  from space 12288K, 99% used [0x00000000ff400000,0x00000000ffff8020,0x0000000100000000)
  to   space 19968K, 0% used [0x00000000fd900000,0x00000000fd900000,0x00000000fec80000)
 ParOldGen       total 98304K, used 90768K [0x00000000d0000000, 0x00000000d6000000, 0x00000000f0000000)
  object space 98304K, 92% used [0x00000000d0000000,0x00000000d58a42c0,0x00000000d6000000)
 Metaspace       used 61026K, capacity 62642K, committed 62848K, reserved 1105920K
  class space    used 6539K, capacity 7000K, committed 7040K, reserved 1048576K
}
Event: 53.954 GC heap before
{Heap before GC invocations=53 (full 7):
 PSYoungGen      total 234496K, used 12256K [0x00000000f0000000, 0x0000000100000000, 0x0000000100000000)
  eden space 222208K, 0% used [0x00000000f0000000,0x00000000f0000000,0x00000000fd900000)
  from space 12288K, 99% used [0x00000000ff400000,0x00000000ffff8020,0x0000000100000000)
  to   space 19968K, 0% used [0x00000000fd900000,0x00000000fd900000,0x00000000fec80000)
 ParOldGen       total 98304K, used 90768K [0x00000000d0000000, 0x00000000d6000000, 0x00000000f0000000)
  object space 98304K, 92% used [0x00000000d0000000,0x00000000d58a42c0,0x00000000d6000000)
 Metaspace       used 61026K, capacity 62642K, committed 62848K, reserved 1105920K
  class space    used 6539K, capacity 7000K, committed 7040K, reserved 1048576K
Event: 55.399 GC heap after
Heap after GC invocations=53 (full 7):
 PSYoungGen      total 234496K, used 2517K [0x00000000f0000000, 0x0000000100000000, 0x0000000100000000)
  eden space 222208K, 0% used [0x00000000f0000000,0x00000000f0000000,0x00000000fd900000)
  from space 12288K, 20% used [0x00000000ff400000,0x00000000ff675440,0x0000000100000000)
  to   space 19968K, 0% used [0x00000000fd900000,0x00000000fd900000,0x00000000fec80000)
 ParOldGen       total 117248K, used 98081K [0x00000000d0000000, 0x00000000d7280000, 0x00000000f0000000)
  object space 117248K, 83% used [0x00000000d0000000,0x00000000d5fc8598,0x00000000d7280000)
 Metaspace       used 61026K, capacity 62642K, committed 62848K, reserved 1105920K
  class space    used 6539K, capacity 7000K, committed 7040K, reserved 1048576K
}
Event: 56.929 GC heap before
{Heap before GC invocations=54 (full 7):
 PSYoungGen      total 234496K, used 224029K [0x00000000f0000000, 0x0000000100000000, 0x0000000100000000)
  eden space 222208K, 99% used [0x00000000f0000000,0x00000000fd8520d8,0x00000000fd900000)
  from space 12288K, 20% used [0x00000000ff400000,0x00000000ff675440,0x0000000100000000)
  to   space 19968K, 0% used [0x00000000fd900000,0x00000000fd900000,0x00000000fec80000)
 ParOldGen       total 117248K, used 98081K [0x00000000d0000000, 0x00000000d7280000, 0x00000000f0000000)
  object space 117248K, 83% used [0x00000000d0000000,0x00000000d5fc8598,0x00000000d7280000)
 Metaspace       used 62469K, capacity 64048K, committed 64384K, reserved 1105920K
  class space    used 6691K, capacity 7169K, committed 7296K, reserved 1048576K
Event: 57.064 GC heap after
Heap after GC invocations=54 (full 7):
 PSYoungGen      total 242176K, used 7234K [0x00000000f0000000, 0x0000000100000000, 0x0000000100000000)
  eden space 222208K, 0% used [0x00000000f0000000,0x00000000f0000000,0x00000000fd900000)
  from space 19968K, 36% used [0x00000000fd900000,0x00000000fe0109e0,0x00000000fec80000)
  to   space 18432K, 0% used [0x00000000fee00000,0x00000000fee00000,0x0000000100000000)
 ParOldGen       total 117248K, used 98249K [0x00000000d0000000, 0x00000000d7280000, 0x00000000f0000000)
  object space 117248K, 83% used [0x00000000d0000000,0x00000000d5ff2598,0x00000000d7280000)
 Metaspace       used 62469K, capacity 64048K, committed 64384K, reserved 1105920K
  class space    used 6691K, capacity 7169K, committed 7296K, reserved 1048576K
}
Event: 58.665 GC heap before
{Heap before GC invocations=55 (full 7):
 PSYoungGen      total 242176K, used 223146K [0x00000000f0000000, 0x0000000100000000, 0x0000000100000000)
  eden space 222208K, 97% used [0x00000000f0000000,0x00000000fd2da110,0x00000000fd900000)
  from space 19968K, 36% used [0x00000000fd900000,0x00000000fe0109e0,0x00000000fec80000)
  to   space 18432K, 0% used [0x00000000fee00000,0x00000000fee00000,0x0000000100000000)
 ParOldGen       total 117248K, used 98249K [0x00000000d0000000, 0x00000000d7280000, 0x00000000f0000000)
  object space 117248K, 83% used [0x00000000d0000000,0x00000000d5ff2598,0x00000000d7280000)
 Metaspace       used 64461K, capacity 66070K, committed 66432K, reserved 1107968K
  class space    used 6959K, capacity 7433K, committed 7552K, reserved 1048576K
Event: 58.718 GC heap after
Heap after GC invocations=55 (full 7):
 PSYoungGen      total 238592K, used 17103K [0x00000000f0000000, 0x0000000100000000, 0x0000000100000000)
  eden space 220160K, 0% used [0x00000000f0000000,0x00000000f0000000,0x00000000fd700000)
  from space 18432K, 92% used [0x00000000fee00000,0x00000000ffeb3d78,0x0000000100000000)
  to   space 20992K, 0% used [0x00000000fd700000,0x00000000fd700000,0x00000000feb80000)
 ParOldGen       total 117248K, used 98249K [0x00000000d0000000, 0x00000000d7280000, 0x00000000f0000000)
  object space 117248K, 83% used [0x00000000d0000000,0x00000000d5ff2598,0x00000000d7280000)
 Metaspace       used 64461K, capacity 66070K, committed 66432K, reserved 1107968K
  class space    used 6959K, capacity 7433K, committed 7552K, reserved 1048576K
}

