# JRE version: Java(TM) SE Runtime Environment (8.0_11-b12) (build 1.8.0_11-b12)
# Java VM: Java HotSpot(TM) 64-Bit Server VM (25.11-b03 mixed mode windows-amd64 compressed oops)
Heap:
 PSYoungGen      total 220672K, used 149873K [0x00000000f0000000, 0x0000000100000000, 0x0000000100000000)
  eden space 190464K, 62% used [0x00000000f0000000,0x00000000f7522818,0x00000000fba00000)
  from space 30208K, 99% used [0x00000000fba00000,0x00000000fd739c78,0x00000000fd780000)
  to   space 39424K, 0% used [0x00000000fd980000,0x00000000fd980000,0x0000000100000000)
 ParOldGen       total 132608K, used 115638K [0x00000000d0000000, 0x00000000d8180000, 0x00000000f0000000)
  object space 132608K, 87% used [0x00000000d0000000,0x00000000d70eda40,0x00000000d8180000)
 Metaspace       used 72644K, capacity 74676K, committed 74952K, reserved 1116160K
  class space    used 7522K, capacity 8150K, committed 8180K, reserved 1048576K
GC Heap History (10 events):
Event: 53.652 GC heap before
{Heap before GC invocations=55 (full 7):
 PSYoungGen      total 239616K, used 239609K [0x00000000f0000000, 0x0000000100000000, 0x0000000100000000)
  eden space 217088K, 100% used [0x00000000f0000000,0x00000000fd400000,0x00000000fd400000)
  from space 22528K, 99% used [0x00000000fd400000,0x00000000fe9fe5a8,0x00000000fea00000)
  to   space 22528K, 0% used [0x00000000fea00000,0x00000000fea00000,0x0000000100000000)
 ParOldGen       total 115200K, used 103649K [0x00000000d0000000, 0x00000000d7080000, 0x00000000f0000000)
  object space 115200K, 89% used [0x00000000d0000000,0x00000000d65384a0,0x00000000d7080000)
 Metaspace       used 68776K, capacity 70662K, committed 70856K, reserved 1112064K
  class space    used 7036K, capacity 7614K, committed 7668K, reserved 1048576K
Event: 53.736 GC heap after
Heap after GC invocations=55 (full 7):
 PSYoungGen      total 222208K, used 22521K [0x00000000f0000000, 0x0000000100000000, 0x0000000100000000)
  eden space 199680K, 0% used [0x00000000f0000000,0x00000000f0000000,0x00000000fc300000)
  from space 22528K, 99% used [0x00000000fea00000,0x00000000ffffe5a8,0x0000000100000000)
  to   space 31232K, 0% used [0x00000000fc300000,0x00000000fc300000,0x00000000fe180000)
 ParOldGen       total 115200K, used 106991K [0x00000000d0000000, 0x00000000d7080000, 0x00000000f0000000)
  object space 115200K, 92% used [0x00000000d0000000,0x00000000d687bee8,0x00000000d7080000)
 Metaspace       used 68776K, capacity 70662K, committed 70856K, reserved 1112064K
  class space    used 7036K, capacity 7614K, committed 7668K, reserved 1048576K
}
Event: 53.736 GC heap before
{Heap before GC invocations=56 (full 8):
 PSYoungGen      total 222208K, used 22521K [0x00000000f0000000, 0x0000000100000000, 0x0000000100000000)
  eden space 199680K, 0% used [0x00000000f0000000,0x00000000f0000000,0x00000000fc300000)
  from space 22528K, 99% used [0x00000000fea00000,0x00000000ffffe5a8,0x0000000100000000)
  to   space 31232K, 0% used [0x00000000fc300000,0x00000000fc300000,0x00000000fe180000)
 ParOldGen       total 115200K, used 106991K [0x00000000d0000000, 0x00000000d7080000, 0x00000000f0000000)
  object space 115200K, 92% used [0x00000000d0000000,0x00000000d687bee8,0x00000000d7080000)
 Metaspace       used 68776K, capacity 70662K, committed 70856K, reserved 1112064K
  class space    used 7036K, capacity 7614K, committed 7668K, reserved 1048576K
Event: 55.240 GC heap after
Heap after GC invocations=56 (full 8):
 PSYoungGen      total 222208K, used 12753K [0x00000000f0000000, 0x0000000100000000, 0x0000000100000000)
  eden space 199680K, 0% used [0x00000000f0000000,0x00000000f0000000,0x00000000fc300000)
  from space 22528K, 56% used [0x00000000fea00000,0x00000000ff6746f8,0x0000000100000000)
  to   space 31232K, 0% used [0x00000000fc300000,0x00000000fc300000,0x00000000fe180000)
 ParOldGen       total 132608K, used 114702K [0x00000000d0000000, 0x00000000d8180000, 0x00000000f0000000)
  object space 132608K, 86% used [0x00000000d0000000,0x00000000d7003a40,0x00000000d8180000)
 Metaspace       used 68768K, capacity 70650K, committed 70856K, reserved 1112064K
  class space    used 7035K, capacity 7612K, committed 7668K, reserved 1048576K
}
Event: 57.672 GC heap before
{Heap before GC invocations=57 (full 8):
 PSYoungGen      total 222208K, used 212433K [0x00000000f0000000, 0x0000000100000000, 0x0000000100000000)
  eden space 199680K, 100% used [0x00000000f0000000,0x00000000fc300000,0x00000000fc300000)
  from space 22528K, 56% used [0x00000000fea00000,0x00000000ff6746f8,0x0000000100000000)
  to   space 31232K, 0% used [0x00000000fc300000,0x00000000fc300000,0x00000000fe180000)
 ParOldGen       total 132608K, used 114702K [0x00000000d0000000, 0x00000000d8180000, 0x00000000f0000000)
  object space 132608K, 86% used [0x00000000d0000000,0x00000000d7003a40,0x00000000d8180000)
 Metaspace       used 69588K, capacity 71432K, committed 71624K, reserved 1114112K
  class space    used 7109K, capacity 7667K, committed 7668K, reserved 1048576K
Event: 57.939 GC heap after
Heap after GC invocations=57 (full 8):
 PSYoungGen      total 220160K, used 20266K [0x00000000f0000000, 0x0000000100000000, 0x0000000100000000)
  eden space 199680K, 0% used [0x00000000f0000000,0x00000000f0000000,0x00000000fc300000)
  from space 20480K, 98% used [0x00000000fc300000,0x00000000fd6ca978,0x00000000fd700000)
  to   space 32768K, 0% used [0x00000000fe000000,0x00000000fe000000,0x0000000100000000)
 ParOldGen       total 132608K, used 115622K [0x00000000d0000000, 0x00000000d8180000, 0x00000000f0000000)
  object space 132608K, 87% used [0x00000000d0000000,0x00000000d70e9a40,0x00000000d8180000)
 Metaspace       used 69588K, capacity 71432K, committed 71624K, reserved 1114112K
  class space    used 7109K, capacity 7667K, committed 7668K, reserved 1048576K
}
Event: 59.317 GC heap before
{Heap before GC invocations=58 (full 8):
 PSYoungGen      total 220160K, used 215023K [0x00000000f0000000, 0x0000000100000000, 0x0000000100000000)
  eden space 199680K, 97% used [0x00000000f0000000,0x00000000fbe31520,0x00000000fc300000)
  from space 20480K, 98% used [0x00000000fc300000,0x00000000fd6ca978,0x00000000fd700000)
  to   space 32768K, 0% used [0x00000000fe000000,0x00000000fe000000,0x0000000100000000)
 ParOldGen       total 132608K, used 115622K [0x00000000d0000000, 0x00000000d8180000, 0x00000000f0000000)
  object space 132608K, 87% used [0x00000000d0000000,0x00000000d70e9a40,0x00000000d8180000)
 Metaspace       used 71232K, capacity 73176K, committed 73416K, reserved 1114112K
  class space    used 7329K, capacity 7898K, committed 7924K, reserved 1048576K
Event: 59.352 GC heap after
Heap after GC invocations=58 (full 8):
 PSYoungGen      total 223232K, used 26622K [0x00000000f0000000, 0x0000000100000000, 0x0000000100000000)
  eden space 190464K, 0% used [0x00000000f0000000,0x00000000f0000000,0x00000000fba00000)
  from space 32768K, 81% used [0x00000000fe000000,0x00000000ff9ffbc0,0x0000000100000000)
  to   space 35840K, 0% used [0x00000000fba00000,0x00000000fba00000,0x00000000fdd00000)
 ParOldGen       total 132608K, used 115630K [0x00000000d0000000, 0x00000000d8180000, 0x00000000f0000000)
  object space 132608K, 87% used [0x00000000d0000000,0x00000000d70eba40,0x00000000d8180000)
 Metaspace       used 71232K, capacity 73176K, committed 73416K, reserved 1114112K
  class space    used 7329K, capacity 7898K, committed 7924K, reserved 1048576K
}
Event: 60.607 GC heap before
{Heap before GC invocations=59 (full 8):
 PSYoungGen      total 223232K, used 217086K [0x00000000f0000000, 0x0000000100000000, 0x0000000100000000)
  eden space 190464K, 100% used [0x00000000f0000000,0x00000000fba00000,0x00000000fba00000)
  from space 32768K, 81% used [0x00000000fe000000,0x00000000ff9ffbc0,0x0000000100000000)
  to   space 35840K, 0% used [0x00000000fba00000,0x00000000fba00000,0x00000000fdd00000)
 ParOldGen       total 132608K, used 115630K [0x00000000d0000000, 0x00000000d8180000, 0x00000000f0000000)
  object space 132608K, 87% used [0x00000000d0000000,0x00000000d70eba40,0x00000000d8180000)
 Metaspace       used 71718K, capacity 73702K, committed 73800K, reserved 1116160K
  class space    used 7399K, capacity 7967K, committed 8052K, reserved 1048576K
Event: 60.645 GC heap after
Heap after GC invocations=59 (full 8):
 PSYoungGen      total 220672K, used 29927K [0x00000000f0000000, 0x0000000100000000, 0x0000000100000000)
  eden space 190464K, 0% used [0x00000000f0000000,0x00000000f0000000,0x00000000fba00000)
  from space 30208K, 99% used [0x00000000fba00000,0x00000000fd739c78,0x00000000fd780000)
  to   space 39424K, 0% used [0x00000000fd980000,0x00000000fd980000,0x0000000100000000)
 ParOldGen       total 132608K, used 115638K [0x00000000d0000000, 0x00000000d8180000, 0x00000000f0000000)
  object space 132608K, 87% used [0x00000000d0000000,0x00000000d70eda40,0x00000000d8180000)
 Metaspace       used 71718K, capacity 73702K, committed 73800K, reserved 1116160K
  class space    used 7399K, capacity 7967K, committed 8052K, reserved 1048576K
}

