# JRE version: Java(TM) SE Runtime Environment (8.0_11-b12) (build 1.8.0_11-b12)
# Java VM: Java HotSpot(TM) 64-Bit Server VM (25.11-b03 mixed mode windows-amd64 compressed oops)
Heap:
 PSYoungGen      total 193536K, used 51646K [0x00000000f0000000, 0x0000000100000000, 0x0000000100000000)
  eden space 139264K, 1% used [0x00000000f0000000,0x00000000f0189780,0x00000000f8800000)
  from space 54272K, 92% used [0x00000000fcb00000,0x00000000ffbe6380,0x0000000100000000)
  to   space 61440K, 0% used [0x00000000f8800000,0x00000000f8800000,0x00000000fc400000)
 ParOldGen       total 126464K, used 108482K [0x00000000d0000000, 0x00000000d7b80000, 0x00000000f0000000)
  object space 126464K, 85% used [0x00000000d0000000,0x00000000d69f0bd0,0x00000000d7b80000)
 Metaspace       used 74224K, capacity 76214K, committed 76412K, reserved 1118208K
  class space    used 7941K, capacity 8550K, committed 8576K, reserved 1048576K
GC Heap History (10 events):
Event: 49.902 GC heap before
{Heap before GC invocations=57 (full 8):
 PSYoungGen      total 217600K, used 199724K [0x00000000f0000000, 0x0000000100000000, 0x0000000100000000)
  eden space 193536K, 95% used [0x00000000f0000000,0x00000000fb526838,0x00000000fbd00000)
  from space 24064K, 59% used [0x00000000fe880000,0x00000000ff6649f0,0x0000000100000000)
  to   space 34304K, 0% used [0x00000000fbd00000,0x00000000fbd00000,0x00000000fde80000)
 ParOldGen       total 126464K, used 107558K [0x00000000d0000000, 0x00000000d7b80000, 0x00000000f0000000)
  object space 126464K, 85% used [0x00000000d0000000,0x00000000d6909b68,0x00000000d7b80000)
 Metaspace       used 68428K, capacity 70130K, committed 70396K, reserved 1112064K
  class space    used 7146K, capacity 7624K, committed 7680K, reserved 1048576K
Event: 49.979 GC heap after
Heap after GC invocations=57 (full 8):
 PSYoungGen      total 217600K, used 23793K [0x00000000f0000000, 0x0000000100000000, 0x0000000100000000)
  eden space 193536K, 0% used [0x00000000f0000000,0x00000000f0000000,0x00000000fbd00000)
  from space 24064K, 98% used [0x00000000fbd00000,0x00000000fd43c6d8,0x00000000fd480000)
  to   space 36352K, 0% used [0x00000000fdc80000,0x00000000fdc80000,0x0000000100000000)
 ParOldGen       total 126464K, used 108458K [0x00000000d0000000, 0x00000000d7b80000, 0x00000000f0000000)
  object space 126464K, 85% used [0x00000000d0000000,0x00000000d69eabd0,0x00000000d7b80000)
 Metaspace       used 68428K, capacity 70130K, committed 70396K, reserved 1112064K
  class space    used 7146K, capacity 7624K, committed 7680K, reserved 1048576K
}
Event: 50.863 GC heap before
{Heap before GC invocations=58 (full 8):
 PSYoungGen      total 217600K, used 207614K [0x00000000f0000000, 0x0000000100000000, 0x0000000100000000)
  eden space 193536K, 94% used [0x00000000f0000000,0x00000000fb3833a0,0x00000000fbd00000)
  from space 24064K, 98% used [0x00000000fbd00000,0x00000000fd43c6d8,0x00000000fd480000)
  to   space 36352K, 0% used [0x00000000fdc80000,0x00000000fdc80000,0x0000000100000000)
 ParOldGen       total 126464K, used 108458K [0x00000000d0000000, 0x00000000d7b80000, 0x00000000f0000000)
  object space 126464K, 85% used [0x00000000d0000000,0x00000000d69eabd0,0x00000000d7b80000)
 Metaspace       used 68925K, capacity 70586K, committed 71036K, reserved 1112064K
  class space    used 7212K, capacity 7692K, committed 7808K, reserved 1048576K
Event: 50.938 GC heap after
Heap after GC invocations=58 (full 8):
 PSYoungGen      total 220672K, used 26438K [0x00000000f0000000, 0x0000000100000000, 0x0000000100000000)
  eden space 184320K, 0% used [0x00000000f0000000,0x00000000f0000000,0x00000000fb400000)
  from space 36352K, 72% used [0x00000000fdc80000,0x00000000ff651aa0,0x0000000100000000)
  to   space 38912K, 0% used [0x00000000fb400000,0x00000000fb400000,0x00000000fda00000)
 ParOldGen       total 126464K, used 108466K [0x00000000d0000000, 0x00000000d7b80000, 0x00000000f0000000)
  object space 126464K, 85% used [0x00000000d0000000,0x00000000d69ecbd0,0x00000000d7b80000)
 Metaspace       used 68925K, capacity 70586K, committed 71036K, reserved 1112064K
  class space    used 7212K, capacity 7692K, committed 7808K, reserved 1048576K
}
Event: 52.468 GC heap before
{Heap before GC invocations=59 (full 8):
 PSYoungGen      total 220672K, used 210758K [0x00000000f0000000, 0x0000000100000000, 0x0000000100000000)
  eden space 184320K, 100% used [0x00000000f0000000,0x00000000fb400000,0x00000000fb400000)
  from space 36352K, 72% used [0x00000000fdc80000,0x00000000ff651aa0,0x0000000100000000)
  to   space 38912K, 0% used [0x00000000fb400000,0x00000000fb400000,0x00000000fda00000)
 ParOldGen       total 126464K, used 108466K [0x00000000d0000000, 0x00000000d7b80000, 0x00000000f0000000)
  object space 126464K, 85% used [0x00000000d0000000,0x00000000d69ecbd0,0x00000000d7b80000)
 Metaspace       used 70571K, capacity 72428K, committed 72572K, reserved 1114112K
  class space    used 7421K, capacity 7956K, committed 8064K, reserved 1048576K
Event: 52.550 GC heap after
Heap after GC invocations=59 (full 8):
 PSYoungGen      total 218624K, used 34071K [0x00000000f0000000, 0x0000000100000000, 0x0000000100000000)
  eden space 184320K, 0% used [0x00000000f0000000,0x00000000f0000000,0x00000000fb400000)
  from space 34304K, 99% used [0x00000000fb400000,0x00000000fd545d10,0x00000000fd580000)
  to   space 43520K, 0% used [0x00000000fd580000,0x00000000fd580000,0x0000000100000000)
 ParOldGen       total 126464K, used 108466K [0x00000000d0000000, 0x00000000d7b80000, 0x00000000f0000000)
  object space 126464K, 85% used [0x00000000d0000000,0x00000000d69ecbd0,0x00000000d7b80000)
 Metaspace       used 70571K, capacity 72428K, committed 72572K, reserved 1114112K
  class space    used 7421K, capacity 7956K, committed 8064K, reserved 1048576K
}
Event: 53.927 GC heap before
{Heap before GC invocations=60 (full 8):
 PSYoungGen      total 218624K, used 215738K [0x00000000f0000000, 0x0000000100000000, 0x0000000100000000)
  eden space 184320K, 98% used [0x00000000f0000000,0x00000000fb168c00,0x00000000fb400000)
  from space 34304K, 99% used [0x00000000fb400000,0x00000000fd545d10,0x00000000fd580000)
  to   space 43520K, 0% used [0x00000000fd580000,0x00000000fd580000,0x0000000100000000)
 ParOldGen       total 126464K, used 108466K [0x00000000d0000000, 0x00000000d7b80000, 0x00000000f0000000)
  object space 126464K, 85% used [0x00000000d0000000,0x00000000d69ecbd0,0x00000000d7b80000)
 Metaspace       used 71749K, capacity 73598K, committed 73852K, reserved 1114112K
  class space    used 7631K, capacity 8193K, committed 8320K, reserved 1048576K
Event: 54.019 GC heap after
Heap after GC invocations=60 (full 8):
 PSYoungGen      total 207360K, used 38384K [0x00000000f0000000, 0x0000000100000000, 0x0000000100000000)
  eden space 163840K, 0% used [0x00000000f0000000,0x00000000f0000000,0x00000000fa000000)
  from space 43520K, 88% used [0x00000000fd580000,0x00000000ffafc2b8,0x0000000100000000)
  to   space 49152K, 0% used [0x00000000fa000000,0x00000000fa000000,0x00000000fd000000)
 ParOldGen       total 126464K, used 108474K [0x00000000d0000000, 0x00000000d7b80000, 0x00000000f0000000)
  object space 126464K, 85% used [0x00000000d0000000,0x00000000d69eebd0,0x00000000d7b80000)
 Metaspace       used 71749K, capacity 73598K, committed 73852K, reserved 1114112K
  class space    used 7631K, capacity 8193K, committed 8320K, reserved 1048576K
}
Event: 55.405 GC heap before
{Heap before GC invocations=61 (full 8):
 PSYoungGen      total 207360K, used 202224K [0x00000000f0000000, 0x0000000100000000, 0x0000000100000000)
  eden space 163840K, 100% used [0x00000000f0000000,0x00000000fa000000,0x00000000fa000000)
  from space 43520K, 88% used [0x00000000fd580000,0x00000000ffafc2b8,0x0000000100000000)
  to   space 49152K, 0% used [0x00000000fa000000,0x00000000fa000000,0x00000000fd000000)
 ParOldGen       total 126464K, used 108474K [0x00000000d0000000, 0x00000000d7b80000, 0x00000000f0000000)
  object space 126464K, 85% used [0x00000000d0000000,0x00000000d69eebd0,0x00000000d7b80000)
 Metaspace       used 73219K, capacity 75186K, committed 75260K, reserved 1116160K
  class space    used 7834K, capacity 8383K, committed 8448K, reserved 1048576K
Event: 55.540 GC heap after
Heap after GC invocations=61 (full 8):
 PSYoungGen      total 205312K, used 41322K [0x00000000f0000000, 0x0000000100000000, 0x0000000100000000)
  eden space 163840K, 0% used [0x00000000f0000000,0x00000000f0000000,0x00000000fa000000)
  from space 41472K, 99% used [0x00000000fa000000,0x00000000fc85a940,0x00000000fc880000)
  to   space 54272K, 0% used [0x00000000fcb00000,0x00000000fcb00000,0x0000000100000000)
 ParOldGen       total 126464K, used 108474K [0x00000000d0000000, 0x00000000d7b80000, 0x00000000f0000000)
  object space 126464K, 85% used [0x00000000d0000000,0x00000000d69eebd0,0x00000000d7b80000)
 Metaspace       used 73219K, capacity 75186K, committed 75260K, reserved 1116160K
  class space    used 7834K, capacity 8383K, committed 8448K, reserved 1048576K
}

