# JRE version: Java(TM) SE Runtime Environment (8.0_11-b12) (build 1.8.0_11-b12)
# Java VM: Java HotSpot(TM) 64-Bit Server VM (25.11-b03 mixed mode windows-amd64 compressed oops)
Heap:
 PSYoungGen      total 182272K, used 61803K [0x00000000f0000000, 0x0000000100000000, 0x0000000100000000)
  eden space 140288K, 14% used [0x00000000f0000000,0x00000000f1390db8,0x00000000f8900000)
  from space 41984K, 99% used [0x00000000f8900000,0x00000000fb1ca080,0x00000000fb200000)
  to   space 62976K, 0% used [0x00000000fc280000,0x00000000fc280000,0x0000000100000000)
 ParOldGen       total 107520K, used 91869K [0x00000000d0000000, 0x00000000d6900000, 0x00000000f0000000)
  object space 107520K, 85% used [0x00000000d0000000,0x00000000d59b7470,0x00000000d6900000)
 Metaspace       used 69053K, capacity 70784K, committed 71040K, reserved 1112064K
  class space    used 7229K, capacity 7715K, committed 7808K, reserved 1048576K
GC Heap History (10 events):
Event: 36.402 GC heap before
{Heap before GC invocations=72 (full 6):
 PSYoungGen      total 218112K, used 215458K [0x00000000f0000000, 0x0000000100000000, 0x0000000100000000)
  eden space 174080K, 98% used [0x00000000f0000000,0x00000000fa7d1270,0x00000000faa00000)
  from space 44032K, 99% used [0x00000000faa00000,0x00000000fd4975a8,0x00000000fd500000)
  to   space 44032K, 0% used [0x00000000fd500000,0x00000000fd500000,0x0000000100000000)
 ParOldGen       total 90624K, used 75776K [0x00000000d0000000, 0x00000000d5880000, 0x00000000f0000000)
  object space 90624K, 83% used [0x00000000d0000000,0x00000000d4a002e0,0x00000000d5880000)
 Metaspace       used 66247K, capacity 67984K, committed 68352K, reserved 1110016K
  class space    used 6851K, capacity 7346K, committed 7424K, reserved 1048576K
Event: 36.507 GC heap after
Heap after GC invocations=72 (full 6):
 PSYoungGen      total 193536K, used 44026K [0x00000000f0000000, 0x0000000100000000, 0x0000000100000000)
  eden space 149504K, 0% used [0x00000000f0000000,0x00000000f0000000,0x00000000f9200000)
  from space 44032K, 99% used [0x00000000fd500000,0x00000000ffffe860,0x0000000100000000)
  to   space 56320K, 0% used [0x00000000f9200000,0x00000000f9200000,0x00000000fc900000)
 ParOldGen       total 90624K, used 76272K [0x00000000d0000000, 0x00000000d5880000, 0x00000000f0000000)
  object space 90624K, 84% used [0x00000000d0000000,0x00000000d4a7c018,0x00000000d5880000)
 Metaspace       used 66247K, capacity 67984K, committed 68352K, reserved 1110016K
  class space    used 6851K, capacity 7346K, committed 7424K, reserved 1048576K
}
Event: 38.138 GC heap before
{Heap before GC invocations=73 (full 6):
 PSYoungGen      total 193536K, used 193530K [0x00000000f0000000, 0x0000000100000000, 0x0000000100000000)
  eden space 149504K, 100% used [0x00000000f0000000,0x00000000f9200000,0x00000000f9200000)
  from space 44032K, 99% used [0x00000000fd500000,0x00000000ffffe860,0x0000000100000000)
  to   space 56320K, 0% used [0x00000000f9200000,0x00000000f9200000,0x00000000fc900000)
 ParOldGen       total 90624K, used 76272K [0x00000000d0000000, 0x00000000d5880000, 0x00000000f0000000)
  object space 90624K, 84% used [0x00000000d0000000,0x00000000d4a7c018,0x00000000d5880000)
 Metaspace       used 67152K, capacity 68838K, committed 69248K, reserved 1112064K
  class space    used 6936K, capacity 7430K, committed 7552K, reserved 1048576K
Event: 38.254 GC heap after
Heap after GC invocations=73 (full 6):
 PSYoungGen      total 187392K, used 37760K [0x00000000f0000000, 0x0000000100000000, 0x0000000100000000)
  eden space 149504K, 0% used [0x00000000f0000000,0x00000000f0000000,0x00000000f9200000)
  from space 37888K, 99% used [0x00000000f9200000,0x00000000fb6e0198,0x00000000fb700000)
  to   space 57856K, 0% used [0x00000000fc780000,0x00000000fc780000,0x0000000100000000)
 ParOldGen       total 90624K, used 89836K [0x00000000d0000000, 0x00000000d5880000, 0x00000000f0000000)
  object space 90624K, 99% used [0x00000000d0000000,0x00000000d57bb2c8,0x00000000d5880000)
 Metaspace       used 67152K, capacity 68838K, committed 69248K, reserved 1112064K
  class space    used 6936K, capacity 7430K, committed 7552K, reserved 1048576K
}
Event: 38.254 GC heap before
{Heap before GC invocations=74 (full 7):
 PSYoungGen      total 187392K, used 37760K [0x00000000f0000000, 0x0000000100000000, 0x0000000100000000)
  eden space 149504K, 0% used [0x00000000f0000000,0x00000000f0000000,0x00000000f9200000)
  from space 37888K, 99% used [0x00000000f9200000,0x00000000fb6e0198,0x00000000fb700000)
  to   space 57856K, 0% used [0x00000000fc780000,0x00000000fc780000,0x0000000100000000)
 ParOldGen       total 90624K, used 89836K [0x00000000d0000000, 0x00000000d5880000, 0x00000000f0000000)
  object space 90624K, 99% used [0x00000000d0000000,0x00000000d57bb2c8,0x00000000d5880000)
 Metaspace       used 67152K, capacity 68838K, committed 69248K, reserved 1112064K
  class space    used 6936K, capacity 7430K, committed 7552K, reserved 1048576K
Event: 40.097 GC heap after
Heap after GC invocations=74 (full 7):
 PSYoungGen      total 187392K, used 34912K [0x00000000f0000000, 0x0000000100000000, 0x0000000100000000)
  eden space 149504K, 0% used [0x00000000f0000000,0x00000000f0000000,0x00000000f9200000)
  from space 37888K, 92% used [0x00000000f9200000,0x00000000fb418330,0x00000000fb700000)
  to   space 57856K, 0% used [0x00000000fc780000,0x00000000fc780000,0x0000000100000000)
 ParOldGen       total 107520K, used 90173K [0x00000000d0000000, 0x00000000d6900000, 0x00000000f0000000)
  object space 107520K, 83% used [0x00000000d0000000,0x00000000d580f470,0x00000000d6900000)
 Metaspace       used 67145K, capacity 68826K, committed 69248K, reserved 1112064K
  class space    used 6935K, capacity 7428K, committed 7552K, reserved 1048576K
}
Event: 41.092 GC heap before
{Heap before GC invocations=75 (full 7):
 PSYoungGen      total 187392K, used 179189K [0x00000000f0000000, 0x0000000100000000, 0x0000000100000000)
  eden space 149504K, 96% used [0x00000000f0000000,0x00000000f8ce5148,0x00000000f9200000)
  from space 37888K, 92% used [0x00000000f9200000,0x00000000fb418330,0x00000000fb700000)
  to   space 57856K, 0% used [0x00000000fc780000,0x00000000fc780000,0x0000000100000000)
 ParOldGen       total 107520K, used 90173K [0x00000000d0000000, 0x00000000d6900000, 0x00000000f0000000)
  object space 107520K, 83% used [0x00000000d0000000,0x00000000d580f470,0x00000000d6900000)
 Metaspace       used 68655K, capacity 70284K, committed 70656K, reserved 1112064K
  class space    used 7164K, capacity 7655K, committed 7680K, reserved 1048576K
Event: 41.244 GC heap after
Heap after GC invocations=75 (full 7):
 PSYoungGen      total 198144K, used 41466K [0x00000000f0000000, 0x0000000100000000, 0x0000000100000000)
  eden space 140288K, 0% used [0x00000000f0000000,0x00000000f0000000,0x00000000f8900000)
  from space 57856K, 71% used [0x00000000fc780000,0x00000000feffe9e8,0x0000000100000000)
  to   space 60928K, 0% used [0x00000000f8900000,0x00000000f8900000,0x00000000fc480000)
 ParOldGen       total 107520K, used 90181K [0x00000000d0000000, 0x00000000d6900000, 0x00000000f0000000)
  object space 107520K, 83% used [0x00000000d0000000,0x00000000d5811470,0x00000000d6900000)
 Metaspace       used 68655K, capacity 70284K, committed 70656K, reserved 1112064K
  class space    used 7164K, capacity 7655K, committed 7680K, reserved 1048576K
}
Event: 41.939 GC heap before
{Heap before GC invocations=76 (full 7):
 PSYoungGen      total 198144K, used 181754K [0x00000000f0000000, 0x0000000100000000, 0x0000000100000000)
  eden space 140288K, 100% used [0x00000000f0000000,0x00000000f8900000,0x00000000f8900000)
  from space 57856K, 71% used [0x00000000fc780000,0x00000000feffe9e8,0x0000000100000000)
  to   space 60928K, 0% used [0x00000000f8900000,0x00000000f8900000,0x00000000fc480000)
 ParOldGen       total 107520K, used 90181K [0x00000000d0000000, 0x00000000d6900000, 0x00000000f0000000)
  object space 107520K, 83% used [0x00000000d0000000,0x00000000d5811470,0x00000000d6900000)
 Metaspace       used 68955K, capacity 70666K, committed 71040K, reserved 1112064K
  class space    used 7213K, capacity 7701K, committed 7808K, reserved 1048576K
Event: 42.000 GC heap after
Heap after GC invocations=76 (full 7):
 PSYoungGen      total 182272K, used 41768K [0x00000000f0000000, 0x0000000100000000, 0x0000000100000000)
  eden space 140288K, 0% used [0x00000000f0000000,0x00000000f0000000,0x00000000f8900000)
  from space 41984K, 99% used [0x00000000f8900000,0x00000000fb1ca080,0x00000000fb200000)
  to   space 62976K, 0% used [0x00000000fc280000,0x00000000fc280000,0x0000000100000000)
 ParOldGen       total 107520K, used 91869K [0x00000000d0000000, 0x00000000d6900000, 0x00000000f0000000)
  object space 107520K, 85% used [0x00000000d0000000,0x00000000d59b7470,0x00000000d6900000)
 Metaspace       used 68955K, capacity 70666K, committed 71040K, reserved 1112064K
  class space    used 7213K, capacity 7701K, committed 7808K, reserved 1048576K
}

