# JRE version: Java(TM) SE Runtime Environment (8.0_11-b12) (build 1.8.0_11-b12)
# Java VM: Java HotSpot(TM) 64-Bit Server VM (25.11-b03 mixed mode windows-amd64 compressed oops)
Heap:
 PSYoungGen      total 174080K, used 121130K [0x00000000f0000000, 0x0000000100000000, 0x0000000100000000)
  eden space 110592K, 52% used [0x00000000f0000000,0x00000000f3894f10,0x00000000f6c00000)
  from space 63488K, 99% used [0x00000000f6c00000,0x00000000fa9b5930,0x00000000faa00000)
  to   space 82944K, 0% used [0x00000000faf00000,0x00000000faf00000,0x0000000100000000)
 ParOldGen       total 145408K, used 132453K [0x00000000d0000000, 0x00000000d8e00000, 0x00000000f0000000)
  object space 145408K, 91% used [0x00000000d0000000,0x00000000d8159540,0x00000000d8e00000)
 Metaspace       used 80948K, capacity 83024K, committed 83072K, reserved 1124352K
  class space    used 7706K, capacity 8295K, committed 8320K, reserved 1048576K
GC Heap History (10 events):
Event: 40.511 GC heap before
{Heap before GC invocations=68 (full 7):
 PSYoungGen      total 206336K, used 199282K [0x00000000f0000000, 0x0000000100000000, 0x0000000100000000)
  eden space 159744K, 100% used [0x00000000f0000000,0x00000000f9c00000,0x00000000f9c00000)
  from space 46592K, 84% used [0x00000000fd280000,0x00000000ff91c920,0x0000000100000000)
  to   space 51200K, 0% used [0x00000000f9c00000,0x00000000f9c00000,0x00000000fce00000)
 ParOldGen       total 145408K, used 131033K [0x00000000d0000000, 0x00000000d8e00000, 0x00000000f0000000)
  object space 145408K, 90% used [0x00000000d0000000,0x00000000d7ff6608,0x00000000d8e00000)
 Metaspace       used 77927K, capacity 79882K, committed 80128K, reserved 1122304K
  class space    used 7302K, capacity 7850K, committed 7936K, reserved 1048576K
Event: 40.656 GC heap after
Heap after GC invocations=68 (full 7):
 PSYoungGen      total 205824K, used 45933K [0x00000000f0000000, 0x0000000100000000, 0x0000000100000000)
  eden space 159744K, 0% used [0x00000000f0000000,0x00000000f0000000,0x00000000f9c00000)
  from space 46080K, 99% used [0x00000000f9c00000,0x00000000fc8db738,0x00000000fc900000)
  to   space 56320K, 0% used [0x00000000fc900000,0x00000000fc900000,0x0000000100000000)
 ParOldGen       total 145408K, used 131033K [0x00000000d0000000, 0x00000000d8e00000, 0x00000000f0000000)
  object space 145408K, 90% used [0x00000000d0000000,0x00000000d7ff6608,0x00000000d8e00000)
 Metaspace       used 77927K, capacity 79882K, committed 80128K, reserved 1122304K
  class space    used 7302K, capacity 7850K, committed 7936K, reserved 1048576K
}
Event: 42.107 GC heap before
{Heap before GC invocations=69 (full 7):
 PSYoungGen      total 205824K, used 205677K [0x00000000f0000000, 0x0000000100000000, 0x0000000100000000)
  eden space 159744K, 100% used [0x00000000f0000000,0x00000000f9c00000,0x00000000f9c00000)
  from space 46080K, 99% used [0x00000000f9c00000,0x00000000fc8db738,0x00000000fc900000)
  to   space 56320K, 0% used [0x00000000fc900000,0x00000000fc900000,0x0000000100000000)
 ParOldGen       total 145408K, used 131033K [0x00000000d0000000, 0x00000000d8e00000, 0x00000000f0000000)
  object space 145408K, 90% used [0x00000000d0000000,0x00000000d7ff6608,0x00000000d8e00000)
 Metaspace       used 78662K, capacity 80642K, committed 81024K, reserved 1122304K
  class space    used 7363K, capacity 7950K, committed 8064K, reserved 1048576K
Event: 42.191 GC heap after
Heap after GC invocations=69 (full 7):
 PSYoungGen      total 190464K, used 51750K [0x00000000f0000000, 0x0000000100000000, 0x0000000100000000)
  eden space 134144K, 0% used [0x00000000f0000000,0x00000000f0000000,0x00000000f8300000)
  from space 56320K, 91% used [0x00000000fc900000,0x00000000ffb898c0,0x0000000100000000)
  to   space 64000K, 0% used [0x00000000f8300000,0x00000000f8300000,0x00000000fc180000)
 ParOldGen       total 145408K, used 131041K [0x00000000d0000000, 0x00000000d8e00000, 0x00000000f0000000)
  object space 145408K, 90% used [0x00000000d0000000,0x00000000d7ff8608,0x00000000d8e00000)
 Metaspace       used 78662K, capacity 80642K, committed 81024K, reserved 1122304K
  class space    used 7363K, capacity 7950K, committed 8064K, reserved 1048576K
}
Event: 42.826 GC heap before
{Heap before GC invocations=70 (full 7):
 PSYoungGen      total 190464K, used 185894K [0x00000000f0000000, 0x0000000100000000, 0x0000000100000000)
  eden space 134144K, 100% used [0x00000000f0000000,0x00000000f8300000,0x00000000f8300000)
  from space 56320K, 91% used [0x00000000fc900000,0x00000000ffb898c0,0x0000000100000000)
  to   space 64000K, 0% used [0x00000000f8300000,0x00000000f8300000,0x00000000fc180000)
 ParOldGen       total 145408K, used 131041K [0x00000000d0000000, 0x00000000d8e00000, 0x00000000f0000000)
  object space 145408K, 90% used [0x00000000d0000000,0x00000000d7ff8608,0x00000000d8e00000)
 Metaspace       used 79144K, capacity 81194K, committed 81536K, reserved 1122304K
  class space    used 7412K, capacity 7994K, committed 8064K, reserved 1048576K
Event: 42.886 GC heap after
Heap after GC invocations=70 (full 7):
 PSYoungGen      total 187392K, used 53182K [0x00000000f0000000, 0x0000000100000000, 0x0000000100000000)
  eden space 134144K, 0% used [0x00000000f0000000,0x00000000f0000000,0x00000000f8300000)
  from space 53248K, 99% used [0x00000000f8300000,0x00000000fb6ef880,0x00000000fb700000)
  to   space 69632K, 0% used [0x00000000fbc00000,0x00000000fbc00000,0x0000000100000000)
 ParOldGen       total 145408K, used 131797K [0x00000000d0000000, 0x00000000d8e00000, 0x00000000f0000000)
  object space 145408K, 90% used [0x00000000d0000000,0x00000000d80b5540,0x00000000d8e00000)
 Metaspace       used 79144K, capacity 81194K, committed 81536K, reserved 1122304K
  class space    used 7412K, capacity 7994K, committed 8064K, reserved 1048576K
}
Event: 43.751 GC heap before
{Heap before GC invocations=71 (full 7):
 PSYoungGen      total 187392K, used 187326K [0x00000000f0000000, 0x0000000100000000, 0x0000000100000000)
  eden space 134144K, 100% used [0x00000000f0000000,0x00000000f8300000,0x00000000f8300000)
  from space 53248K, 99% used [0x00000000f8300000,0x00000000fb6ef880,0x00000000fb700000)
  to   space 69632K, 0% used [0x00000000fbc00000,0x00000000fbc00000,0x0000000100000000)
 ParOldGen       total 145408K, used 131797K [0x00000000d0000000, 0x00000000d8e00000, 0x00000000f0000000)
  object space 145408K, 90% used [0x00000000d0000000,0x00000000d80b5540,0x00000000d8e00000)
 Metaspace       used 79469K, capacity 81544K, committed 81792K, reserved 1122304K
  class space    used 7462K, capacity 8041K, committed 8064K, reserved 1048576K
Event: 43.840 GC heap after
Heap after GC invocations=71 (full 7):
 PSYoungGen      total 180224K, used 57320K [0x00000000f0000000, 0x0000000100000000, 0x0000000100000000)
  eden space 110592K, 0% used [0x00000000f0000000,0x00000000f0000000,0x00000000f6c00000)
  from space 69632K, 82% used [0x00000000fbc00000,0x00000000ff3fa240,0x0000000100000000)
  to   space 75776K, 0% used [0x00000000f6c00000,0x00000000f6c00000,0x00000000fb600000)
 ParOldGen       total 145408K, used 131973K [0x00000000d0000000, 0x00000000d8e00000, 0x00000000f0000000)
  object space 145408K, 90% used [0x00000000d0000000,0x00000000d80e1540,0x00000000d8e00000)
 Metaspace       used 79469K, capacity 81544K, committed 81792K, reserved 1122304K
  class space    used 7462K, capacity 8041K, committed 8064K, reserved 1048576K
}
Event: 44.630 GC heap before
{Heap before GC invocations=72 (full 7):
 PSYoungGen      total 180224K, used 161319K [0x00000000f0000000, 0x0000000100000000, 0x0000000100000000)
  eden space 110592K, 94% used [0x00000000f0000000,0x00000000f658fad8,0x00000000f6c00000)
  from space 69632K, 82% used [0x00000000fbc00000,0x00000000ff3fa240,0x0000000100000000)
  to   space 75776K, 0% used [0x00000000f6c00000,0x00000000f6c00000,0x00000000fb600000)
 ParOldGen       total 145408K, used 131973K [0x00000000d0000000, 0x00000000d8e00000, 0x00000000f0000000)
  object space 145408K, 90% used [0x00000000d0000000,0x00000000d80e1540,0x00000000d8e00000)
 Metaspace       used 80715K, capacity 82766K, committed 83072K, reserved 1124352K
  class space    used 7660K, capacity 8234K, committed 8320K, reserved 1048576K
Event: 44.731 GC heap after
Heap after GC invocations=72 (full 7):
 PSYoungGen      total 174080K, used 63190K [0x00000000f0000000, 0x0000000100000000, 0x0000000100000000)
  eden space 110592K, 0% used [0x00000000f0000000,0x00000000f0000000,0x00000000f6c00000)
  from space 63488K, 99% used [0x00000000f6c00000,0x00000000fa9b5930,0x00000000faa00000)
  to   space 82944K, 0% used [0x00000000faf00000,0x00000000faf00000,0x0000000100000000)
 ParOldGen       total 145408K, used 132453K [0x00000000d0000000, 0x00000000d8e00000, 0x00000000f0000000)
  object space 145408K, 91% used [0x00000000d0000000,0x00000000d8159540,0x00000000d8e00000)
 Metaspace       used 80715K, capacity 82766K, committed 83072K, reserved 1124352K
  class space    used 7660K, capacity 8234K, committed 8320K, reserved 1048576K
}

