# JRE version: Java(TM) SE Runtime Environment (8.0_11-b12) (build 1.8.0_11-b12)
# Java VM: Java HotSpot(TM) 64-Bit Server VM (25.11-b03 mixed mode windows-amd64 compressed oops)
Heap:
 PSYoungGen      total 197120K, used 57516K [0x00000000f0000000, 0x0000000100000000, 0x0000000100000000)
  eden space 138240K, 9% used [0x00000000f0000000,0x00000000f0d2eca0,0x00000000f8700000)
  from space 58880K, 74% used [0x00000000fc680000,0x00000000ff17c428,0x0000000100000000)
  to   space 61952K, 0% used [0x00000000f8700000,0x00000000f8700000,0x00000000fc380000)
 ParOldGen       total 111104K, used 95684K [0x00000000d0000000, 0x00000000d6c80000, 0x00000000f0000000)
  object space 111104K, 86% used [0x00000000d0000000,0x00000000d5d711e0,0x00000000d6c80000)
 Metaspace       used 69433K, capacity 71196K, committed 71424K, reserved 1112064K
  class space    used 7351K, capacity 7882K, committed 7936K, reserved 1048576K
GC Heap History (10 events):
Event: 49.878 GC heap after
Heap after GC invocations=70 (full 6):
 PSYoungGen      total 198144K, used 42468K [0x00000000f0000000, 0x0000000100000000, 0x0000000100000000)
  eden space 155648K, 0% used [0x00000000f0000000,0x00000000f0000000,0x00000000f9800000)
  from space 42496K, 99% used [0x00000000fd680000,0x00000000ffff93b0,0x0000000100000000)
  to   space 53248K, 0% used [0x00000000f9800000,0x00000000f9800000,0x00000000fcc00000)
 ParOldGen       total 92672K, used 75816K [0x00000000d0000000, 0x00000000d5a80000, 0x00000000f0000000)
  object space 92672K, 81% used [0x00000000d0000000,0x00000000d4a0a158,0x00000000d5a80000)
 Metaspace       used 65497K, capacity 67174K, committed 67584K, reserved 1110016K
  class space    used 6829K, capacity 7307K, committed 7424K, reserved 1048576K
}
Event: 52.453 GC heap before
{Heap before GC invocations=71 (full 6):
 PSYoungGen      total 198144K, used 198116K [0x00000000f0000000, 0x0000000100000000, 0x0000000100000000)
  eden space 155648K, 100% used [0x00000000f0000000,0x00000000f9800000,0x00000000f9800000)
  from space 42496K, 99% used [0x00000000fd680000,0x00000000ffff93b0,0x0000000100000000)
  to   space 53248K, 0% used [0x00000000f9800000,0x00000000f9800000,0x00000000fcc00000)
 ParOldGen       total 92672K, used 75816K [0x00000000d0000000, 0x00000000d5a80000, 0x00000000f0000000)
  object space 92672K, 81% used [0x00000000d0000000,0x00000000d4a0a158,0x00000000d5a80000)
 Metaspace       used 66465K, capacity 68148K, committed 68480K, reserved 1110016K
  class space    used 6923K, capacity 7431K, committed 7552K, reserved 1048576K
Event: 52.542 GC heap after
Heap after GC invocations=71 (full 6):
 PSYoungGen      total 194048K, used 37890K [0x00000000f0000000, 0x0000000100000000, 0x0000000100000000)
  eden space 155648K, 0% used [0x00000000f0000000,0x00000000f0000000,0x00000000f9800000)
  from space 38400K, 98% used [0x00000000f9800000,0x00000000fbd00850,0x00000000fbd80000)
  to   space 55808K, 0% used [0x00000000fc980000,0x00000000fc980000,0x0000000100000000)
 ParOldGen       total 92672K, used 87608K [0x00000000d0000000, 0x00000000d5a80000, 0x00000000f0000000)
  object space 92672K, 94% used [0x00000000d0000000,0x00000000d558e208,0x00000000d5a80000)
 Metaspace       used 66465K, capacity 68148K, committed 68480K, reserved 1110016K
  class space    used 6923K, capacity 7431K, committed 7552K, reserved 1048576K
}
Event: 52.542 GC heap before
{Heap before GC invocations=72 (full 7):
 PSYoungGen      total 194048K, used 37890K [0x00000000f0000000, 0x0000000100000000, 0x0000000100000000)
  eden space 155648K, 0% used [0x00000000f0000000,0x00000000f0000000,0x00000000f9800000)
  from space 38400K, 98% used [0x00000000f9800000,0x00000000fbd00850,0x00000000fbd80000)
  to   space 55808K, 0% used [0x00000000fc980000,0x00000000fc980000,0x0000000100000000)
 ParOldGen       total 92672K, used 87608K [0x00000000d0000000, 0x00000000d5a80000, 0x00000000f0000000)
  object space 92672K, 94% used [0x00000000d0000000,0x00000000d558e208,0x00000000d5a80000)
 Metaspace       used 66465K, capacity 68148K, committed 68480K, reserved 1110016K
  class space    used 6923K, capacity 7431K, committed 7552K, reserved 1048576K
Event: 54.280 GC heap after
Heap after GC invocations=72 (full 7):
 PSYoungGen      total 194048K, used 30886K [0x00000000f0000000, 0x0000000100000000, 0x0000000100000000)
  eden space 155648K, 0% used [0x00000000f0000000,0x00000000f0000000,0x00000000f9800000)
  from space 38400K, 80% used [0x00000000f9800000,0x00000000fb629a60,0x00000000fbd80000)
  to   space 55808K, 0% used [0x00000000fc980000,0x00000000fc980000,0x0000000100000000)
 ParOldGen       total 111104K, used 92218K [0x00000000d0000000, 0x00000000d6c80000, 0x00000000f0000000)
  object space 111104K, 83% used [0x00000000d0000000,0x00000000d5a0ea18,0x00000000d6c80000)
 Metaspace       used 66458K, capacity 68136K, committed 68480K, reserved 1110016K
  class space    used 6922K, capacity 7429K, committed 7552K, reserved 1048576K
}
Event: 55.431 GC heap before
{Heap before GC invocations=73 (full 7):
 PSYoungGen      total 194048K, used 177138K [0x00000000f0000000, 0x0000000100000000, 0x0000000100000000)
  eden space 155648K, 93% used [0x00000000f0000000,0x00000000f8ed3170,0x00000000f9800000)
  from space 38400K, 80% used [0x00000000f9800000,0x00000000fb629a60,0x00000000fbd80000)
  to   space 55808K, 0% used [0x00000000fc980000,0x00000000fc980000,0x0000000100000000)
 ParOldGen       total 111104K, used 92218K [0x00000000d0000000, 0x00000000d6c80000, 0x00000000f0000000)
  object space 111104K, 83% used [0x00000000d0000000,0x00000000d5a0ea18,0x00000000d6c80000)
 Metaspace       used 67951K, capacity 69658K, committed 69888K, reserved 1112064K
  class space    used 7149K, capacity 7656K, committed 7680K, reserved 1048576K
Event: 55.501 GC heap after
Heap after GC invocations=73 (full 7):
 PSYoungGen      total 203264K, used 37786K [0x00000000f0000000, 0x0000000100000000, 0x0000000100000000)
  eden space 147456K, 0% used [0x00000000f0000000,0x00000000f0000000,0x00000000f9000000)
  from space 55808K, 67% used [0x00000000fc980000,0x00000000fee668f8,0x0000000100000000)
  to   space 57344K, 0% used [0x00000000f9000000,0x00000000f9000000,0x00000000fc800000)
 ParOldGen       total 111104K, used 92218K [0x00000000d0000000, 0x00000000d6c80000, 0x00000000f0000000)
  object space 111104K, 83% used [0x00000000d0000000,0x00000000d5a0ea18,0x00000000d6c80000)
 Metaspace       used 67951K, capacity 69658K, committed 69888K, reserved 1112064K
  class space    used 7149K, capacity 7656K, committed 7680K, reserved 1048576K
}
Event: 56.636 GC heap before
{Heap before GC invocations=74 (full 7):
 PSYoungGen      total 203264K, used 178117K [0x00000000f0000000, 0x0000000100000000, 0x0000000100000000)
  eden space 147456K, 95% used [0x00000000f0000000,0x00000000f890ae08,0x00000000f9000000)
  from space 55808K, 67% used [0x00000000fc980000,0x00000000fee668f8,0x0000000100000000)
  to   space 57344K, 0% used [0x00000000f9000000,0x00000000f9000000,0x00000000fc800000)
 ParOldGen       total 111104K, used 92218K [0x00000000d0000000, 0x00000000d6c80000, 0x00000000f0000000)
  object space 111104K, 83% used [0x00000000d0000000,0x00000000d5a0ea18,0x00000000d6c80000)
 Metaspace       used 68262K, capacity 69908K, committed 70272K, reserved 1112064K
  class space    used 7201K, capacity 7702K, committed 7808K, reserved 1048576K
Event: 56.677 GC heap after
Heap after GC invocations=74 (full 7):
 PSYoungGen      total 185344K, used 37844K [0x00000000f0000000, 0x0000000100000000, 0x0000000100000000)
  eden space 147456K, 0% used [0x00000000f0000000,0x00000000f0000000,0x00000000f9000000)
  from space 37888K, 99% used [0x00000000f9000000,0x00000000fb4f52f0,0x00000000fb500000)
  to   space 58880K, 0% used [0x00000000fc680000,0x00000000fc680000,0x0000000100000000)
 ParOldGen       total 111104K, used 94200K [0x00000000d0000000, 0x00000000d6c80000, 0x00000000f0000000)
  object space 111104K, 84% used [0x00000000d0000000,0x00000000d5bfe2a8,0x00000000d6c80000)
 Metaspace       used 68262K, capacity 69908K, committed 70272K, reserved 1112064K
  class space    used 7201K, capacity 7702K, committed 7808K, reserved 1048576K
}
Event: 58.157 GC heap before
{Heap before GC invocations=75 (full 7):
 PSYoungGen      total 185344K, used 183739K [0x00000000f0000000, 0x0000000100000000, 0x0000000100000000)
  eden space 147456K, 98% used [0x00000000f0000000,0x00000000f8e79930,0x00000000f9000000)
  from space 37888K, 99% used [0x00000000f9000000,0x00000000fb4f52f0,0x00000000fb500000)
  to   space 58880K, 0% used [0x00000000fc680000,0x00000000fc680000,0x0000000100000000)
 ParOldGen       total 111104K, used 94200K [0x00000000d0000000, 0x00000000d6c80000, 0x00000000f0000000)
  object space 111104K, 84% used [0x00000000d0000000,0x00000000d5bfe2a8,0x00000000d6c80000)
 Metaspace       used 69385K, capacity 71126K, committed 71424K, reserved 1112064K
  class space    used 7342K, capacity 7880K, committed 7936K, reserved 1048576K

