# JRE version: Java(TM) SE Runtime Environment (8.0_11-b12) (build 1.8.0_11-b12)
# Java VM: Java HotSpot(TM) 64-Bit Server VM (25.11-b03 mixed mode windows-amd64 compressed oops)
Heap:
 PSYoungGen      total 214528K, used 186215K [0x00000000f0000000, 0x0000000100000000, 0x0000000100000000)
  eden space 177152K, 84% used [0x00000000f0000000,0x00000000f91bb1f0,0x00000000fad00000)
  from space 37376K, 98% used [0x00000000fad00000,0x00000000fd11ec20,0x00000000fd180000)
  to   space 45568K, 0% used [0x00000000fd380000,0x00000000fd380000,0x0000000100000000)
 ParOldGen       total 100864K, used 93526K [0x00000000d0000000, 0x00000000d6280000, 0x00000000f0000000)
  object space 100864K, 92% used [0x00000000d0000000,0x00000000d5b558a8,0x00000000d6280000)
 Metaspace       used 68986K, capacity 70730K, committed 70968K, reserved 1112064K
  class space    used 7263K, capacity 7757K, committed 7808K, reserved 1048576K
GC Heap History (10 events):
Event: 36.187 GC heap before
{Heap before GC invocations=72 (full 7):
 PSYoungGen      total 214016K, used 184888K [0x00000000f0000000, 0x00000000ffe00000, 0x0000000100000000)
  eden space 169984K, 100% used [0x00000000f0000000,0x00000000fa600000,0x00000000fa600000)
  from space 44032K, 33% used [0x00000000fd300000,0x00000000fe18e3b8,0x00000000ffe00000)
  to   space 45056K, 0% used [0x00000000fa600000,0x00000000fa600000,0x00000000fd200000)
 ParOldGen       total 100864K, used 88888K [0x00000000d0000000, 0x00000000d6280000, 0x00000000f0000000)
  object space 100864K, 88% used [0x00000000d0000000,0x00000000d56ce050,0x00000000d6280000)
 Metaspace       used 63584K, capacity 65280K, committed 65720K, reserved 1107968K
  class space    used 6617K, capacity 7109K, committed 7168K, reserved 1048576K
Event: 36.388 GC heap after
Heap after GC invocations=72 (full 7):
 PSYoungGen      total 215040K, used 19272K [0x00000000f0000000, 0x00000000ffd00000, 0x0000000100000000)
  eden space 169984K, 0% used [0x00000000f0000000,0x00000000f0000000,0x00000000fa600000)
  from space 45056K, 42% used [0x00000000fa600000,0x00000000fb8d2108,0x00000000fd200000)
  to   space 43008K, 0% used [0x00000000fd300000,0x00000000fd300000,0x00000000ffd00000)
 ParOldGen       total 100864K, used 90056K [0x00000000d0000000, 0x00000000d6280000, 0x00000000f0000000)
  object space 100864K, 89% used [0x00000000d0000000,0x00000000d57f2050,0x00000000d6280000)
 Metaspace       used 63584K, capacity 65280K, committed 65720K, reserved 1107968K
  class space    used 6617K, capacity 7109K, committed 7168K, reserved 1048576K
}
Event: 37.655 GC heap before
{Heap before GC invocations=73 (full 7):
 PSYoungGen      total 215040K, used 182271K [0x00000000f0000000, 0x00000000ffd00000, 0x0000000100000000)
  eden space 169984K, 95% used [0x00000000f0000000,0x00000000f9f2dcf8,0x00000000fa600000)
  from space 45056K, 42% used [0x00000000fa600000,0x00000000fb8d2108,0x00000000fd200000)
  to   space 43008K, 0% used [0x00000000fd300000,0x00000000fd300000,0x00000000ffd00000)
 ParOldGen       total 100864K, used 90056K [0x00000000d0000000, 0x00000000d6280000, 0x00000000f0000000)
  object space 100864K, 89% used [0x00000000d0000000,0x00000000d57f2050,0x00000000d6280000)
 Metaspace       used 64820K, capacity 66536K, committed 66872K, reserved 1110016K
  class space    used 6736K, capacity 7208K, committed 7296K, reserved 1048576K
Event: 37.737 GC heap after
Heap after GC invocations=73 (full 7):
 PSYoungGen      total 216064K, used 23762K [0x00000000f0000000, 0x00000000ffc00000, 0x0000000100000000)
  eden space 174080K, 0% used [0x00000000f0000000,0x00000000f0000000,0x00000000faa00000)
  from space 41984K, 56% used [0x00000000fd300000,0x00000000fea34b70,0x00000000ffc00000)
  to   space 41984K, 0% used [0x00000000faa00000,0x00000000faa00000,0x00000000fd300000)
 ParOldGen       total 100864K, used 91982K [0x00000000d0000000, 0x00000000d6280000, 0x00000000f0000000)
  object space 100864K, 91% used [0x00000000d0000000,0x00000000d59d38a8,0x00000000d6280000)
 Metaspace       used 64820K, capacity 66536K, committed 66872K, reserved 1110016K
  class space    used 6736K, capacity 7208K, committed 7296K, reserved 1048576K
}
Event: 38.490 GC heap before
{Heap before GC invocations=74 (full 7):
 PSYoungGen      total 216064K, used 195334K [0x00000000f0000000, 0x00000000ffc00000, 0x0000000100000000)
  eden space 174080K, 98% used [0x00000000f0000000,0x00000000fa78cf10,0x00000000faa00000)
  from space 41984K, 56% used [0x00000000fd300000,0x00000000fea34b70,0x00000000ffc00000)
  to   space 41984K, 0% used [0x00000000faa00000,0x00000000faa00000,0x00000000fd300000)
 ParOldGen       total 100864K, used 91982K [0x00000000d0000000, 0x00000000d6280000, 0x00000000f0000000)
  object space 100864K, 91% used [0x00000000d0000000,0x00000000d59d38a8,0x00000000d6280000)
 Metaspace       used 65592K, capacity 67306K, committed 67768K, reserved 1110016K
  class space    used 6839K, capacity 7313K, committed 7424K, reserved 1048576K
Event: 38.542 GC heap after
Heap after GC invocations=74 (full 7):
 PSYoungGen      total 216064K, used 24467K [0x00000000f0000000, 0x00000000ffe00000, 0x0000000100000000)
  eden space 174080K, 0% used [0x00000000f0000000,0x00000000f0000000,0x00000000faa00000)
  from space 41984K, 58% used [0x00000000faa00000,0x00000000fc1e4eb0,0x00000000fd300000)
  to   space 40960K, 0% used [0x00000000fd600000,0x00000000fd600000,0x00000000ffe00000)
 ParOldGen       total 100864K, used 92238K [0x00000000d0000000, 0x00000000d6280000, 0x00000000f0000000)
  object space 100864K, 91% used [0x00000000d0000000,0x00000000d5a138a8,0x00000000d6280000)
 Metaspace       used 65592K, capacity 67306K, committed 67768K, reserved 1110016K
  class space    used 6839K, capacity 7313K, committed 7424K, reserved 1048576K
}
Event: 40.107 GC heap before
{Heap before GC invocations=75 (full 7):
 PSYoungGen      total 216064K, used 198547K [0x00000000f0000000, 0x00000000ffe00000, 0x0000000100000000)
  eden space 174080K, 100% used [0x00000000f0000000,0x00000000faa00000,0x00000000faa00000)
  from space 41984K, 58% used [0x00000000faa00000,0x00000000fc1e4eb0,0x00000000fd300000)
  to   space 40960K, 0% used [0x00000000fd600000,0x00000000fd600000,0x00000000ffe00000)
 ParOldGen       total 100864K, used 92238K [0x00000000d0000000, 0x00000000d6280000, 0x00000000f0000000)
  object space 100864K, 91% used [0x00000000d0000000,0x00000000d5a138a8,0x00000000d6280000)
 Metaspace       used 66558K, capacity 68232K, committed 68536K, reserved 1110016K
  class space    used 6938K, capacity 7399K, committed 7424K, reserved 1048576K
Event: 40.214 GC heap after
Heap after GC invocations=75 (full 7):
 PSYoungGen      total 218112K, used 31002K [0x00000000f0000000, 0x0000000100000000, 0x0000000100000000)
  eden space 177152K, 0% used [0x00000000f0000000,0x00000000f0000000,0x00000000fad00000)
  from space 40960K, 75% used [0x00000000fd600000,0x00000000ff446810,0x00000000ffe00000)
  to   space 41984K, 0% used [0x00000000fad00000,0x00000000fad00000,0x00000000fd600000)
 ParOldGen       total 100864K, used 93294K [0x00000000d0000000, 0x00000000d6280000, 0x00000000f0000000)
  object space 100864K, 92% used [0x00000000d0000000,0x00000000d5b1b8a8,0x00000000d6280000)
 Metaspace       used 66558K, capacity 68232K, committed 68536K, reserved 1110016K
  class space    used 6938K, capacity 7399K, committed 7424K, reserved 1048576K
}
Event: 41.210 GC heap before
{Heap before GC invocations=76 (full 7):
 PSYoungGen      total 218112K, used 208154K [0x00000000f0000000, 0x0000000100000000, 0x0000000100000000)
  eden space 177152K, 100% used [0x00000000f0000000,0x00000000fad00000,0x00000000fad00000)
  from space 40960K, 75% used [0x00000000fd600000,0x00000000ff446810,0x00000000ffe00000)
  to   space 41984K, 0% used [0x00000000fad00000,0x00000000fad00000,0x00000000fd600000)
 ParOldGen       total 100864K, used 93294K [0x00000000d0000000, 0x00000000d6280000, 0x00000000f0000000)
  object space 100864K, 92% used [0x00000000d0000000,0x00000000d5b1b8a8,0x00000000d6280000)
 Metaspace       used 68092K, capacity 69742K, committed 70072K, reserved 1112064K
  class space    used 7161K, capacity 7624K, committed 7680K, reserved 1048576K
Event: 41.295 GC heap after
Heap after GC invocations=76 (full 7):
 PSYoungGen      total 214528K, used 36987K [0x00000000f0000000, 0x0000000100000000, 0x0000000100000000)
  eden space 177152K, 0% used [0x00000000f0000000,0x00000000f0000000,0x00000000fad00000)
  from space 37376K, 98% used [0x00000000fad00000,0x00000000fd11ec20,0x00000000fd180000)
  to   space 45568K, 0% used [0x00000000fd380000,0x00000000fd380000,0x0000000100000000)
 ParOldGen       total 100864K, used 93526K [0x00000000d0000000, 0x00000000d6280000, 0x00000000f0000000)
  object space 100864K, 92% used [0x00000000d0000000,0x00000000d5b558a8,0x00000000d6280000)
 Metaspace       used 68092K, capacity 69742K, committed 70072K, reserved 1112064K
  class space    used 7161K, capacity 7624K, committed 7680K, reserved 1048576K
}

