# JRE version: Java(TM) SE Runtime Environment (8.0_11-b12) (build 1.8.0_11-b12)
# Java VM: Java HotSpot(TM) 64-Bit Server VM (25.11-b03 mixed mode windows-amd64 compressed oops)
Heap:
 PSYoungGen      total 218112K, used 145357K [0x00000000f0000000, 0x0000000100000000, 0x0000000100000000)
  eden space 187392K, 67% used [0x00000000f0000000,0x00000000f7b226c8,0x00000000fb700000)
  from space 30720K, 62% used [0x00000000fb700000,0x00000000fc9d0e10,0x00000000fd500000)
  to   space 40960K, 0% used [0x00000000fd800000,0x00000000fd800000,0x0000000100000000)
 ParOldGen       total 134144K, used 112950K [0x00000000d0000000, 0x00000000d8300000, 0x00000000f0000000)
  object space 134144K, 84% used [0x00000000d0000000,0x00000000d6e4db40,0x00000000d8300000)
 Metaspace       used 69081K, capacity 70777K, committed 71040K, reserved 1112064K
  class space    used 7229K, capacity 7713K, committed 7808K, reserved 1048576K
GC Heap History (10 events):
Event: 39.268 GC heap before
{Heap before GC invocations=53 (full 7):
 PSYoungGen      total 240128K, used 237717K [0x00000000f0000000, 0x0000000100000000, 0x0000000100000000)
  eden space 223232K, 99% used [0x00000000f0000000,0x00000000fd7ff3e0,0x00000000fda00000)
  from space 16896K, 97% used [0x00000000fda00000,0x00000000fea26030,0x00000000fea80000)
  to   space 21504K, 0% used [0x00000000feb00000,0x00000000feb00000,0x0000000100000000)
 ParOldGen       total 113152K, used 90722K [0x00000000d0000000, 0x00000000d6e80000, 0x00000000f0000000)
  object space 113152K, 80% used [0x00000000d0000000,0x00000000d58988d0,0x00000000d6e80000)
 Metaspace       used 64411K, capacity 66087K, committed 66304K, reserved 1107968K
  class space    used 6666K, capacity 7144K, committed 7168K, reserved 1048576K
Event: 39.313 GC heap after
Heap after GC invocations=53 (full 7):
 PSYoungGen      total 231424K, used 21493K [0x00000000f0000000, 0x0000000100000000, 0x0000000100000000)
  eden space 209920K, 0% used [0x00000000f0000000,0x00000000f0000000,0x00000000fcd00000)
  from space 21504K, 99% used [0x00000000feb00000,0x00000000ffffd560,0x0000000100000000)
  to   space 26112K, 0% used [0x00000000fcd00000,0x00000000fcd00000,0x00000000fe680000)
 ParOldGen       total 113152K, used 92841K [0x00000000d0000000, 0x00000000d6e80000, 0x00000000f0000000)
  object space 113152K, 82% used [0x00000000d0000000,0x00000000d5aaa548,0x00000000d6e80000)
 Metaspace       used 64411K, capacity 66087K, committed 66304K, reserved 1107968K
  class space    used 6666K, capacity 7144K, committed 7168K, reserved 1048576K
}
Event: 40.382 GC heap before
{Heap before GC invocations=54 (full 7):
 PSYoungGen      total 231424K, used 224179K [0x00000000f0000000, 0x0000000100000000, 0x0000000100000000)
  eden space 209920K, 96% used [0x00000000f0000000,0x00000000fc5ef8e0,0x00000000fcd00000)
  from space 21504K, 99% used [0x00000000feb00000,0x00000000ffffd560,0x0000000100000000)
  to   space 26112K, 0% used [0x00000000fcd00000,0x00000000fcd00000,0x00000000fe680000)
 ParOldGen       total 113152K, used 92841K [0x00000000d0000000, 0x00000000d6e80000, 0x00000000f0000000)
  object space 113152K, 82% used [0x00000000d0000000,0x00000000d5aaa548,0x00000000d6e80000)
 Metaspace       used 66019K, capacity 67661K, committed 68096K, reserved 1110016K
  class space    used 6830K, capacity 7305K, committed 7424K, reserved 1048576K
Event: 40.475 GC heap after
Heap after GC invocations=54 (full 7):
 PSYoungGen      total 236032K, used 26110K [0x00000000f0000000, 0x0000000100000000, 0x0000000100000000)
  eden space 209920K, 0% used [0x00000000f0000000,0x00000000f0000000,0x00000000fcd00000)
  from space 26112K, 99% used [0x00000000fcd00000,0x00000000fe67f8d0,0x00000000fe680000)
  to   space 26112K, 0% used [0x00000000fe680000,0x00000000fe680000,0x0000000100000000)
 ParOldGen       total 113152K, used 93809K [0x00000000d0000000, 0x00000000d6e80000, 0x00000000f0000000)
  object space 113152K, 82% used [0x00000000d0000000,0x00000000d5b9c708,0x00000000d6e80000)
 Metaspace       used 66019K, capacity 67661K, committed 68096K, reserved 1110016K
  class space    used 6830K, capacity 7305K, committed 7424K, reserved 1048576K
}
Event: 42.492 GC heap before
{Heap before GC invocations=55 (full 7):
 PSYoungGen      total 236032K, used 236030K [0x00000000f0000000, 0x0000000100000000, 0x0000000100000000)
  eden space 209920K, 100% used [0x00000000f0000000,0x00000000fcd00000,0x00000000fcd00000)
  from space 26112K, 99% used [0x00000000fcd00000,0x00000000fe67f8d0,0x00000000fe680000)
  to   space 26112K, 0% used [0x00000000fe680000,0x00000000fe680000,0x0000000100000000)
 ParOldGen       total 113152K, used 93809K [0x00000000d0000000, 0x00000000d6e80000, 0x00000000f0000000)
  object space 113152K, 82% used [0x00000000d0000000,0x00000000d5b9c708,0x00000000d6e80000)
 Metaspace       used 67041K, capacity 68709K, committed 68992K, reserved 1110016K
  class space    used 6932K, capacity 7430K, committed 7552K, reserved 1048576K
Event: 42.631 GC heap after
Heap after GC invocations=55 (full 7):
 PSYoungGen      total 213504K, used 26081K [0x00000000f0000000, 0x0000000100000000, 0x0000000100000000)
  eden space 187392K, 0% used [0x00000000f0000000,0x00000000f0000000,0x00000000fb700000)
  from space 26112K, 99% used [0x00000000fe680000,0x00000000ffff87f0,0x0000000100000000)
  to   space 37376K, 0% used [0x00000000fb700000,0x00000000fb700000,0x00000000fdb80000)
 ParOldGen       total 113152K, used 101129K [0x00000000d0000000, 0x00000000d6e80000, 0x00000000f0000000)
  object space 113152K, 89% used [0x00000000d0000000,0x00000000d62c25a8,0x00000000d6e80000)
 Metaspace       used 67041K, capacity 68709K, committed 68992K, reserved 1110016K
  class space    used 6932K, capacity 7430K, committed 7552K, reserved 1048576K
}
Event: 43.743 GC heap before
{Heap before GC invocations=56 (full 7):
 PSYoungGen      total 213504K, used 212615K [0x00000000f0000000, 0x0000000100000000, 0x0000000100000000)
  eden space 187392K, 99% used [0x00000000f0000000,0x00000000fb629728,0x00000000fb700000)
  from space 26112K, 99% used [0x00000000fe680000,0x00000000ffff87f0,0x0000000100000000)
  to   space 37376K, 0% used [0x00000000fb700000,0x00000000fb700000,0x00000000fdb80000)
 ParOldGen       total 113152K, used 101129K [0x00000000d0000000, 0x00000000d6e80000, 0x00000000f0000000)
  object space 113152K, 89% used [0x00000000d0000000,0x00000000d62c25a8,0x00000000d6e80000)
 Metaspace       used 68613K, capacity 70295K, committed 70656K, reserved 1112064K
  class space    used 7166K, capacity 7657K, committed 7680K, reserved 1048576K
Event: 43.837 GC heap after
Heap after GC invocations=56 (full 7):
 PSYoungGen      total 218112K, used 30288K [0x00000000f0000000, 0x0000000100000000, 0x0000000100000000)
  eden space 187392K, 0% used [0x00000000f0000000,0x00000000f0000000,0x00000000fb700000)
  from space 30720K, 98% used [0x00000000fb700000,0x00000000fd494120,0x00000000fd500000)
  to   space 40960K, 0% used [0x00000000fd800000,0x00000000fd800000,0x0000000100000000)
 ParOldGen       total 113152K, used 104173K [0x00000000d0000000, 0x00000000d6e80000, 0x00000000f0000000)
  object space 113152K, 92% used [0x00000000d0000000,0x00000000d65bb680,0x00000000d6e80000)
 Metaspace       used 68613K, capacity 70295K, committed 70656K, reserved 1112064K
  class space    used 7166K, capacity 7657K, committed 7680K, reserved 1048576K
}
Event: 43.837 GC heap before
{Heap before GC invocations=57 (full 8):
 PSYoungGen      total 218112K, used 30288K [0x00000000f0000000, 0x0000000100000000, 0x0000000100000000)
  eden space 187392K, 0% used [0x00000000f0000000,0x00000000f0000000,0x00000000fb700000)
  from space 30720K, 98% used [0x00000000fb700000,0x00000000fd494120,0x00000000fd500000)
  to   space 40960K, 0% used [0x00000000fd800000,0x00000000fd800000,0x0000000100000000)
 ParOldGen       total 113152K, used 104173K [0x00000000d0000000, 0x00000000d6e80000, 0x00000000f0000000)
  object space 113152K, 92% used [0x00000000d0000000,0x00000000d65bb680,0x00000000d6e80000)
 Metaspace       used 68613K, capacity 70295K, committed 70656K, reserved 1112064K
  class space    used 7166K, capacity 7657K, committed 7680K, reserved 1048576K
Event: 45.996 GC heap after
Heap after GC invocations=57 (full 8):
 PSYoungGen      total 218112K, used 19267K [0x00000000f0000000, 0x0000000100000000, 0x0000000100000000)
  eden space 187392K, 0% used [0x00000000f0000000,0x00000000f0000000,0x00000000fb700000)
  from space 30720K, 62% used [0x00000000fb700000,0x00000000fc9d0e10,0x00000000fd500000)
  to   space 40960K, 0% used [0x00000000fd800000,0x00000000fd800000,0x0000000100000000)
 ParOldGen       total 134144K, used 112950K [0x00000000d0000000, 0x00000000d8300000, 0x00000000f0000000)
  object space 134144K, 84% used [0x00000000d0000000,0x00000000d6e4db40,0x00000000d8300000)
 Metaspace       used 68605K, capacity 70283K, committed 70656K, reserved 1112064K
  class space    used 7165K, capacity 7655K, committed 7680K, reserved 1048576K
}

