# JRE version: Java(TM) SE Runtime Environment (8.0_11-b12) (build 1.8.0_11-b12)
# Java VM: Java HotSpot(TM) 64-Bit Server VM (25.11-b03 mixed mode windows-amd64 compressed oops)
Heap:
 PSYoungGen      total 229376K, used 174364K [0x00000000f0000000, 0x0000000100000000, 0x0000000100000000)
  eden space 211968K, 77% used [0x00000000f0000000,0x00000000f9ff2990,0x00000000fcf00000)
  from space 17408K, 60% used [0x00000000fef00000,0x00000000ff9547e8,0x0000000100000000)
  to   space 25088K, 0% used [0x00000000fcf00000,0x00000000fcf00000,0x00000000fe780000)
 ParOldGen       total 122880K, used 102857K [0x00000000d0000000, 0x00000000d7800000, 0x00000000f0000000)
  object space 122880K, 83% used [0x00000000d0000000,0x00000000d6472400,0x00000000d7800000)
 Metaspace       used 65448K, capacity 67082K, committed 67200K, reserved 1110016K
  class space    used 7065K, capacity 7543K, committed 7552K, reserved 1048576K
GC Heap History (10 events):
Event: 61.858 GC heap before
{Heap before GC invocations=58 (full 7):
 PSYoungGen      total 246272K, used 13617K [0x00000000f0000000, 0x0000000100000000, 0x0000000100000000)
  eden space 232448K, 0% used [0x00000000f0000000,0x00000000f0000000,0x00000000fe300000)
  from space 13824K, 98% used [0x00000000fe300000,0x00000000ff04c458,0x00000000ff080000)
  to   space 15872K, 0% used [0x00000000ff080000,0x00000000ff080000,0x0000000100000000)
 ParOldGen       total 87552K, used 81450K [0x00000000d0000000, 0x00000000d5580000, 0x00000000f0000000)
  object space 87552K, 93% used [0x00000000d0000000,0x00000000d4f8aa30,0x00000000d5580000)
 Metaspace       used 59920K, capacity 61458K, committed 61696K, reserved 1103872K
  class space    used 6386K, capacity 6855K, committed 6912K, reserved 1048576K
Event: 63.100 GC heap after
Heap after GC invocations=58 (full 7):
 PSYoungGen      total 246272K, used 5320K [0x00000000f0000000, 0x0000000100000000, 0x0000000100000000)
  eden space 232448K, 0% used [0x00000000f0000000,0x00000000f0000000,0x00000000fe300000)
  from space 13824K, 38% used [0x00000000fe300000,0x00000000fe832338,0x00000000ff080000)
  to   space 15872K, 0% used [0x00000000ff080000,0x00000000ff080000,0x0000000100000000)
 ParOldGen       total 102912K, used 87139K [0x00000000d0000000, 0x00000000d6480000, 0x00000000f0000000)
  object space 102912K, 84% used [0x00000000d0000000,0x00000000d5518c78,0x00000000d6480000)
 Metaspace       used 59920K, capacity 61458K, committed 61696K, reserved 1103872K
  class space    used 6386K, capacity 6855K, committed 6912K, reserved 1048576K
}
Event: 65.362 GC heap before
{Heap before GC invocations=59 (full 7):
 PSYoungGen      total 246272K, used 237768K [0x00000000f0000000, 0x0000000100000000, 0x0000000100000000)
  eden space 232448K, 100% used [0x00000000f0000000,0x00000000fe300000,0x00000000fe300000)
  from space 13824K, 38% used [0x00000000fe300000,0x00000000fe832338,0x00000000ff080000)
  to   space 15872K, 0% used [0x00000000ff080000,0x00000000ff080000,0x0000000100000000)
 ParOldGen       total 102912K, used 87139K [0x00000000d0000000, 0x00000000d6480000, 0x00000000f0000000)
  object space 102912K, 84% used [0x00000000d0000000,0x00000000d5518c78,0x00000000d6480000)
 Metaspace       used 60962K, capacity 62620K, committed 62848K, reserved 1105920K
  class space    used 6537K, capacity 6999K, committed 7040K, reserved 1048576K
Event: 65.472 GC heap after
Heap after GC invocations=59 (full 7):
 PSYoungGen      total 243200K, used 12698K [0x00000000f0000000, 0x0000000100000000, 0x0000000100000000)
  eden space 227328K, 0% used [0x00000000f0000000,0x00000000f0000000,0x00000000fde00000)
  from space 15872K, 80% used [0x00000000ff080000,0x00000000ffce6ac0,0x0000000100000000)
  to   space 17408K, 0% used [0x00000000fde00000,0x00000000fde00000,0x00000000fef00000)
 ParOldGen       total 102912K, used 87147K [0x00000000d0000000, 0x00000000d6480000, 0x00000000f0000000)
  object space 102912K, 84% used [0x00000000d0000000,0x00000000d551ac78,0x00000000d6480000)
 Metaspace       used 60962K, capacity 62620K, committed 62848K, reserved 1105920K
  class space    used 6537K, capacity 6999K, committed 7040K, reserved 1048576K
}
Event: 67.598 GC heap before
{Heap before GC invocations=60 (full 7):
 PSYoungGen      total 243200K, used 240026K [0x00000000f0000000, 0x0000000100000000, 0x0000000100000000)
  eden space 227328K, 100% used [0x00000000f0000000,0x00000000fde00000,0x00000000fde00000)
  from space 15872K, 80% used [0x00000000ff080000,0x00000000ffce6ac0,0x0000000100000000)
  to   space 17408K, 0% used [0x00000000fde00000,0x00000000fde00000,0x00000000fef00000)
 ParOldGen       total 102912K, used 87147K [0x00000000d0000000, 0x00000000d6480000, 0x00000000f0000000)
  object space 102912K, 84% used [0x00000000d0000000,0x00000000d551ac78,0x00000000d6480000)
 Metaspace       used 62584K, capacity 64226K, committed 64640K, reserved 1105920K
  class space    used 6698K, capacity 7192K, committed 7296K, reserved 1048576K
Event: 67.675 GC heap after
Heap after GC invocations=60 (full 7):
 PSYoungGen      total 244736K, used 17069K [0x00000000f0000000, 0x0000000100000000, 0x0000000100000000)
  eden space 227328K, 0% used [0x00000000f0000000,0x00000000f0000000,0x00000000fde00000)
  from space 17408K, 98% used [0x00000000fde00000,0x00000000feeab7a8,0x00000000fef00000)
  to   space 17408K, 0% used [0x00000000fef00000,0x00000000fef00000,0x0000000100000000)
 ParOldGen       total 102912K, used 87155K [0x00000000d0000000, 0x00000000d6480000, 0x00000000f0000000)
  object space 102912K, 84% used [0x00000000d0000000,0x00000000d551cc78,0x00000000d6480000)
 Metaspace       used 62584K, capacity 64226K, committed 64640K, reserved 1105920K
  class space    used 6698K, capacity 7192K, committed 7296K, reserved 1048576K
}
Event: 70.182 GC heap before
{Heap before GC invocations=61 (full 7):
 PSYoungGen      total 244736K, used 244003K [0x00000000f0000000, 0x0000000100000000, 0x0000000100000000)
  eden space 227328K, 99% used [0x00000000f0000000,0x00000000fdd9d7a8,0x00000000fde00000)
  from space 17408K, 98% used [0x00000000fde00000,0x00000000feeab7a8,0x00000000fef00000)
  to   space 17408K, 0% used [0x00000000fef00000,0x00000000fef00000,0x0000000100000000)
 ParOldGen       total 102912K, used 87155K [0x00000000d0000000, 0x00000000d6480000, 0x00000000f0000000)
  object space 102912K, 84% used [0x00000000d0000000,0x00000000d551cc78,0x00000000d6480000)
 Metaspace       used 64554K, capacity 66222K, committed 66432K, reserved 1107968K
  class space    used 6964K, capacity 7450K, committed 7552K, reserved 1048576K
Event: 70.220 GC heap after
Heap after GC invocations=61 (full 7):
 PSYoungGen      total 229376K, used 17376K [0x00000000f0000000, 0x0000000100000000, 0x0000000100000000)
  eden space 211968K, 0% used [0x00000000f0000000,0x00000000f0000000,0x00000000fcf00000)
  from space 17408K, 99% used [0x00000000fef00000,0x00000000ffff8330,0x0000000100000000)
  to   space 25088K, 0% used [0x00000000fcf00000,0x00000000fcf00000,0x00000000fe780000)
 ParOldGen       total 102912K, used 96598K [0x00000000d0000000, 0x00000000d6480000, 0x00000000f0000000)
  object space 102912K, 93% used [0x00000000d0000000,0x00000000d5e55b80,0x00000000d6480000)
 Metaspace       used 64554K, capacity 66222K, committed 66432K, reserved 1107968K
  class space    used 6964K, capacity 7450K, committed 7552K, reserved 1048576K
}
Event: 70.220 GC heap before
{Heap before GC invocations=62 (full 8):
 PSYoungGen      total 229376K, used 17376K [0x00000000f0000000, 0x0000000100000000, 0x0000000100000000)
  eden space 211968K, 0% used [0x00000000f0000000,0x00000000f0000000,0x00000000fcf00000)
  from space 17408K, 99% used [0x00000000fef00000,0x00000000ffff8330,0x0000000100000000)
  to   space 25088K, 0% used [0x00000000fcf00000,0x00000000fcf00000,0x00000000fe780000)
 ParOldGen       total 102912K, used 96598K [0x00000000d0000000, 0x00000000d6480000, 0x00000000f0000000)
  object space 102912K, 93% used [0x00000000d0000000,0x00000000d5e55b80,0x00000000d6480000)
 Metaspace       used 64554K, capacity 66222K, committed 66432K, reserved 1107968K
  class space    used 6964K, capacity 7450K, committed 7552K, reserved 1048576K
Event: 71.043 GC heap after
Heap after GC invocations=62 (full 8):
 PSYoungGen      total 229376K, used 10577K [0x00000000f0000000, 0x0000000100000000, 0x0000000100000000)
  eden space 211968K, 0% used [0x00000000f0000000,0x00000000f0000000,0x00000000fcf00000)
  from space 17408K, 60% used [0x00000000fef00000,0x00000000ff9547e8,0x0000000100000000)
  to   space 25088K, 0% used [0x00000000fcf00000,0x00000000fcf00000,0x00000000fe780000)
 ParOldGen       total 122880K, used 102857K [0x00000000d0000000, 0x00000000d7800000, 0x00000000f0000000)
  object space 122880K, 83% used [0x00000000d0000000,0x00000000d6472400,0x00000000d7800000)
 Metaspace       used 64551K, capacity 66216K, committed 66432K, reserved 1107968K
  class space    used 6964K, capacity 7449K, committed 7552K, reserved 1048576K
}

