# JRE version: Java(TM) SE Runtime Environment (8.0_11-b12) (build 1.8.0_11-b12)
# Java VM: Java HotSpot(TM) 64-Bit Server VM (25.11-b03 mixed mode windows-amd64 compressed oops)
Heap:
 PSYoungGen      total 213504K, used 100870K [0x00000000f0000000, 0x0000000100000000, 0x0000000100000000)
  eden space 184320K, 38% used [0x00000000f0000000,0x00000000f4608038,0x00000000fb400000)
  from space 29184K, 99% used [0x00000000fe380000,0x00000000ffff9bc0,0x0000000100000000)
  to   space 38912K, 0% used [0x00000000fb400000,0x00000000fb400000,0x00000000fda00000)
 ParOldGen       total 132096K, used 116093K [0x00000000d0000000, 0x00000000d8100000, 0x00000000f0000000)
  object space 132096K, 87% used [0x00000000d0000000,0x00000000d715f5e0,0x00000000d8100000)
 Metaspace       used 71953K, capacity 73994K, committed 74112K, reserved 1116160K
  class space    used 7443K, capacity 8034K, committed 8064K, reserved 1048576K
GC Heap History (10 events):
Event: 51.709 GC heap before
{Heap before GC invocations=54 (full 8):
 PSYoungGen      total 226304K, used 17384K [0x00000000f0000000, 0x0000000100000000, 0x0000000100000000)
  eden space 208896K, 0% used [0x00000000f0000000,0x00000000f0000000,0x00000000fcc00000)
  from space 17408K, 99% used [0x00000000fef00000,0x00000000ffffa058,0x0000000100000000)
  to   space 26624K, 0% used [0x00000000fcc00000,0x00000000fcc00000,0x00000000fe600000)
 ParOldGen       total 114176K, used 108657K [0x00000000d0000000, 0x00000000d6f80000, 0x00000000f0000000)
  object space 114176K, 95% used [0x00000000d0000000,0x00000000d6a1c658,0x00000000d6f80000)
 Metaspace       used 67480K, capacity 69298K, committed 69376K, reserved 1112064K
  class space    used 6875K, capacity 7416K, committed 7424K, reserved 1048576K
Event: 53.575 GC heap after
Heap after GC invocations=54 (full 8):
 PSYoungGen      total 226304K, used 10182K [0x00000000f0000000, 0x0000000100000000, 0x0000000100000000)
  eden space 208896K, 0% used [0x00000000f0000000,0x00000000f0000000,0x00000000fcc00000)
  from space 17408K, 58% used [0x00000000fef00000,0x00000000ff8f1be0,0x0000000100000000)
  to   space 26624K, 0% used [0x00000000fcc00000,0x00000000fcc00000,0x00000000fe600000)
 ParOldGen       total 132096K, used 113706K [0x00000000d0000000, 0x00000000d8100000, 0x00000000f0000000)
  object space 132096K, 86% used [0x00000000d0000000,0x00000000d6f0ab70,0x00000000d8100000)
 Metaspace       used 67480K, capacity 69298K, committed 69376K, reserved 1112064K
  class space    used 6875K, capacity 7416K, committed 7424K, reserved 1048576K
}
Event: 54.988 GC heap before
{Heap before GC invocations=55 (full 8):
 PSYoungGen      total 226304K, used 219078K [0x00000000f0000000, 0x0000000100000000, 0x0000000100000000)
  eden space 208896K, 100% used [0x00000000f0000000,0x00000000fcc00000,0x00000000fcc00000)
  from space 17408K, 58% used [0x00000000fef00000,0x00000000ff8f1be0,0x0000000100000000)
  to   space 26624K, 0% used [0x00000000fcc00000,0x00000000fcc00000,0x00000000fe600000)
 ParOldGen       total 132096K, used 113706K [0x00000000d0000000, 0x00000000d8100000, 0x00000000f0000000)
  object space 132096K, 86% used [0x00000000d0000000,0x00000000d6f0ab70,0x00000000d8100000)
 Metaspace       used 68664K, capacity 70502K, committed 70656K, reserved 1112064K
  class space    used 7017K, capacity 7582K, committed 7680K, reserved 1048576K
Event: 55.123 GC heap after
Heap after GC invocations=55 (full 8):
 PSYoungGen      total 235520K, used 13901K [0x00000000f0000000, 0x0000000100000000, 0x0000000100000000)
  eden space 208896K, 0% used [0x00000000f0000000,0x00000000f0000000,0x00000000fcc00000)
  from space 26624K, 52% used [0x00000000fcc00000,0x00000000fd993460,0x00000000fe600000)
  to   space 26624K, 0% used [0x00000000fe600000,0x00000000fe600000,0x0000000100000000)
 ParOldGen       total 132096K, used 113810K [0x00000000d0000000, 0x00000000d8100000, 0x00000000f0000000)
  object space 132096K, 86% used [0x00000000d0000000,0x00000000d6f24b70,0x00000000d8100000)
 Metaspace       used 68664K, capacity 70502K, committed 70656K, reserved 1112064K
  class space    used 7017K, capacity 7582K, committed 7680K, reserved 1048576K
}
Event: 57.607 GC heap before
{Heap before GC invocations=56 (full 8):
 PSYoungGen      total 235520K, used 220673K [0x00000000f0000000, 0x0000000100000000, 0x0000000100000000)
  eden space 208896K, 98% used [0x00000000f0000000,0x00000000fc9ed168,0x00000000fcc00000)
  from space 26624K, 52% used [0x00000000fcc00000,0x00000000fd993460,0x00000000fe600000)
  to   space 26624K, 0% used [0x00000000fe600000,0x00000000fe600000,0x0000000100000000)
 ParOldGen       total 132096K, used 113810K [0x00000000d0000000, 0x00000000d8100000, 0x00000000f0000000)
  object space 132096K, 86% used [0x00000000d0000000,0x00000000d6f24b70,0x00000000d8100000)
 Metaspace       used 69622K, capacity 71572K, committed 71680K, reserved 1114112K
  class space    used 7108K, capacity 7669K, committed 7680K, reserved 1048576K
Event: 57.654 GC heap after
Heap after GC invocations=56 (full 8):
 PSYoungGen      total 230400K, used 22338K [0x00000000f0000000, 0x0000000100000000, 0x0000000100000000)
  eden space 203776K, 0% used [0x00000000f0000000,0x00000000f0000000,0x00000000fc700000)
  from space 26624K, 83% used [0x00000000fe600000,0x00000000ffbd0b08,0x0000000100000000)
  to   space 29184K, 0% used [0x00000000fc700000,0x00000000fc700000,0x00000000fe380000)
 ParOldGen       total 132096K, used 113818K [0x00000000d0000000, 0x00000000d8100000, 0x00000000f0000000)
  object space 132096K, 86% used [0x00000000d0000000,0x00000000d6f26b70,0x00000000d8100000)
 Metaspace       used 69622K, capacity 71572K, committed 71680K, reserved 1114112K
  class space    used 7108K, capacity 7669K, committed 7680K, reserved 1048576K
}
Event: 58.829 GC heap before
{Heap before GC invocations=57 (full 8):
 PSYoungGen      total 230400K, used 223436K [0x00000000f0000000, 0x0000000100000000, 0x0000000100000000)
  eden space 203776K, 98% used [0x00000000f0000000,0x00000000fc4626f8,0x00000000fc700000)
  from space 26624K, 83% used [0x00000000fe600000,0x00000000ffbd0b08,0x0000000100000000)
  to   space 29184K, 0% used [0x00000000fc700000,0x00000000fc700000,0x00000000fe380000)
 ParOldGen       total 132096K, used 113818K [0x00000000d0000000, 0x00000000d8100000, 0x00000000f0000000)
  object space 132096K, 86% used [0x00000000d0000000,0x00000000d6f26b70,0x00000000d8100000)
 Metaspace       used 71178K, capacity 73118K, committed 73216K, reserved 1114112K
  class space    used 7327K, capacity 7899K, committed 7936K, reserved 1048576K
Event: 58.870 GC heap after
Heap after GC invocations=57 (full 8):
 PSYoungGen      total 232960K, used 29065K [0x00000000f0000000, 0x0000000100000000, 0x0000000100000000)
  eden space 203776K, 0% used [0x00000000f0000000,0x00000000f0000000,0x00000000fc700000)
  from space 29184K, 99% used [0x00000000fc700000,0x00000000fe3626c0,0x00000000fe380000)
  to   space 29184K, 0% used [0x00000000fe380000,0x00000000fe380000,0x0000000100000000)
 ParOldGen       total 132096K, used 113826K [0x00000000d0000000, 0x00000000d8100000, 0x00000000f0000000)
  object space 132096K, 86% used [0x00000000d0000000,0x00000000d6f28b70,0x00000000d8100000)
 Metaspace       used 71178K, capacity 73118K, committed 73216K, reserved 1114112K
  class space    used 7327K, capacity 7899K, committed 7936K, reserved 1048576K
}
Event: 59.557 GC heap before
{Heap before GC invocations=58 (full 8):
 PSYoungGen      total 232960K, used 224776K [0x00000000f0000000, 0x0000000100000000, 0x0000000100000000)
  eden space 203776K, 96% used [0x00000000f0000000,0x00000000fbf1fa60,0x00000000fc700000)
  from space 29184K, 99% used [0x00000000fc700000,0x00000000fe3626c0,0x00000000fe380000)
  to   space 29184K, 0% used [0x00000000fe380000,0x00000000fe380000,0x0000000100000000)
 ParOldGen       total 132096K, used 113826K [0x00000000d0000000, 0x00000000d8100000, 0x00000000f0000000)
  object space 132096K, 86% used [0x00000000d0000000,0x00000000d6f28b70,0x00000000d8100000)
 Metaspace       used 71628K, capacity 73610K, committed 73728K, reserved 1116160K
  class space    used 7377K, capacity 7933K, committed 7936K, reserved 1048576K
Event: 59.652 GC heap after
Heap after GC invocations=58 (full 8):
 PSYoungGen      total 213504K, used 29158K [0x00000000f0000000, 0x0000000100000000, 0x0000000100000000)
  eden space 184320K, 0% used [0x00000000f0000000,0x00000000f0000000,0x00000000fb400000)
  from space 29184K, 99% used [0x00000000fe380000,0x00000000ffff9bc0,0x0000000100000000)
  to   space 38912K, 0% used [0x00000000fb400000,0x00000000fb400000,0x00000000fda00000)
 ParOldGen       total 132096K, used 116093K [0x00000000d0000000, 0x00000000d8100000, 0x00000000f0000000)
  object space 132096K, 87% used [0x00000000d0000000,0x00000000d715f5e0,0x00000000d8100000)
 Metaspace       used 71628K, capacity 73610K, committed 73728K, reserved 1116160K
  class space    used 7377K, capacity 7933K, committed 7936K, reserved 1048576K
}

