# JRE version: Java(TM) SE Runtime Environment (8.0_11-b12) (build 1.8.0_11-b12)
# Java VM: Java HotSpot(TM) 64-Bit Server VM (25.11-b03 mixed mode windows-amd64 compressed oops)
Heap:
 PSYoungGen      total 244224K, used 92596K [0x00000000f0000000, 0x0000000100000000, 0x0000000100000000)
  eden space 226304K, 37% used [0x00000000f0000000,0x00000000f5311070,0x00000000fdd00000)
  from space 17920K, 42% used [0x00000000fdd00000,0x00000000fe45c2b8,0x00000000fee80000)
  to   space 17920K, 0% used [0x00000000fee80000,0x00000000fee80000,0x0000000100000000)
 ParOldGen       total 102912K, used 87428K [0x00000000d0000000, 0x00000000d6480000, 0x00000000f0000000)
  object space 102912K, 84% used [0x00000000d0000000,0x00000000d55612c8,0x00000000d6480000)
 Metaspace       used 58865K, capacity 60534K, committed 60928K, reserved 1103872K
  class space    used 6610K, capacity 7097K, committed 7168K, reserved 1048576K
GC Heap History (10 events):
Event: 24.717 GC heap before
{Heap before GC invocations=48 (full 5):
 PSYoungGen      total 248832K, used 248804K [0x00000000f0000000, 0x0000000100000000, 0x0000000100000000)
  eden space 238592K, 100% used [0x00000000f0000000,0x00000000fe900000,0x00000000fe900000)
  from space 10240K, 99% used [0x00000000ff600000,0x00000000ffff93b0,0x0000000100000000)
  to   space 11776K, 0% used [0x00000000fe900000,0x00000000fe900000,0x00000000ff480000)
 ParOldGen       total 73728K, used 61700K [0x00000000d0000000, 0x00000000d4800000, 0x00000000f0000000)
  object space 73728K, 83% used [0x00000000d0000000,0x00000000d3c413d8,0x00000000d4800000)
 Metaspace       used 54427K, capacity 56058K, committed 56320K, reserved 1099776K
  class space    used 6067K, capacity 6554K, committed 6656K, reserved 1048576K
Event: 24.762 GC heap after
Heap after GC invocations=48 (full 5):
 PSYoungGen      total 250368K, used 11764K [0x00000000f0000000, 0x0000000100000000, 0x0000000100000000)
  eden space 238592K, 0% used [0x00000000f0000000,0x00000000f0000000,0x00000000fe900000)
  from space 11776K, 99% used [0x00000000fe900000,0x00000000ff47d030,0x00000000ff480000)
  to   space 11776K, 0% used [0x00000000ff480000,0x00000000ff480000,0x0000000100000000)
 ParOldGen       total 73728K, used 67774K [0x00000000d0000000, 0x00000000d4800000, 0x00000000f0000000)
  object space 73728K, 91% used [0x00000000d0000000,0x00000000d422fa78,0x00000000d4800000)
 Metaspace       used 54427K, capacity 56058K, committed 56320K, reserved 1099776K
  class space    used 6067K, capacity 6554K, committed 6656K, reserved 1048576K
}
Event: 24.762 GC heap before
{Heap before GC invocations=49 (full 6):
 PSYoungGen      total 250368K, used 11764K [0x00000000f0000000, 0x0000000100000000, 0x0000000100000000)
  eden space 238592K, 0% used [0x00000000f0000000,0x00000000f0000000,0x00000000fe900000)
  from space 11776K, 99% used [0x00000000fe900000,0x00000000ff47d030,0x00000000ff480000)
  to   space 11776K, 0% used [0x00000000ff480000,0x00000000ff480000,0x0000000100000000)
 ParOldGen       total 73728K, used 67774K [0x00000000d0000000, 0x00000000d4800000, 0x00000000f0000000)
  object space 73728K, 91% used [0x00000000d0000000,0x00000000d422fa78,0x00000000d4800000)
 Metaspace       used 54427K, capacity 56058K, committed 56320K, reserved 1099776K
  class space    used 6067K, capacity 6554K, committed 6656K, reserved 1048576K
Event: 26.300 GC heap after
Heap after GC invocations=49 (full 6):
 PSYoungGen      total 250368K, used 3562K [0x00000000f0000000, 0x0000000100000000, 0x0000000100000000)
  eden space 238592K, 0% used [0x00000000f0000000,0x00000000f0000000,0x00000000fe900000)
  from space 11776K, 30% used [0x00000000fe900000,0x00000000fec7abd8,0x00000000ff480000)
  to   space 11776K, 0% used [0x00000000ff480000,0x00000000ff480000,0x0000000100000000)
 ParOldGen       total 87552K, used 73252K [0x00000000d0000000, 0x00000000d5580000, 0x00000000f0000000)
  object space 87552K, 83% used [0x00000000d0000000,0x00000000d47893d0,0x00000000d5580000)
 Metaspace       used 54427K, capacity 56058K, committed 56320K, reserved 1099776K
  class space    used 6067K, capacity 6554K, committed 6656K, reserved 1048576K
}
Event: 28.088 GC heap before
{Heap before GC invocations=50 (full 6):
 PSYoungGen      total 250368K, used 238720K [0x00000000f0000000, 0x0000000100000000, 0x0000000100000000)
  eden space 238592K, 98% used [0x00000000f0000000,0x00000000fe5a5818,0x00000000fe900000)
  from space 11776K, 30% used [0x00000000fe900000,0x00000000fec7abd8,0x00000000ff480000)
  to   space 11776K, 0% used [0x00000000ff480000,0x00000000ff480000,0x0000000100000000)
 ParOldGen       total 87552K, used 73252K [0x00000000d0000000, 0x00000000d5580000, 0x00000000f0000000)
  object space 87552K, 83% used [0x00000000d0000000,0x00000000d47893d0,0x00000000d5580000)
 Metaspace       used 56248K, capacity 57850K, committed 58240K, reserved 1101824K
  class space    used 6237K, capacity 6722K, committed 6784K, reserved 1048576K
Event: 28.182 GC heap after
Heap after GC invocations=50 (full 6):
 PSYoungGen      total 238080K, used 11760K [0x00000000f0000000, 0x0000000100000000, 0x0000000100000000)
  eden space 226304K, 0% used [0x00000000f0000000,0x00000000f0000000,0x00000000fdd00000)
  from space 11776K, 99% used [0x00000000ff480000,0x00000000ffffc2d0,0x0000000100000000)
  to   space 17920K, 0% used [0x00000000fdd00000,0x00000000fdd00000,0x00000000fee80000)
 ParOldGen       total 87552K, used 76878K [0x00000000d0000000, 0x00000000d5580000, 0x00000000f0000000)
  object space 87552K, 87% used [0x00000000d0000000,0x00000000d4b139b8,0x00000000d5580000)
 Metaspace       used 56248K, capacity 57850K, committed 58240K, reserved 1101824K
  class space    used 6237K, capacity 6722K, committed 6784K, reserved 1048576K
}
Event: 29.270 GC heap before
{Heap before GC invocations=51 (full 6):
 PSYoungGen      total 238080K, used 237716K [0x00000000f0000000, 0x0000000100000000, 0x0000000100000000)
  eden space 226304K, 99% used [0x00000000f0000000,0x00000000fdca8f38,0x00000000fdd00000)
  from space 11776K, 99% used [0x00000000ff480000,0x00000000ffffc2d0,0x0000000100000000)
  to   space 17920K, 0% used [0x00000000fdd00000,0x00000000fdd00000,0x00000000fee80000)
 ParOldGen       total 87552K, used 76878K [0x00000000d0000000, 0x00000000d5580000, 0x00000000f0000000)
  object space 87552K, 87% used [0x00000000d0000000,0x00000000d4b139b8,0x00000000d5580000)
 Metaspace       used 58099K, capacity 59752K, committed 60032K, reserved 1101824K
  class space    used 6526K, capacity 7038K, committed 7040K, reserved 1048576K
Event: 29.305 GC heap after
Heap after GC invocations=51 (full 6):
 PSYoungGen      total 244224K, used 17893K [0x00000000f0000000, 0x0000000100000000, 0x0000000100000000)
  eden space 226304K, 0% used [0x00000000f0000000,0x00000000f0000000,0x00000000fdd00000)
  from space 17920K, 99% used [0x00000000fdd00000,0x00000000fee796b0,0x00000000fee80000)
  to   space 17920K, 0% used [0x00000000fee80000,0x00000000fee80000,0x0000000100000000)
 ParOldGen       total 87552K, used 79500K [0x00000000d0000000, 0x00000000d5580000, 0x00000000f0000000)
  object space 87552K, 90% used [0x00000000d0000000,0x00000000d4da3390,0x00000000d5580000)
 Metaspace       used 58099K, capacity 59752K, committed 60032K, reserved 1101824K
  class space    used 6526K, capacity 7038K, committed 7040K, reserved 1048576K
}
Event: 29.305 GC heap before
{Heap before GC invocations=52 (full 7):
 PSYoungGen      total 244224K, used 17893K [0x00000000f0000000, 0x0000000100000000, 0x0000000100000000)
  eden space 226304K, 0% used [0x00000000f0000000,0x00000000f0000000,0x00000000fdd00000)
  from space 17920K, 99% used [0x00000000fdd00000,0x00000000fee796b0,0x00000000fee80000)
  to   space 17920K, 0% used [0x00000000fee80000,0x00000000fee80000,0x0000000100000000)
 ParOldGen       total 87552K, used 79500K [0x00000000d0000000, 0x00000000d5580000, 0x00000000f0000000)
  object space 87552K, 90% used [0x00000000d0000000,0x00000000d4da3390,0x00000000d5580000)
 Metaspace       used 58099K, capacity 59752K, committed 60032K, reserved 1101824K
  class space    used 6526K, capacity 7038K, committed 7040K, reserved 1048576K
Event: 30.163 GC heap after
Heap after GC invocations=52 (full 7):
 PSYoungGen      total 244224K, used 7536K [0x00000000f0000000, 0x0000000100000000, 0x0000000100000000)
  eden space 226304K, 0% used [0x00000000f0000000,0x00000000f0000000,0x00000000fdd00000)
  from space 17920K, 42% used [0x00000000fdd00000,0x00000000fe45c2b8,0x00000000fee80000)
  to   space 17920K, 0% used [0x00000000fee80000,0x00000000fee80000,0x0000000100000000)
 ParOldGen       total 102912K, used 87428K [0x00000000d0000000, 0x00000000d6480000, 0x00000000f0000000)
  object space 102912K, 84% used [0x00000000d0000000,0x00000000d55612c8,0x00000000d6480000)
 Metaspace       used 58099K, capacity 59752K, committed 60032K, reserved 1101824K
  class space    used 6526K, capacity 7038K, committed 7040K, reserved 1048576K
}

