# JRE version: Java(TM) SE Runtime Environment (8.0_11-b12) (build 1.8.0_11-b12)
# Java VM: Java HotSpot(TM) 64-Bit Server VM (25.11-b03 mixed mode windows-amd64 compressed oops)
Heap:
 PSYoungGen      total 227328K, used 127862K [0x00000000f0000000, 0x0000000100000000, 0x0000000100000000)
  eden space 196608K, 49% used [0x00000000f0000000,0x00000000f5f5af08,0x00000000fc000000)
  from space 30720K, 98% used [0x00000000fc000000,0x00000000fdd829d0,0x00000000fde00000)
  to   space 34816K, 0% used [0x00000000fde00000,0x00000000fde00000,0x0000000100000000)
 ParOldGen       total 116224K, used 103778K [0x00000000d0000000, 0x00000000d7180000, 0x00000000f0000000)
  object space 116224K, 89% used [0x00000000d0000000,0x00000000d6558920,0x00000000d7180000)
 Metaspace       used 69284K, capacity 71042K, committed 71424K, reserved 1112064K
  class space    used 7310K, capacity 7835K, committed 7936K, reserved 1048576K
GC Heap History (10 events):
Event: 35.144 GC heap before
{Heap before GC invocations=52 (full 7):
 PSYoungGen      total 237568K, used 214730K [0x00000000f0000000, 0x0000000100000000, 0x0000000100000000)
  eden space 211456K, 99% used [0x00000000f0000000,0x00000000fcd54468,0x00000000fce80000)
  from space 26112K, 17% used [0x00000000fe680000,0x00000000feade5b0,0x0000000100000000)
  to   space 24576K, 0% used [0x00000000fce80000,0x00000000fce80000,0x00000000fe680000)
 ParOldGen       total 116224K, used 97012K [0x00000000d0000000, 0x00000000d7180000, 0x00000000f0000000)
  object space 116224K, 83% used [0x00000000d0000000,0x00000000d5ebd248,0x00000000d7180000)
 Metaspace       used 63208K, capacity 64858K, committed 65152K, reserved 1107968K
  class space    used 6557K, capacity 7011K, committed 7040K, reserved 1048576K
Event: 35.227 GC heap after
Heap after GC invocations=52 (full 7):
 PSYoungGen      total 222208K, used 10737K [0x00000000f0000000, 0x00000000ffc80000, 0x0000000100000000)
  eden space 211456K, 0% used [0x00000000f0000000,0x00000000f0000000,0x00000000fce80000)
  from space 10752K, 99% used [0x00000000fce80000,0x00000000fd8fc478,0x00000000fd900000)
  to   space 23552K, 0% used [0x00000000fe580000,0x00000000fe580000,0x00000000ffc80000)
 ParOldGen       total 116224K, used 97508K [0x00000000d0000000, 0x00000000d7180000, 0x00000000f0000000)
  object space 116224K, 83% used [0x00000000d0000000,0x00000000d5f391b0,0x00000000d7180000)
 Metaspace       used 63208K, capacity 64858K, committed 65152K, reserved 1107968K
  class space    used 6557K, capacity 7011K, committed 7040K, reserved 1048576K
}
Event: 36.556 GC heap before
{Heap before GC invocations=53 (full 7):
 PSYoungGen      total 222208K, used 222193K [0x00000000f0000000, 0x00000000ffc80000, 0x0000000100000000)
  eden space 211456K, 100% used [0x00000000f0000000,0x00000000fce80000,0x00000000fce80000)
  from space 10752K, 99% used [0x00000000fce80000,0x00000000fd8fc478,0x00000000fd900000)
  to   space 23552K, 0% used [0x00000000fe580000,0x00000000fe580000,0x00000000ffc80000)
 ParOldGen       total 116224K, used 97508K [0x00000000d0000000, 0x00000000d7180000, 0x00000000f0000000)
  object space 116224K, 83% used [0x00000000d0000000,0x00000000d5f391b0,0x00000000d7180000)
 Metaspace       used 64785K, capacity 66414K, committed 66688K, reserved 1107968K
  class space    used 6727K, capacity 7209K, committed 7296K, reserved 1048576K
Event: 36.603 GC heap after
Heap after GC invocations=53 (full 7):
 PSYoungGen      total 233472K, used 18458K [0x00000000f0000000, 0x0000000100000000, 0x0000000100000000)
  eden space 209920K, 0% used [0x00000000f0000000,0x00000000f0000000,0x00000000fcd00000)
  from space 23552K, 78% used [0x00000000fe580000,0x00000000ff786948,0x00000000ffc80000)
  to   space 25088K, 0% used [0x00000000fcd00000,0x00000000fcd00000,0x00000000fe580000)
 ParOldGen       total 116224K, used 97516K [0x00000000d0000000, 0x00000000d7180000, 0x00000000f0000000)
  object space 116224K, 83% used [0x00000000d0000000,0x00000000d5f3b1b0,0x00000000d7180000)
 Metaspace       used 64785K, capacity 66414K, committed 66688K, reserved 1107968K
  class space    used 6727K, capacity 7209K, committed 7296K, reserved 1048576K
}
Event: 37.643 GC heap before
{Heap before GC invocations=54 (full 7):
 PSYoungGen      total 233472K, used 228378K [0x00000000f0000000, 0x0000000100000000, 0x0000000100000000)
  eden space 209920K, 100% used [0x00000000f0000000,0x00000000fcd00000,0x00000000fcd00000)
  from space 23552K, 78% used [0x00000000fe580000,0x00000000ff786948,0x00000000ffc80000)
  to   space 25088K, 0% used [0x00000000fcd00000,0x00000000fcd00000,0x00000000fe580000)
 ParOldGen       total 116224K, used 97516K [0x00000000d0000000, 0x00000000d7180000, 0x00000000f0000000)
  object space 116224K, 83% used [0x00000000d0000000,0x00000000d5f3b1b0,0x00000000d7180000)
 Metaspace       used 65770K, capacity 67522K, committed 67840K, reserved 1110016K
  class space    used 6861K, capacity 7356K, committed 7424K, reserved 1048576K
Event: 37.730 GC heap after
Heap after GC invocations=54 (full 7):
 PSYoungGen      total 235008K, used 20354K [0x00000000f0000000, 0x0000000100000000, 0x0000000100000000)
  eden space 209920K, 0% used [0x00000000f0000000,0x00000000f0000000,0x00000000fcd00000)
  from space 25088K, 81% used [0x00000000fcd00000,0x00000000fe0e0a10,0x00000000fe580000)
  to   space 26624K, 0% used [0x00000000fe600000,0x00000000fe600000,0x0000000100000000)
 ParOldGen       total 116224K, used 97524K [0x00000000d0000000, 0x00000000d7180000, 0x00000000f0000000)
  object space 116224K, 83% used [0x00000000d0000000,0x00000000d5f3d1b0,0x00000000d7180000)
 Metaspace       used 65770K, capacity 67522K, committed 67840K, reserved 1110016K
  class space    used 6861K, capacity 7356K, committed 7424K, reserved 1048576K
}
Event: 39.609 GC heap before
{Heap before GC invocations=55 (full 7):
 PSYoungGen      total 235008K, used 230274K [0x00000000f0000000, 0x0000000100000000, 0x0000000100000000)
  eden space 209920K, 100% used [0x00000000f0000000,0x00000000fcd00000,0x00000000fcd00000)
  from space 25088K, 81% used [0x00000000fcd00000,0x00000000fe0e0a10,0x00000000fe580000)
  to   space 26624K, 0% used [0x00000000fe600000,0x00000000fe600000,0x0000000100000000)
 ParOldGen       total 116224K, used 97524K [0x00000000d0000000, 0x00000000d7180000, 0x00000000f0000000)
  object space 116224K, 83% used [0x00000000d0000000,0x00000000d5f3d1b0,0x00000000d7180000)
 Metaspace       used 67671K, capacity 69332K, committed 69632K, reserved 1112064K
  class space    used 7107K, capacity 7593K, committed 7680K, reserved 1048576K
Event: 39.709 GC heap after
Heap after GC invocations=55 (full 7):
 PSYoungGen      total 223232K, used 26608K [0x00000000f0000000, 0x0000000100000000, 0x0000000100000000)
  eden space 196608K, 0% used [0x00000000f0000000,0x00000000f0000000,0x00000000fc000000)
  from space 26624K, 99% used [0x00000000fe600000,0x00000000ffffc300,0x0000000100000000)
  to   space 32768K, 0% used [0x00000000fc000000,0x00000000fc000000,0x00000000fe000000)
 ParOldGen       total 116224K, used 103202K [0x00000000d0000000, 0x00000000d7180000, 0x00000000f0000000)
  object space 116224K, 88% used [0x00000000d0000000,0x00000000d64c8920,0x00000000d7180000)
 Metaspace       used 67671K, capacity 69332K, committed 69632K, reserved 1112064K
  class space    used 7107K, capacity 7593K, committed 7680K, reserved 1048576K
}
Event: 40.584 GC heap before
{Heap before GC invocations=56 (full 7):
 PSYoungGen      total 223232K, used 222498K [0x00000000f0000000, 0x0000000100000000, 0x0000000100000000)
  eden space 196608K, 99% used [0x00000000f0000000,0x00000000fbf4c7d0,0x00000000fc000000)
  from space 26624K, 99% used [0x00000000fe600000,0x00000000ffffc300,0x0000000100000000)
  to   space 32768K, 0% used [0x00000000fc000000,0x00000000fc000000,0x00000000fe000000)
 ParOldGen       total 116224K, used 103202K [0x00000000d0000000, 0x00000000d7180000, 0x00000000f0000000)
  object space 116224K, 88% used [0x00000000d0000000,0x00000000d64c8920,0x00000000d7180000)
 Metaspace       used 68391K, capacity 70076K, committed 70528K, reserved 1112064K
  class space    used 7200K, capacity 7693K, committed 7808K, reserved 1048576K
Event: 40.642 GC heap after
Heap after GC invocations=56 (full 7):
 PSYoungGen      total 227328K, used 30218K [0x00000000f0000000, 0x0000000100000000, 0x0000000100000000)
  eden space 196608K, 0% used [0x00000000f0000000,0x00000000f0000000,0x00000000fc000000)
  from space 30720K, 98% used [0x00000000fc000000,0x00000000fdd829d0,0x00000000fde00000)
  to   space 34816K, 0% used [0x00000000fde00000,0x00000000fde00000,0x0000000100000000)
 ParOldGen       total 116224K, used 103778K [0x00000000d0000000, 0x00000000d7180000, 0x00000000f0000000)
  object space 116224K, 89% used [0x00000000d0000000,0x00000000d6558920,0x00000000d7180000)
 Metaspace       used 68391K, capacity 70076K, committed 70528K, reserved 1112064K
  class space    used 7200K, capacity 7693K, committed 7808K, reserved 1048576K
}

