# JRE version: Java(TM) SE Runtime Environment (8.0_11-b12) (build 1.8.0_11-b12)
# Java VM: Java HotSpot(TM) 64-Bit Server VM (25.11-b03 mixed mode windows-amd64 compressed oops)
Heap:
 PSYoungGen      total 239104K, used 31549K [0x00000000f0000000, 0x00000000ffe00000, 0x0000000100000000)
  eden space 221184K, 9% used [0x00000000f0000000,0x00000000f154b658,0x00000000fd800000)
  from space 17920K, 54% used [0x00000000fec80000,0x00000000ff603eb8,0x00000000ffe00000)
  to   space 19456K, 0% used [0x00000000fd800000,0x00000000fd800000,0x00000000feb00000)
 ParOldGen       total 178688K, used 154774K [0x00000000d0000000, 0x00000000dae80000, 0x00000000f0000000)
  object space 178688K, 86% used [0x00000000d0000000,0x00000000d97258b8,0x00000000dae80000)
 Metaspace       used 75821K, capacity 78214K, committed 78464K, reserved 1120256K
  class space    used 7615K, capacity 8247K, committed 8320K, reserved 1048576K
GC Heap History (10 events):
Event: 49.937 GC heap after
Heap after GC invocations=58 (full 8):
 PSYoungGen      total 244224K, used 9667K [0x00000000f0000000, 0x00000000fff80000, 0x0000000100000000)
  eden space 227840K, 0% used [0x00000000f0000000,0x00000000f0000000,0x00000000fde80000)
  from space 16384K, 59% used [0x00000000fef80000,0x00000000ff8f0ff0,0x00000000fff80000)
  to   space 16896K, 0% used [0x00000000fde80000,0x00000000fde80000,0x00000000fef00000)
 ParOldGen       total 155648K, used 135437K [0x00000000d0000000, 0x00000000d9800000, 0x00000000f0000000)
  object space 155648K, 87% used [0x00000000d0000000,0x00000000d84437d0,0x00000000d9800000)
 Metaspace       used 71587K, capacity 73426K, committed 73728K, reserved 1116160K
  class space    used 7142K, capacity 7666K, committed 7680K, reserved 1048576K
}
Event: 51.914 GC heap before
{Heap before GC invocations=59 (full 8):
 PSYoungGen      total 244224K, used 234518K [0x00000000f0000000, 0x00000000fff80000, 0x0000000100000000)
  eden space 227840K, 98% used [0x00000000f0000000,0x00000000fdb948e8,0x00000000fde80000)
  from space 16384K, 59% used [0x00000000fef80000,0x00000000ff8f0ff0,0x00000000fff80000)
  to   space 16896K, 0% used [0x00000000fde80000,0x00000000fde80000,0x00000000fef00000)
 ParOldGen       total 155648K, used 135437K [0x00000000d0000000, 0x00000000d9800000, 0x00000000f0000000)
  object space 155648K, 87% used [0x00000000d0000000,0x00000000d84437d0,0x00000000d9800000)
 Metaspace       used 72198K, capacity 74168K, committed 74368K, reserved 1116160K
  class space    used 7194K, capacity 7724K, committed 7808K, reserved 1048576K
Event: 51.946 GC heap after
Heap after GC invocations=59 (full 8):
 PSYoungGen      total 240640K, used 12496K [0x00000000f0000000, 0x0000000100000000, 0x0000000100000000)
  eden space 227840K, 0% used [0x00000000f0000000,0x00000000f0000000,0x00000000fde80000)
  from space 12800K, 97% used [0x00000000fde80000,0x00000000feab40c0,0x00000000feb00000)
  to   space 17920K, 0% used [0x00000000fee80000,0x00000000fee80000,0x0000000100000000)
 ParOldGen       total 155648K, used 135445K [0x00000000d0000000, 0x00000000d9800000, 0x00000000f0000000)
  object space 155648K, 87% used [0x00000000d0000000,0x00000000d84457d0,0x00000000d9800000)
 Metaspace       used 72198K, capacity 74168K, committed 74368K, reserved 1116160K
  class space    used 7194K, capacity 7724K, committed 7808K, reserved 1048576K
}
Event: 53.199 GC heap before
{Heap before GC invocations=60 (full 8):
 PSYoungGen      total 240640K, used 236875K [0x00000000f0000000, 0x0000000100000000, 0x0000000100000000)
  eden space 227840K, 98% used [0x00000000f0000000,0x00000000fdb1ef10,0x00000000fde80000)
  from space 12800K, 97% used [0x00000000fde80000,0x00000000feab40c0,0x00000000feb00000)
  to   space 17920K, 0% used [0x00000000fee80000,0x00000000fee80000,0x0000000100000000)
 ParOldGen       total 155648K, used 135445K [0x00000000d0000000, 0x00000000d9800000, 0x00000000f0000000)
  object space 155648K, 87% used [0x00000000d0000000,0x00000000d84457d0,0x00000000d9800000)
 Metaspace       used 73941K, capacity 76020K, committed 76032K, reserved 1118208K
  class space    used 7405K, capacity 7924K, committed 7936K, reserved 1048576K
Event: 53.289 GC heap after
Heap after GC invocations=60 (full 8):
 PSYoungGen      total 238080K, used 17910K [0x00000000f0000000, 0x0000000100000000, 0x0000000100000000)
  eden space 220160K, 0% used [0x00000000f0000000,0x00000000f0000000,0x00000000fd700000)
  from space 17920K, 99% used [0x00000000fee80000,0x00000000ffffd990,0x0000000100000000)
  to   space 20992K, 0% used [0x00000000fd700000,0x00000000fd700000,0x00000000feb80000)
 ParOldGen       total 155648K, used 136235K [0x00000000d0000000, 0x00000000d9800000, 0x00000000f0000000)
  object space 155648K, 87% used [0x00000000d0000000,0x00000000d850ad40,0x00000000d9800000)
 Metaspace       used 73941K, capacity 76020K, committed 76032K, reserved 1118208K
  class space    used 7405K, capacity 7924K, committed 7936K, reserved 1048576K
}
Event: 53.967 GC heap before
{Heap before GC invocations=61 (full 8):
 PSYoungGen      total 238080K, used 232999K [0x00000000f0000000, 0x0000000100000000, 0x0000000100000000)
  eden space 220160K, 97% used [0x00000000f0000000,0x00000000fd20c308,0x00000000fd700000)
  from space 17920K, 99% used [0x00000000fee80000,0x00000000ffffd990,0x0000000100000000)
  to   space 20992K, 0% used [0x00000000fd700000,0x00000000fd700000,0x00000000feb80000)
 ParOldGen       total 155648K, used 136235K [0x00000000d0000000, 0x00000000d9800000, 0x00000000f0000000)
  object space 155648K, 87% used [0x00000000d0000000,0x00000000d850ad40,0x00000000d9800000)
 Metaspace       used 74411K, capacity 76586K, committed 76672K, reserved 1118208K
  class space    used 7436K, capacity 7995K, committed 8064K, reserved 1048576K
Event: 54.096 GC heap after
Heap after GC invocations=61 (full 8):
 PSYoungGen      total 241152K, used 8417K [0x00000000f0000000, 0x0000000100000000, 0x0000000100000000)
  eden space 220160K, 0% used [0x00000000f0000000,0x00000000f0000000,0x00000000fd700000)
  from space 20992K, 40% used [0x00000000fd700000,0x00000000fdf38408,0x00000000feb80000)
  to   space 19968K, 0% used [0x00000000fec80000,0x00000000fec80000,0x0000000100000000)
 ParOldGen       total 155648K, used 148457K [0x00000000d0000000, 0x00000000d9800000, 0x00000000f0000000)
  object space 155648K, 95% used [0x00000000d0000000,0x00000000d90fa560,0x00000000d9800000)
 Metaspace       used 74411K, capacity 76586K, committed 76672K, reserved 1118208K
  class space    used 7436K, capacity 7995K, committed 8064K, reserved 1048576K
}
Event: 54.096 GC heap before
{Heap before GC invocations=62 (full 9):
 PSYoungGen      total 241152K, used 8417K [0x00000000f0000000, 0x0000000100000000, 0x0000000100000000)
  eden space 220160K, 0% used [0x00000000f0000000,0x00000000f0000000,0x00000000fd700000)
  from space 20992K, 40% used [0x00000000fd700000,0x00000000fdf38408,0x00000000feb80000)
  to   space 19968K, 0% used [0x00000000fec80000,0x00000000fec80000,0x0000000100000000)
 ParOldGen       total 155648K, used 148457K [0x00000000d0000000, 0x00000000d9800000, 0x00000000f0000000)
  object space 155648K, 95% used [0x00000000d0000000,0x00000000d90fa560,0x00000000d9800000)
 Metaspace       used 74411K, capacity 76586K, committed 76672K, reserved 1118208K
  class space    used 7436K, capacity 7995K, committed 8064K, reserved 1048576K
Event: 55.448 GC heap after
Heap after GC invocations=62 (full 9):
 PSYoungGen      total 241152K, used 0K [0x00000000f0000000, 0x0000000100000000, 0x0000000100000000)
  eden space 220160K, 0% used [0x00000000f0000000,0x00000000f0000000,0x00000000fd700000)
  from space 20992K, 0% used [0x00000000fd700000,0x00000000fd700000,0x00000000feb80000)
  to   space 19968K, 0% used [0x00000000fec80000,0x00000000fec80000,0x0000000100000000)
 ParOldGen       total 178688K, used 154774K [0x00000000d0000000, 0x00000000dae80000, 0x00000000f0000000)
  object space 178688K, 86% used [0x00000000d0000000,0x00000000d97258b8,0x00000000dae80000)
 Metaspace       used 74362K, capacity 76508K, committed 76672K, reserved 1118208K
  class space    used 7429K, capacity 7982K, committed 8064K, reserved 1048576K
}
Event: 59.419 GC heap before
{Heap before GC invocations=63 (full 9):
 PSYoungGen      total 241152K, used 220160K [0x00000000f0000000, 0x0000000100000000, 0x0000000100000000)
  eden space 220160K, 100% used [0x00000000f0000000,0x00000000fd700000,0x00000000fd700000)
  from space 20992K, 0% used [0x00000000fd700000,0x00000000fd700000,0x00000000feb80000)
  to   space 19968K, 0% used [0x00000000fec80000,0x00000000fec80000,0x0000000100000000)
 ParOldGen       total 178688K, used 154774K [0x00000000d0000000, 0x00000000dae80000, 0x00000000f0000000)
  object space 178688K, 86% used [0x00000000d0000000,0x00000000d97258b8,0x00000000dae80000)
 Metaspace       used 75732K, capacity 78086K, committed 78208K, reserved 1120256K
  class space    used 7602K, capacity 8247K, committed 8320K, reserved 1048576K

