# JRE version: Java(TM) SE Runtime Environment (8.0_11-b12) (build 1.8.0_11-b12)
# Java VM: Java HotSpot(TM) 64-Bit Server VM (25.11-b03 mixed mode windows-amd64 compressed oops)
Heap:
 PSYoungGen      total 236032K, used 65266K [0x00000000f0000000, 0x0000000100000000, 0x0000000100000000)
  eden space 214016K, 22% used [0x00000000f0000000,0x00000000f2ee1d40,0x00000000fd100000)
  from space 22016K, 78% used [0x00000000fea80000,0x00000000ffb5abc8,0x0000000100000000)
  to   space 24064K, 0% used [0x00000000fd100000,0x00000000fd100000,0x00000000fe880000)
 ParOldGen       total 117248K, used 100286K [0x00000000d0000000, 0x00000000d7280000, 0x00000000f0000000)
  object space 117248K, 85% used [0x00000000d0000000,0x00000000d61efb30,0x00000000d7280000)
 Metaspace       used 65000K, capacity 66606K, committed 66944K, reserved 1107968K
  class space    used 7042K, capacity 7529K, committed 7552K, reserved 1048576K
GC Heap History (10 events):
Event: 33.470 GC heap before
{Heap before GC invocations=54 (full 7):
 PSYoungGen      total 245760K, used 245742K [0x00000000f0000000, 0x0000000100000000, 0x0000000100000000)
  eden space 233472K, 100% used [0x00000000f0000000,0x00000000fe400000,0x00000000fe400000)
  from space 12288K, 99% used [0x00000000ff400000,0x00000000ffffba78,0x0000000100000000)
  to   space 14336K, 0% used [0x00000000fe400000,0x00000000fe400000,0x00000000ff200000)
 ParOldGen       total 98304K, used 81271K [0x00000000d0000000, 0x00000000d6000000, 0x00000000f0000000)
  object space 98304K, 82% used [0x00000000d0000000,0x00000000d4f5dd30,0x00000000d6000000)
 Metaspace       used 60615K, capacity 62176K, committed 62592K, reserved 1105920K
  class space    used 6481K, capacity 6935K, committed 7040K, reserved 1048576K
Event: 33.568 GC heap after
Heap after GC invocations=54 (full 7):
 PSYoungGen      total 247808K, used 14304K [0x00000000f0000000, 0x0000000100000000, 0x0000000100000000)
  eden space 233472K, 0% used [0x00000000f0000000,0x00000000f0000000,0x00000000fe400000)
  from space 14336K, 99% used [0x00000000fe400000,0x00000000ff1f8020,0x00000000ff200000)
  to   space 14336K, 0% used [0x00000000ff200000,0x00000000ff200000,0x0000000100000000)
 ParOldGen       total 98304K, used 86068K [0x00000000d0000000, 0x00000000d6000000, 0x00000000f0000000)
  object space 98304K, 87% used [0x00000000d0000000,0x00000000d540d2b8,0x00000000d6000000)
 Metaspace       used 60615K, capacity 62176K, committed 62592K, reserved 1105920K
  class space    used 6481K, capacity 6935K, committed 7040K, reserved 1048576K
}
Event: 34.851 GC heap before
{Heap before GC invocations=55 (full 7):
 PSYoungGen      total 247808K, used 241569K [0x00000000f0000000, 0x0000000100000000, 0x0000000100000000)
  eden space 233472K, 97% used [0x00000000f0000000,0x00000000fddf0600,0x00000000fe400000)
  from space 14336K, 99% used [0x00000000fe400000,0x00000000ff1f8020,0x00000000ff200000)
  to   space 14336K, 0% used [0x00000000ff200000,0x00000000ff200000,0x0000000100000000)
 ParOldGen       total 98304K, used 86068K [0x00000000d0000000, 0x00000000d6000000, 0x00000000f0000000)
  object space 98304K, 87% used [0x00000000d0000000,0x00000000d540d2b8,0x00000000d6000000)
 Metaspace       used 62308K, capacity 63942K, committed 64256K, reserved 1105920K
  class space    used 6664K, capacity 7160K, committed 7168K, reserved 1048576K
Event: 34.906 GC heap after
Heap after GC invocations=55 (full 7):
 PSYoungGen      total 230400K, used 14320K [0x00000000f0000000, 0x0000000100000000, 0x0000000100000000)
  eden space 216064K, 0% used [0x00000000f0000000,0x00000000f0000000,0x00000000fd300000)
  from space 14336K, 99% used [0x00000000ff200000,0x00000000ffffc2c0,0x0000000100000000)
  to   space 23040K, 0% used [0x00000000fd300000,0x00000000fd300000,0x00000000fe980000)
 ParOldGen       total 98304K, used 93374K [0x00000000d0000000, 0x00000000d6000000, 0x00000000f0000000)
  object space 98304K, 94% used [0x00000000d0000000,0x00000000d5b2f850,0x00000000d6000000)
 Metaspace       used 62308K, capacity 63942K, committed 64256K, reserved 1105920K
  class space    used 6664K, capacity 7160K, committed 7168K, reserved 1048576K
}
Event: 34.907 GC heap before
{Heap before GC invocations=56 (full 8):
 PSYoungGen      total 230400K, used 14320K [0x00000000f0000000, 0x0000000100000000, 0x0000000100000000)
  eden space 216064K, 0% used [0x00000000f0000000,0x00000000f0000000,0x00000000fd300000)
  from space 14336K, 99% used [0x00000000ff200000,0x00000000ffffc2c0,0x0000000100000000)
  to   space 23040K, 0% used [0x00000000fd300000,0x00000000fd300000,0x00000000fe980000)
 ParOldGen       total 98304K, used 93374K [0x00000000d0000000, 0x00000000d6000000, 0x00000000f0000000)
  object space 98304K, 94% used [0x00000000d0000000,0x00000000d5b2f850,0x00000000d6000000)
 Metaspace       used 62308K, capacity 63942K, committed 64256K, reserved 1105920K
  class space    used 6664K, capacity 7160K, committed 7168K, reserved 1048576K
Event: 37.695 GC heap after
Heap after GC invocations=56 (full 8):
 PSYoungGen      total 230400K, used 6057K [0x00000000f0000000, 0x0000000100000000, 0x0000000100000000)
  eden space 216064K, 0% used [0x00000000f0000000,0x00000000f0000000,0x00000000fd300000)
  from space 14336K, 42% used [0x00000000ff200000,0x00000000ff7ea410,0x0000000100000000)
  to   space 23040K, 0% used [0x00000000fd300000,0x00000000fd300000,0x00000000fe980000)
 ParOldGen       total 117248K, used 97920K [0x00000000d0000000, 0x00000000d7280000, 0x00000000f0000000)
  object space 117248K, 83% used [0x00000000d0000000,0x00000000d5fa03f0,0x00000000d7280000)
 Metaspace       used 62308K, capacity 63942K, committed 64256K, reserved 1105920K
  class space    used 6664K, capacity 7160K, committed 7168K, reserved 1048576K
}
Event: 39.432 GC heap before
{Heap before GC invocations=57 (full 8):
 PSYoungGen      total 230400K, used 213391K [0x00000000f0000000, 0x0000000100000000, 0x0000000100000000)
  eden space 216064K, 95% used [0x00000000f0000000,0x00000000fca79b80,0x00000000fd300000)
  from space 14336K, 42% used [0x00000000ff200000,0x00000000ff7ea410,0x0000000100000000)
  to   space 23040K, 0% used [0x00000000fd300000,0x00000000fd300000,0x00000000fe980000)
 ParOldGen       total 117248K, used 97920K [0x00000000d0000000, 0x00000000d7280000, 0x00000000f0000000)
  object space 117248K, 83% used [0x00000000d0000000,0x00000000d5fa03f0,0x00000000d7280000)
 Metaspace       used 63095K, capacity 64708K, committed 65152K, reserved 1107968K
  class space    used 6748K, capacity 7240K, committed 7296K, reserved 1048576K
Event: 39.494 GC heap after
Heap after GC invocations=57 (full 8):
 PSYoungGen      total 239104K, used 10433K [0x00000000f0000000, 0x0000000100000000, 0x0000000100000000)
  eden space 216064K, 0% used [0x00000000f0000000,0x00000000f0000000,0x00000000fd300000)
  from space 23040K, 45% used [0x00000000fd300000,0x00000000fdd30790,0x00000000fe980000)
  to   space 22016K, 0% used [0x00000000fea80000,0x00000000fea80000,0x0000000100000000)
 ParOldGen       total 117248K, used 100278K [0x00000000d0000000, 0x00000000d7280000, 0x00000000f0000000)
  object space 117248K, 85% used [0x00000000d0000000,0x00000000d61edb30,0x00000000d7280000)
 Metaspace       used 63095K, capacity 64708K, committed 65152K, reserved 1107968K
  class space    used 6748K, capacity 7240K, committed 7296K, reserved 1048576K
}
Event: 40.529 GC heap before
{Heap before GC invocations=58 (full 8):
 PSYoungGen      total 239104K, used 226497K [0x00000000f0000000, 0x0000000100000000, 0x0000000100000000)
  eden space 216064K, 100% used [0x00000000f0000000,0x00000000fd300000,0x00000000fd300000)
  from space 23040K, 45% used [0x00000000fd300000,0x00000000fdd30790,0x00000000fe980000)
  to   space 22016K, 0% used [0x00000000fea80000,0x00000000fea80000,0x0000000100000000)
 ParOldGen       total 117248K, used 100278K [0x00000000d0000000, 0x00000000d7280000, 0x00000000f0000000)
  object space 117248K, 85% used [0x00000000d0000000,0x00000000d61edb30,0x00000000d7280000)
 Metaspace       used 64780K, capacity 66354K, committed 66688K, reserved 1107968K
  class space    used 7001K, capacity 7469K, committed 7552K, reserved 1048576K
Event: 40.555 GC heap after
Heap after GC invocations=58 (full 8):
 PSYoungGen      total 236032K, used 17258K [0x00000000f0000000, 0x0000000100000000, 0x0000000100000000)
  eden space 214016K, 0% used [0x00000000f0000000,0x00000000f0000000,0x00000000fd100000)
  from space 22016K, 78% used [0x00000000fea80000,0x00000000ffb5abc8,0x0000000100000000)
  to   space 24064K, 0% used [0x00000000fd100000,0x00000000fd100000,0x00000000fe880000)
 ParOldGen       total 117248K, used 100286K [0x00000000d0000000, 0x00000000d7280000, 0x00000000f0000000)
  object space 117248K, 85% used [0x00000000d0000000,0x00000000d61efb30,0x00000000d7280000)
 Metaspace       used 64780K, capacity 66354K, committed 66688K, reserved 1107968K
  class space    used 7001K, capacity 7469K, committed 7552K, reserved 1048576K
}

