# JRE version: Java(TM) SE Runtime Environment (8.0_11-b12) (build 1.8.0_11-b12)
# Java VM: Java HotSpot(TM) 64-Bit Server VM (25.11-b03 mixed mode windows-amd64 compressed oops)
Heap:
 PSYoungGen      total 215040K, used 156500K [0x00000000f0000000, 0x0000000100000000, 0x0000000100000000)
  eden space 179200K, 74% used [0x00000000f0000000,0x00000000f81c0c88,0x00000000faf00000)
  from space 35840K, 65% used [0x00000000fdd00000,0x00000000ff414680,0x0000000100000000)
  to   space 41472K, 0% used [0x00000000faf00000,0x00000000faf00000,0x00000000fd780000)
 ParOldGen       total 136704K, used 118700K [0x00000000d0000000, 0x00000000d8580000, 0x00000000f0000000)
  object space 136704K, 86% used [0x00000000d0000000,0x00000000d73eb058,0x00000000d8580000)
 Metaspace       used 72023K, capacity 74022K, committed 74348K, reserved 1116160K
  class space    used 7435K, capacity 7991K, committed 8064K, reserved 1048576K
GC Heap History (10 events):
Event: 41.784 GC heap before
{Heap before GC invocations=56 (full 7):
 PSYoungGen      total 228864K, used 220277K [0x00000000f0000000, 0x0000000100000000, 0x0000000100000000)
  eden space 209920K, 95% used [0x00000000f0000000,0x00000000fc4a4800,0x00000000fcd00000)
  from space 18944K, 99% used [0x00000000fed80000,0x00000000ffff8ef0,0x0000000100000000)
  to   space 26112K, 0% used [0x00000000fcd00000,0x00000000fcd00000,0x00000000fe680000)
 ParOldGen       total 118784K, used 102669K [0x00000000d0000000, 0x00000000d7400000, 0x00000000f0000000)
  object space 118784K, 86% used [0x00000000d0000000,0x00000000d64437e0,0x00000000d7400000)
 Metaspace       used 68418K, capacity 70274K, committed 70636K, reserved 1112064K
  class space    used 6993K, capacity 7576K, committed 7680K, reserved 1048576K
Event: 41.832 GC heap after
Heap after GC invocations=56 (full 7):
 PSYoungGen      total 232960K, used 23012K [0x00000000f0000000, 0x0000000100000000, 0x0000000100000000)
  eden space 209920K, 0% used [0x00000000f0000000,0x00000000f0000000,0x00000000fcd00000)
  from space 23040K, 99% used [0x00000000fcd00000,0x00000000fe3790d8,0x00000000fe380000)
  to   space 29184K, 0% used [0x00000000fe380000,0x00000000fe380000,0x0000000100000000)
 ParOldGen       total 118784K, used 104022K [0x00000000d0000000, 0x00000000d7400000, 0x00000000f0000000)
  object space 118784K, 87% used [0x00000000d0000000,0x00000000d6595a50,0x00000000d7400000)
 Metaspace       used 68418K, capacity 70274K, committed 70636K, reserved 1112064K
  class space    used 6993K, capacity 7576K, committed 7680K, reserved 1048576K
}
Event: 44.088 GC heap before
{Heap before GC invocations=57 (full 7):
 PSYoungGen      total 232960K, used 232932K [0x00000000f0000000, 0x0000000100000000, 0x0000000100000000)
  eden space 209920K, 100% used [0x00000000f0000000,0x00000000fcd00000,0x00000000fcd00000)
  from space 23040K, 99% used [0x00000000fcd00000,0x00000000fe3790d8,0x00000000fe380000)
  to   space 29184K, 0% used [0x00000000fe380000,0x00000000fe380000,0x0000000100000000)
 ParOldGen       total 118784K, used 104022K [0x00000000d0000000, 0x00000000d7400000, 0x00000000f0000000)
  object space 118784K, 87% used [0x00000000d0000000,0x00000000d6595a50,0x00000000d7400000)
 Metaspace       used 69394K, capacity 71284K, committed 71660K, reserved 1114112K
  class space    used 7083K, capacity 7651K, committed 7680K, reserved 1048576K
Event: 44.172 GC heap after
Heap after GC invocations=57 (full 7):
 PSYoungGen      total 221696K, used 29161K [0x00000000f0000000, 0x0000000100000000, 0x0000000100000000)
  eden space 192512K, 0% used [0x00000000f0000000,0x00000000f0000000,0x00000000fbc00000)
  from space 29184K, 99% used [0x00000000fe380000,0x00000000ffffa710,0x0000000100000000)
  to   space 34816K, 0% used [0x00000000fbc00000,0x00000000fbc00000,0x00000000fde00000)
 ParOldGen       total 118784K, used 105948K [0x00000000d0000000, 0x00000000d7400000, 0x00000000f0000000)
  object space 118784K, 89% used [0x00000000d0000000,0x00000000d6777160,0x00000000d7400000)
 Metaspace       used 69394K, capacity 71284K, committed 71660K, reserved 1114112K
  class space    used 7083K, capacity 7651K, committed 7680K, reserved 1048576K
}
Event: 45.626 GC heap before
{Heap before GC invocations=58 (full 7):
 PSYoungGen      total 221696K, used 221673K [0x00000000f0000000, 0x0000000100000000, 0x0000000100000000)
  eden space 192512K, 100% used [0x00000000f0000000,0x00000000fbc00000,0x00000000fbc00000)
  from space 29184K, 99% used [0x00000000fe380000,0x00000000ffffa710,0x0000000100000000)
  to   space 34816K, 0% used [0x00000000fbc00000,0x00000000fbc00000,0x00000000fde00000)
 ParOldGen       total 118784K, used 105948K [0x00000000d0000000, 0x00000000d7400000, 0x00000000f0000000)
  object space 118784K, 89% used [0x00000000d0000000,0x00000000d6777160,0x00000000d7400000)
 Metaspace       used 71041K, capacity 72950K, committed 73196K, reserved 1114112K
  class space    used 7324K, capacity 7896K, committed 7936K, reserved 1048576K
Event: 45.693 GC heap after
Heap after GC invocations=58 (full 7):
 PSYoungGen      total 226304K, used 33705K [0x00000000f0000000, 0x0000000100000000, 0x0000000100000000)
  eden space 192512K, 0% used [0x00000000f0000000,0x00000000f0000000,0x00000000fbc00000)
  from space 33792K, 99% used [0x00000000fbc00000,0x00000000fdcea6c8,0x00000000fdd00000)
  to   space 35840K, 0% used [0x00000000fdd00000,0x00000000fdd00000,0x0000000100000000)
 ParOldGen       total 118784K, used 109525K [0x00000000d0000000, 0x00000000d7400000, 0x00000000f0000000)
  object space 118784K, 92% used [0x00000000d0000000,0x00000000d6af5660,0x00000000d7400000)
 Metaspace       used 71041K, capacity 72950K, committed 73196K, reserved 1114112K
  class space    used 7324K, capacity 7896K, committed 7936K, reserved 1048576K
}
Event: 45.693 GC heap before
{Heap before GC invocations=59 (full 8):
 PSYoungGen      total 226304K, used 33705K [0x00000000f0000000, 0x0000000100000000, 0x0000000100000000)
  eden space 192512K, 0% used [0x00000000f0000000,0x00000000f0000000,0x00000000fbc00000)
  from space 33792K, 99% used [0x00000000fbc00000,0x00000000fdcea6c8,0x00000000fdd00000)
  to   space 35840K, 0% used [0x00000000fdd00000,0x00000000fdd00000,0x0000000100000000)
 ParOldGen       total 118784K, used 109525K [0x00000000d0000000, 0x00000000d7400000, 0x00000000f0000000)
  object space 118784K, 92% used [0x00000000d0000000,0x00000000d6af5660,0x00000000d7400000)
 Metaspace       used 71041K, capacity 72950K, committed 73196K, reserved 1114112K
  class space    used 7324K, capacity 7896K, committed 7936K, reserved 1048576K
Event: 47.580 GC heap after
Heap after GC invocations=59 (full 8):
 PSYoungGen      total 226304K, used 22629K [0x00000000f0000000, 0x0000000100000000, 0x0000000100000000)
  eden space 192512K, 0% used [0x00000000f0000000,0x00000000f0000000,0x00000000fbc00000)
  from space 33792K, 66% used [0x00000000fbc00000,0x00000000fd219730,0x00000000fdd00000)
  to   space 35840K, 0% used [0x00000000fdd00000,0x00000000fdd00000,0x0000000100000000)
 ParOldGen       total 136704K, used 118692K [0x00000000d0000000, 0x00000000d8580000, 0x00000000f0000000)
  object space 136704K, 86% used [0x00000000d0000000,0x00000000d73e9058,0x00000000d8580000)
 Metaspace       used 71026K, capacity 72926K, committed 73196K, reserved 1114112K
  class space    used 7322K, capacity 7892K, committed 7936K, reserved 1048576K
}
Event: 48.083 GC heap before
{Heap before GC invocations=60 (full 8):
 PSYoungGen      total 226304K, used 215141K [0x00000000f0000000, 0x0000000100000000, 0x0000000100000000)
  eden space 192512K, 100% used [0x00000000f0000000,0x00000000fbc00000,0x00000000fbc00000)
  from space 33792K, 66% used [0x00000000fbc00000,0x00000000fd219730,0x00000000fdd00000)
  to   space 35840K, 0% used [0x00000000fdd00000,0x00000000fdd00000,0x0000000100000000)
 ParOldGen       total 136704K, used 118692K [0x00000000d0000000, 0x00000000d8580000, 0x00000000f0000000)
  object space 136704K, 86% used [0x00000000d0000000,0x00000000d73e9058,0x00000000d8580000)
 Metaspace       used 71454K, capacity 73436K, committed 73708K, reserved 1116160K
  class space    used 7358K, capacity 7928K, committed 7936K, reserved 1048576K
Event: 48.169 GC heap after
Heap after GC invocations=60 (full 8):
 PSYoungGen      total 215040K, used 23633K [0x00000000f0000000, 0x0000000100000000, 0x0000000100000000)
  eden space 179200K, 0% used [0x00000000f0000000,0x00000000f0000000,0x00000000faf00000)
  from space 35840K, 65% used [0x00000000fdd00000,0x00000000ff414680,0x0000000100000000)
  to   space 41472K, 0% used [0x00000000faf00000,0x00000000faf00000,0x00000000fd780000)
 ParOldGen       total 136704K, used 118700K [0x00000000d0000000, 0x00000000d8580000, 0x00000000f0000000)
  object space 136704K, 86% used [0x00000000d0000000,0x00000000d73eb058,0x00000000d8580000)
 Metaspace       used 71454K, capacity 73436K, committed 73708K, reserved 1116160K
  class space    used 7358K, capacity 7928K, committed 7936K, reserved 1048576K
}

