# JRE version: Java(TM) SE Runtime Environment (8.0_11-b12) (build 1.8.0_11-b12)
# Java VM: Java HotSpot(TM) 64-Bit Server VM (25.11-b03 mixed mode windows-amd64 compressed oops)
Heap:
 PSYoungGen      total 227328K, used 134616K [0x00000000f0000000, 0x0000000100000000, 0x0000000100000000)
  eden space 203776K, 62% used [0x00000000f0000000,0x00000000f7d41020,0x00000000fc700000)
  from space 23552K, 26% used [0x00000000fe900000,0x00000000fef35060,0x0000000100000000)
  to   space 29184K, 0% used [0x00000000fc700000,0x00000000fc700000,0x00000000fe380000)
 ParOldGen       total 159232K, used 136562K [0x00000000d0000000, 0x00000000d9b80000, 0x00000000f0000000)
  object space 159232K, 85% used [0x00000000d0000000,0x00000000d855c8c8,0x00000000d9b80000)
 Metaspace       used 72455K, capacity 74526K, committed 74752K, reserved 1116160K
  class space    used 7491K, capacity 8070K, committed 8192K, reserved 1048576K
GC Heap History (10 events):
Event: 50.832 GC heap before
{Heap before GC invocations=73 (full 8):
 PSYoungGen      total 230912K, used 217983K [0x00000000f0000000, 0x0000000100000000, 0x0000000100000000)
  eden space 216064K, 98% used [0x00000000f0000000,0x00000000fcfec608,0x00000000fd300000)
  from space 14848K, 34% used [0x00000000ff180000,0x00000000ff6737f8,0x0000000100000000)
  to   space 23040K, 0% used [0x00000000fd300000,0x00000000fd300000,0x00000000fe980000)
 ParOldGen       total 136704K, used 115853K [0x00000000d0000000, 0x00000000d8580000, 0x00000000f0000000)
  object space 136704K, 84% used [0x00000000d0000000,0x00000000d7123718,0x00000000d8580000)
 Metaspace       used 68389K, capacity 70210K, committed 70400K, reserved 1112064K
  class space    used 6995K, capacity 7576K, committed 7680K, reserved 1048576K
Event: 50.946 GC heap after
Heap after GC invocations=73 (full 8):
 PSYoungGen      total 239104K, used 8046K [0x00000000f0000000, 0x0000000100000000, 0x0000000100000000)
  eden space 216064K, 0% used [0x00000000f0000000,0x00000000f0000000,0x00000000fd300000)
  from space 23040K, 34% used [0x00000000fd300000,0x00000000fdadb9d0,0x00000000fe980000)
  to   space 21504K, 0% used [0x00000000feb00000,0x00000000feb00000,0x0000000100000000)
 ParOldGen       total 136704K, used 118501K [0x00000000d0000000, 0x00000000d8580000, 0x00000000f0000000)
  object space 136704K, 86% used [0x00000000d0000000,0x00000000d73b9728,0x00000000d8580000)
 Metaspace       used 68389K, capacity 70210K, committed 70400K, reserved 1112064K
  class space    used 6995K, capacity 7576K, committed 7680K, reserved 1048576K
}
Event: 53.167 GC heap before
{Heap before GC invocations=74 (full 8):
 PSYoungGen      total 239104K, used 224110K [0x00000000f0000000, 0x0000000100000000, 0x0000000100000000)
  eden space 216064K, 100% used [0x00000000f0000000,0x00000000fd300000,0x00000000fd300000)
  from space 23040K, 34% used [0x00000000fd300000,0x00000000fdadb9d0,0x00000000fe980000)
  to   space 21504K, 0% used [0x00000000feb00000,0x00000000feb00000,0x0000000100000000)
 ParOldGen       total 136704K, used 118501K [0x00000000d0000000, 0x00000000d8580000, 0x00000000f0000000)
  object space 136704K, 86% used [0x00000000d0000000,0x00000000d73b9728,0x00000000d8580000)
 Metaspace       used 69476K, capacity 71358K, committed 71680K, reserved 1114112K
  class space    used 7104K, capacity 7668K, committed 7680K, reserved 1048576K
Event: 53.246 GC heap after
Heap after GC invocations=74 (full 8):
 PSYoungGen      total 236544K, used 17372K [0x00000000f0000000, 0x0000000100000000, 0x0000000100000000)
  eden space 215040K, 0% used [0x00000000f0000000,0x00000000f0000000,0x00000000fd200000)
  from space 21504K, 80% used [0x00000000feb00000,0x00000000ffbf7398,0x0000000100000000)
  to   space 23552K, 0% used [0x00000000fd200000,0x00000000fd200000,0x00000000fe900000)
 ParOldGen       total 136704K, used 118501K [0x00000000d0000000, 0x00000000d8580000, 0x00000000f0000000)
  object space 136704K, 86% used [0x00000000d0000000,0x00000000d73b9728,0x00000000d8580000)
 Metaspace       used 69476K, capacity 71358K, committed 71680K, reserved 1114112K
  class space    used 7104K, capacity 7668K, committed 7680K, reserved 1048576K
}
Event: 54.658 GC heap before
{Heap before GC invocations=75 (full 8):
 PSYoungGen      total 236544K, used 224315K [0x00000000f0000000, 0x0000000100000000, 0x0000000100000000)
  eden space 215040K, 96% used [0x00000000f0000000,0x00000000fca17b18,0x00000000fd200000)
  from space 21504K, 80% used [0x00000000feb00000,0x00000000ffbf7398,0x0000000100000000)
  to   space 23552K, 0% used [0x00000000fd200000,0x00000000fd200000,0x00000000fe900000)
 ParOldGen       total 136704K, used 118501K [0x00000000d0000000, 0x00000000d8580000, 0x00000000f0000000)
  object space 136704K, 86% used [0x00000000d0000000,0x00000000d73b9728,0x00000000d8580000)
 Metaspace       used 71050K, capacity 72950K, committed 73216K, reserved 1114112K
  class space    used 7328K, capacity 7896K, committed 7936K, reserved 1048576K
Event: 54.694 GC heap after
Heap after GC invocations=75 (full 8):
 PSYoungGen      total 238592K, used 23534K [0x00000000f0000000, 0x0000000100000000, 0x0000000100000000)
  eden space 215040K, 0% used [0x00000000f0000000,0x00000000f0000000,0x00000000fd200000)
  from space 23552K, 99% used [0x00000000fd200000,0x00000000fe8fbb70,0x00000000fe900000)
  to   space 23552K, 0% used [0x00000000fe900000,0x00000000fe900000,0x0000000100000000)
 ParOldGen       total 136704K, used 119128K [0x00000000d0000000, 0x00000000d8580000, 0x00000000f0000000)
  object space 136704K, 87% used [0x00000000d0000000,0x00000000d7456150,0x00000000d8580000)
 Metaspace       used 71050K, capacity 72950K, committed 73216K, reserved 1114112K
  class space    used 7328K, capacity 7896K, committed 7936K, reserved 1048576K
}
Event: 55.228 GC heap before
{Heap before GC invocations=76 (full 8):
 PSYoungGen      total 238592K, used 238574K [0x00000000f0000000, 0x0000000100000000, 0x0000000100000000)
  eden space 215040K, 100% used [0x00000000f0000000,0x00000000fd200000,0x00000000fd200000)
  from space 23552K, 99% used [0x00000000fd200000,0x00000000fe8fbb70,0x00000000fe900000)
  to   space 23552K, 0% used [0x00000000fe900000,0x00000000fe900000,0x0000000100000000)
 ParOldGen       total 136704K, used 119128K [0x00000000d0000000, 0x00000000d8580000, 0x00000000f0000000)
  object space 136704K, 87% used [0x00000000d0000000,0x00000000d7456150,0x00000000d8580000)
 Metaspace       used 71548K, capacity 73524K, committed 73728K, reserved 1116160K
  class space    used 7371K, capacity 7932K, committed 7936K, reserved 1048576K
Event: 55.313 GC heap after
Heap after GC invocations=76 (full 8):
 PSYoungGen      total 227328K, used 18798K [0x00000000f0000000, 0x0000000100000000, 0x0000000100000000)
  eden space 203776K, 0% used [0x00000000f0000000,0x00000000f0000000,0x00000000fc700000)
  from space 23552K, 79% used [0x00000000fe900000,0x00000000ffb5ba80,0x0000000100000000)
  to   space 29184K, 0% used [0x00000000fc700000,0x00000000fc700000,0x00000000fe380000)
 ParOldGen       total 136704K, used 126236K [0x00000000d0000000, 0x00000000d8580000, 0x00000000f0000000)
  object space 136704K, 92% used [0x00000000d0000000,0x00000000d7b472e8,0x00000000d8580000)
 Metaspace       used 71548K, capacity 73524K, committed 73728K, reserved 1116160K
  class space    used 7371K, capacity 7932K, committed 7936K, reserved 1048576K
}
Event: 55.313 GC heap before
{Heap before GC invocations=77 (full 9):
 PSYoungGen      total 227328K, used 18798K [0x00000000f0000000, 0x0000000100000000, 0x0000000100000000)
  eden space 203776K, 0% used [0x00000000f0000000,0x00000000f0000000,0x00000000fc700000)
  from space 23552K, 79% used [0x00000000fe900000,0x00000000ffb5ba80,0x0000000100000000)
  to   space 29184K, 0% used [0x00000000fc700000,0x00000000fc700000,0x00000000fe380000)
 ParOldGen       total 136704K, used 126236K [0x00000000d0000000, 0x00000000d8580000, 0x00000000f0000000)
  object space 136704K, 92% used [0x00000000d0000000,0x00000000d7b472e8,0x00000000d8580000)
 Metaspace       used 71548K, capacity 73524K, committed 73728K, reserved 1116160K
  class space    used 7371K, capacity 7932K, committed 7936K, reserved 1048576K
Event: 56.431 GC heap after
Heap after GC invocations=77 (full 9):
 PSYoungGen      total 227328K, used 6356K [0x00000000f0000000, 0x0000000100000000, 0x0000000100000000)
  eden space 203776K, 0% used [0x00000000f0000000,0x00000000f0000000,0x00000000fc700000)
  from space 23552K, 26% used [0x00000000fe900000,0x00000000fef35060,0x0000000100000000)
  to   space 29184K, 0% used [0x00000000fc700000,0x00000000fc700000,0x00000000fe380000)
 ParOldGen       total 159232K, used 136562K [0x00000000d0000000, 0x00000000d9b80000, 0x00000000f0000000)
  object space 159232K, 85% used [0x00000000d0000000,0x00000000d855c8c8,0x00000000d9b80000)
 Metaspace       used 71525K, capacity 73488K, committed 73728K, reserved 1116160K
  class space    used 7367K, capacity 7926K, committed 7936K, reserved 1048576K
}

