# JRE version: Java(TM) SE Runtime Environment (8.0_11-b12) (build 1.8.0_11-b12)
# Java VM: Java HotSpot(TM) 64-Bit Server VM (25.11-b03 mixed mode windows-amd64 compressed oops)
Heap:
 PSYoungGen      total 230912K, used 136436K [0x00000000f0000000, 0x0000000100000000, 0x0000000100000000)
  eden space 205824K, 55% used [0x00000000f0000000,0x00000000f6f25b60,0x00000000fc900000)
  from space 25088K, 90% used [0x00000000fe780000,0x00000000ffd976d0,0x0000000100000000)
  to   space 28160K, 0% used [0x00000000fc900000,0x00000000fc900000,0x00000000fe480000)
 ParOldGen       total 132096K, used 111141K [0x00000000d0000000, 0x00000000d8100000, 0x00000000f0000000)
  object space 132096K, 84% used [0x00000000d0000000,0x00000000d6c89570,0x00000000d8100000)
 Metaspace       used 69162K, capacity 70984K, committed 71168K, reserved 1112064K
  class space    used 7304K, capacity 7834K, committed 7936K, reserved 1048576K
GC Heap History (10 events):
Event: 54.800 GC heap before
{Heap before GC invocations=58 (full 7):
 PSYoungGen      total 243712K, used 243712K [0x00000000f0000000, 0x0000000100000000, 0x0000000100000000)
  eden space 230400K, 100% used [0x00000000f0000000,0x00000000fe100000,0x00000000fe100000)
  from space 13312K, 100% used [0x00000000ff300000,0x0000000100000000,0x0000000100000000)
  to   space 15872K, 0% used [0x00000000fe100000,0x00000000fe100000,0x00000000ff080000)
 ParOldGen       total 111104K, used 93082K [0x00000000d0000000, 0x00000000d6c80000, 0x00000000f0000000)
  object space 111104K, 83% used [0x00000000d0000000,0x00000000d5ae6998,0x00000000d6c80000)
 Metaspace       used 63958K, capacity 65626K, committed 66048K, reserved 1107968K
  class space    used 6668K, capacity 7113K, committed 7168K, reserved 1048576K
Event: 54.841 GC heap after
Heap after GC invocations=58 (full 7):
 PSYoungGen      total 246272K, used 15856K [0x00000000f0000000, 0x0000000100000000, 0x0000000100000000)
  eden space 230400K, 0% used [0x00000000f0000000,0x00000000f0000000,0x00000000fe100000)
  from space 15872K, 99% used [0x00000000fe100000,0x00000000ff07c030,0x00000000ff080000)
  to   space 15872K, 0% used [0x00000000ff080000,0x00000000ff080000,0x0000000100000000)
 ParOldGen       total 111104K, used 98404K [0x00000000d0000000, 0x00000000d6c80000, 0x00000000f0000000)
  object space 111104K, 88% used [0x00000000d0000000,0x00000000d60192a0,0x00000000d6c80000)
 Metaspace       used 63958K, capacity 65626K, committed 66048K, reserved 1107968K
  class space    used 6668K, capacity 7113K, committed 7168K, reserved 1048576K
}
Event: 56.201 GC heap before
{Heap before GC invocations=59 (full 7):
 PSYoungGen      total 246272K, used 246256K [0x00000000f0000000, 0x0000000100000000, 0x0000000100000000)
  eden space 230400K, 100% used [0x00000000f0000000,0x00000000fe100000,0x00000000fe100000)
  from space 15872K, 99% used [0x00000000fe100000,0x00000000ff07c030,0x00000000ff080000)
  to   space 15872K, 0% used [0x00000000ff080000,0x00000000ff080000,0x0000000100000000)
 ParOldGen       total 111104K, used 98404K [0x00000000d0000000, 0x00000000d6c80000, 0x00000000f0000000)
  object space 111104K, 88% used [0x00000000d0000000,0x00000000d60192a0,0x00000000d6c80000)
 Metaspace       used 65564K, capacity 67232K, committed 67584K, reserved 1110016K
  class space    used 6830K, capacity 7306K, committed 7424K, reserved 1048576K
Event: 56.229 GC heap after
Heap after GC invocations=59 (full 7):
 PSYoungGen      total 229888K, used 15856K [0x00000000f0000000, 0x0000000100000000, 0x0000000100000000)
  eden space 214016K, 0% used [0x00000000f0000000,0x00000000f0000000,0x00000000fd100000)
  from space 15872K, 99% used [0x00000000ff080000,0x00000000ffffc300,0x0000000100000000)
  to   space 24064K, 0% used [0x00000000fd100000,0x00000000fd100000,0x00000000fe880000)
 ParOldGen       total 111104K, used 103743K [0x00000000d0000000, 0x00000000d6c80000, 0x00000000f0000000)
  object space 111104K, 93% used [0x00000000d0000000,0x00000000d654ffc8,0x00000000d6c80000)
 Metaspace       used 65564K, capacity 67232K, committed 67584K, reserved 1110016K
  class space    used 6830K, capacity 7306K, committed 7424K, reserved 1048576K
}
Event: 56.229 GC heap before
{Heap before GC invocations=60 (full 8):
 PSYoungGen      total 229888K, used 15856K [0x00000000f0000000, 0x0000000100000000, 0x0000000100000000)
  eden space 214016K, 0% used [0x00000000f0000000,0x00000000f0000000,0x00000000fd100000)
  from space 15872K, 99% used [0x00000000ff080000,0x00000000ffffc300,0x0000000100000000)
  to   space 24064K, 0% used [0x00000000fd100000,0x00000000fd100000,0x00000000fe880000)
 ParOldGen       total 111104K, used 103743K [0x00000000d0000000, 0x00000000d6c80000, 0x00000000f0000000)
  object space 111104K, 93% used [0x00000000d0000000,0x00000000d654ffc8,0x00000000d6c80000)
 Metaspace       used 65564K, capacity 67232K, committed 67584K, reserved 1110016K
  class space    used 6830K, capacity 7306K, committed 7424K, reserved 1048576K
Event: 57.975 GC heap after
Heap after GC invocations=60 (full 8):
 PSYoungGen      total 229888K, used 6111K [0x00000000f0000000, 0x0000000100000000, 0x0000000100000000)
  eden space 214016K, 0% used [0x00000000f0000000,0x00000000f0000000,0x00000000fd100000)
  from space 15872K, 38% used [0x00000000ff080000,0x00000000ff677d98,0x0000000100000000)
  to   space 24064K, 0% used [0x00000000fd100000,0x00000000fd100000,0x00000000fe880000)
 ParOldGen       total 132096K, used 110933K [0x00000000d0000000, 0x00000000d8100000, 0x00000000f0000000)
  object space 132096K, 83% used [0x00000000d0000000,0x00000000d6c55570,0x00000000d8100000)
 Metaspace       used 65560K, capacity 67226K, committed 67584K, reserved 1110016K
  class space    used 6829K, capacity 7305K, committed 7424K, reserved 1048576K
}
Event: 59.730 GC heap before
{Heap before GC invocations=61 (full 8):
 PSYoungGen      total 229888K, used 215400K [0x00000000f0000000, 0x0000000100000000, 0x0000000100000000)
  eden space 214016K, 97% used [0x00000000f0000000,0x00000000fcc62370,0x00000000fd100000)
  from space 15872K, 38% used [0x00000000ff080000,0x00000000ff677d98,0x0000000100000000)
  to   space 24064K, 0% used [0x00000000fd100000,0x00000000fd100000,0x00000000fe880000)
 ParOldGen       total 132096K, used 110933K [0x00000000d0000000, 0x00000000d8100000, 0x00000000f0000000)
  object space 132096K, 83% used [0x00000000d0000000,0x00000000d6c55570,0x00000000d8100000)
 Metaspace       used 66625K, capacity 68372K, committed 68736K, reserved 1110016K
  class space    used 6950K, capacity 7463K, committed 7552K, reserved 1048576K
Event: 59.799 GC heap after
Heap after GC invocations=61 (full 8):
 PSYoungGen      total 229888K, used 15849K [0x00000000f0000000, 0x0000000100000000, 0x0000000100000000)
  eden space 214016K, 0% used [0x00000000f0000000,0x00000000f0000000,0x00000000fd100000)
  from space 15872K, 99% used [0x00000000fd100000,0x00000000fe07a5c8,0x00000000fe080000)
  to   space 25088K, 0% used [0x00000000fe780000,0x00000000fe780000,0x0000000100000000)
 ParOldGen       total 132096K, used 111133K [0x00000000d0000000, 0x00000000d8100000, 0x00000000f0000000)
  object space 132096K, 84% used [0x00000000d0000000,0x00000000d6c87570,0x00000000d8100000)
 Metaspace       used 66625K, capacity 68372K, committed 68736K, reserved 1110016K
  class space    used 6950K, capacity 7463K, committed 7552K, reserved 1048576K
}
Event: 61.037 GC heap before
{Heap before GC invocations=62 (full 8):
 PSYoungGen      total 229888K, used 224681K [0x00000000f0000000, 0x0000000100000000, 0x0000000100000000)
  eden space 214016K, 97% used [0x00000000f0000000,0x00000000fcbf01d0,0x00000000fd100000)
  from space 15872K, 99% used [0x00000000fd100000,0x00000000fe07a5c8,0x00000000fe080000)
  to   space 25088K, 0% used [0x00000000fe780000,0x00000000fe780000,0x0000000100000000)
 ParOldGen       total 132096K, used 111133K [0x00000000d0000000, 0x00000000d8100000, 0x00000000f0000000)
  object space 132096K, 84% used [0x00000000d0000000,0x00000000d6c87570,0x00000000d8100000)
 Metaspace       used 68204K, capacity 69946K, committed 70272K, reserved 1112064K
  class space    used 7178K, capacity 7688K, committed 7808K, reserved 1048576K
Event: 61.072 GC heap after
Heap after GC invocations=62 (full 8):
 PSYoungGen      total 230912K, used 22621K [0x00000000f0000000, 0x0000000100000000, 0x0000000100000000)
  eden space 205824K, 0% used [0x00000000f0000000,0x00000000f0000000,0x00000000fc900000)
  from space 25088K, 90% used [0x00000000fe780000,0x00000000ffd976d0,0x0000000100000000)
  to   space 28160K, 0% used [0x00000000fc900000,0x00000000fc900000,0x00000000fe480000)
 ParOldGen       total 132096K, used 111141K [0x00000000d0000000, 0x00000000d8100000, 0x00000000f0000000)
  object space 132096K, 84% used [0x00000000d0000000,0x00000000d6c89570,0x00000000d8100000)
 Metaspace       used 68204K, capacity 69946K, committed 70272K, reserved 1112064K
  class space    used 7178K, capacity 7688K, committed 7808K, reserved 1048576K
}

