# JRE version: Java(TM) SE Runtime Environment (8.0_11-b12) (build 1.8.0_11-b12)
# Java VM: Java HotSpot(TM) 64-Bit Server VM (25.11-b03 mixed mode windows-amd64 compressed oops)
Heap:
 PSYoungGen      total 209408K, used 112250K [0x00000000f0000000, 0x0000000100000000, 0x0000000100000000)
  eden space 172032K, 43% used [0x00000000f0000000,0x00000000f4941ff0,0x00000000fa800000)
  from space 37376K, 99% used [0x00000000fa800000,0x00000000fcc5c9f8,0x00000000fcc80000)
  to   space 49152K, 0% used [0x00000000fd000000,0x00000000fd000000,0x0000000100000000)
 ParOldGen       total 115200K, used 95908K [0x00000000d0000000, 0x00000000d7080000, 0x00000000f0000000)
  object space 115200K, 83% used [0x00000000d0000000,0x00000000d5da9288,0x00000000d7080000)
 Metaspace       used 69282K, capacity 71056K, committed 71424K, reserved 1112064K
  class space    used 7321K, capacity 7840K, committed 7936K, reserved 1048576K
GC Heap History (10 events):
Event: 33.488 GC heap before
{Heap before GC invocations=54 (full 6):
 PSYoungGen      total 228352K, used 219447K [0x00000000f0000000, 0x0000000100000000, 0x0000000100000000)
  eden space 194560K, 95% used [0x00000000f0000000,0x00000000fb5536a0,0x00000000fbe00000)
  from space 33792K, 99% used [0x00000000fbe00000,0x00000000fdefa760,0x00000000fdf00000)
  to   space 33792K, 0% used [0x00000000fdf00000,0x00000000fdf00000,0x0000000100000000)
 ParOldGen       total 96256K, used 78254K [0x00000000d0000000, 0x00000000d5e00000, 0x00000000f0000000)
  object space 96256K, 81% used [0x00000000d0000000,0x00000000d4c6b9a8,0x00000000d5e00000)
 Metaspace       used 65451K, capacity 67096K, committed 67584K, reserved 1110016K
  class space    used 6827K, capacity 7306K, committed 7424K, reserved 1048576K
Event: 33.544 GC heap after
Heap after GC invocations=54 (full 6):
 PSYoungGen      total 214016K, used 26655K [0x00000000f0000000, 0x0000000100000000, 0x0000000100000000)
  eden space 180224K, 0% used [0x00000000f0000000,0x00000000f0000000,0x00000000fb000000)
  from space 33792K, 78% used [0x00000000fdf00000,0x00000000ff907c58,0x0000000100000000)
  to   space 40960K, 0% used [0x00000000fb000000,0x00000000fb000000,0x00000000fd800000)
 ParOldGen       total 96256K, used 90508K [0x00000000d0000000, 0x00000000d5e00000, 0x00000000f0000000)
  object space 96256K, 94% used [0x00000000d0000000,0x00000000d58633a0,0x00000000d5e00000)
 Metaspace       used 65451K, capacity 67096K, committed 67584K, reserved 1110016K
  class space    used 6827K, capacity 7306K, committed 7424K, reserved 1048576K
}
Event: 33.544 GC heap before
{Heap before GC invocations=55 (full 7):
 PSYoungGen      total 214016K, used 26655K [0x00000000f0000000, 0x0000000100000000, 0x0000000100000000)
  eden space 180224K, 0% used [0x00000000f0000000,0x00000000f0000000,0x00000000fb000000)
  from space 33792K, 78% used [0x00000000fdf00000,0x00000000ff907c58,0x0000000100000000)
  to   space 40960K, 0% used [0x00000000fb000000,0x00000000fb000000,0x00000000fd800000)
 ParOldGen       total 96256K, used 90508K [0x00000000d0000000, 0x00000000d5e00000, 0x00000000f0000000)
  object space 96256K, 94% used [0x00000000d0000000,0x00000000d58633a0,0x00000000d5e00000)
 Metaspace       used 65451K, capacity 67096K, committed 67584K, reserved 1110016K
  class space    used 6827K, capacity 7306K, committed 7424K, reserved 1048576K
Event: 35.178 GC heap after
Heap after GC invocations=55 (full 7):
 PSYoungGen      total 214016K, used 19755K [0x00000000f0000000, 0x0000000100000000, 0x0000000100000000)
  eden space 180224K, 0% used [0x00000000f0000000,0x00000000f0000000,0x00000000fb000000)
  from space 33792K, 58% used [0x00000000fdf00000,0x00000000ff24afc0,0x0000000100000000)
  to   space 40960K, 0% used [0x00000000fb000000,0x00000000fb000000,0x00000000fd800000)
 ParOldGen       total 115200K, used 95892K [0x00000000d0000000, 0x00000000d7080000, 0x00000000f0000000)
  object space 115200K, 83% used [0x00000000d0000000,0x00000000d5da5288,0x00000000d7080000)
 Metaspace       used 65451K, capacity 67096K, committed 67584K, reserved 1110016K
  class space    used 6827K, capacity 7306K, committed 7424K, reserved 1048576K
}
Event: 36.801 GC heap before
{Heap before GC invocations=56 (full 7):
 PSYoungGen      total 214016K, used 199979K [0x00000000f0000000, 0x0000000100000000, 0x0000000100000000)
  eden space 180224K, 100% used [0x00000000f0000000,0x00000000fb000000,0x00000000fb000000)
  from space 33792K, 58% used [0x00000000fdf00000,0x00000000ff24afc0,0x0000000100000000)
  to   space 40960K, 0% used [0x00000000fb000000,0x00000000fb000000,0x00000000fd800000)
 ParOldGen       total 115200K, used 95892K [0x00000000d0000000, 0x00000000d7080000, 0x00000000f0000000)
  object space 115200K, 83% used [0x00000000d0000000,0x00000000d5da5288,0x00000000d7080000)
 Metaspace       used 66253K, capacity 68050K, committed 68352K, reserved 1110016K
  class space    used 6908K, capacity 7422K, committed 7424K, reserved 1048576K
Event: 36.911 GC heap after
Heap after GC invocations=56 (full 7):
 PSYoungGen      total 206336K, used 26063K [0x00000000f0000000, 0x0000000100000000, 0x0000000100000000)
  eden space 180224K, 0% used [0x00000000f0000000,0x00000000f0000000,0x00000000fb000000)
  from space 26112K, 99% used [0x00000000fb000000,0x00000000fc973e58,0x00000000fc980000)
  to   space 41984K, 0% used [0x00000000fd700000,0x00000000fd700000,0x0000000100000000)
 ParOldGen       total 115200K, used 95900K [0x00000000d0000000, 0x00000000d7080000, 0x00000000f0000000)
  object space 115200K, 83% used [0x00000000d0000000,0x00000000d5da7288,0x00000000d7080000)
 Metaspace       used 66253K, capacity 68050K, committed 68352K, reserved 1110016K
  class space    used 6908K, capacity 7422K, committed 7424K, reserved 1048576K
}
Event: 39.406 GC heap before
{Heap before GC invocations=57 (full 7):
 PSYoungGen      total 206336K, used 199674K [0x00000000f0000000, 0x0000000100000000, 0x0000000100000000)
  eden space 180224K, 96% used [0x00000000f0000000,0x00000000fa98ad68,0x00000000fb000000)
  from space 26112K, 99% used [0x00000000fb000000,0x00000000fc973e58,0x00000000fc980000)
  to   space 41984K, 0% used [0x00000000fd700000,0x00000000fd700000,0x0000000100000000)
 ParOldGen       total 115200K, used 95900K [0x00000000d0000000, 0x00000000d7080000, 0x00000000f0000000)
  object space 115200K, 83% used [0x00000000d0000000,0x00000000d5da7288,0x00000000d7080000)
 Metaspace       used 67976K, capacity 69726K, committed 69888K, reserved 1112064K
  class space    used 7155K, capacity 7658K, committed 7680K, reserved 1048576K
Event: 39.492 GC heap after
Heap after GC invocations=57 (full 7):
 PSYoungGen      total 214016K, used 33837K [0x00000000f0000000, 0x0000000100000000, 0x0000000100000000)
  eden space 172032K, 0% used [0x00000000f0000000,0x00000000f0000000,0x00000000fa800000)
  from space 41984K, 80% used [0x00000000fd700000,0x00000000ff80b708,0x0000000100000000)
  to   space 45056K, 0% used [0x00000000fa800000,0x00000000fa800000,0x00000000fd400000)
 ParOldGen       total 115200K, used 95908K [0x00000000d0000000, 0x00000000d7080000, 0x00000000f0000000)
  object space 115200K, 83% used [0x00000000d0000000,0x00000000d5da9288,0x00000000d7080000)
 Metaspace       used 67976K, capacity 69726K, committed 69888K, reserved 1112064K
  class space    used 7155K, capacity 7658K, committed 7680K, reserved 1048576K
}
Event: 40.639 GC heap before
{Heap before GC invocations=58 (full 7):
 PSYoungGen      total 214016K, used 205869K [0x00000000f0000000, 0x0000000100000000, 0x0000000100000000)
  eden space 172032K, 100% used [0x00000000f0000000,0x00000000fa800000,0x00000000fa800000)
  from space 41984K, 80% used [0x00000000fd700000,0x00000000ff80b708,0x0000000100000000)
  to   space 45056K, 0% used [0x00000000fa800000,0x00000000fa800000,0x00000000fd400000)
 ParOldGen       total 115200K, used 95908K [0x00000000d0000000, 0x00000000d7080000, 0x00000000f0000000)
  object space 115200K, 83% used [0x00000000d0000000,0x00000000d5da9288,0x00000000d7080000)
 Metaspace       used 68474K, capacity 70208K, committed 70528K, reserved 1112064K
  class space    used 7248K, capacity 7756K, committed 7808K, reserved 1048576K
Event: 40.753 GC heap after
Heap after GC invocations=58 (full 7):
 PSYoungGen      total 209408K, used 37234K [0x00000000f0000000, 0x0000000100000000, 0x0000000100000000)
  eden space 172032K, 0% used [0x00000000f0000000,0x00000000f0000000,0x00000000fa800000)
  from space 37376K, 99% used [0x00000000fa800000,0x00000000fcc5c9f8,0x00000000fcc80000)
  to   space 49152K, 0% used [0x00000000fd000000,0x00000000fd000000,0x0000000100000000)
 ParOldGen       total 115200K, used 95908K [0x00000000d0000000, 0x00000000d7080000, 0x00000000f0000000)
  object space 115200K, 83% used [0x00000000d0000000,0x00000000d5da9288,0x00000000d7080000)
 Metaspace       used 68474K, capacity 70208K, committed 70528K, reserved 1112064K
  class space    used 7248K, capacity 7756K, committed 7808K, reserved 1048576K
}

