# JRE version: Java(TM) SE Runtime Environment (8.0_11-b12) (build 1.8.0_11-b12)
# Java VM: Java HotSpot(TM) 64-Bit Server VM (25.11-b03 mixed mode windows-amd64 compressed oops)
Heap:
 PSYoungGen      total 201728K, used 67896K [0x00000000f0000000, 0x0000000100000000, 0x0000000100000000)
  eden space 139776K, 25% used [0x00000000f0000000,0x00000000f229e988,0x00000000f8880000)
  from space 61952K, 52% used [0x00000000fc380000,0x00000000fe32f9a8,0x0000000100000000)
  to   space 60416K, 0% used [0x00000000f8880000,0x00000000f8880000,0x00000000fc380000)
 ParOldGen       total 125440K, used 115134K [0x00000000d0000000, 0x00000000d7a80000, 0x00000000f0000000)
  object space 125440K, 91% used [0x00000000d0000000,0x00000000d706fbc8,0x00000000d7a80000)
 Metaspace       used 73128K, capacity 75148K, committed 75344K, reserved 1116160K
  class space    used 7877K, capacity 8449K, committed 8576K, reserved 1048576K
GC Heap History (10 events):
Event: 36.474 GC heap before
{Heap before GC invocations=62 (full 7):
 PSYoungGen      total 208384K, used 202500K [0x00000000f0000000, 0x0000000100000000, 0x0000000100000000)
  eden space 168960K, 98% used [0x00000000f0000000,0x00000000fa24a438,0x00000000fa500000)
  from space 39424K, 92% used [0x00000000fd980000,0x00000000ffcf6f80,0x0000000100000000)
  to   space 46592K, 0% used [0x00000000fa500000,0x00000000fa500000,0x00000000fd280000)
 ParOldGen       total 109568K, used 95968K [0x00000000d0000000, 0x00000000d6b00000, 0x00000000f0000000)
  object space 109568K, 87% used [0x00000000d0000000,0x00000000d5db8220,0x00000000d6b00000)
 Metaspace       used 69678K, capacity 71524K, committed 71632K, reserved 1114112K
  class space    used 7379K, capacity 7901K, committed 7936K, reserved 1048576K
Event: 36.572 GC heap after
Heap after GC invocations=62 (full 7):
 PSYoungGen      total 211968K, used 42817K [0x00000000f0000000, 0x0000000100000000, 0x0000000100000000)
  eden space 168960K, 0% used [0x00000000f0000000,0x00000000f0000000,0x00000000fa500000)
  from space 43008K, 99% used [0x00000000fa500000,0x00000000fced0450,0x00000000fcf00000)
  to   space 50176K, 0% used [0x00000000fcf00000,0x00000000fcf00000,0x0000000100000000)
 ParOldGen       total 109568K, used 96256K [0x00000000d0000000, 0x00000000d6b00000, 0x00000000f0000000)
  object space 109568K, 87% used [0x00000000d0000000,0x00000000d5e00220,0x00000000d6b00000)
 Metaspace       used 69678K, capacity 71524K, committed 71632K, reserved 1114112K
  class space    used 7379K, capacity 7901K, committed 7936K, reserved 1048576K
}
Event: 37.678 GC heap before
{Heap before GC invocations=63 (full 7):
 PSYoungGen      total 211968K, used 203631K [0x00000000f0000000, 0x0000000100000000, 0x0000000100000000)
  eden space 168960K, 95% used [0x00000000f0000000,0x00000000f9d0b9a0,0x00000000fa500000)
  from space 43008K, 99% used [0x00000000fa500000,0x00000000fced0450,0x00000000fcf00000)
  to   space 50176K, 0% used [0x00000000fcf00000,0x00000000fcf00000,0x0000000100000000)
 ParOldGen       total 109568K, used 96256K [0x00000000d0000000, 0x00000000d6b00000, 0x00000000f0000000)
  object space 109568K, 87% used [0x00000000d0000000,0x00000000d5e00220,0x00000000d6b00000)
 Metaspace       used 70784K, capacity 72702K, committed 72912K, reserved 1114112K
  class space    used 7541K, capacity 8099K, committed 8192K, reserved 1048576K
Event: 37.783 GC heap after
Heap after GC invocations=63 (full 7):
 PSYoungGen      total 195584K, used 46533K [0x00000000f0000000, 0x0000000100000000, 0x0000000100000000)
  eden space 145408K, 0% used [0x00000000f0000000,0x00000000f0000000,0x00000000f8e00000)
  from space 50176K, 92% used [0x00000000fcf00000,0x00000000ffc71460,0x0000000100000000)
  to   space 58368K, 0% used [0x00000000f8e00000,0x00000000f8e00000,0x00000000fc700000)
 ParOldGen       total 109568K, used 97840K [0x00000000d0000000, 0x00000000d6b00000, 0x00000000f0000000)
  object space 109568K, 89% used [0x00000000d0000000,0x00000000d5f8c220,0x00000000d6b00000)
 Metaspace       used 70784K, capacity 72702K, committed 72912K, reserved 1114112K
  class space    used 7541K, capacity 8099K, committed 8192K, reserved 1048576K
}
Event: 38.202 GC heap before
{Heap before GC invocations=64 (full 7):
 PSYoungGen      total 195584K, used 191941K [0x00000000f0000000, 0x0000000100000000, 0x0000000100000000)
  eden space 145408K, 100% used [0x00000000f0000000,0x00000000f8e00000,0x00000000f8e00000)
  from space 50176K, 92% used [0x00000000fcf00000,0x00000000ffc71460,0x0000000100000000)
  to   space 58368K, 0% used [0x00000000f8e00000,0x00000000f8e00000,0x00000000fc700000)
 ParOldGen       total 109568K, used 97840K [0x00000000d0000000, 0x00000000d6b00000, 0x00000000f0000000)
  object space 109568K, 89% used [0x00000000d0000000,0x00000000d5f8c220,0x00000000d6b00000)
 Metaspace       used 71990K, capacity 73930K, committed 74064K, reserved 1116160K
  class space    used 7742K, capacity 8295K, committed 8320K, reserved 1048576K
Event: 38.313 GC heap after
Heap after GC invocations=64 (full 7):
 PSYoungGen      total 188928K, used 43299K [0x00000000f0000000, 0x0000000100000000, 0x0000000100000000)
  eden space 145408K, 0% used [0x00000000f0000000,0x00000000f0000000,0x00000000f8e00000)
  from space 43520K, 99% used [0x00000000f8e00000,0x00000000fb848c90,0x00000000fb880000)
  to   space 61952K, 0% used [0x00000000fc380000,0x00000000fc380000,0x0000000100000000)
 ParOldGen       total 109568K, used 101808K [0x00000000d0000000, 0x00000000d6b00000, 0x00000000f0000000)
  object space 109568K, 92% used [0x00000000d0000000,0x00000000d636c290,0x00000000d6b00000)
 Metaspace       used 71990K, capacity 73930K, committed 74064K, reserved 1116160K
  class space    used 7742K, capacity 8295K, committed 8320K, reserved 1048576K
}
Event: 38.313 GC heap before
{Heap before GC invocations=65 (full 8):
 PSYoungGen      total 188928K, used 43299K [0x00000000f0000000, 0x0000000100000000, 0x0000000100000000)
  eden space 145408K, 0% used [0x00000000f0000000,0x00000000f0000000,0x00000000f8e00000)
  from space 43520K, 99% used [0x00000000f8e00000,0x00000000fb848c90,0x00000000fb880000)
  to   space 61952K, 0% used [0x00000000fc380000,0x00000000fc380000,0x0000000100000000)
 ParOldGen       total 109568K, used 101808K [0x00000000d0000000, 0x00000000d6b00000, 0x00000000f0000000)
  object space 109568K, 92% used [0x00000000d0000000,0x00000000d636c290,0x00000000d6b00000)
 Metaspace       used 71990K, capacity 73930K, committed 74064K, reserved 1116160K
  class space    used 7742K, capacity 8295K, committed 8320K, reserved 1048576K
Event: 41.298 GC heap after
Heap after GC invocations=65 (full 8):
 PSYoungGen      total 188928K, used 35219K [0x00000000f0000000, 0x0000000100000000, 0x0000000100000000)
  eden space 145408K, 0% used [0x00000000f0000000,0x00000000f0000000,0x00000000f8e00000)
  from space 43520K, 80% used [0x00000000f8e00000,0x00000000fb064e48,0x00000000fb880000)
  to   space 61952K, 0% used [0x00000000fc380000,0x00000000fc380000,0x0000000100000000)
 ParOldGen       total 125440K, used 109159K [0x00000000d0000000, 0x00000000d7a80000, 0x00000000f0000000)
  object space 125440K, 87% used [0x00000000d0000000,0x00000000d6a99e10,0x00000000d7a80000)
 Metaspace       used 71982K, capacity 73918K, committed 74064K, reserved 1116160K
  class space    used 7741K, capacity 8293K, committed 8320K, reserved 1048576K
}
Event: 42.454 GC heap before
{Heap before GC invocations=66 (full 8):
 PSYoungGen      total 188928K, used 177377K [0x00000000f0000000, 0x0000000100000000, 0x0000000100000000)
  eden space 145408K, 97% used [0x00000000f0000000,0x00000000f8ad39a8,0x00000000f8e00000)
  from space 43520K, 80% used [0x00000000f8e00000,0x00000000fb064e48,0x00000000fb880000)
  to   space 61952K, 0% used [0x00000000fc380000,0x00000000fc380000,0x0000000100000000)
 ParOldGen       total 125440K, used 109159K [0x00000000d0000000, 0x00000000d7a80000, 0x00000000f0000000)
  object space 125440K, 87% used [0x00000000d0000000,0x00000000d6a99e10,0x00000000d7a80000)
 Metaspace       used 72845K, capacity 74860K, committed 74960K, reserved 1116160K
  class space    used 7839K, capacity 8417K, committed 8448K, reserved 1048576K
Event: 42.549 GC heap after
Heap after GC invocations=66 (full 8):
 PSYoungGen      total 201728K, used 32446K [0x00000000f0000000, 0x0000000100000000, 0x0000000100000000)
  eden space 139776K, 0% used [0x00000000f0000000,0x00000000f0000000,0x00000000f8880000)
  from space 61952K, 52% used [0x00000000fc380000,0x00000000fe32f9a8,0x0000000100000000)
  to   space 60416K, 0% used [0x00000000f8880000,0x00000000f8880000,0x00000000fc380000)
 ParOldGen       total 125440K, used 115134K [0x00000000d0000000, 0x00000000d7a80000, 0x00000000f0000000)
  object space 125440K, 91% used [0x00000000d0000000,0x00000000d706fbc8,0x00000000d7a80000)
 Metaspace       used 72845K, capacity 74860K, committed 74960K, reserved 1116160K
  class space    used 7839K, capacity 8417K, committed 8448K, reserved 1048576K
}

