# JRE version: Java(TM) SE Runtime Environment (8.0_11-b12) (build 1.8.0_11-b12)
# Java VM: Java HotSpot(TM) 64-Bit Server VM (25.11-b03 mixed mode windows-amd64 compressed oops)
Heap:
 PSYoungGen      total 230912K, used 130883K [0x00000000f0000000, 0x0000000100000000, 0x0000000100000000)
  eden space 204800K, 53% used [0x00000000f0000000,0x00000000f6a416e8,0x00000000fc800000)
  from space 26112K, 84% used [0x00000000fe680000,0x00000000ffc0f620,0x0000000100000000)
  to   space 28672K, 0% used [0x00000000fc800000,0x00000000fc800000,0x00000000fe400000)
 ParOldGen       total 126976K, used 112031K [0x00000000d0000000, 0x00000000d7c00000, 0x00000000f0000000)
  object space 126976K, 88% used [0x00000000d0000000,0x00000000d6d67cb0,0x00000000d7c00000)
 Metaspace       used 68989K, capacity 70690K, committed 70960K, reserved 1112064K
  class space    used 7237K, capacity 7719K, committed 7788K, reserved 1048576K
GC Heap History (10 events):
Event: 35.122 GC heap before
{Heap before GC invocations=62 (full 7):
 PSYoungGen      total 238592K, used 238575K [0x00000000f0000000, 0x0000000100000000, 0x0000000100000000)
  eden space 226304K, 100% used [0x00000000f0000000,0x00000000fdd00000,0x00000000fdd00000)
  from space 12288K, 99% used [0x00000000ff400000,0x00000000ffffbed0,0x0000000100000000)
  to   space 17920K, 0% used [0x00000000fdd00000,0x00000000fdd00000,0x00000000fee80000)
 ParOldGen       total 108544K, used 95890K [0x00000000d0000000, 0x00000000d6a00000, 0x00000000f0000000)
  object space 108544K, 88% used [0x00000000d0000000,0x00000000d5da4ab8,0x00000000d6a00000)
 Metaspace       used 64333K, capacity 66040K, committed 66224K, reserved 1107968K
  class space    used 6655K, capacity 7144K, committed 7148K, reserved 1048576K
Event: 35.176 GC heap after
Heap after GC invocations=62 (full 7):
 PSYoungGen      total 244224K, used 17914K [0x00000000f0000000, 0x0000000100000000, 0x0000000100000000)
  eden space 226304K, 0% used [0x00000000f0000000,0x00000000f0000000,0x00000000fdd00000)
  from space 17920K, 99% used [0x00000000fdd00000,0x00000000fee7eba0,0x00000000fee80000)
  to   space 17920K, 0% used [0x00000000fee80000,0x00000000fee80000,0x0000000100000000)
 ParOldGen       total 108544K, used 98042K [0x00000000d0000000, 0x00000000d6a00000, 0x00000000f0000000)
  object space 108544K, 90% used [0x00000000d0000000,0x00000000d5fbeb60,0x00000000d6a00000)
 Metaspace       used 64333K, capacity 66040K, committed 66224K, reserved 1107968K
  class space    used 6655K, capacity 7144K, committed 7148K, reserved 1048576K
}
Event: 36.206 GC heap before
{Heap before GC invocations=63 (full 7):
 PSYoungGen      total 244224K, used 243262K [0x00000000f0000000, 0x0000000100000000, 0x0000000100000000)
  eden space 226304K, 99% used [0x00000000f0000000,0x00000000fdc10f08,0x00000000fdd00000)
  from space 17920K, 99% used [0x00000000fdd00000,0x00000000fee7eba0,0x00000000fee80000)
  to   space 17920K, 0% used [0x00000000fee80000,0x00000000fee80000,0x0000000100000000)
 ParOldGen       total 108544K, used 98042K [0x00000000d0000000, 0x00000000d6a00000, 0x00000000f0000000)
  object space 108544K, 90% used [0x00000000d0000000,0x00000000d5fbeb60,0x00000000d6a00000)
 Metaspace       used 66015K, capacity 67678K, committed 68016K, reserved 1110016K
  class space    used 6829K, capacity 7305K, committed 7404K, reserved 1048576K
Event: 36.261 GC heap after
Heap after GC invocations=63 (full 7):
 PSYoungGen      total 228864K, used 17908K [0x00000000f0000000, 0x0000000100000000, 0x0000000100000000)
  eden space 210944K, 0% used [0x00000000f0000000,0x00000000f0000000,0x00000000fce00000)
  from space 17920K, 99% used [0x00000000fee80000,0x00000000ffffd108,0x0000000100000000)
  to   space 25600K, 0% used [0x00000000fce00000,0x00000000fce00000,0x00000000fe700000)
 ParOldGen       total 108544K, used 104098K [0x00000000d0000000, 0x00000000d6a00000, 0x00000000f0000000)
  object space 108544K, 95% used [0x00000000d0000000,0x00000000d65a88c8,0x00000000d6a00000)
 Metaspace       used 66015K, capacity 67678K, committed 68016K, reserved 1110016K
  class space    used 6829K, capacity 7305K, committed 7404K, reserved 1048576K
}
Event: 36.261 GC heap before
{Heap before GC invocations=64 (full 8):
 PSYoungGen      total 228864K, used 17908K [0x00000000f0000000, 0x0000000100000000, 0x0000000100000000)
  eden space 210944K, 0% used [0x00000000f0000000,0x00000000f0000000,0x00000000fce00000)
  from space 17920K, 99% used [0x00000000fee80000,0x00000000ffffd108,0x0000000100000000)
  to   space 25600K, 0% used [0x00000000fce00000,0x00000000fce00000,0x00000000fe700000)
 ParOldGen       total 108544K, used 104098K [0x00000000d0000000, 0x00000000d6a00000, 0x00000000f0000000)
  object space 108544K, 95% used [0x00000000d0000000,0x00000000d65a88c8,0x00000000d6a00000)
 Metaspace       used 66015K, capacity 67678K, committed 68016K, reserved 1110016K
  class space    used 6829K, capacity 7305K, committed 7404K, reserved 1048576K
Event: 37.853 GC heap after
Heap after GC invocations=64 (full 8):
 PSYoungGen      total 228864K, used 9661K [0x00000000f0000000, 0x0000000100000000, 0x0000000100000000)
  eden space 210944K, 0% used [0x00000000f0000000,0x00000000f0000000,0x00000000fce00000)
  from space 17920K, 53% used [0x00000000fee80000,0x00000000ff7ef4e0,0x0000000100000000)
  to   space 25600K, 0% used [0x00000000fce00000,0x00000000fce00000,0x00000000fe700000)
 ParOldGen       total 126976K, used 108539K [0x00000000d0000000, 0x00000000d7c00000, 0x00000000f0000000)
  object space 126976K, 85% used [0x00000000d0000000,0x00000000d69fec28,0x00000000d7c00000)
 Metaspace       used 66015K, capacity 67678K, committed 68016K, reserved 1110016K
  class space    used 6829K, capacity 7305K, committed 7404K, reserved 1048576K
}
Event: 39.633 GC heap before
{Heap before GC invocations=65 (full 8):
 PSYoungGen      total 228864K, used 220605K [0x00000000f0000000, 0x0000000100000000, 0x0000000100000000)
  eden space 210944K, 100% used [0x00000000f0000000,0x00000000fce00000,0x00000000fce00000)
  from space 17920K, 53% used [0x00000000fee80000,0x00000000ff7ef4e0,0x0000000100000000)
  to   space 25600K, 0% used [0x00000000fce00000,0x00000000fce00000,0x00000000fe700000)
 ParOldGen       total 126976K, used 108539K [0x00000000d0000000, 0x00000000d7c00000, 0x00000000f0000000)
  object space 126976K, 85% used [0x00000000d0000000,0x00000000d69fec28,0x00000000d7c00000)
 Metaspace       used 66997K, capacity 68662K, committed 68912K, reserved 1110016K
  class space    used 6930K, capacity 7430K, committed 7532K, reserved 1048576K
Event: 39.727 GC heap after
Heap after GC invocations=65 (full 8):
 PSYoungGen      total 226304K, used 14886K [0x00000000f0000000, 0x0000000100000000, 0x0000000100000000)
  eden space 210944K, 0% used [0x00000000f0000000,0x00000000f0000000,0x00000000fce00000)
  from space 15360K, 96% used [0x00000000fce00000,0x00000000fdc899f0,0x00000000fdd00000)
  to   space 26112K, 0% used [0x00000000fe680000,0x00000000fe680000,0x0000000100000000)
 ParOldGen       total 126976K, used 112023K [0x00000000d0000000, 0x00000000d7c00000, 0x00000000f0000000)
  object space 126976K, 88% used [0x00000000d0000000,0x00000000d6d65cb0,0x00000000d7c00000)
 Metaspace       used 66997K, capacity 68662K, committed 68912K, reserved 1110016K
  class space    used 6930K, capacity 7430K, committed 7532K, reserved 1048576K
}
Event: 40.713 GC heap before
{Heap before GC invocations=66 (full 8):
 PSYoungGen      total 226304K, used 222418K [0x00000000f0000000, 0x0000000100000000, 0x0000000100000000)
  eden space 210944K, 98% used [0x00000000f0000000,0x00000000fcaaae18,0x00000000fce00000)
  from space 15360K, 96% used [0x00000000fce00000,0x00000000fdc899f0,0x00000000fdd00000)
  to   space 26112K, 0% used [0x00000000fe680000,0x00000000fe680000,0x0000000100000000)
 ParOldGen       total 126976K, used 112023K [0x00000000d0000000, 0x00000000d7c00000, 0x00000000f0000000)
  object space 126976K, 88% used [0x00000000d0000000,0x00000000d6d65cb0,0x00000000d7c00000)
 Metaspace       used 68618K, capacity 70312K, committed 70576K, reserved 1112064K
  class space    used 7170K, capacity 7657K, committed 7660K, reserved 1048576K
Event: 40.756 GC heap after
Heap after GC invocations=66 (full 8):
 PSYoungGen      total 230912K, used 22077K [0x00000000f0000000, 0x0000000100000000, 0x0000000100000000)
  eden space 204800K, 0% used [0x00000000f0000000,0x00000000f0000000,0x00000000fc800000)
  from space 26112K, 84% used [0x00000000fe680000,0x00000000ffc0f620,0x0000000100000000)
  to   space 28672K, 0% used [0x00000000fc800000,0x00000000fc800000,0x00000000fe400000)
 ParOldGen       total 126976K, used 112031K [0x00000000d0000000, 0x00000000d7c00000, 0x00000000f0000000)
  object space 126976K, 88% used [0x00000000d0000000,0x00000000d6d67cb0,0x00000000d7c00000)
 Metaspace       used 68618K, capacity 70312K, committed 70576K, reserved 1112064K
  class space    used 7170K, capacity 7657K, committed 7660K, reserved 1048576K
}

