# JRE version: Java(TM) SE Runtime Environment (8.0_11-b12) (build 1.8.0_11-b12)
# Java VM: Java HotSpot(TM) 64-Bit Server VM (25.11-b03 mixed mode windows-amd64 compressed oops)
Heap:
 PSYoungGen      total 222720K, used 221624K [0x00000000f0000000, 0x0000000100000000, 0x0000000100000000)
  eden space 193536K, 100% used [0x00000000f0000000,0x00000000fbd00000,0x00000000fbd00000)
  from space 29184K, 96% used [0x00000000fe380000,0x00000000ffeee3d8,0x0000000100000000)
  to   space 34304K, 21% used [0x00000000fbd00000,0x00000000fc43e678,0x00000000fde80000)
 ParOldGen       total 133632K, used 114507K [0x00000000d0000000, 0x00000000d8280000, 0x00000000f0000000)
  object space 133632K, 85% used [0x00000000d0000000,0x00000000d6fd2d88,0x00000000d8280000)
 Metaspace       used 72371K, capacity 74428K, committed 74752K, reserved 1116160K
  class space    used 7484K, capacity 8074K, committed 8192K, reserved 1048576K
GC Heap History (10 events):
Event: 51.870 GC heap before
{Heap before GC invocations=58 (full 8):
 PSYoungGen      total 227840K, used 17911K [0x00000000f0000000, 0x0000000100000000, 0x0000000100000000)
  eden space 209920K, 0% used [0x00000000f0000000,0x00000000f0000000,0x00000000fcd00000)
  from space 17920K, 99% used [0x00000000fee80000,0x00000000ffffdcc8,0x0000000100000000)
  to   space 26112K, 0% used [0x00000000fcd00000,0x00000000fcd00000,0x00000000fe680000)
 ParOldGen       total 114688K, used 102749K [0x00000000d0000000, 0x00000000d7000000, 0x00000000f0000000)
  object space 114688K, 89% used [0x00000000d0000000,0x00000000d64577d0,0x00000000d7000000)
 Metaspace       used 66699K, capacity 68514K, committed 68864K, reserved 1110016K
  class space    used 6819K, capacity 7352K, committed 7424K, reserved 1048576K
Event: 53.600 GC heap after
Heap after GC invocations=58 (full 8):
 PSYoungGen      total 227840K, used 5596K [0x00000000f0000000, 0x0000000100000000, 0x0000000100000000)
  eden space 209920K, 0% used [0x00000000f0000000,0x00000000f0000000,0x00000000fcd00000)
  from space 17920K, 31% used [0x00000000fee80000,0x00000000ff3f73f8,0x0000000100000000)
  to   space 26112K, 0% used [0x00000000fcd00000,0x00000000fcd00000,0x00000000fe680000)
 ParOldGen       total 133632K, used 114331K [0x00000000d0000000, 0x00000000d8280000, 0x00000000f0000000)
  object space 133632K, 85% used [0x00000000d0000000,0x00000000d6fa6d88,0x00000000d8280000)
 Metaspace       used 66699K, capacity 68514K, committed 68864K, reserved 1110016K
  class space    used 6819K, capacity 7352K, committed 7424K, reserved 1048576K
}
Event: 54.825 GC heap before
{Heap before GC invocations=59 (full 8):
 PSYoungGen      total 227840K, used 215516K [0x00000000f0000000, 0x0000000100000000, 0x0000000100000000)
  eden space 209920K, 100% used [0x00000000f0000000,0x00000000fcd00000,0x00000000fcd00000)
  from space 17920K, 31% used [0x00000000fee80000,0x00000000ff3f73f8,0x0000000100000000)
  to   space 26112K, 0% used [0x00000000fcd00000,0x00000000fcd00000,0x00000000fe680000)
 ParOldGen       total 133632K, used 114331K [0x00000000d0000000, 0x00000000d8280000, 0x00000000f0000000)
  object space 133632K, 85% used [0x00000000d0000000,0x00000000d6fa6d88,0x00000000d8280000)
 Metaspace       used 68257K, capacity 70050K, committed 70272K, reserved 1112064K
  class space    used 6986K, capacity 7544K, committed 7552K, reserved 1048576K
Event: 54.909 GC heap after
Heap after GC invocations=59 (full 8):
 PSYoungGen      total 236032K, used 11960K [0x00000000f0000000, 0x0000000100000000, 0x0000000100000000)
  eden space 209920K, 0% used [0x00000000f0000000,0x00000000f0000000,0x00000000fcd00000)
  from space 26112K, 45% used [0x00000000fcd00000,0x00000000fd8ae028,0x00000000fe680000)
  to   space 25088K, 0% used [0x00000000fe780000,0x00000000fe780000,0x0000000100000000)
 ParOldGen       total 133632K, used 114483K [0x00000000d0000000, 0x00000000d8280000, 0x00000000f0000000)
  object space 133632K, 85% used [0x00000000d0000000,0x00000000d6fccd88,0x00000000d8280000)
 Metaspace       used 68257K, capacity 70050K, committed 70272K, reserved 1112064K
  class space    used 6986K, capacity 7544K, committed 7552K, reserved 1048576K
}
Event: 57.129 GC heap before
{Heap before GC invocations=60 (full 8):
 PSYoungGen      total 236032K, used 221880K [0x00000000f0000000, 0x0000000100000000, 0x0000000100000000)
  eden space 209920K, 100% used [0x00000000f0000000,0x00000000fcd00000,0x00000000fcd00000)
  from space 26112K, 45% used [0x00000000fcd00000,0x00000000fd8ae028,0x00000000fe680000)
  to   space 25088K, 0% used [0x00000000fe780000,0x00000000fe780000,0x0000000100000000)
 ParOldGen       total 133632K, used 114483K [0x00000000d0000000, 0x00000000d8280000, 0x00000000f0000000)
  object space 133632K, 85% used [0x00000000d0000000,0x00000000d6fccd88,0x00000000d8280000)
 Metaspace       used 69283K, capacity 71150K, committed 71424K, reserved 1114112K
  class space    used 7078K, capacity 7650K, committed 7680K, reserved 1048576K
Event: 57.208 GC heap after
Heap after GC invocations=60 (full 8):
 PSYoungGen      total 233984K, used 18494K [0x00000000f0000000, 0x0000000100000000, 0x0000000100000000)
  eden space 208896K, 0% used [0x00000000f0000000,0x00000000f0000000,0x00000000fcc00000)
  from space 25088K, 73% used [0x00000000fe780000,0x00000000ff98f968,0x0000000100000000)
  to   space 26624K, 0% used [0x00000000fcc00000,0x00000000fcc00000,0x00000000fe600000)
 ParOldGen       total 133632K, used 114491K [0x00000000d0000000, 0x00000000d8280000, 0x00000000f0000000)
  object space 133632K, 85% used [0x00000000d0000000,0x00000000d6fced88,0x00000000d8280000)
 Metaspace       used 69283K, capacity 71150K, committed 71424K, reserved 1114112K
  class space    used 7078K, capacity 7650K, committed 7680K, reserved 1048576K
}
Event: 58.631 GC heap before
{Heap before GC invocations=61 (full 8):
 PSYoungGen      total 233984K, used 227390K [0x00000000f0000000, 0x0000000100000000, 0x0000000100000000)
  eden space 208896K, 100% used [0x00000000f0000000,0x00000000fcc00000,0x00000000fcc00000)
  from space 25088K, 73% used [0x00000000fe780000,0x00000000ff98f968,0x0000000100000000)
  to   space 26624K, 0% used [0x00000000fcc00000,0x00000000fcc00000,0x00000000fe600000)
 ParOldGen       total 133632K, used 114491K [0x00000000d0000000, 0x00000000d8280000, 0x00000000f0000000)
  object space 133632K, 85% used [0x00000000d0000000,0x00000000d6fced88,0x00000000d8280000)
 Metaspace       used 70013K, capacity 71920K, committed 72064K, reserved 1114112K
  class space    used 7185K, capacity 7767K, committed 7808K, reserved 1048576K
Event: 58.698 GC heap after
Heap after GC invocations=61 (full 8):
 PSYoungGen      total 232960K, used 23595K [0x00000000f0000000, 0x0000000100000000, 0x0000000100000000)
  eden space 208896K, 0% used [0x00000000f0000000,0x00000000f0000000,0x00000000fcc00000)
  from space 24064K, 98% used [0x00000000fcc00000,0x00000000fe30ac88,0x00000000fe380000)
  to   space 29184K, 0% used [0x00000000fe380000,0x00000000fe380000,0x0000000100000000)
 ParOldGen       total 133632K, used 114499K [0x00000000d0000000, 0x00000000d8280000, 0x00000000f0000000)
  object space 133632K, 85% used [0x00000000d0000000,0x00000000d6fd0d88,0x00000000d8280000)
 Metaspace       used 70013K, capacity 71920K, committed 72064K, reserved 1114112K
  class space    used 7185K, capacity 7767K, committed 7808K, reserved 1048576K
}
Event: 59.334 GC heap before
{Heap before GC invocations=62 (full 8):
 PSYoungGen      total 232960K, used 224831K [0x00000000f0000000, 0x0000000100000000, 0x0000000100000000)
  eden space 208896K, 96% used [0x00000000f0000000,0x00000000fc4850e8,0x00000000fcc00000)
  from space 24064K, 98% used [0x00000000fcc00000,0x00000000fe30ac88,0x00000000fe380000)
  to   space 29184K, 0% used [0x00000000fe380000,0x00000000fe380000,0x0000000100000000)
 ParOldGen       total 133632K, used 114499K [0x00000000d0000000, 0x00000000d8280000, 0x00000000f0000000)
  object space 133632K, 85% used [0x00000000d0000000,0x00000000d6fd0d88,0x00000000d8280000)
 Metaspace       used 71425K, capacity 73396K, committed 73472K, reserved 1114112K
  class space    used 7359K, capacity 7932K, committed 7936K, reserved 1048576K
Event: 59.480 GC heap after
Heap after GC invocations=62 (full 8):
 PSYoungGen      total 222720K, used 28088K [0x00000000f0000000, 0x0000000100000000, 0x0000000100000000)
  eden space 193536K, 0% used [0x00000000f0000000,0x00000000f0000000,0x00000000fbd00000)
  from space 29184K, 96% used [0x00000000fe380000,0x00000000ffeee3d8,0x0000000100000000)
  to   space 34304K, 0% used [0x00000000fbd00000,0x00000000fbd00000,0x00000000fde80000)
 ParOldGen       total 133632K, used 114507K [0x00000000d0000000, 0x00000000d8280000, 0x00000000f0000000)
  object space 133632K, 85% used [0x00000000d0000000,0x00000000d6fd2d88,0x00000000d8280000)
 Metaspace       used 71425K, capacity 73396K, committed 73472K, reserved 1114112K
  class space    used 7359K, capacity 7932K, committed 7936K, reserved 1048576K
}

