# JRE version: Java(TM) SE Runtime Environment (8.0_11-b12) (build 1.8.0_11-b12)
# Java VM: Java HotSpot(TM) 64-Bit Server VM (25.11-b03 mixed mode windows-amd64 compressed oops)
Heap:
 PSYoungGen      total 205312K, used 142483K [0x00000000f0000000, 0x0000000100000000, 0x0000000100000000)
  eden space 152576K, 66% used [0x00000000f0000000,0x00000000f62f1698,0x00000000f9500000)
  from space 52736K, 78% used [0x00000000fcc80000,0x00000000ff4b37c8,0x0000000100000000)
  to   space 54784K, 0% used [0x00000000f9500000,0x00000000f9500000,0x00000000fca80000)
 ParOldGen       total 130048K, used 112844K [0x00000000d0000000, 0x00000000d7f00000, 0x00000000f0000000)
  object space 130048K, 86% used [0x00000000d0000000,0x00000000d6e33318,0x00000000d7f00000)
 Metaspace       used 74586K, capacity 76796K, committed 76928K, reserved 1118208K
  class space    used 7502K, capacity 8061K, committed 8064K, reserved 1048576K
GC Heap History (10 events):
Event: 76.339 GC heap before
{Heap before GC invocations=74 (full 8):
 PSYoungGen      total 206848K, used 181677K [0x00000000f0000000, 0x00000000ffb80000, 0x0000000100000000)
  eden space 156160K, 100% used [0x00000000f0000000,0x00000000f9880000,0x00000000f9880000)
  from space 50688K, 50% used [0x00000000f9880000,0x00000000fb16b4a8,0x00000000fca00000)
  to   space 48640K, 0% used [0x00000000fcc00000,0x00000000fcc00000,0x00000000ffb80000)
 ParOldGen       total 130048K, used 109936K [0x00000000d0000000, 0x00000000d7f00000, 0x00000000f0000000)
  object space 130048K, 84% used [0x00000000d0000000,0x00000000d6b5c3e0,0x00000000d7f00000)
 Metaspace       used 71278K, capacity 73198K, committed 73600K, reserved 1116160K
  class space    used 7131K, capacity 7698K, committed 7808K, reserved 1048576K
Event: 76.392 GC heap after
Heap after GC invocations=74 (full 8):
 PSYoungGen      total 208896K, used 31661K [0x00000000f0000000, 0x00000000ffe00000, 0x0000000100000000)
  eden space 160256K, 0% used [0x00000000f0000000,0x00000000f0000000,0x00000000f9c80000)
  from space 48640K, 65% used [0x00000000fcc00000,0x00000000feaeb418,0x00000000ffb80000)
  to   space 48640K, 0% used [0x00000000f9c80000,0x00000000f9c80000,0x00000000fcc00000)
 ParOldGen       total 130048K, used 111300K [0x00000000d0000000, 0x00000000d7f00000, 0x00000000f0000000)
  object space 130048K, 85% used [0x00000000d0000000,0x00000000d6cb1318,0x00000000d7f00000)
 Metaspace       used 71278K, capacity 73198K, committed 73600K, reserved 1116160K
  class space    used 7131K, capacity 7698K, committed 7808K, reserved 1048576K
}
Event: 77.557 GC heap before
{Heap before GC invocations=75 (full 8):
 PSYoungGen      total 208896K, used 184667K [0x00000000f0000000, 0x00000000ffe00000, 0x0000000100000000)
  eden space 160256K, 95% used [0x00000000f0000000,0x00000000f956ba60,0x00000000f9c80000)
  from space 48640K, 65% used [0x00000000fcc00000,0x00000000feaeb418,0x00000000ffb80000)
  to   space 48640K, 0% used [0x00000000f9c80000,0x00000000f9c80000,0x00000000fcc00000)
 ParOldGen       total 130048K, used 111300K [0x00000000d0000000, 0x00000000d7f00000, 0x00000000f0000000)
  object space 130048K, 85% used [0x00000000d0000000,0x00000000d6cb1318,0x00000000d7f00000)
 Metaspace       used 71745K, capacity 73718K, committed 74112K, reserved 1116160K
  class space    used 7186K, capacity 7752K, committed 7808K, reserved 1048576K
Event: 77.724 GC heap after
Heap after GC invocations=75 (full 8):
 PSYoungGen      total 208896K, used 34471K [0x00000000f0000000, 0x0000000100000000, 0x0000000100000000)
  eden space 160256K, 0% used [0x00000000f0000000,0x00000000f0000000,0x00000000f9c80000)
  from space 48640K, 70% used [0x00000000f9c80000,0x00000000fbe29fe8,0x00000000fcc00000)
  to   space 49152K, 0% used [0x00000000fd000000,0x00000000fd000000,0x0000000100000000)
 ParOldGen       total 130048K, used 111564K [0x00000000d0000000, 0x00000000d7f00000, 0x00000000f0000000)
  object space 130048K, 85% used [0x00000000d0000000,0x00000000d6cf3318,0x00000000d7f00000)
 Metaspace       used 71745K, capacity 73718K, committed 74112K, reserved 1116160K
  class space    used 7186K, capacity 7752K, committed 7808K, reserved 1048576K
}
Event: 77.973 GC heap before
{Heap before GC invocations=76 (full 8):
 PSYoungGen      total 208896K, used 192485K [0x00000000f0000000, 0x0000000100000000, 0x0000000100000000)
  eden space 160256K, 98% used [0x00000000f0000000,0x00000000f9a4f6d8,0x00000000f9c80000)
  from space 48640K, 70% used [0x00000000f9c80000,0x00000000fbe29fe8,0x00000000fcc00000)
  to   space 49152K, 0% used [0x00000000fd000000,0x00000000fd000000,0x0000000100000000)
 ParOldGen       total 130048K, used 111564K [0x00000000d0000000, 0x00000000d7f00000, 0x00000000f0000000)
  object space 130048K, 85% used [0x00000000d0000000,0x00000000d6cf3318,0x00000000d7f00000)
 Metaspace       used 72091K, capacity 74156K, committed 74368K, reserved 1116160K
  class space    used 7194K, capacity 7759K, committed 7808K, reserved 1048576K
Event: 78.027 GC heap after
Heap after GC invocations=76 (full 8):
 PSYoungGen      total 210944K, used 35364K [0x00000000f0000000, 0x0000000100000000, 0x0000000100000000)
  eden space 161792K, 0% used [0x00000000f0000000,0x00000000f0000000,0x00000000f9e00000)
  from space 49152K, 71% used [0x00000000fd000000,0x00000000ff2890e0,0x0000000100000000)
  to   space 50176K, 0% used [0x00000000f9e00000,0x00000000f9e00000,0x00000000fcf00000)
 ParOldGen       total 130048K, used 111764K [0x00000000d0000000, 0x00000000d7f00000, 0x00000000f0000000)
  object space 130048K, 85% used [0x00000000d0000000,0x00000000d6d25318,0x00000000d7f00000)
 Metaspace       used 72091K, capacity 74156K, committed 74368K, reserved 1116160K
  class space    used 7194K, capacity 7759K, committed 7808K, reserved 1048576K
}
Event: 78.754 GC heap before
{Heap before GC invocations=77 (full 8):
 PSYoungGen      total 210944K, used 195664K [0x00000000f0000000, 0x0000000100000000, 0x0000000100000000)
  eden space 161792K, 99% used [0x00000000f0000000,0x00000000f9c8b108,0x00000000f9e00000)
  from space 49152K, 71% used [0x00000000fd000000,0x00000000ff2890e0,0x0000000100000000)
  to   space 50176K, 0% used [0x00000000f9e00000,0x00000000f9e00000,0x00000000fcf00000)
 ParOldGen       total 130048K, used 111764K [0x00000000d0000000, 0x00000000d7f00000, 0x00000000f0000000)
  object space 130048K, 85% used [0x00000000d0000000,0x00000000d6d25318,0x00000000d7f00000)
 Metaspace       used 73726K, capacity 75792K, committed 76160K, reserved 1118208K
  class space    used 7402K, capacity 7956K, committed 8064K, reserved 1048576K
Event: 78.957 GC heap after
Heap after GC invocations=77 (full 8):
 PSYoungGen      total 202752K, used 40863K [0x00000000f0000000, 0x0000000100000000, 0x0000000100000000)
  eden space 161792K, 0% used [0x00000000f0000000,0x00000000f0000000,0x00000000f9e00000)
  from space 40960K, 99% used [0x00000000f9e00000,0x00000000fc5e7c30,0x00000000fc600000)
  to   space 52736K, 0% used [0x00000000fcc80000,0x00000000fcc80000,0x0000000100000000)
 ParOldGen       total 130048K, used 111828K [0x00000000d0000000, 0x00000000d7f00000, 0x00000000f0000000)
  object space 130048K, 85% used [0x00000000d0000000,0x00000000d6d35318,0x00000000d7f00000)
 Metaspace       used 73726K, capacity 75792K, committed 76160K, reserved 1118208K
  class space    used 7402K, capacity 7956K, committed 8064K, reserved 1048576K
}
Event: 79.763 GC heap before
{Heap before GC invocations=78 (full 8):
 PSYoungGen      total 202752K, used 197396K [0x00000000f0000000, 0x0000000100000000, 0x0000000100000000)
  eden space 161792K, 96% used [0x00000000f0000000,0x00000000f98dd6f8,0x00000000f9e00000)
  from space 40960K, 99% used [0x00000000f9e00000,0x00000000fc5e7c30,0x00000000fc600000)
  to   space 52736K, 0% used [0x00000000fcc80000,0x00000000fcc80000,0x0000000100000000)
 ParOldGen       total 130048K, used 111828K [0x00000000d0000000, 0x00000000d7f00000, 0x00000000f0000000)
  object space 130048K, 85% used [0x00000000d0000000,0x00000000d6d35318,0x00000000d7f00000)
 Metaspace       used 74044K, capacity 76174K, committed 76416K, reserved 1118208K
  class space    used 7424K, capacity 7992K, committed 8064K, reserved 1048576K
Event: 79.839 GC heap after
Heap after GC invocations=78 (full 8):
 PSYoungGen      total 205312K, used 41165K [0x00000000f0000000, 0x0000000100000000, 0x0000000100000000)
  eden space 152576K, 0% used [0x00000000f0000000,0x00000000f0000000,0x00000000f9500000)
  from space 52736K, 78% used [0x00000000fcc80000,0x00000000ff4b37c8,0x0000000100000000)
  to   space 54784K, 0% used [0x00000000f9500000,0x00000000f9500000,0x00000000fca80000)
 ParOldGen       total 130048K, used 112844K [0x00000000d0000000, 0x00000000d7f00000, 0x00000000f0000000)
  object space 130048K, 86% used [0x00000000d0000000,0x00000000d6e33318,0x00000000d7f00000)
 Metaspace       used 74044K, capacity 76174K, committed 76416K, reserved 1118208K
  class space    used 7424K, capacity 7992K, committed 8064K, reserved 1048576K
}

