# JRE version: Java(TM) SE Runtime Environment (8.0_11-b12) (build 1.8.0_11-b12)
# Java VM: Java HotSpot(TM) 64-Bit Server VM (25.11-b03 mixed mode windows-amd64 compressed oops)
Heap:
 PSYoungGen      total 237056K, used 137801K [0x00000000f0000000, 0x0000000100000000, 0x0000000100000000)
  eden space 228352K, 59% used [0x00000000f0000000,0x00000000f85a3620,0x00000000fdf00000)
  from space 8704K, 10% used [0x00000000ff780000,0x00000000ff86f0d8,0x0000000100000000)
  to   space 16896K, 0% used [0x00000000fdf00000,0x00000000fdf00000,0x00000000fef80000)
 ParOldGen       total 111104K, used 92606K [0x00000000d0000000, 0x00000000d6c80000, 0x00000000f0000000)
  object space 111104K, 83% used [0x00000000d0000000,0x00000000d5a6fab8,0x00000000d6c80000)
 Metaspace       used 58995K, capacity 60700K, committed 60928K, reserved 1103872K
  class space    used 6613K, capacity 7128K, committed 7168K, reserved 1048576K
GC Heap History (10 events):
Event: 69.566 GC heap before
{Heap before GC invocations=54 (full 6):
 PSYoungGen      total 252928K, used 249563K [0x00000000f0000000, 0x0000000100000000, 0x0000000100000000)
  eden space 244736K, 100% used [0x00000000f0000000,0x00000000fef00000,0x00000000fef00000)
  from space 8192K, 58% used [0x00000000fef00000,0x00000000ff3b6fc0,0x00000000ff700000)
  to   space 8192K, 0% used [0x00000000ff800000,0x00000000ff800000,0x0000000100000000)
 ParOldGen       total 77312K, used 66190K [0x00000000d0000000, 0x00000000d4b80000, 0x00000000f0000000)
  object space 77312K, 85% used [0x00000000d0000000,0x00000000d40a3810,0x00000000d4b80000)
 Metaspace       used 54153K, capacity 55788K, committed 55936K, reserved 1099776K
  class space    used 6026K, capacity 6512K, committed 6528K, reserved 1048576K
Event: 69.673 GC heap after
Heap after GC invocations=54 (full 6):
 PSYoungGen      total 252928K, used 6065K [0x00000000f0000000, 0x0000000100000000, 0x0000000100000000)
  eden space 244736K, 0% used [0x00000000f0000000,0x00000000f0000000,0x00000000fef00000)
  from space 8192K, 74% used [0x00000000ff800000,0x00000000ffdec458,0x0000000100000000)
  to   space 8704K, 0% used [0x00000000fef00000,0x00000000fef00000,0x00000000ff780000)
 ParOldGen       total 77312K, used 69566K [0x00000000d0000000, 0x00000000d4b80000, 0x00000000f0000000)
  object space 77312K, 89% used [0x00000000d0000000,0x00000000d43ef840,0x00000000d4b80000)
 Metaspace       used 54153K, capacity 55788K, committed 55936K, reserved 1099776K
  class space    used 6026K, capacity 6512K, committed 6528K, reserved 1048576K
}
Event: 72.491 GC heap before
{Heap before GC invocations=55 (full 6):
 PSYoungGen      total 252928K, used 250801K [0x00000000f0000000, 0x0000000100000000, 0x0000000100000000)
  eden space 244736K, 100% used [0x00000000f0000000,0x00000000fef00000,0x00000000fef00000)
  from space 8192K, 74% used [0x00000000ff800000,0x00000000ffdec458,0x0000000100000000)
  to   space 8704K, 0% used [0x00000000fef00000,0x00000000fef00000,0x00000000ff780000)
 ParOldGen       total 77312K, used 69566K [0x00000000d0000000, 0x00000000d4b80000, 0x00000000f0000000)
  object space 77312K, 89% used [0x00000000d0000000,0x00000000d43ef840,0x00000000d4b80000)
 Metaspace       used 55927K, capacity 57506K, committed 57728K, reserved 1099776K
  class space    used 6201K, capacity 6690K, committed 6784K, reserved 1048576K
Event: 72.655 GC heap after
Heap after GC invocations=55 (full 6):
 PSYoungGen      total 253440K, used 8688K [0x00000000f0000000, 0x0000000100000000, 0x0000000100000000)
  eden space 244736K, 0% used [0x00000000f0000000,0x00000000f0000000,0x00000000fef00000)
  from space 8704K, 99% used [0x00000000fef00000,0x00000000ff77c2c0,0x00000000ff780000)
  to   space 8704K, 0% used [0x00000000ff780000,0x00000000ff780000,0x0000000100000000)
 ParOldGen       total 77312K, used 77026K [0x00000000d0000000, 0x00000000d4b80000, 0x00000000f0000000)
  object space 77312K, 99% used [0x00000000d0000000,0x00000000d4b38858,0x00000000d4b80000)
 Metaspace       used 55927K, capacity 57506K, committed 57728K, reserved 1099776K
  class space    used 6201K, capacity 6690K, committed 6784K, reserved 1048576K
}
Event: 72.655 GC heap before
{Heap before GC invocations=56 (full 7):
 PSYoungGen      total 253440K, used 8688K [0x00000000f0000000, 0x0000000100000000, 0x0000000100000000)
  eden space 244736K, 0% used [0x00000000f0000000,0x00000000f0000000,0x00000000fef00000)
  from space 8704K, 99% used [0x00000000fef00000,0x00000000ff77c2c0,0x00000000ff780000)
  to   space 8704K, 0% used [0x00000000ff780000,0x00000000ff780000,0x0000000100000000)
 ParOldGen       total 77312K, used 77026K [0x00000000d0000000, 0x00000000d4b80000, 0x00000000f0000000)
  object space 77312K, 99% used [0x00000000d0000000,0x00000000d4b38858,0x00000000d4b80000)
 Metaspace       used 55927K, capacity 57506K, committed 57728K, reserved 1099776K
  class space    used 6201K, capacity 6690K, committed 6784K, reserved 1048576K
Event: 76.700 GC heap after
Heap after GC invocations=56 (full 7):
 PSYoungGen      total 253440K, used 6561K [0x00000000f0000000, 0x0000000100000000, 0x0000000100000000)
  eden space 244736K, 0% used [0x00000000f0000000,0x00000000f0000000,0x00000000fef00000)
  from space 8704K, 75% used [0x00000000fef00000,0x00000000ff568468,0x00000000ff780000)
  to   space 8704K, 0% used [0x00000000ff780000,0x00000000ff780000,0x0000000100000000)
 ParOldGen       total 92672K, used 77302K [0x00000000d0000000, 0x00000000d5a80000, 0x00000000f0000000)
  object space 92672K, 83% used [0x00000000d0000000,0x00000000d4b7d9d8,0x00000000d5a80000)
 Metaspace       used 55927K, capacity 57506K, committed 57728K, reserved 1099776K
  class space    used 6201K, capacity 6690K, committed 6784K, reserved 1048576K
}
Event: 81.021 GC heap before
{Heap before GC invocations=57 (full 7):
 PSYoungGen      total 253440K, used 248579K [0x00000000f0000000, 0x0000000100000000, 0x0000000100000000)
  eden space 244736K, 98% used [0x00000000f0000000,0x00000000fec587a8,0x00000000fef00000)
  from space 8704K, 75% used [0x00000000fef00000,0x00000000ff568468,0x00000000ff780000)
  to   space 8704K, 0% used [0x00000000ff780000,0x00000000ff780000,0x0000000100000000)
 ParOldGen       total 92672K, used 77302K [0x00000000d0000000, 0x00000000d5a80000, 0x00000000f0000000)
  object space 92672K, 83% used [0x00000000d0000000,0x00000000d4b7d9d8,0x00000000d5a80000)
 Metaspace       used 57910K, capacity 59502K, committed 59776K, reserved 1101824K
  class space    used 6473K, capacity 6948K, committed 7040K, reserved 1048576K
Event: 81.064 GC heap after
Heap after GC invocations=57 (full 7):
 PSYoungGen      total 237056K, used 8698K [0x00000000f0000000, 0x0000000100000000, 0x0000000100000000)
  eden space 228352K, 0% used [0x00000000f0000000,0x00000000f0000000,0x00000000fdf00000)
  from space 8704K, 99% used [0x00000000ff780000,0x00000000ffffea10,0x0000000100000000)
  to   space 16896K, 0% used [0x00000000fdf00000,0x00000000fdf00000,0x00000000fef80000)
 ParOldGen       total 92672K, used 86020K [0x00000000d0000000, 0x00000000d5a80000, 0x00000000f0000000)
  object space 92672K, 92% used [0x00000000d0000000,0x00000000d54010c0,0x00000000d5a80000)
 Metaspace       used 57910K, capacity 59502K, committed 59776K, reserved 1101824K
  class space    used 6473K, capacity 6948K, committed 7040K, reserved 1048576K
}
Event: 81.064 GC heap before
{Heap before GC invocations=58 (full 8):
 PSYoungGen      total 237056K, used 8698K [0x00000000f0000000, 0x0000000100000000, 0x0000000100000000)
  eden space 228352K, 0% used [0x00000000f0000000,0x00000000f0000000,0x00000000fdf00000)
  from space 8704K, 99% used [0x00000000ff780000,0x00000000ffffea10,0x0000000100000000)
  to   space 16896K, 0% used [0x00000000fdf00000,0x00000000fdf00000,0x00000000fef80000)
 ParOldGen       total 92672K, used 86020K [0x00000000d0000000, 0x00000000d5a80000, 0x00000000f0000000)
  object space 92672K, 92% used [0x00000000d0000000,0x00000000d54010c0,0x00000000d5a80000)
 Metaspace       used 57910K, capacity 59502K, committed 59776K, reserved 1101824K
  class space    used 6473K, capacity 6948K, committed 7040K, reserved 1048576K
Event: 81.940 GC heap after
Heap after GC invocations=58 (full 8):
 PSYoungGen      total 237056K, used 956K [0x00000000f0000000, 0x0000000100000000, 0x0000000100000000)
  eden space 228352K, 0% used [0x00000000f0000000,0x00000000f0000000,0x00000000fdf00000)
  from space 8704K, 10% used [0x00000000ff780000,0x00000000ff86f0d8,0x0000000100000000)
  to   space 16896K, 0% used [0x00000000fdf00000,0x00000000fdf00000,0x00000000fef80000)
 ParOldGen       total 111104K, used 92606K [0x00000000d0000000, 0x00000000d6c80000, 0x00000000f0000000)
  object space 111104K, 83% used [0x00000000d0000000,0x00000000d5a6fab8,0x00000000d6c80000)
 Metaspace       used 57910K, capacity 59502K, committed 59776K, reserved 1101824K
  class space    used 6473K, capacity 6948K, committed 7040K, reserved 1048576K
}

