# JRE version: Java(TM) SE Runtime Environment (8.0_11-b12) (build 1.8.0_11-b12)
# Java VM: Java HotSpot(TM) 64-Bit Server VM (25.11-b03 mixed mode windows-amd64 compressed oops)
Heap:
 PSYoungGen      total 239104K, used 162112K [0x00000000f0000000, 0x0000000100000000, 0x0000000100000000)
  eden space 216064K, 64% used [0x00000000f0000000,0x00000000f87d7670,0x00000000fd300000)
  from space 23040K, 99% used [0x00000000fd300000,0x00000000fe978cb8,0x00000000fe980000)
  to   space 23040K, 0% used [0x00000000fe980000,0x00000000fe980000,0x0000000100000000)
 ParOldGen       total 125952K, used 109019K [0x00000000d0000000, 0x00000000d7b00000, 0x00000000f0000000)
  object space 125952K, 86% used [0x00000000d0000000,0x00000000d6a76cc0,0x00000000d7b00000)
 Metaspace       used 68941K, capacity 70676K, committed 70764K, reserved 1112064K
  class space    used 7281K, capacity 7799K, committed 7808K, reserved 1048576K
GC Heap History (10 events):
Event: 39.647 GC heap before
{Heap before GC invocations=57 (full 7):
 PSYoungGen      total 248320K, used 248311K [0x00000000f0000000, 0x0000000100000000, 0x0000000100000000)
  eden space 234496K, 100% used [0x00000000f0000000,0x00000000fe500000,0x00000000fe500000)
  from space 13824K, 99% used [0x00000000fe500000,0x00000000ff27de50,0x00000000ff280000)
  to   space 13824K, 0% used [0x00000000ff280000,0x00000000ff280000,0x0000000100000000)
 ParOldGen       total 107008K, used 91720K [0x00000000d0000000, 0x00000000d6880000, 0x00000000f0000000)
  object space 107008K, 85% used [0x00000000d0000000,0x00000000d59923e0,0x00000000d6880000)
 Metaspace       used 63859K, capacity 65520K, committed 65772K, reserved 1107968K
  class space    used 6652K, capacity 7144K, committed 7168K, reserved 1048576K
Event: 39.685 GC heap after
Heap after GC invocations=57 (full 7):
 PSYoungGen      total 233984K, used 13808K [0x00000000f0000000, 0x0000000100000000, 0x0000000100000000)
  eden space 220160K, 0% used [0x00000000f0000000,0x00000000f0000000,0x00000000fd700000)
  from space 13824K, 99% used [0x00000000ff280000,0x00000000ffffc030,0x0000000100000000)
  to   space 20992K, 0% used [0x00000000fd700000,0x00000000fd700000,0x00000000feb80000)
 ParOldGen       total 107008K, used 99403K [0x00000000d0000000, 0x00000000d6880000, 0x00000000f0000000)
  object space 107008K, 92% used [0x00000000d0000000,0x00000000d6112d00,0x00000000d6880000)
 Metaspace       used 63859K, capacity 65520K, committed 65772K, reserved 1107968K
  class space    used 6652K, capacity 7144K, committed 7168K, reserved 1048576K
}
Event: 39.685 GC heap before
{Heap before GC invocations=58 (full 8):
 PSYoungGen      total 233984K, used 13808K [0x00000000f0000000, 0x0000000100000000, 0x0000000100000000)
  eden space 220160K, 0% used [0x00000000f0000000,0x00000000f0000000,0x00000000fd700000)
  from space 13824K, 99% used [0x00000000ff280000,0x00000000ffffc030,0x0000000100000000)
  to   space 20992K, 0% used [0x00000000fd700000,0x00000000fd700000,0x00000000feb80000)
 ParOldGen       total 107008K, used 99403K [0x00000000d0000000, 0x00000000d6880000, 0x00000000f0000000)
  object space 107008K, 92% used [0x00000000d0000000,0x00000000d6112d00,0x00000000d6880000)
 Metaspace       used 63859K, capacity 65520K, committed 65772K, reserved 1107968K
  class space    used 6652K, capacity 7144K, committed 7168K, reserved 1048576K
Event: 41.268 GC heap after
Heap after GC invocations=58 (full 8):
 PSYoungGen      total 233984K, used 4573K [0x00000000f0000000, 0x0000000100000000, 0x0000000100000000)
  eden space 220160K, 0% used [0x00000000f0000000,0x00000000f0000000,0x00000000fd700000)
  from space 13824K, 33% used [0x00000000ff280000,0x00000000ff6f7538,0x0000000100000000)
  to   space 20992K, 0% used [0x00000000fd700000,0x00000000fd700000,0x00000000feb80000)
 ParOldGen       total 125952K, used 106838K [0x00000000d0000000, 0x00000000d7b00000, 0x00000000f0000000)
  object space 125952K, 84% used [0x00000000d0000000,0x00000000d6855ad8,0x00000000d7b00000)
 Metaspace       used 63859K, capacity 65520K, committed 65772K, reserved 1107968K
  class space    used 6652K, capacity 7144K, committed 7168K, reserved 1048576K
}
Event: 42.276 GC heap before
{Heap before GC invocations=59 (full 8):
 PSYoungGen      total 233984K, used 217314K [0x00000000f0000000, 0x0000000100000000, 0x0000000100000000)
  eden space 220160K, 96% used [0x00000000f0000000,0x00000000fcfc1500,0x00000000fd700000)
  from space 13824K, 33% used [0x00000000ff280000,0x00000000ff6f7538,0x0000000100000000)
  to   space 20992K, 0% used [0x00000000fd700000,0x00000000fd700000,0x00000000feb80000)
 ParOldGen       total 125952K, used 106838K [0x00000000d0000000, 0x00000000d7b00000, 0x00000000f0000000)
  object space 125952K, 84% used [0x00000000d0000000,0x00000000d6855ad8,0x00000000d7b00000)
 Metaspace       used 65462K, capacity 67158K, committed 67564K, reserved 1110016K
  class space    used 6818K, capacity 7305K, committed 7424K, reserved 1048576K
Event: 42.346 GC heap after
Heap after GC invocations=59 (full 8):
 PSYoungGen      total 241152K, used 10014K [0x00000000f0000000, 0x0000000100000000, 0x0000000100000000)
  eden space 220160K, 0% used [0x00000000f0000000,0x00000000f0000000,0x00000000fd700000)
  from space 20992K, 47% used [0x00000000fd700000,0x00000000fe0c79a0,0x00000000feb80000)
  to   space 20480K, 0% used [0x00000000fec00000,0x00000000fec00000,0x0000000100000000)
 ParOldGen       total 125952K, used 107150K [0x00000000d0000000, 0x00000000d7b00000, 0x00000000f0000000)
  object space 125952K, 85% used [0x00000000d0000000,0x00000000d68a3ad8,0x00000000d7b00000)
 Metaspace       used 65462K, capacity 67158K, committed 67564K, reserved 1110016K
  class space    used 6818K, capacity 7305K, committed 7424K, reserved 1048576K
}
Event: 44.157 GC heap before
{Heap before GC invocations=60 (full 8):
 PSYoungGen      total 241152K, used 230174K [0x00000000f0000000, 0x0000000100000000, 0x0000000100000000)
  eden space 220160K, 100% used [0x00000000f0000000,0x00000000fd700000,0x00000000fd700000)
  from space 20992K, 47% used [0x00000000fd700000,0x00000000fe0c79a0,0x00000000feb80000)
  to   space 20480K, 0% used [0x00000000fec00000,0x00000000fec00000,0x0000000100000000)
 ParOldGen       total 125952K, used 107150K [0x00000000d0000000, 0x00000000d7b00000, 0x00000000f0000000)
  object space 125952K, 85% used [0x00000000d0000000,0x00000000d68a3ad8,0x00000000d7b00000)
 Metaspace       used 66490K, capacity 68234K, committed 68588K, reserved 1110016K
  class space    used 6922K, capacity 7398K, committed 7424K, reserved 1048576K
Event: 44.204 GC heap after
Heap after GC invocations=60 (full 8):
 PSYoungGen      total 236544K, used 17933K [0x00000000f0000000, 0x0000000100000000, 0x0000000100000000)
  eden space 216064K, 0% used [0x00000000f0000000,0x00000000f0000000,0x00000000fd300000)
  from space 20480K, 87% used [0x00000000fec00000,0x00000000ffd83498,0x0000000100000000)
  to   space 23040K, 0% used [0x00000000fd300000,0x00000000fd300000,0x00000000fe980000)
 ParOldGen       total 125952K, used 107158K [0x00000000d0000000, 0x00000000d7b00000, 0x00000000f0000000)
  object space 125952K, 85% used [0x00000000d0000000,0x00000000d68a5ad8,0x00000000d7b00000)
 Metaspace       used 66490K, capacity 68234K, committed 68588K, reserved 1110016K
  class space    used 6922K, capacity 7398K, committed 7424K, reserved 1048576K
}
Event: 45.272 GC heap before
{Heap before GC invocations=61 (full 8):
 PSYoungGen      total 236544K, used 227837K [0x00000000f0000000, 0x0000000100000000, 0x0000000100000000)
  eden space 216064K, 97% used [0x00000000f0000000,0x00000000fccfc1c0,0x00000000fd300000)
  from space 20480K, 87% used [0x00000000fec00000,0x00000000ffd83498,0x0000000100000000)
  to   space 23040K, 0% used [0x00000000fd300000,0x00000000fd300000,0x00000000fe980000)
 ParOldGen       total 125952K, used 107158K [0x00000000d0000000, 0x00000000d7b00000, 0x00000000f0000000)
  object space 125952K, 85% used [0x00000000d0000000,0x00000000d68a5ad8,0x00000000d7b00000)
 Metaspace       used 68103K, capacity 69756K, committed 70124K, reserved 1112064K
  class space    used 7158K, capacity 7625K, committed 7680K, reserved 1048576K
Event: 45.307 GC heap after
Heap after GC invocations=61 (full 8):
 PSYoungGen      total 239104K, used 23011K [0x00000000f0000000, 0x0000000100000000, 0x0000000100000000)
  eden space 216064K, 0% used [0x00000000f0000000,0x00000000f0000000,0x00000000fd300000)
  from space 23040K, 99% used [0x00000000fd300000,0x00000000fe978cb8,0x00000000fe980000)
  to   space 23040K, 0% used [0x00000000fe980000,0x00000000fe980000,0x0000000100000000)
 ParOldGen       total 125952K, used 109019K [0x00000000d0000000, 0x00000000d7b00000, 0x00000000f0000000)
  object space 125952K, 86% used [0x00000000d0000000,0x00000000d6a76cc0,0x00000000d7b00000)
 Metaspace       used 68103K, capacity 69756K, committed 70124K, reserved 1112064K
  class space    used 7158K, capacity 7625K, committed 7680K, reserved 1048576K
}

