# JRE version: Java(TM) SE Runtime Environment (8.0_11-b12) (build 1.8.0_11-b12)
# Java VM: Java HotSpot(TM) 64-Bit Server VM (25.11-b03 mixed mode windows-amd64 compressed oops)
Heap:
 PSYoungGen      total 188928K, used 123991K [0x00000000f0000000, 0x0000000100000000, 0x0000000100000000)
  eden space 126976K, 57% used [0x00000000f0000000,0x00000000f46df3e0,0x00000000f7c00000)
  from space 61952K, 82% used [0x00000000fc380000,0x00000000ff5b6bf8,0x0000000100000000)
  to   space 67584K, 0% used [0x00000000f7c00000,0x00000000f7c00000,0x00000000fbe00000)
 ParOldGen       total 131584K, used 117324K [0x00000000d0000000, 0x00000000d8080000, 0x00000000f0000000)
  object space 131584K, 89% used [0x00000000d0000000,0x00000000d7293040,0x00000000d8080000)
 Metaspace       used 77191K, capacity 79716K, committed 79848K, reserved 1120256K
  class space    used 7754K, capacity 8404K, committed 8448K, reserved 1048576K
GC Heap History (10 events):
Event: 47.367 GC heap before
{Heap before GC invocations=66 (full 8):
 PSYoungGen      total 211456K, used 205185K [0x00000000f0000000, 0x0000000100000000, 0x0000000100000000)
  eden space 177152K, 96% used [0x00000000f0000000,0x00000000fa7513f8,0x00000000fad00000)
  from space 34304K, 98% used [0x00000000fad00000,0x00000000fce0f3e8,0x00000000fce80000)
  to   space 45568K, 0% used [0x00000000fd380000,0x00000000fd380000,0x0000000100000000)
 ParOldGen       total 131584K, used 115950K [0x00000000d0000000, 0x00000000d8080000, 0x00000000f0000000)
  object space 131584K, 88% used [0x00000000d0000000,0x00000000d713b830,0x00000000d8080000)
 Metaspace       used 74046K, capacity 76054K, committed 76136K, reserved 1118208K
  class space    used 7426K, capacity 7984K, committed 8064K, reserved 1048576K
Event: 47.470 GC heap after
Heap after GC invocations=66 (full 8):
 PSYoungGen      total 207360K, used 39335K [0x00000000f0000000, 0x0000000100000000, 0x0000000100000000)
  eden space 161792K, 0% used [0x00000000f0000000,0x00000000f0000000,0x00000000f9e00000)
  from space 45568K, 86% used [0x00000000fd380000,0x00000000ff9e9e30,0x0000000100000000)
  to   space 50176K, 0% used [0x00000000f9e00000,0x00000000f9e00000,0x00000000fcf00000)
 ParOldGen       total 131584K, used 115958K [0x00000000d0000000, 0x00000000d8080000, 0x00000000f0000000)
  object space 131584K, 88% used [0x00000000d0000000,0x00000000d713d830,0x00000000d8080000)
 Metaspace       used 74046K, capacity 76054K, committed 76136K, reserved 1118208K
  class space    used 7426K, capacity 7984K, committed 8064K, reserved 1048576K
}
Event: 47.897 GC heap before
{Heap before GC invocations=67 (full 8):
 PSYoungGen      total 207360K, used 192760K [0x00000000f0000000, 0x0000000100000000, 0x0000000100000000)
  eden space 161792K, 94% used [0x00000000f0000000,0x00000000f95d44b0,0x00000000f9e00000)
  from space 45568K, 86% used [0x00000000fd380000,0x00000000ff9e9e30,0x0000000100000000)
  to   space 50176K, 0% used [0x00000000f9e00000,0x00000000f9e00000,0x00000000fcf00000)
 ParOldGen       total 131584K, used 115958K [0x00000000d0000000, 0x00000000d8080000, 0x00000000f0000000)
  object space 131584K, 88% used [0x00000000d0000000,0x00000000d713d830,0x00000000d8080000)
 Metaspace       used 74390K, capacity 76492K, committed 76648K, reserved 1118208K
  class space    used 7437K, capacity 7991K, committed 8064K, reserved 1048576K
Event: 47.994 GC heap after
Heap after GC invocations=67 (full 8):
 PSYoungGen      total 202240K, used 40023K [0x00000000f0000000, 0x0000000100000000, 0x0000000100000000)
  eden space 161792K, 0% used [0x00000000f0000000,0x00000000f0000000,0x00000000f9e00000)
  from space 40448K, 98% used [0x00000000f9e00000,0x00000000fc515d60,0x00000000fc580000)
  to   space 54272K, 0% used [0x00000000fcb00000,0x00000000fcb00000,0x0000000100000000)
 ParOldGen       total 131584K, used 115966K [0x00000000d0000000, 0x00000000d8080000, 0x00000000f0000000)
  object space 131584K, 88% used [0x00000000d0000000,0x00000000d713f830,0x00000000d8080000)
 Metaspace       used 74390K, capacity 76492K, committed 76648K, reserved 1118208K
  class space    used 7437K, capacity 7991K, committed 8064K, reserved 1048576K
}
Event: 48.428 GC heap before
{Heap before GC invocations=68 (full 8):
 PSYoungGen      total 202240K, used 192062K [0x00000000f0000000, 0x0000000100000000, 0x0000000100000000)
  eden space 161792K, 93% used [0x00000000f0000000,0x00000000f9479b88,0x00000000f9e00000)
  from space 40448K, 98% used [0x00000000f9e00000,0x00000000fc515d60,0x00000000fc580000)
  to   space 54272K, 0% used [0x00000000fcb00000,0x00000000fcb00000,0x0000000100000000)
 ParOldGen       total 131584K, used 115966K [0x00000000d0000000, 0x00000000d8080000, 0x00000000f0000000)
  object space 131584K, 88% used [0x00000000d0000000,0x00000000d713f830,0x00000000d8080000)
 Metaspace       used 74841K, capacity 77132K, committed 77160K, reserved 1118208K
  class space    used 7452K, capacity 8037K, committed 8064K, reserved 1048576K
Event: 48.779 GC heap after
Heap after GC invocations=68 (full 8):
 PSYoungGen      total 200704K, used 41891K [0x00000000f0000000, 0x0000000100000000, 0x0000000100000000)
  eden space 146432K, 0% used [0x00000000f0000000,0x00000000f0000000,0x00000000f8f00000)
  from space 54272K, 77% used [0x00000000fcb00000,0x00000000ff3e8d08,0x0000000100000000)
  to   space 57856K, 0% used [0x00000000f8f00000,0x00000000f8f00000,0x00000000fc780000)
 ParOldGen       total 131584K, used 115966K [0x00000000d0000000, 0x00000000d8080000, 0x00000000f0000000)
  object space 131584K, 88% used [0x00000000d0000000,0x00000000d713f830,0x00000000d8080000)
 Metaspace       used 74841K, capacity 77132K, committed 77160K, reserved 1118208K
  class space    used 7452K, capacity 8037K, committed 8064K, reserved 1048576K
}
Event: 49.624 GC heap before
{Heap before GC invocations=69 (full 8):
 PSYoungGen      total 200704K, used 188323K [0x00000000f0000000, 0x0000000100000000, 0x0000000100000000)
  eden space 146432K, 100% used [0x00000000f0000000,0x00000000f8f00000,0x00000000f8f00000)
  from space 54272K, 77% used [0x00000000fcb00000,0x00000000ff3e8d08,0x0000000100000000)
  to   space 57856K, 0% used [0x00000000f8f00000,0x00000000f8f00000,0x00000000fc780000)
 ParOldGen       total 131584K, used 115966K [0x00000000d0000000, 0x00000000d8080000, 0x00000000f0000000)
  object space 131584K, 88% used [0x00000000d0000000,0x00000000d713f830,0x00000000d8080000)
 Metaspace       used 75439K, capacity 77814K, committed 78056K, reserved 1120256K
  class space    used 7553K, capacity 8148K, committed 8192K, reserved 1048576K
Event: 49.747 GC heap after
Heap after GC invocations=69 (full 8):
 PSYoungGen      total 192000K, used 45179K [0x00000000f0000000, 0x0000000100000000, 0x0000000100000000)
  eden space 146432K, 0% used [0x00000000f0000000,0x00000000f0000000,0x00000000f8f00000)
  from space 45568K, 99% used [0x00000000f8f00000,0x00000000fbb1ec68,0x00000000fbb80000)
  to   space 61952K, 0% used [0x00000000fc380000,0x00000000fc380000,0x0000000100000000)
 ParOldGen       total 131584K, used 117060K [0x00000000d0000000, 0x00000000d8080000, 0x00000000f0000000)
  object space 131584K, 88% used [0x00000000d0000000,0x00000000d7251040,0x00000000d8080000)
 Metaspace       used 75439K, capacity 77814K, committed 78056K, reserved 1120256K
  class space    used 7553K, capacity 8148K, committed 8192K, reserved 1048576K
}
Event: 50.805 GC heap before
{Heap before GC invocations=70 (full 8):
 PSYoungGen      total 192000K, used 191611K [0x00000000f0000000, 0x0000000100000000, 0x0000000100000000)
  eden space 146432K, 100% used [0x00000000f0000000,0x00000000f8f00000,0x00000000f8f00000)
  from space 45568K, 99% used [0x00000000f8f00000,0x00000000fbb1ec68,0x00000000fbb80000)
  to   space 61952K, 0% used [0x00000000fc380000,0x00000000fc380000,0x0000000100000000)
 ParOldGen       total 131584K, used 117060K [0x00000000d0000000, 0x00000000d8080000, 0x00000000f0000000)
  object space 131584K, 88% used [0x00000000d0000000,0x00000000d7251040,0x00000000d8080000)
 Metaspace       used 76899K, capacity 79406K, committed 79592K, reserved 1120256K
  class space    used 7711K, capacity 8347K, committed 8448K, reserved 1048576K
Event: 51.068 GC heap after
Heap after GC invocations=70 (full 8):
 PSYoungGen      total 188928K, used 51418K [0x00000000f0000000, 0x0000000100000000, 0x0000000100000000)
  eden space 126976K, 0% used [0x00000000f0000000,0x00000000f0000000,0x00000000f7c00000)
  from space 61952K, 82% used [0x00000000fc380000,0x00000000ff5b6bf8,0x0000000100000000)
  to   space 67584K, 0% used [0x00000000f7c00000,0x00000000f7c00000,0x00000000fbe00000)
 ParOldGen       total 131584K, used 117324K [0x00000000d0000000, 0x00000000d8080000, 0x00000000f0000000)
  object space 131584K, 89% used [0x00000000d0000000,0x00000000d7293040,0x00000000d8080000)
 Metaspace       used 76899K, capacity 79406K, committed 79592K, reserved 1120256K
  class space    used 7711K, capacity 8347K, committed 8448K, reserved 1048576K
}

