# JRE version: Java(TM) SE Runtime Environment (8.0_11-b12) (build 1.8.0_11-b12)
# Java VM: Java HotSpot(TM) 64-Bit Server VM (25.11-b03 mixed mode windows-amd64 compressed oops)
Heap:
 PSYoungGen      total 221696K, used 170040K [0x00000000f0000000, 0x0000000100000000, 0x0000000100000000)
  eden space 195584K, 75% used [0x00000000f0000000,0x00000000f9081448,0x00000000fbf00000)
  from space 26112K, 84% used [0x00000000fe680000,0x00000000ffc0cf70,0x0000000100000000)
  to   space 33280K, 0% used [0x00000000fbf00000,0x00000000fbf00000,0x00000000fdf80000)
 ParOldGen       total 136192K, used 122408K [0x00000000d0000000, 0x00000000d8500000, 0x00000000f0000000)
  object space 136192K, 89% used [0x00000000d0000000,0x00000000d778a130,0x00000000d8500000)
 Metaspace       used 72407K, capacity 74492K, committed 74752K, reserved 1116160K
  class space    used 7486K, capacity 8074K, committed 8192K, reserved 1048576K
GC Heap History (10 events):
Event: 59.630 GC heap before
{Heap before GC invocations=56 (full 8):
 PSYoungGen      total 232448K, used 206336K [0x00000000f0000000, 0x00000000ffd80000, 0x0000000100000000)
  eden space 206336K, 100% used [0x00000000f0000000,0x00000000fc980000,0x00000000fc980000)
  from space 26112K, 0% used [0x00000000fc980000,0x00000000fc980000,0x00000000fe300000)
  to   space 25088K, 0% used [0x00000000fe500000,0x00000000fe500000,0x00000000ffd80000)
 ParOldGen       total 136192K, used 114138K [0x00000000d0000000, 0x00000000d8500000, 0x00000000f0000000)
  object space 136192K, 83% used [0x00000000d0000000,0x00000000d6f76bf8,0x00000000d8500000)
 Metaspace       used 66716K, capacity 68542K, committed 68864K, reserved 1110016K
  class space    used 6822K, capacity 7384K, committed 7424K, reserved 1048576K
Event: 59.665 GC heap after
Heap after GC invocations=56 (full 8):
 PSYoungGen      total 234496K, used 7146K [0x00000000f0000000, 0x00000000ffc00000, 0x0000000100000000)
  eden space 210944K, 0% used [0x00000000f0000000,0x00000000f0000000,0x00000000fce00000)
  from space 23552K, 30% used [0x00000000fe500000,0x00000000febfaab0,0x00000000ffc00000)
  to   space 23552K, 0% used [0x00000000fce00000,0x00000000fce00000,0x00000000fe500000)
 ParOldGen       total 136192K, used 114138K [0x00000000d0000000, 0x00000000d8500000, 0x00000000f0000000)
  object space 136192K, 83% used [0x00000000d0000000,0x00000000d6f76bf8,0x00000000d8500000)
 Metaspace       used 66716K, capacity 68542K, committed 68864K, reserved 1110016K
  class space    used 6822K, capacity 7384K, committed 7424K, reserved 1048576K
}
Event: 60.921 GC heap before
{Heap before GC invocations=57 (full 8):
 PSYoungGen      total 234496K, used 217070K [0x00000000f0000000, 0x00000000ffc00000, 0x0000000100000000)
  eden space 210944K, 99% used [0x00000000f0000000,0x00000000fcd00f00,0x00000000fce00000)
  from space 23552K, 30% used [0x00000000fe500000,0x00000000febfaab0,0x00000000ffc00000)
  to   space 23552K, 0% used [0x00000000fce00000,0x00000000fce00000,0x00000000fe500000)
 ParOldGen       total 136192K, used 114138K [0x00000000d0000000, 0x00000000d8500000, 0x00000000f0000000)
  object space 136192K, 83% used [0x00000000d0000000,0x00000000d6f76bf8,0x00000000d8500000)
 Metaspace       used 68314K, capacity 70206K, committed 70400K, reserved 1112064K
  class space    used 6990K, capacity 7576K, committed 7680K, reserved 1048576K
Event: 60.965 GC heap after
Heap after GC invocations=57 (full 8):
 PSYoungGen      total 234496K, used 12122K [0x00000000f0000000, 0x0000000100000000, 0x0000000100000000)
  eden space 210944K, 0% used [0x00000000f0000000,0x00000000f0000000,0x00000000fce00000)
  from space 23552K, 51% used [0x00000000fce00000,0x00000000fd9d6968,0x00000000fe500000)
  to   space 23552K, 0% used [0x00000000fe900000,0x00000000fe900000,0x0000000100000000)
 ParOldGen       total 136192K, used 114146K [0x00000000d0000000, 0x00000000d8500000, 0x00000000f0000000)
  object space 136192K, 83% used [0x00000000d0000000,0x00000000d6f78bf8,0x00000000d8500000)
 Metaspace       used 68314K, capacity 70206K, committed 70400K, reserved 1112064K
  class space    used 6990K, capacity 7576K, committed 7680K, reserved 1048576K
}
Event: 63.283 GC heap before
{Heap before GC invocations=58 (full 8):
 PSYoungGen      total 234496K, used 223066K [0x00000000f0000000, 0x0000000100000000, 0x0000000100000000)
  eden space 210944K, 100% used [0x00000000f0000000,0x00000000fce00000,0x00000000fce00000)
  from space 23552K, 51% used [0x00000000fce00000,0x00000000fd9d6968,0x00000000fe500000)
  to   space 23552K, 0% used [0x00000000fe900000,0x00000000fe900000,0x0000000100000000)
 ParOldGen       total 136192K, used 114146K [0x00000000d0000000, 0x00000000d8500000, 0x00000000f0000000)
  object space 136192K, 83% used [0x00000000d0000000,0x00000000d6f78bf8,0x00000000d8500000)
 Metaspace       used 69317K, capacity 71152K, committed 71424K, reserved 1114112K
  class space    used 7080K, capacity 7651K, committed 7680K, reserved 1048576K
Event: 63.346 GC heap after
Heap after GC invocations=58 (full 8):
 PSYoungGen      total 233472K, used 20187K [0x00000000f0000000, 0x0000000100000000, 0x0000000100000000)
  eden space 209920K, 0% used [0x00000000f0000000,0x00000000f0000000,0x00000000fcd00000)
  from space 23552K, 85% used [0x00000000fe900000,0x00000000ffcb6f28,0x0000000100000000)
  to   space 26112K, 0% used [0x00000000fcd00000,0x00000000fcd00000,0x00000000fe680000)
 ParOldGen       total 136192K, used 114154K [0x00000000d0000000, 0x00000000d8500000, 0x00000000f0000000)
  object space 136192K, 83% used [0x00000000d0000000,0x00000000d6f7abf8,0x00000000d8500000)
 Metaspace       used 69317K, capacity 71152K, committed 71424K, reserved 1114112K
  class space    used 7080K, capacity 7651K, committed 7680K, reserved 1048576K
}
Event: 65.110 GC heap before
{Heap before GC invocations=59 (full 8):
 PSYoungGen      total 233472K, used 227245K [0x00000000f0000000, 0x0000000100000000, 0x0000000100000000)
  eden space 209920K, 98% used [0x00000000f0000000,0x00000000fca34898,0x00000000fcd00000)
  from space 23552K, 85% used [0x00000000fe900000,0x00000000ffcb6f28,0x0000000100000000)
  to   space 26112K, 0% used [0x00000000fcd00000,0x00000000fcd00000,0x00000000fe680000)
 ParOldGen       total 136192K, used 114154K [0x00000000d0000000, 0x00000000d8500000, 0x00000000f0000000)
  object space 136192K, 83% used [0x00000000d0000000,0x00000000d6f7abf8,0x00000000d8500000)
 Metaspace       used 70981K, capacity 72882K, committed 73216K, reserved 1114112K
  class space    used 7322K, capacity 7896K, committed 7936K, reserved 1048576K
Event: 65.152 GC heap after
Heap after GC invocations=59 (full 8):
 PSYoungGen      total 236032K, used 26080K [0x00000000f0000000, 0x0000000100000000, 0x0000000100000000)
  eden space 209920K, 0% used [0x00000000f0000000,0x00000000f0000000,0x00000000fcd00000)
  from space 26112K, 99% used [0x00000000fcd00000,0x00000000fe6780b8,0x00000000fe680000)
  to   space 26112K, 0% used [0x00000000fe680000,0x00000000fe680000,0x0000000100000000)
 ParOldGen       total 136192K, used 116096K [0x00000000d0000000, 0x00000000d8500000, 0x00000000f0000000)
  object space 136192K, 85% used [0x00000000d0000000,0x00000000d71600a0,0x00000000d8500000)
 Metaspace       used 70981K, capacity 72882K, committed 73216K, reserved 1114112K
  class space    used 7322K, capacity 7896K, committed 7936K, reserved 1048576K
}
Event: 65.825 GC heap before
{Heap before GC invocations=60 (full 8):
 PSYoungGen      total 236032K, used 235066K [0x00000000f0000000, 0x0000000100000000, 0x0000000100000000)
  eden space 209920K, 99% used [0x00000000f0000000,0x00000000fcc16948,0x00000000fcd00000)
  from space 26112K, 99% used [0x00000000fcd00000,0x00000000fe6780b8,0x00000000fe680000)
  to   space 26112K, 0% used [0x00000000fe680000,0x00000000fe680000,0x0000000100000000)
 ParOldGen       total 136192K, used 116096K [0x00000000d0000000, 0x00000000d8500000, 0x00000000f0000000)
  object space 136192K, 85% used [0x00000000d0000000,0x00000000d71600a0,0x00000000d8500000)
 Metaspace       used 71442K, capacity 73392K, committed 73472K, reserved 1114112K
  class space    used 7359K, capacity 7932K, committed 7936K, reserved 1048576K
Event: 65.952 GC heap after
Heap after GC invocations=60 (full 8):
 PSYoungGen      total 221696K, used 22067K [0x00000000f0000000, 0x0000000100000000, 0x0000000100000000)
  eden space 195584K, 0% used [0x00000000f0000000,0x00000000f0000000,0x00000000fbf00000)
  from space 26112K, 84% used [0x00000000fe680000,0x00000000ffc0cf70,0x0000000100000000)
  to   space 33280K, 0% used [0x00000000fbf00000,0x00000000fbf00000,0x00000000fdf80000)
 ParOldGen       total 136192K, used 122408K [0x00000000d0000000, 0x00000000d8500000, 0x00000000f0000000)
  object space 136192K, 89% used [0x00000000d0000000,0x00000000d778a130,0x00000000d8500000)
 Metaspace       used 71442K, capacity 73392K, committed 73472K, reserved 1114112K
  class space    used 7359K, capacity 7932K, committed 7936K, reserved 1048576K
}

